

================================================================
== Vitis HLS Report for 'krnl_LZW'
================================================================
* Date:           Sat Dec  9 18:21:44 2023

* Version:        2020.2 (Build 3064766 on Wed Nov 18 09:12:47 MST 2020)
* Project:        Demo_kernel
* Solution:       solution1 (Vitis Kernel Flow Target)
* Product family: zynquplus
* Target device:  xczu3eg-sbva484-1-i


================================================================
== Performance Estimates
================================================================
+ Timing: 
    * Summary: 
    +--------+---------+----------+------------+
    |  Clock |  Target | Estimated| Uncertainty|
    +--------+---------+----------+------------+
    |ap_clk  |  5.00 ns|  3.650 ns|     1.35 ns|
    +--------+---------+----------+------------+

+ Latency: 
    * Summary: 
    +---------+---------+----------+----------+-----+-----+---------+
    |  Latency (cycles) |  Latency (absolute) |  Interval | Pipeline|
    |   min   |   max   |    min   |    max   | min | max |   Type  |
    +---------+---------+----------+----------+-----+-----+---------+
    |        ?|        ?|         ?|         ?|    ?|    ?|     none|
    +---------+---------+----------+----------+-----+-----+---------+

    + Detail: 
        * Instance: 
        N/A

        * Loop: 
        +------------------------------------+---------+---------+----------+-----------+-----------+-----------+----------+
        |                                    |  Latency (cycles) | Iteration|  Initiation Interval  |    Trip   |          |
        |              Loop Name             |   min   |   max   |  Latency |  achieved |   target  |   Count   | Pipelined|
        +------------------------------------+---------+---------+----------+-----------+-----------+-----------+----------+
        |- VITIS_LOOP_65_1                   |       61|       61|         3|          1|          1|         60|       yes|
        |- VITIS_LOOP_71_2                   |        ?|        ?|         ?|          -|          -|          ?|        no|
        | + VITIS_LOOP_84_3_VITIS_LOOP_86_4  |    65536|    65536|         2|          1|          1|      65536|       yes|
        | + VITIS_LOOP_92_5                  |      512|      512|         1|          1|          1|        512|       yes|
        | + VITIS_LOOP_124_7                 |        ?|        ?|  99 ~ 269|          -|          -|          ?|        no|
        |  ++ VITIS_LOOP_7_1                 |       21|       21|         1|          1|          1|         21|       yes|
        |  ++ VITIS_LOOP_7_1                 |       21|       21|         1|          1|          1|         21|       yes|
        |  ++ VITIS_LOOP_159_9               |        1|       72|         1|          1|          1|     1 ~ 72|       yes|
        |  ++ VITIS_LOOP_7_1                 |       21|       21|         1|          1|          1|         21|       yes|
        |  ++ VITIS_LOOP_7_1                 |       21|       21|         1|          1|          1|         21|       yes|
        |  ++ VITIS_LOOP_7_1                 |       21|       21|         1|          1|          1|         21|       yes|
        | + VITIS_LOOP_71_2.4                |       71|       71|        71|          1|          1|          2|       yes|
        | + VITIS_LOOP_71_2.5                |        0|    32836|        71|          1|          1|  0 ~ 32767|       yes|
        | + VITIS_LOOP_71_2.6                |        0|       70|        71|          1|          1|      0 ~ 1|       yes|
        +------------------------------------+---------+---------+----------+-----------+-----------+-----------+----------+



================================================================
== Utilization Estimates
================================================================
* Summary: 
+-----------------+---------+-----+--------+-------+-----+
|       Name      | BRAM_18K| DSP |   FF   |  LUT  | URAM|
+-----------------+---------+-----+--------+-------+-----+
|DSP              |        -|    -|       -|      -|    -|
|Expression       |        -|    -|       0|   5859|    -|
|FIFO             |        -|    -|       -|      -|    -|
|Instance         |        4|    -|     882|   1318|    -|
|Memory           |      138|    -|      26|     15|    -|
|Multiplexer      |        -|    -|       -|   3529|    -|
|Register         |        -|    -|    3791|     96|    -|
+-----------------+---------+-----+--------+-------+-----+
|Total            |      142|    0|    4699|  10817|    0|
+-----------------+---------+-----+--------+-------+-----+
|Available        |      432|  360|  141120|  70560|    0|
+-----------------+---------+-----+--------+-------+-----+
|Utilization (%)  |       32|    0|       3|     15|    0|
+-----------------+---------+-----+--------+-------+-----+

+ Detail: 
    * Instance: 
    +-----------------+---------------+---------+----+-----+-----+-----+
    |     Instance    |     Module    | BRAM_18K| DSP|  FF | LUT | URAM|
    +-----------------+---------------+---------+----+-----+-----+-----+
    |control_s_axi_U  |control_s_axi  |        0|   0|  316|  552|    0|
    |gmem_m_axi_U     |gmem_m_axi     |        4|   0|  566|  766|    0|
    +-----------------+---------------+---------+----+-----+-----+-----+
    |Total            |               |        4|   0|  882| 1318|    0|
    +-----------------+---------------+---------+----+-----+-----+-----+

    * DSP: 
    N/A

    * Memory: 
    +---------------------------------+------------------------------+---------+----+----+-----+-------+-----+------+-------------+
    |              Memory             |            Module            | BRAM_18K| FF | LUT| URAM| Words | Bits| Banks| W*Bits*Banks|
    +---------------------------------+------------------------------+---------+----+----+-----+-------+-----+------+-------------+
    |hash_table_V_U                   |hash_table_V                  |      128|   0|   0|    0|  65536|   35|     1|      2293760|
    |my_assoc_mem_upper_key_mem_V_U   |my_assoc_mem_upper_key_mem_V  |        2|   0|   0|    0|    512|   72|     1|        36864|
    |my_assoc_mem_middle_key_mem_V_U  |my_assoc_mem_upper_key_mem_V  |        2|   0|   0|    0|    512|   72|     1|        36864|
    |my_assoc_mem_lower_key_mem_V_U   |my_assoc_mem_upper_key_mem_V  |        2|   0|   0|    0|    512|   72|     1|        36864|
    |my_assoc_mem_value_V_U           |my_assoc_mem_value_V          |        0|  26|  15|    0|     72|   13|     1|          936|
    |store_array_U                    |store_array                   |        4|   0|   0|    0|   4096|   16|     1|        65536|
    +---------------------------------+------------------------------+---------+----+----+-----+-------+-----+------+-------------+
    |Total                            |                              |      138|  26|  15|    0|  71240|  280|     6|      2470824|
    +---------------------------------+------------------------------+---------+----+----+-----+-------+-----+------+-------------+

    * FIFO: 
    N/A

    * Expression: 
    +--------------------------------------+----------+----+---+-----+------------+------------+
    |             Variable Name            | Operation| DSP| FF| LUT | Bitwidth P0| Bitwidth P1|
    +--------------------------------------+----------+----+---+-----+------------+------------+
    |add_ln107_1_fu_2164_p2                |         +|   0|  0|   10|           3|           3|
    |add_ln107_fu_2149_p2                  |         +|   0|  0|   71|          64|          64|
    |add_ln126_1_fu_2245_p2                |         +|   0|  0|   71|          64|          64|
    |add_ln126_2_fu_2216_p2                |         +|   0|  0|   10|           3|           1|
    |add_ln126_3_fu_2260_p2                |         +|   0|  0|   10|           3|           3|
    |add_ln126_fu_2221_p2                  |         +|   0|  0|   39|          32|           1|
    |add_ln250_fu_3291_p2                  |         +|   0|  0|   19|          12|           2|
    |add_ln282_fu_2290_p2                  |         +|   0|  0|   19|          12|           2|
    |add_ln303_1_fu_4131_p2                |         +|   0|  0|   71|          64|          64|
    |add_ln303_2_fu_4139_p2                |         +|   0|  0|   10|           3|           3|
    |add_ln303_fu_4126_p2                  |         +|   0|  0|   23|          16|           3|
    |add_ln305_fu_4153_p2                  |         +|   0|  0|   24|          17|           1|
    |add_ln5_1_fu_2662_p2                  |         +|   0|  0|   22|          15|          15|
    |add_ln5_2_fu_2910_p2                  |         +|   0|  0|   22|          15|          15|
    |add_ln5_3_fu_3050_p2                  |         +|   0|  0|   22|          15|          15|
    |add_ln5_4_fu_3246_p2                  |         +|   0|  0|   22|          15|          15|
    |add_ln5_fu_2507_p2                    |         +|   0|  0|   22|          15|          15|
    |add_ln65_fu_1880_p2                   |         +|   0|  0|   13|           6|           1|
    |add_ln67_fu_1927_p2                   |         +|   0|  0|   15|           8|           1|
    |add_ln71_fu_1963_p2                   |         +|   0|  0|   39|          32|           1|
    |add_ln73_1_fu_2022_p2                 |         +|   0|  0|   10|           3|           3|
    |add_ln73_fu_1990_p2                   |         +|   0|  0|   71|          64|          64|
    |add_ln84_1_fu_2039_p2                 |         +|   0|  0|   24|          17|           1|
    |add_ln84_fu_2051_p2                   |         +|   0|  0|   23|          16|           1|
    |add_ln86_fu_2079_p2                   |         +|   0|  0|    9|           2|           1|
    |add_ln87_fu_2093_p2                   |         +|   0|  0|   23|          16|          16|
    |add_ln92_fu_2104_p2                   |         +|   0|  0|   17|          10|           1|
    |add_ptr324_sum2_fu_3694_p2            |         +|   0|  0|   40|          33|          33|
    |address_1_fu_2768_p2                  |         +|   0|  0|   14|           7|           1|
    |compressed_length_fu_3618_p2          |         +|   0|  0|   23|          16|           2|
    |empty_100_fu_4083_p2                  |         +|   0|  0|    4|           3|           3|
    |empty_67_fu_3674_p2                   |         +|   0|  0|    9|           2|           1|
    |empty_73_fu_3715_p2                   |         +|   0|  0|   71|          64|          64|
    |empty_74_fu_3761_p2                   |         +|   0|  0|   10|           3|           3|
    |empty_81_fu_3867_p2                   |         +|   0|  0|   71|          64|          64|
    |empty_82_fu_3872_p2                   |         +|   0|  0|   10|           3|           3|
    |empty_83_fu_3877_p2                   |         +|   0|  0|   22|          15|           1|
    |empty_88_fu_3909_p2                   |         +|   0|  0|   71|          64|          64|
    |empty_89_fu_3935_p2                   |         +|   0|  0|   10|           3|           3|
    |empty_95_fu_3997_p2                   |         +|   0|  0|   20|          13|          13|
    |empty_99_fu_4022_p2                   |         +|   0|  0|    4|          64|          64|
    |grp_fu_1836_p2                        |         +|   0|  0|   12|           4|           2|
    |grp_fu_1849_p2                        |         +|   0|  0|   15|           8|           5|
    |hashed_10_fu_2598_p2                  |         +|   0|  0|   39|          32|          32|
    |hashed_12_fu_2904_p2                  |         +|   0|  0|   33|          26|          26|
    |hashed_15_fu_2834_p2                  |         +|   0|  0|   39|          32|          32|
    |hashed_16_fu_2846_p2                  |         +|   0|  0|   39|          32|          32|
    |hashed_18_fu_3044_p2                  |         +|   0|  0|   33|          26|          26|
    |hashed_21_fu_2974_p2                  |         +|   0|  0|   39|          32|          32|
    |hashed_22_fu_2986_p2                  |         +|   0|  0|   39|          32|          32|
    |hashed_24_fu_3240_p2                  |         +|   0|  0|   33|          26|          26|
    |hashed_27_fu_3158_p2                  |         +|   0|  0|   39|          32|          32|
    |hashed_28_fu_3170_p2                  |         +|   0|  0|   39|          32|          32|
    |hashed_3_fu_2431_p2                   |         +|   0|  0|   39|          32|          32|
    |hashed_4_fu_2443_p2                   |         +|   0|  0|   39|          32|          32|
    |hashed_6_fu_2656_p2                   |         +|   0|  0|   33|          26|          26|
    |hashed_9_fu_2586_p2                   |         +|   0|  0|   39|          32|          32|
    |hashed_fu_2501_p2                     |         +|   0|  0|   33|          26|          26|
    |i_11_fu_2945_p2                       |         +|   0|  0|   12|           5|           1|
    |i_13_fu_3129_p2                       |         +|   0|  0|   12|           5|           1|
    |i_5_fu_2402_p2                        |         +|   0|  0|   12|           5|           1|
    |i_7_fu_2557_p2                        |         +|   0|  0|   12|           5|           1|
    |i_9_fu_2805_p2                        |         +|   0|  0|   12|           5|           1|
    |input_offset_1_fu_2139_p2             |         +|   0|  0|   39|          32|          32|
    |j_2_fu_3494_p2                        |         +|   0|  0|   22|          15|           2|
    |j_4_fu_3379_p2                        |         +|   0|  0|   23|          16|           1|
    |my_assoc_mem_fill_fu_3332_p2          |         +|   0|  0|   39|          32|           1|
    |next_code_V_1_fu_3386_p2              |         +|   0|  0|   20|          13|           1|
    |output_offset_1_fu_4173_p2            |         +|   0|  0|   39|          32|          32|
    |shift_1_fu_3567_p2                    |         +|   0|  0|   15|           8|           2|
    |sub_fu_2206_p2                        |         +|   0|  0|   24|          17|           2|
    |tmp4_fu_3857_p2                       |         +|   0|  0|   41|          34|           3|
    |tmp5_fu_4017_p2                       |         +|   0|  0|    4|          64|          64|
    |tmp6_fu_4078_p2                       |         +|   0|  0|    4|           3|           3|
    |grp_fu_1855_p2                        |         -|   0|  0|   12|           3|           4|
    |shift_11_fu_3360_p2                   |         -|   0|  0|   13|           6|           5|
    |shift_7_fu_3557_p2                    |         -|   0|  0|   13|           6|           5|
    |sub_ln299_fu_3820_p2                  |         -|   0|  0|   24|          17|          17|
    |and_ln141_1_fu_2716_p2                |       and|   0|  0|    2|           1|           1|
    |and_ln141_fu_2551_p2                  |       and|   0|  0|    2|           1|           1|
    |and_ln612_1_fu_2756_p2                |       and|   0|  0|   72|          72|          72|
    |and_ln612_2_fu_2784_p2                |       and|   0|  0|   72|          72|          72|
    |and_ln612_fu_2789_p2                  |       and|   0|  0|   72|          72|          72|
    |ap_block_pp0_stage0_11001             |       and|   0|  0|    2|           1|           1|
    |ap_block_pp10_stage0_01001            |       and|   0|  0|    2|           1|           1|
    |ap_block_pp11_stage0_01001            |       and|   0|  0|    2|           1|           1|
    |ap_block_pp9_stage0_01001             |       and|   0|  0|    2|           1|           1|
    |ap_block_state329_io                  |       and|   0|  0|    2|           1|           1|
    |ap_block_state330_io                  |       and|   0|  0|    2|           1|           1|
    |ap_block_state398_pp9_stage0_iter70   |       and|   0|  0|    2|           1|           1|
    |ap_block_state401_io                  |       and|   0|  0|    2|           1|           1|
    |ap_block_state402_io                  |       and|   0|  0|    2|           1|           1|
    |ap_block_state470_pp10_stage0_iter70  |       and|   0|  0|    2|           1|           1|
    |ap_block_state473_io                  |       and|   0|  0|    2|           1|           1|
    |ap_block_state474_io                  |       and|   0|  0|    2|           1|           1|
    |ap_block_state542_pp11_stage0_iter70  |       and|   0|  0|    2|           1|           1|
    |ap_block_state73_pp0_stage0_iter1     |       and|   0|  0|    2|           1|           1|
    |ap_condition_7291                     |       and|   0|  0|    2|           1|           1|
    |ap_predicate_op721_read_state73       |       and|   0|  0|    2|           1|           1|
    |exitcond34_fu_3680_p2                 |      icmp|   0|  0|    8|           2|           3|
    |exitcond35_fu_3883_p2                 |      icmp|   0|  0|   12|          15|          15|
    |grp_fu_1829_p2                        |      icmp|   0|  0|   11|           8|           4|
    |icmp_ln124_fu_2232_p2                 |      icmp|   0|  0|   20|          32|          32|
    |icmp_ln159_fu_2762_p2                 |      icmp|   0|  0|   10|           7|           7|
    |icmp_ln210_fu_3095_p2                 |      icmp|   0|  0|   20|          32|           7|
    |icmp_ln235_fu_3285_p2                 |      icmp|   0|  0|   13|          16|           1|
    |icmp_ln267_fu_2269_p2                 |      icmp|   0|  0|   13|          16|           1|
    |icmp_ln293_fu_3634_p2                 |      icmp|   0|  0|    9|           5|           1|
    |icmp_ln65_fu_1886_p2                  |      icmp|   0|  0|   10|           6|           4|
    |icmp_ln66_1_fu_1921_p2                |      icmp|   0|  0|   13|          16|           1|
    |icmp_ln66_fu_1896_p2                  |      icmp|   0|  0|    8|           2|           1|
    |icmp_ln71_fu_1969_p2                  |      icmp|   0|  0|   20|          32|          32|
    |icmp_ln7_1_fu_2563_p2                 |      icmp|   0|  0|    9|           5|           5|
    |icmp_ln7_2_fu_2811_p2                 |      icmp|   0|  0|    9|           5|           5|
    |icmp_ln7_3_fu_2951_p2                 |      icmp|   0|  0|    9|           5|           5|
    |icmp_ln7_4_fu_3135_p2                 |      icmp|   0|  0|    9|           5|           5|
    |icmp_ln7_fu_2408_p2                   |      icmp|   0|  0|    9|           5|           5|
    |icmp_ln84_fu_2045_p2                  |      icmp|   0|  0|   13|          17|          18|
    |icmp_ln86_fu_2057_p2                  |      icmp|   0|  0|    8|           2|           3|
    |icmp_ln870_1_fu_2711_p2               |      icmp|   0|  0|   15|          21|          21|
    |icmp_ln870_fu_2546_p2                 |      icmp|   0|  0|   15|          21|          21|
    |icmp_ln92_fu_2110_p2                  |      icmp|   0|  0|   11|          10|          11|
    |p_Result_s_fu_2794_p2                 |      icmp|   0|  0|   31|          72|           1|
    |empty_70_fu_3741_p2                   |      lshr|   0|  0|  100|          32|          32|
    |empty_97_fu_4060_p2                   |      lshr|   0|  0|   35|          16|          16|
    |lshr_ln107_fu_2193_p2                 |      lshr|   0|  0|  179|          64|          64|
    |lshr_ln126_fu_2361_p2                 |      lshr|   0|  0|  179|          64|          64|
    |lshr_ln1497_1_fu_2573_p2              |      lshr|   0|  0|   55|          21|          21|
    |lshr_ln1497_2_fu_2821_p2              |      lshr|   0|  0|   55|          21|          21|
    |lshr_ln1497_3_fu_2961_p2              |      lshr|   0|  0|   55|          21|          21|
    |lshr_ln1497_5_fu_3145_p2              |      lshr|   0|  0|   55|          21|          21|
    |lshr_ln1497_fu_2418_p2                |      lshr|   0|  0|   55|          21|          21|
    |lshr_ln244_fu_3401_p2                 |      lshr|   0|  0|   29|          14|          14|
    |lshr_ln277_fu_3503_p2                 |      lshr|   0|  0|   29|          14|          14|
    |lshr_ln73_fu_2123_p2                  |      lshr|   0|  0|  179|          64|          64|
    |ap_block_pp10_stage0_11001            |        or|   0|  0|    2|           1|           1|
    |ap_block_pp11_stage0_11001            |        or|   0|  0|    2|           1|           1|
    |ap_block_pp9_stage0_11001             |        or|   0|  0|    2|           1|           1|
    |ap_block_state1                       |        or|   0|  0|    2|           1|           1|
    |compressed_length_1_fu_3640_p2        |        or|   0|  0|   16|          16|           1|
    |or_ln134_fu_2692_p2                   |        or|   0|  0|   16|          16|           1|
    |or_ln194_fu_3080_p2                   |        or|   0|  0|   16|          16|           1|
    |or_ln244_fu_3414_p2                   |        or|   0|  0|   12|          12|          12|
    |or_ln250_fu_3351_p2                   |        or|   0|  0|   16|          16|          16|
    |or_ln277_fu_3516_p2                   |        or|   0|  0|   12|          12|          12|
    |or_ln282_fu_3467_p2                   |        or|   0|  0|   16|          16|          16|
    |or_ln709_1_fu_3117_p2                 |        or|   0|  0|   72|          72|          72|
    |or_ln709_2_fu_3123_p2                 |        or|   0|  0|   72|          72|          72|
    |or_ln709_fu_3111_p2                   |        or|   0|  0|   72|          72|          72|
    |compressed_length_2_fu_3646_p3        |    select|   0|  0|   16|           1|          16|
    |num_chunks_1_fu_1933_p3               |    select|   0|  0|    8|           1|           8|
    |select_ln84_1_fu_2071_p3              |    select|   0|  0|   16|           1|          16|
    |select_ln84_fu_2063_p3                |    select|   0|  0|    2|           1|           1|
    |empty_101_fu_4092_p2                  |       shl|   0|  0|   17|           1|           8|
    |empty_102_fu_4110_p2                  |       shl|   0|  0|  179|          64|          64|
    |empty_75_fu_3770_p2                   |       shl|   0|  0|   17|           2|           8|
    |empty_76_fu_3788_p2                   |       shl|   0|  0|  179|          64|          64|
    |empty_90_fu_3944_p2                   |       shl|   0|  0|   17|           2|           8|
    |empty_91_fu_3962_p2                   |       shl|   0|  0|  179|          64|          64|
    |r_fu_3105_p2                          |       shl|   0|  0|  212|           1|          72|
    |shl_ln242_fu_3307_p2                  |       shl|   0|  0|   35|          16|          16|
    |shl_ln250_fu_3342_p2                  |       shl|   0|  0|  100|          32|          32|
    |shl_ln269_fu_3577_p2                  |       shl|   0|  0|  100|          32|          32|
    |shl_ln274_fu_2306_p2                  |       shl|   0|  0|   35|          16|          16|
    |shl_ln282_fu_3458_p2                  |       shl|   0|  0|  100|          32|          32|
    |shl_ln303_2_fu_4202_p2                |       shl|   0|  0|  179|          64|          64|
    |shl_ln303_fu_4185_p2                  |       shl|   0|  0|   17|           2|           8|
    |shl_ln612_fu_2778_p2                  |       shl|   0|  0|  212|           1|          72|
    |ap_enable_pp0                         |       xor|   0|  0|    2|           1|           2|
    |ap_enable_pp1                         |       xor|   0|  0|    2|           1|           2|
    |ap_enable_pp10                        |       xor|   0|  0|    2|           1|           2|
    |ap_enable_pp11                        |       xor|   0|  0|    2|           1|           2|
    |ap_enable_pp9                         |       xor|   0|  0|    2|           1|           2|
    |ap_enable_reg_pp0_iter1               |       xor|   0|  0|    2|           2|           1|
    |ap_enable_reg_pp10_iter1              |       xor|   0|  0|    2|           2|           1|
    |ap_enable_reg_pp11_iter1              |       xor|   0|  0|    2|           2|           1|
    |ap_enable_reg_pp1_iter1               |       xor|   0|  0|    2|           2|           1|
    |ap_enable_reg_pp9_iter1               |       xor|   0|  0|    2|           2|           1|
    |empty_105_fu_4037_p2                  |       xor|   0|  0|    2|           1|           2|
    |empty_47_fu_1954_p2                   |       xor|   0|  0|    4|           3|           4|
    |empty_96_fu_4043_p2                   |       xor|   0|  0|    2|           1|           1|
    |exitcond36tmp_fu_3984_p2              |       xor|   0|  0|    2|           1|           1|
    |hashed_11_fu_2618_p2                  |       xor|   0|  0|   32|          32|          32|
    |hashed_13_fu_2926_p2                  |       xor|   0|  0|   15|          15|          15|
    |hashed_17_fu_2866_p2                  |       xor|   0|  0|   32|          32|          32|
    |hashed_19_fu_3066_p2                  |       xor|   0|  0|   15|          15|          15|
    |hashed_1_fu_2523_p2                   |       xor|   0|  0|   15|          15|          15|
    |hashed_23_fu_3006_p2                  |       xor|   0|  0|   32|          32|          32|
    |hashed_25_fu_3262_p2                  |       xor|   0|  0|   15|          15|          15|
    |hashed_29_fu_3190_p2                  |       xor|   0|  0|   32|          32|          32|
    |hashed_5_fu_2463_p2                   |       xor|   0|  0|   32|          32|          32|
    |hashed_7_fu_2678_p2                   |       xor|   0|  0|   15|          15|          15|
    +--------------------------------------+----------+----+---+-----+------------+------------+
    |Total                                 |          |   0|  0| 5859|        3622|        3285|
    +--------------------------------------+----------+----+---+-----+------------+------------+

    * Multiplexer: 
    +-----------------------------------------------+------+-----------+-----+-----------+
    |                      Name                     |  LUT | Input Size| Bits| Total Bits|
    +-----------------------------------------------+------+-----------+-----+-----------+
    |address_reg_1553                               |     9|          2|    7|         14|
    |ap_NS_fsm                                      |  2115|        401|    1|        401|
    |ap_done                                        |     9|          2|    1|          2|
    |ap_enable_reg_pp0_iter1                        |     9|          2|    1|          2|
    |ap_enable_reg_pp0_iter2                        |     9|          2|    1|          2|
    |ap_enable_reg_pp10_iter1                       |     9|          2|    1|          2|
    |ap_enable_reg_pp10_iter70                      |     9|          2|    1|          2|
    |ap_enable_reg_pp11_iter1                       |     9|          2|    1|          2|
    |ap_enable_reg_pp11_iter70                      |     9|          2|    1|          2|
    |ap_enable_reg_pp1_iter1                        |    14|          3|    1|          3|
    |ap_enable_reg_pp9_iter1                        |     9|          2|    1|          2|
    |ap_enable_reg_pp9_iter70                       |     9|          2|    1|          2|
    |ap_phi_mux_empty_45_phi_fu_1352_p4             |    14|          3|   64|        192|
    |ap_phi_mux_i_1_phi_fu_1408_p4                  |     9|          2|   16|         32|
    |ap_phi_mux_j_5_phi_fu_1678_p6                  |    14|          3|   16|         48|
    |ap_phi_mux_j_6_phi_fu_1752_p6                  |     9|          2|   16|         32|
    |ap_phi_mux_my_assoc_mem_fill_2_phi_fu_1692_p6  |     9|          2|   32|         64|
    |ap_phi_mux_next_code_V_2_phi_fu_1708_p6        |     9|          2|   13|         26|
    |ap_phi_mux_prefix_code_V_3_phi_fu_1723_p6      |     9|          2|   13|         26|
    |ap_phi_mux_residual_loop_index_phi_fu_1821_p4  |     9|          2|    1|          2|
    |ap_phi_mux_shift_2_phi_fu_1665_p6              |    14|          3|    8|         24|
    |ap_phi_mux_shift_3_phi_fu_1736_p6              |     9|          2|    8|         16|
    |gmem_ARADDR                                    |    26|          5|   64|        320|
    |gmem_ARLEN                                     |    14|          3|   32|         96|
    |gmem_AWADDR                                    |    26|          5|   64|        320|
    |gmem_WDATA                                     |    26|          5|   64|        320|
    |gmem_WSTRB                                     |    26|          5|    8|         40|
    |gmem_blk_n_AR                                  |     9|          2|    1|          2|
    |gmem_blk_n_AW                                  |     9|          2|    1|          2|
    |gmem_blk_n_B                                   |     9|          2|    1|          2|
    |gmem_blk_n_R                                   |     9|          2|    1|          2|
    |gmem_blk_n_W                                   |     9|          2|    1|          2|
    |grp_fu_1829_p0                                 |    14|          3|    8|         24|
    |grp_fu_1836_p0                                 |    14|          3|    4|         12|
    |hash_table_V_address0                          |    37|          7|   16|        112|
    |hash_table_V_d0                                |    14|          3|   35|        105|
    |hashed_14_reg_1565                             |     9|          2|   32|         64|
    |hashed_20_reg_1588                             |     9|          2|   32|         64|
    |hashed_26_reg_1624                             |     9|          2|   32|         64|
    |hashed_2_reg_1507                              |     9|          2|   32|         64|
    |hashed_8_reg_1530                              |     9|          2|   32|         64|
    |i_10_reg_1600                                  |     9|          2|    5|         10|
    |i_12_reg_1636                                  |     9|          2|    5|         10|
    |i_1_reg_1404                                   |     9|          2|   16|         32|
    |i_2_reg_1426                                   |     9|          2|   10|         20|
    |i_3_reg_1437                                   |     9|          2|   32|         64|
    |i_4_reg_1519                                   |     9|          2|    5|         10|
    |i_6_reg_1542                                   |     9|          2|    5|         10|
    |i_8_reg_1577                                   |     9|          2|    5|         10|
    |i_reg_1314                                     |     9|          2|    6|         12|
    |indvar_flatten_reg_1393                        |     9|          2|   17|         34|
    |input_offset_reg_1369                          |     9|          2|   32|         64|
    |j_1_reg_1448                                   |     9|          2|   16|         32|
    |j_3_reg_1784                                   |     9|          2|   15|         30|
    |j_5_reg_1674                                   |    14|          3|   16|         48|
    |j_6_reg_1748                                   |     9|          2|   16|         32|
    |j_reg_1415                                     |     9|          2|    2|          4|
    |loop_index664_reg_1795                         |     9|          2|    2|          4|
    |loop_index_reg_1806                            |     9|          2|   15|         30|
    |my_assoc_mem_fill_1_reg_1647                   |     9|          2|   32|         64|
    |my_assoc_mem_fill_2_reg_1688                   |     9|          2|   32|         64|
    |my_assoc_mem_fill_3_reg_1495                   |     9|          2|   32|         64|
    |my_assoc_mem_lower_key_mem_V_address0          |    20|          4|    9|         36|
    |my_assoc_mem_lower_key_mem_V_d0                |    14|          3|   72|        216|
    |my_assoc_mem_middle_key_mem_V_address0         |    20|          4|    9|         36|
    |my_assoc_mem_middle_key_mem_V_d0               |    14|          3|   72|        216|
    |my_assoc_mem_upper_key_mem_V_address0          |    20|          4|    9|         36|
    |my_assoc_mem_upper_key_mem_V_d0                |    14|          3|   72|        216|
    |my_assoc_mem_value_V_address0                  |   169|         38|    7|        266|
    |my_assoc_mem_value_V_address1                  |   169|         38|    7|        266|
    |my_assoc_mem_value_V_d1                        |    14|          3|   13|         39|
    |n_reg_1358                                     |     9|          2|   32|         64|
    |next_code_V_2_reg_1704                         |     9|          2|   13|         26|
    |next_code_V_reg_1482                           |     9|          2|   13|         26|
    |num_chunks_reg_1325                            |     9|          2|    8|         16|
    |output_offset_reg_1381                         |     9|          2|   32|         64|
    |prefix_code_V_1_reg_1472                       |     9|          2|   13|         26|
    |prefix_code_V_3_reg_1719                       |    14|          3|   13|         39|
    |residual_loop_index_reg_1817                   |     9|          2|    1|          2|
    |shift_2_reg_1661                               |    14|          3|    8|         24|
    |shift_3_reg_1732                               |     9|          2|    8|         16|
    |shift_5_reg_1773                               |    14|          3|    8|         24|
    |shift_reg_1460                                 |     9|          2|    8|         16|
    |shiftreg_reg_1337                              |     9|          2|   48|         96|
    |store_array_address0                           |    43|          8|   12|         96|
    |store_array_address1                           |    43|          8|   12|         96|
    |store_array_d0                                 |    26|          5|   16|         80|
    |store_array_d1                                 |    26|          5|   16|         80|
    +-----------------------------------------------+------+-----------+-----+-----------+
    |Total                                          |  3529|        704| 1512|       5343|
    +-----------------------------------------------+------+-----------+-----+-----------+

    * Register: 
    +-----------------------------------------------+-----+----+-----+-----------+
    |                      Name                     |  FF | LUT| Bits| Const Bits|
    +-----------------------------------------------+-----+----+-----+-----------+
    |add_ln107_1_reg_4775                           |    3|   0|    3|          0|
    |add_ln107_reg_4765                             |   64|   0|   64|          0|
    |add_ln126_2_reg_4802                           |    3|   0|    3|          0|
    |add_ln126_3_reg_4826                           |    3|   0|    3|          0|
    |add_ln126_reg_4807                             |   32|   0|   32|          0|
    |add_ln303_2_reg_5386                           |    3|   0|    3|          0|
    |add_ln303_reg_5381                             |   16|   0|   16|          0|
    |add_ln71_reg_4677                              |   32|   0|   32|          0|
    |address_reg_1553                               |    7|   0|    7|          0|
    |and_ln141_1_reg_4965                           |    1|   0|    1|          0|
    |and_ln141_reg_4938                             |    1|   0|    1|          0|
    |and_ln612_1_reg_5000                           |   72|   0|   72|          0|
    |ap_CS_fsm                                      |  400|   0|  400|          0|
    |ap_done_reg                                    |    1|   0|    1|          0|
    |ap_enable_reg_pp0_iter0                        |    1|   0|    1|          0|
    |ap_enable_reg_pp0_iter1                        |    1|   0|    1|          0|
    |ap_enable_reg_pp0_iter2                        |    1|   0|    1|          0|
    |ap_enable_reg_pp10_iter0                       |    1|   0|    1|          0|
    |ap_enable_reg_pp10_iter1                       |    1|   0|    1|          0|
    |ap_enable_reg_pp10_iter10                      |    1|   0|    1|          0|
    |ap_enable_reg_pp10_iter11                      |    1|   0|    1|          0|
    |ap_enable_reg_pp10_iter12                      |    1|   0|    1|          0|
    |ap_enable_reg_pp10_iter13                      |    1|   0|    1|          0|
    |ap_enable_reg_pp10_iter14                      |    1|   0|    1|          0|
    |ap_enable_reg_pp10_iter15                      |    1|   0|    1|          0|
    |ap_enable_reg_pp10_iter16                      |    1|   0|    1|          0|
    |ap_enable_reg_pp10_iter17                      |    1|   0|    1|          0|
    |ap_enable_reg_pp10_iter18                      |    1|   0|    1|          0|
    |ap_enable_reg_pp10_iter19                      |    1|   0|    1|          0|
    |ap_enable_reg_pp10_iter2                       |    1|   0|    1|          0|
    |ap_enable_reg_pp10_iter20                      |    1|   0|    1|          0|
    |ap_enable_reg_pp10_iter21                      |    1|   0|    1|          0|
    |ap_enable_reg_pp10_iter22                      |    1|   0|    1|          0|
    |ap_enable_reg_pp10_iter23                      |    1|   0|    1|          0|
    |ap_enable_reg_pp10_iter24                      |    1|   0|    1|          0|
    |ap_enable_reg_pp10_iter25                      |    1|   0|    1|          0|
    |ap_enable_reg_pp10_iter26                      |    1|   0|    1|          0|
    |ap_enable_reg_pp10_iter27                      |    1|   0|    1|          0|
    |ap_enable_reg_pp10_iter28                      |    1|   0|    1|          0|
    |ap_enable_reg_pp10_iter29                      |    1|   0|    1|          0|
    |ap_enable_reg_pp10_iter3                       |    1|   0|    1|          0|
    |ap_enable_reg_pp10_iter30                      |    1|   0|    1|          0|
    |ap_enable_reg_pp10_iter31                      |    1|   0|    1|          0|
    |ap_enable_reg_pp10_iter32                      |    1|   0|    1|          0|
    |ap_enable_reg_pp10_iter33                      |    1|   0|    1|          0|
    |ap_enable_reg_pp10_iter34                      |    1|   0|    1|          0|
    |ap_enable_reg_pp10_iter35                      |    1|   0|    1|          0|
    |ap_enable_reg_pp10_iter36                      |    1|   0|    1|          0|
    |ap_enable_reg_pp10_iter37                      |    1|   0|    1|          0|
    |ap_enable_reg_pp10_iter38                      |    1|   0|    1|          0|
    |ap_enable_reg_pp10_iter39                      |    1|   0|    1|          0|
    |ap_enable_reg_pp10_iter4                       |    1|   0|    1|          0|
    |ap_enable_reg_pp10_iter40                      |    1|   0|    1|          0|
    |ap_enable_reg_pp10_iter41                      |    1|   0|    1|          0|
    |ap_enable_reg_pp10_iter42                      |    1|   0|    1|          0|
    |ap_enable_reg_pp10_iter43                      |    1|   0|    1|          0|
    |ap_enable_reg_pp10_iter44                      |    1|   0|    1|          0|
    |ap_enable_reg_pp10_iter45                      |    1|   0|    1|          0|
    |ap_enable_reg_pp10_iter46                      |    1|   0|    1|          0|
    |ap_enable_reg_pp10_iter47                      |    1|   0|    1|          0|
    |ap_enable_reg_pp10_iter48                      |    1|   0|    1|          0|
    |ap_enable_reg_pp10_iter49                      |    1|   0|    1|          0|
    |ap_enable_reg_pp10_iter5                       |    1|   0|    1|          0|
    |ap_enable_reg_pp10_iter50                      |    1|   0|    1|          0|
    |ap_enable_reg_pp10_iter51                      |    1|   0|    1|          0|
    |ap_enable_reg_pp10_iter52                      |    1|   0|    1|          0|
    |ap_enable_reg_pp10_iter53                      |    1|   0|    1|          0|
    |ap_enable_reg_pp10_iter54                      |    1|   0|    1|          0|
    |ap_enable_reg_pp10_iter55                      |    1|   0|    1|          0|
    |ap_enable_reg_pp10_iter56                      |    1|   0|    1|          0|
    |ap_enable_reg_pp10_iter57                      |    1|   0|    1|          0|
    |ap_enable_reg_pp10_iter58                      |    1|   0|    1|          0|
    |ap_enable_reg_pp10_iter59                      |    1|   0|    1|          0|
    |ap_enable_reg_pp10_iter6                       |    1|   0|    1|          0|
    |ap_enable_reg_pp10_iter60                      |    1|   0|    1|          0|
    |ap_enable_reg_pp10_iter61                      |    1|   0|    1|          0|
    |ap_enable_reg_pp10_iter62                      |    1|   0|    1|          0|
    |ap_enable_reg_pp10_iter63                      |    1|   0|    1|          0|
    |ap_enable_reg_pp10_iter64                      |    1|   0|    1|          0|
    |ap_enable_reg_pp10_iter65                      |    1|   0|    1|          0|
    |ap_enable_reg_pp10_iter66                      |    1|   0|    1|          0|
    |ap_enable_reg_pp10_iter67                      |    1|   0|    1|          0|
    |ap_enable_reg_pp10_iter68                      |    1|   0|    1|          0|
    |ap_enable_reg_pp10_iter69                      |    1|   0|    1|          0|
    |ap_enable_reg_pp10_iter7                       |    1|   0|    1|          0|
    |ap_enable_reg_pp10_iter70                      |    1|   0|    1|          0|
    |ap_enable_reg_pp10_iter8                       |    1|   0|    1|          0|
    |ap_enable_reg_pp10_iter9                       |    1|   0|    1|          0|
    |ap_enable_reg_pp11_iter0                       |    1|   0|    1|          0|
    |ap_enable_reg_pp11_iter1                       |    1|   0|    1|          0|
    |ap_enable_reg_pp11_iter10                      |    1|   0|    1|          0|
    |ap_enable_reg_pp11_iter11                      |    1|   0|    1|          0|
    |ap_enable_reg_pp11_iter12                      |    1|   0|    1|          0|
    |ap_enable_reg_pp11_iter13                      |    1|   0|    1|          0|
    |ap_enable_reg_pp11_iter14                      |    1|   0|    1|          0|
    |ap_enable_reg_pp11_iter15                      |    1|   0|    1|          0|
    |ap_enable_reg_pp11_iter16                      |    1|   0|    1|          0|
    |ap_enable_reg_pp11_iter17                      |    1|   0|    1|          0|
    |ap_enable_reg_pp11_iter18                      |    1|   0|    1|          0|
    |ap_enable_reg_pp11_iter19                      |    1|   0|    1|          0|
    |ap_enable_reg_pp11_iter2                       |    1|   0|    1|          0|
    |ap_enable_reg_pp11_iter20                      |    1|   0|    1|          0|
    |ap_enable_reg_pp11_iter21                      |    1|   0|    1|          0|
    |ap_enable_reg_pp11_iter22                      |    1|   0|    1|          0|
    |ap_enable_reg_pp11_iter23                      |    1|   0|    1|          0|
    |ap_enable_reg_pp11_iter24                      |    1|   0|    1|          0|
    |ap_enable_reg_pp11_iter25                      |    1|   0|    1|          0|
    |ap_enable_reg_pp11_iter26                      |    1|   0|    1|          0|
    |ap_enable_reg_pp11_iter27                      |    1|   0|    1|          0|
    |ap_enable_reg_pp11_iter28                      |    1|   0|    1|          0|
    |ap_enable_reg_pp11_iter29                      |    1|   0|    1|          0|
    |ap_enable_reg_pp11_iter3                       |    1|   0|    1|          0|
    |ap_enable_reg_pp11_iter30                      |    1|   0|    1|          0|
    |ap_enable_reg_pp11_iter31                      |    1|   0|    1|          0|
    |ap_enable_reg_pp11_iter32                      |    1|   0|    1|          0|
    |ap_enable_reg_pp11_iter33                      |    1|   0|    1|          0|
    |ap_enable_reg_pp11_iter34                      |    1|   0|    1|          0|
    |ap_enable_reg_pp11_iter35                      |    1|   0|    1|          0|
    |ap_enable_reg_pp11_iter36                      |    1|   0|    1|          0|
    |ap_enable_reg_pp11_iter37                      |    1|   0|    1|          0|
    |ap_enable_reg_pp11_iter38                      |    1|   0|    1|          0|
    |ap_enable_reg_pp11_iter39                      |    1|   0|    1|          0|
    |ap_enable_reg_pp11_iter4                       |    1|   0|    1|          0|
    |ap_enable_reg_pp11_iter40                      |    1|   0|    1|          0|
    |ap_enable_reg_pp11_iter41                      |    1|   0|    1|          0|
    |ap_enable_reg_pp11_iter42                      |    1|   0|    1|          0|
    |ap_enable_reg_pp11_iter43                      |    1|   0|    1|          0|
    |ap_enable_reg_pp11_iter44                      |    1|   0|    1|          0|
    |ap_enable_reg_pp11_iter45                      |    1|   0|    1|          0|
    |ap_enable_reg_pp11_iter46                      |    1|   0|    1|          0|
    |ap_enable_reg_pp11_iter47                      |    1|   0|    1|          0|
    |ap_enable_reg_pp11_iter48                      |    1|   0|    1|          0|
    |ap_enable_reg_pp11_iter49                      |    1|   0|    1|          0|
    |ap_enable_reg_pp11_iter5                       |    1|   0|    1|          0|
    |ap_enable_reg_pp11_iter50                      |    1|   0|    1|          0|
    |ap_enable_reg_pp11_iter51                      |    1|   0|    1|          0|
    |ap_enable_reg_pp11_iter52                      |    1|   0|    1|          0|
    |ap_enable_reg_pp11_iter53                      |    1|   0|    1|          0|
    |ap_enable_reg_pp11_iter54                      |    1|   0|    1|          0|
    |ap_enable_reg_pp11_iter55                      |    1|   0|    1|          0|
    |ap_enable_reg_pp11_iter56                      |    1|   0|    1|          0|
    |ap_enable_reg_pp11_iter57                      |    1|   0|    1|          0|
    |ap_enable_reg_pp11_iter58                      |    1|   0|    1|          0|
    |ap_enable_reg_pp11_iter59                      |    1|   0|    1|          0|
    |ap_enable_reg_pp11_iter6                       |    1|   0|    1|          0|
    |ap_enable_reg_pp11_iter60                      |    1|   0|    1|          0|
    |ap_enable_reg_pp11_iter61                      |    1|   0|    1|          0|
    |ap_enable_reg_pp11_iter62                      |    1|   0|    1|          0|
    |ap_enable_reg_pp11_iter63                      |    1|   0|    1|          0|
    |ap_enable_reg_pp11_iter64                      |    1|   0|    1|          0|
    |ap_enable_reg_pp11_iter65                      |    1|   0|    1|          0|
    |ap_enable_reg_pp11_iter66                      |    1|   0|    1|          0|
    |ap_enable_reg_pp11_iter67                      |    1|   0|    1|          0|
    |ap_enable_reg_pp11_iter68                      |    1|   0|    1|          0|
    |ap_enable_reg_pp11_iter69                      |    1|   0|    1|          0|
    |ap_enable_reg_pp11_iter7                       |    1|   0|    1|          0|
    |ap_enable_reg_pp11_iter70                      |    1|   0|    1|          0|
    |ap_enable_reg_pp11_iter8                       |    1|   0|    1|          0|
    |ap_enable_reg_pp11_iter9                       |    1|   0|    1|          0|
    |ap_enable_reg_pp1_iter0                        |    1|   0|    1|          0|
    |ap_enable_reg_pp1_iter1                        |    1|   0|    1|          0|
    |ap_enable_reg_pp9_iter0                        |    1|   0|    1|          0|
    |ap_enable_reg_pp9_iter1                        |    1|   0|    1|          0|
    |ap_enable_reg_pp9_iter10                       |    1|   0|    1|          0|
    |ap_enable_reg_pp9_iter11                       |    1|   0|    1|          0|
    |ap_enable_reg_pp9_iter12                       |    1|   0|    1|          0|
    |ap_enable_reg_pp9_iter13                       |    1|   0|    1|          0|
    |ap_enable_reg_pp9_iter14                       |    1|   0|    1|          0|
    |ap_enable_reg_pp9_iter15                       |    1|   0|    1|          0|
    |ap_enable_reg_pp9_iter16                       |    1|   0|    1|          0|
    |ap_enable_reg_pp9_iter17                       |    1|   0|    1|          0|
    |ap_enable_reg_pp9_iter18                       |    1|   0|    1|          0|
    |ap_enable_reg_pp9_iter19                       |    1|   0|    1|          0|
    |ap_enable_reg_pp9_iter2                        |    1|   0|    1|          0|
    |ap_enable_reg_pp9_iter20                       |    1|   0|    1|          0|
    |ap_enable_reg_pp9_iter21                       |    1|   0|    1|          0|
    |ap_enable_reg_pp9_iter22                       |    1|   0|    1|          0|
    |ap_enable_reg_pp9_iter23                       |    1|   0|    1|          0|
    |ap_enable_reg_pp9_iter24                       |    1|   0|    1|          0|
    |ap_enable_reg_pp9_iter25                       |    1|   0|    1|          0|
    |ap_enable_reg_pp9_iter26                       |    1|   0|    1|          0|
    |ap_enable_reg_pp9_iter27                       |    1|   0|    1|          0|
    |ap_enable_reg_pp9_iter28                       |    1|   0|    1|          0|
    |ap_enable_reg_pp9_iter29                       |    1|   0|    1|          0|
    |ap_enable_reg_pp9_iter3                        |    1|   0|    1|          0|
    |ap_enable_reg_pp9_iter30                       |    1|   0|    1|          0|
    |ap_enable_reg_pp9_iter31                       |    1|   0|    1|          0|
    |ap_enable_reg_pp9_iter32                       |    1|   0|    1|          0|
    |ap_enable_reg_pp9_iter33                       |    1|   0|    1|          0|
    |ap_enable_reg_pp9_iter34                       |    1|   0|    1|          0|
    |ap_enable_reg_pp9_iter35                       |    1|   0|    1|          0|
    |ap_enable_reg_pp9_iter36                       |    1|   0|    1|          0|
    |ap_enable_reg_pp9_iter37                       |    1|   0|    1|          0|
    |ap_enable_reg_pp9_iter38                       |    1|   0|    1|          0|
    |ap_enable_reg_pp9_iter39                       |    1|   0|    1|          0|
    |ap_enable_reg_pp9_iter4                        |    1|   0|    1|          0|
    |ap_enable_reg_pp9_iter40                       |    1|   0|    1|          0|
    |ap_enable_reg_pp9_iter41                       |    1|   0|    1|          0|
    |ap_enable_reg_pp9_iter42                       |    1|   0|    1|          0|
    |ap_enable_reg_pp9_iter43                       |    1|   0|    1|          0|
    |ap_enable_reg_pp9_iter44                       |    1|   0|    1|          0|
    |ap_enable_reg_pp9_iter45                       |    1|   0|    1|          0|
    |ap_enable_reg_pp9_iter46                       |    1|   0|    1|          0|
    |ap_enable_reg_pp9_iter47                       |    1|   0|    1|          0|
    |ap_enable_reg_pp9_iter48                       |    1|   0|    1|          0|
    |ap_enable_reg_pp9_iter49                       |    1|   0|    1|          0|
    |ap_enable_reg_pp9_iter5                        |    1|   0|    1|          0|
    |ap_enable_reg_pp9_iter50                       |    1|   0|    1|          0|
    |ap_enable_reg_pp9_iter51                       |    1|   0|    1|          0|
    |ap_enable_reg_pp9_iter52                       |    1|   0|    1|          0|
    |ap_enable_reg_pp9_iter53                       |    1|   0|    1|          0|
    |ap_enable_reg_pp9_iter54                       |    1|   0|    1|          0|
    |ap_enable_reg_pp9_iter55                       |    1|   0|    1|          0|
    |ap_enable_reg_pp9_iter56                       |    1|   0|    1|          0|
    |ap_enable_reg_pp9_iter57                       |    1|   0|    1|          0|
    |ap_enable_reg_pp9_iter58                       |    1|   0|    1|          0|
    |ap_enable_reg_pp9_iter59                       |    1|   0|    1|          0|
    |ap_enable_reg_pp9_iter6                        |    1|   0|    1|          0|
    |ap_enable_reg_pp9_iter60                       |    1|   0|    1|          0|
    |ap_enable_reg_pp9_iter61                       |    1|   0|    1|          0|
    |ap_enable_reg_pp9_iter62                       |    1|   0|    1|          0|
    |ap_enable_reg_pp9_iter63                       |    1|   0|    1|          0|
    |ap_enable_reg_pp9_iter64                       |    1|   0|    1|          0|
    |ap_enable_reg_pp9_iter65                       |    1|   0|    1|          0|
    |ap_enable_reg_pp9_iter66                       |    1|   0|    1|          0|
    |ap_enable_reg_pp9_iter67                       |    1|   0|    1|          0|
    |ap_enable_reg_pp9_iter68                       |    1|   0|    1|          0|
    |ap_enable_reg_pp9_iter69                       |    1|   0|    1|          0|
    |ap_enable_reg_pp9_iter7                        |    1|   0|    1|          0|
    |ap_enable_reg_pp9_iter70                       |    1|   0|    1|          0|
    |ap_enable_reg_pp9_iter8                        |    1|   0|    1|          0|
    |ap_enable_reg_pp9_iter9                        |    1|   0|    1|          0|
    |ap_rst_n_inv                                   |    1|   0|    1|          0|
    |ap_rst_reg_1                                   |    1|   0|    1|          0|
    |ap_rst_reg_2                                   |    1|   0|    1|          0|
    |arrayidx5614493_load_0_lcssa_in_in_reg_1764    |   35|   0|   35|          0|
    |compressed_length_2_reg_5196                   |   16|   0|   16|          0|
    |conv295_1_reg_5156                             |    8|   0|    8|          0|
    |empty_101_reg_5365                             |    8|   0|    8|          0|
    |empty_102_reg_5370                             |   64|   0|   64|          0|
    |empty_105_reg_5360                             |    1|   0|    1|          0|
    |empty_46_reg_4662                              |    3|   0|    3|          0|
    |empty_47_reg_4667                              |    3|   0|    3|          0|
    |empty_62_reg_5131                              |    8|   0|    8|          0|
    |empty_65_reg_5176                              |    8|   0|    8|          0|
    |empty_66_reg_5151                              |    8|   0|    8|          0|
    |empty_69_reg_5227                              |    1|   0|    1|          0|
    |empty_72_reg_5232                              |    2|   0|    2|          0|
    |empty_75_reg_5242                              |    8|   0|    8|          0|
    |empty_76_reg_5247                              |   64|   0|   64|          0|
    |empty_79_reg_5279                              |   13|   0|   13|          0|
    |empty_81_reg_5284                              |   64|   0|   64|          0|
    |empty_82_reg_5290                              |    3|   0|    3|          0|
    |empty_85_reg_5336                              |    1|   0|    1|          0|
    |empty_86_reg_5341                              |    3|   0|    3|          0|
    |empty_87_reg_5310                              |    2|   0|    2|          0|
    |empty_90_reg_5320                              |    8|   0|    8|          0|
    |empty_91_reg_5325                              |   64|   0|   64|          0|
    |exitcond34_reg_5223                            |    1|   0|    1|          0|
    |exitcond35_reg_5301                            |    1|   0|    1|          0|
    |exitcond36tmp_reg_5346                         |    1|   0|    1|          0|
    |gmem_addr_1_read_reg_4711                      |   64|   0|   64|          0|
    |gmem_addr_2_read_reg_4787                      |   64|   0|   64|          0|
    |gmem_addr_3_read_reg_4873                      |   64|   0|   64|          0|
    |gmem_addr_read_reg_4267                        |   64|   0|   64|          0|
    |hashed_14_reg_1565                             |   32|   0|   32|          0|
    |hashed_20_reg_1588                             |   32|   0|   32|          0|
    |hashed_26_reg_1624                             |   32|   0|   32|          0|
    |hashed_2_reg_1507                              |   32|   0|   32|          0|
    |hashed_8_reg_1530                              |   32|   0|   32|          0|
    |i_10_reg_1600                                  |    5|   0|    5|          0|
    |i_12_reg_1636                                  |    5|   0|    5|          0|
    |i_1_reg_1404                                   |   16|   0|   16|          0|
    |i_2_reg_1426                                   |   10|   0|   10|          0|
    |i_3_reg_1437                                   |   32|   0|   32|          0|
    |i_4_reg_1519                                   |    5|   0|    5|          0|
    |i_6_reg_1542                                   |    5|   0|    5|          0|
    |i_8_reg_1577                                   |    5|   0|    5|          0|
    |i_reg_1314                                     |    6|   0|    6|          0|
    |icmp_ln159_reg_5005                            |    1|   0|    1|          0|
    |icmp_ln235_reg_5087                            |    1|   0|    1|          0|
    |icmp_ln240_reg_5091                            |    1|   0|    1|          0|
    |icmp_ln65_reg_4259                             |    1|   0|    1|          0|
    |icmp_ln65_reg_4259_pp0_iter1_reg               |    1|   0|    1|          0|
    |icmp_ln66_reg_4263                             |    1|   0|    1|          0|
    |icmp_ln66_reg_4263_pp0_iter1_reg               |    1|   0|    1|          0|
    |icmp_ln84_reg_4726                             |    1|   0|    1|          0|
    |in_length_reg_4754                             |   16|   0|   16|          0|
    |indvar_flatten_reg_1393                        |   17|   0|   17|          0|
    |input_offset_1_reg_4760                        |   32|   0|   32|          0|
    |input_offset_reg_1369                          |   32|   0|   32|          0|
    |j91_0_lcssa531_reg_1611                        |    1|   0|    1|          0|
    |j_1_reg_1448                                   |   16|   0|   16|          0|
    |j_3_reg_1784                                   |   15|   0|   15|          0|
    |j_5_reg_1674                                   |   16|   0|   16|          0|
    |j_6_reg_1748                                   |   16|   0|   16|          0|
    |j_reg_1415                                     |    2|   0|    2|          0|
    |key_V_reg_4899                                 |   21|   0|   21|          0|
    |loop_index664_reg_1795                         |    2|   0|    2|          0|
    |loop_index_reg_1806                            |   15|   0|   15|          0|
    |match_high_V_reg_4984                          |   72|   0|   72|          0|
    |match_low_V_reg_4994                           |   72|   0|   72|          0|
    |match_middle_V_reg_4989                        |   72|   0|   72|          0|
    |my_assoc_mem_fill_1_reg_1647                   |   32|   0|   32|          0|
    |my_assoc_mem_fill_2_reg_1688                   |   32|   0|   32|          0|
    |my_assoc_mem_fill_3_reg_1495                   |   32|   0|   32|          0|
    |my_assoc_mem_lower_key_mem_V_addr_1_reg_4979   |    9|   0|    9|          0|
    |my_assoc_mem_middle_key_mem_V_addr_1_reg_4974  |    9|   0|    9|          0|
    |my_assoc_mem_upper_key_mem_V_addr_1_reg_4969   |    3|   0|    9|          6|
    |n_reg_1358                                     |   32|   0|   32|          0|
    |next_char_reg_4878                             |    8|   0|    8|          0|
    |next_code_V_2_reg_1704                         |   13|   0|   13|          0|
    |next_code_V_reg_1482                           |   13|   0|   13|          0|
    |num_chunks_reg_1325                            |    8|   0|    8|          0|
    |or_ln250_reg_5116                              |   16|   0|   16|          0|
    |output_offset_1_reg_5397                       |   32|   0|   32|          0|
    |output_offset_cast_reg_5213                    |   32|   0|   33|          1|
    |output_offset_reg_1381                         |   32|   0|   32|          0|
    |p_cast2_reg_5237                               |   61|   0|   61|          0|
    |p_cast4_reg_5315                               |   61|   0|   61|          0|
    |p_cast6_reg_5355                               |   61|   0|   61|          0|
    |prefix_code_V_1_reg_1472                       |   13|   0|   13|          0|
    |prefix_code_V_3_reg_1719                       |   13|   0|   13|          0|
    |residual_loop_index_reg_1817                   |    1|   0|    1|          0|
    |ret_3_reg_4910                                 |    9|   0|    9|          0|
    |select_ln84_1_reg_4735                         |   16|   0|   16|          0|
    |select_ln84_reg_4730                           |    2|   0|    2|          0|
    |sext_ln124_reg_4797                            |   32|   0|   32|          0|
    |sext_ln71_reg_4642                             |   32|   0|   32|          0|
    |shift_10_reg_5121                              |    4|   0|    4|          0|
    |shift_2_reg_1661                               |    8|   0|    8|          0|
    |shift_3_reg_1732                               |    8|   0|    8|          0|
    |shift_5_reg_1773                               |    8|   0|    8|          0|
    |shift_6_reg_5166                               |    4|   0|    4|          0|
    |shift_reg_1460                                 |    8|   0|    8|          0|
    |shiftreg_reg_1337                              |   48|   0|   48|          0|
    |shl_ln303_2_reg_5407                           |   64|   0|   64|          0|
    |shl_ln303_reg_5402                             |    8|   0|    8|          0|
    |store_array_addr_3_reg_4861                    |   12|   0|   12|          0|
    |store_array_addr_4_reg_4855                    |   12|   0|   12|          0|
    |store_array_addr_8_reg_5101                    |   12|   0|   12|          0|
    |store_array_addr_9_reg_5095                    |   12|   0|   12|          0|
    |sub_ln299_cast39_reg_5274                      |   64|   0|   64|          0|
    |sub_ln299_reg_5268                             |   17|   0|   17|          0|
    |tmp_2_reg_5171                                 |    4|   0|    4|          0|
    |tmp_4_reg_5181                                 |    4|   0|    4|          0|
    |tmp_6_reg_5126                                 |    4|   0|    4|          0|
    |tmp_8_reg_5136                                 |    4|   0|    4|          0|
    |trunc_ln107_2_reg_4770                         |   61|   0|   61|          0|
    |trunc_ln107_reg_4657                           |    3|   0|    3|          0|
    |trunc_ln124_1_reg_4831                         |   15|   0|   15|          0|
    |trunc_ln124_reg_4812                           |    4|   0|    4|          0|
    |trunc_ln126_1_reg_4821                         |   61|   0|   61|          0|
    |trunc_ln299_1_reg_5263                         |   15|   0|   15|          0|
    |trunc_ln299_reg_5258                           |    1|   0|    1|          0|
    |trunc_ln2_reg_5392                             |   61|   0|   61|          0|
    |trunc_ln303_reg_4672                           |    3|   0|    3|          0|
    |trunc_ln73_1_reg_4706                          |    2|   0|    3|          1|
    |trunc_ln73_2_reg_4695                          |   61|   0|   61|          0|
    |trunc_ln73_3_reg_4690                          |    2|   0|    2|          0|
    |trunc_ln73_reg_4652                            |    3|   0|    3|          0|
    |trunc_ln_reg_4224                              |   61|   0|   61|          0|
    |vacant_bit_number_2_reg_5146                   |    8|   0|    8|          0|
    |vacant_bit_number_reg_5111                     |    8|   0|    8|          0|
    |valid_2_reg_5045                               |    1|   0|    1|          0|
    |valid_3_reg_5067                               |    1|   0|    1|          0|
    |zext_ln267_reg_4847                            |   13|   0|   14|          1|
    |zext_ln290_reg_5208                            |   16|   0|   32|         16|
    |zext_ln296_reg_5203                            |   16|   0|   17|          1|
    |zext_ln302_1_reg_4894                          |   13|   0|   16|          3|
    |zext_ln302_reg_4889                            |   13|   0|   14|          1|
    |zext_ln48_reg_4716                             |    3|   0|   64|         61|
    |zext_ln546_1_reg_4884                          |   13|   0|   32|         19|
    |zext_ln546_reg_4841                            |   13|   0|   32|         19|
    |zext_ln73_reg_4685                             |   32|   0|   64|         32|
    |exitcond34_reg_5223                            |   64|  32|    1|          0|
    |exitcond35_reg_5301                            |   64|  32|    1|          0|
    |exitcond36tmp_reg_5346                         |   64|  32|    1|          0|
    +-----------------------------------------------+-----+----+-----+-----------+
    |Total                                          | 3791|  96| 3763|        161|
    +-----------------------------------------------+-----+----+-----+-----------+



================================================================
== Interface
================================================================
* Summary: 
+-----------------------+-----+-----+---------------+--------------+--------------+
|       RTL Ports       | Dir | Bits|    Protocol   | Source Object|    C Type    |
+-----------------------+-----+-----+---------------+--------------+--------------+
|s_axi_control_AWVALID  |   in|    1|          s_axi|       control|        scalar|
|s_axi_control_AWREADY  |  out|    1|          s_axi|       control|        scalar|
|s_axi_control_AWADDR   |   in|    6|          s_axi|       control|        scalar|
|s_axi_control_WVALID   |   in|    1|          s_axi|       control|        scalar|
|s_axi_control_WREADY   |  out|    1|          s_axi|       control|        scalar|
|s_axi_control_WDATA    |   in|   32|          s_axi|       control|        scalar|
|s_axi_control_WSTRB    |   in|    4|          s_axi|       control|        scalar|
|s_axi_control_ARVALID  |   in|    1|          s_axi|       control|        scalar|
|s_axi_control_ARREADY  |  out|    1|          s_axi|       control|        scalar|
|s_axi_control_ARADDR   |   in|    6|          s_axi|       control|        scalar|
|s_axi_control_RVALID   |  out|    1|          s_axi|       control|        scalar|
|s_axi_control_RREADY   |   in|    1|          s_axi|       control|        scalar|
|s_axi_control_RDATA    |  out|   32|          s_axi|       control|        scalar|
|s_axi_control_RRESP    |  out|    2|          s_axi|       control|        scalar|
|s_axi_control_BVALID   |  out|    1|          s_axi|       control|        scalar|
|s_axi_control_BREADY   |   in|    1|          s_axi|       control|        scalar|
|s_axi_control_BRESP    |  out|    2|          s_axi|       control|        scalar|
|ap_clk                 |   in|    1|  ap_ctrl_chain|      krnl_LZW|  return value|
|ap_rst_n               |   in|    1|  ap_ctrl_chain|      krnl_LZW|  return value|
|interrupt              |  out|    1|  ap_ctrl_chain|      krnl_LZW|  return value|
|m_axi_gmem_AWVALID     |  out|    1|          m_axi|          gmem|       pointer|
|m_axi_gmem_AWREADY     |   in|    1|          m_axi|          gmem|       pointer|
|m_axi_gmem_AWADDR      |  out|   64|          m_axi|          gmem|       pointer|
|m_axi_gmem_AWID        |  out|    1|          m_axi|          gmem|       pointer|
|m_axi_gmem_AWLEN       |  out|    8|          m_axi|          gmem|       pointer|
|m_axi_gmem_AWSIZE      |  out|    3|          m_axi|          gmem|       pointer|
|m_axi_gmem_AWBURST     |  out|    2|          m_axi|          gmem|       pointer|
|m_axi_gmem_AWLOCK      |  out|    2|          m_axi|          gmem|       pointer|
|m_axi_gmem_AWCACHE     |  out|    4|          m_axi|          gmem|       pointer|
|m_axi_gmem_AWPROT      |  out|    3|          m_axi|          gmem|       pointer|
|m_axi_gmem_AWQOS       |  out|    4|          m_axi|          gmem|       pointer|
|m_axi_gmem_AWREGION    |  out|    4|          m_axi|          gmem|       pointer|
|m_axi_gmem_AWUSER      |  out|    1|          m_axi|          gmem|       pointer|
|m_axi_gmem_WVALID      |  out|    1|          m_axi|          gmem|       pointer|
|m_axi_gmem_WREADY      |   in|    1|          m_axi|          gmem|       pointer|
|m_axi_gmem_WDATA       |  out|   64|          m_axi|          gmem|       pointer|
|m_axi_gmem_WSTRB       |  out|    8|          m_axi|          gmem|       pointer|
|m_axi_gmem_WLAST       |  out|    1|          m_axi|          gmem|       pointer|
|m_axi_gmem_WID         |  out|    1|          m_axi|          gmem|       pointer|
|m_axi_gmem_WUSER       |  out|    1|          m_axi|          gmem|       pointer|
|m_axi_gmem_ARVALID     |  out|    1|          m_axi|          gmem|       pointer|
|m_axi_gmem_ARREADY     |   in|    1|          m_axi|          gmem|       pointer|
|m_axi_gmem_ARADDR      |  out|   64|          m_axi|          gmem|       pointer|
|m_axi_gmem_ARID        |  out|    1|          m_axi|          gmem|       pointer|
|m_axi_gmem_ARLEN       |  out|    8|          m_axi|          gmem|       pointer|
|m_axi_gmem_ARSIZE      |  out|    3|          m_axi|          gmem|       pointer|
|m_axi_gmem_ARBURST     |  out|    2|          m_axi|          gmem|       pointer|
|m_axi_gmem_ARLOCK      |  out|    2|          m_axi|          gmem|       pointer|
|m_axi_gmem_ARCACHE     |  out|    4|          m_axi|          gmem|       pointer|
|m_axi_gmem_ARPROT      |  out|    3|          m_axi|          gmem|       pointer|
|m_axi_gmem_ARQOS       |  out|    4|          m_axi|          gmem|       pointer|
|m_axi_gmem_ARREGION    |  out|    4|          m_axi|          gmem|       pointer|
|m_axi_gmem_ARUSER      |  out|    1|          m_axi|          gmem|       pointer|
|m_axi_gmem_RVALID      |   in|    1|          m_axi|          gmem|       pointer|
|m_axi_gmem_RREADY      |  out|    1|          m_axi|          gmem|       pointer|
|m_axi_gmem_RDATA       |   in|   64|          m_axi|          gmem|       pointer|
|m_axi_gmem_RLAST       |   in|    1|          m_axi|          gmem|       pointer|
|m_axi_gmem_RID         |   in|    1|          m_axi|          gmem|       pointer|
|m_axi_gmem_RUSER       |   in|    1|          m_axi|          gmem|       pointer|
|m_axi_gmem_RRESP       |   in|    2|          m_axi|          gmem|       pointer|
|m_axi_gmem_BVALID      |   in|    1|          m_axi|          gmem|       pointer|
|m_axi_gmem_BREADY      |  out|    1|          m_axi|          gmem|       pointer|
|m_axi_gmem_BRESP       |   in|    2|          m_axi|          gmem|       pointer|
|m_axi_gmem_BID         |   in|    1|          m_axi|          gmem|       pointer|
|m_axi_gmem_BUSER       |   in|    1|          m_axi|          gmem|       pointer|
+-----------------------+-----+-----+---------------+--------------+--------------+

