

================================================================
== Vitis HLS Report for 'dataflow_in_loop_VITIS_LOOP_346_2_entry3'
================================================================
* Date:           Fri Dec  8 11:43:47 2023

* Version:        2020.2 (Build 3064766 on Wed Nov 18 09:12:47 MST 2020)
* Project:        Final_Optimization
* Solution:       solution1 (Vitis Kernel Flow Target)
* Product family: zynquplus
* Target device:  xczu3eg-sbva484-1-i


================================================================
== Performance Estimates
================================================================
+ Timing: 
    * Summary: 
    +--------+---------+----------+------------+
    |  Clock |  Target | Estimated| Uncertainty|
    +--------+---------+----------+------------+
    |ap_clk  |  6.67 ns|  2.167 ns|     1.80 ns|
    +--------+---------+----------+------------+

+ Latency: 
    * Summary: 
    +---------+---------+----------+----------+-----+-----+---------+
    |  Latency (cycles) |  Latency (absolute) |  Interval | Pipeline|
    |   min   |   max   |    min   |    max   | min | max |   Type  |
    +---------+---------+----------+----------+-----+-----+---------+
    |        0|        0|      0 ns|      0 ns|    0|    0|     none|
    +---------+---------+----------+----------+-----+-----+---------+

    + Detail: 
        * Instance: 
        N/A

        * Loop: 
        N/A

============================================================
+ Verbose Summary: Synthesis Manager
============================================================
InlineROM: 1
ExposeGlobal: 0
============================================================
+ Verbose Summary: CDFG Model
============================================================
IsTopModel: 0
ResetActiveHigh: 1
IsCombinational: 2
IsDatapathOnly: 0
HasWiredReturn: 1
HasMFsm: 0
HasVarLatency: 0
IsPipeline: 0
IsRtlPipelined: 0
IsInstanceOverlapped: 0
IsDontTouch: 0
HasImplIP: 0
IsGatedGlobalClock: 0


============================================================
+ Verbose Summary: Schedule
============================================================
* Number of FSM states : 1
* Pipeline : 0
* Dataflow Pipeline: 0

* FSM state transitions: 
1 --> 

* FSM state operations: 

State 1 <SV = 0> <Delay = 2.16>
ST_1 : Operation 2 [1/1] (0.00ns)   --->   "%specinterface_ln0 = specinterface void @_ssdm_op_SpecInterface, i64 %input_out, void @ap_fifo_str, i32 0, i32 0, void @p_str, i32 0, i32 0, void @p_str, void @p_str, void @p_str, i32 2, i32 2, i32 16, i32 16, void @p_str, void @ScalarProp_str"   --->   Operation 2 'specinterface' 'specinterface_ln0' <Predicate = true> <Delay = 0.00>
ST_1 : Operation 3 [1/1] (0.00ns)   --->   "%output_length_read = read i64 @_ssdm_op_Read.ap_auto.i64, i64 %output_length"   --->   Operation 3 'read' 'output_length_read' <Predicate = true> <Delay = 0.00>
ST_1 : Operation 4 [1/1] (0.00ns)   --->   "%i_1_read = read i7 @_ssdm_op_Read.ap_auto.i7, i7 %i_1"   --->   Operation 4 'read' 'i_1_read' <Predicate = true> <Delay = 0.00>
ST_1 : Operation 5 [1/1] (0.00ns)   --->   "%send_data_read = read i64 @_ssdm_op_Read.ap_auto.i64, i64 %send_data"   --->   Operation 5 'read' 'send_data_read' <Predicate = true> <Delay = 0.00>
ST_1 : Operation 6 [1/1] (0.00ns)   --->   "%input_read = read i64 @_ssdm_op_Read.ap_auto.i64, i64 %input_r"   --->   Operation 6 'read' 'input_read' <Predicate = true> <Delay = 0.00>
ST_1 : Operation 7 [1/1] (2.16ns)   --->   "%write_ln0 = write void @_ssdm_op_Write.ap_fifo.i64P0A, i64 %input_out, i64 %input_read"   --->   Operation 7 'write' 'write_ln0' <Predicate = true> <Delay = 2.16> <CoreInst = "FIFO_SRL">   --->   Core 81 'FIFO_SRL' <Latency = 0> <II = 1> <Delay = 2.16> <Storage> <Opcode : 'read' 'write' 'nbread' 'nbwrite'> <Ports = 0> <Width = 64> <Depth = 2> <FIFO>
ST_1 : Operation 8 [1/1] (0.00ns)   --->   "%specinterface_ln0 = specinterface void @_ssdm_op_SpecInterface, i64 %send_data_out, void @ap_fifo_str, i32 0, i32 0, void @p_str, i32 0, i32 0, void @p_str, void @p_str, void @p_str, i32 2, i32 2, i32 16, i32 16, void @p_str, void @ScalarProp_str"   --->   Operation 8 'specinterface' 'specinterface_ln0' <Predicate = true> <Delay = 0.00>
ST_1 : Operation 9 [1/1] (2.16ns)   --->   "%write_ln0 = write void @_ssdm_op_Write.ap_fifo.i64P0A, i64 %send_data_out, i64 %send_data_read"   --->   Operation 9 'write' 'write_ln0' <Predicate = true> <Delay = 2.16> <CoreInst = "FIFO_SRL">   --->   Core 81 'FIFO_SRL' <Latency = 0> <II = 1> <Delay = 2.16> <Storage> <Opcode : 'read' 'write' 'nbread' 'nbwrite'> <Ports = 0> <Width = 64> <Depth = 2> <FIFO>
ST_1 : Operation 10 [1/1] (0.00ns)   --->   "%specinterface_ln0 = specinterface void @_ssdm_op_SpecInterface, i7 %i_1_out, void @ap_fifo_str, i32 0, i32 0, void @p_str, i32 0, i32 0, void @p_str, void @p_str, void @p_str, i32 2, i32 2, i32 16, i32 16, void @p_str, void @ScalarProp_str"   --->   Operation 10 'specinterface' 'specinterface_ln0' <Predicate = true> <Delay = 0.00>
ST_1 : Operation 11 [1/1] (2.16ns)   --->   "%write_ln0 = write void @_ssdm_op_Write.ap_fifo.i7P0A, i7 %i_1_out, i7 %i_1_read"   --->   Operation 11 'write' 'write_ln0' <Predicate = true> <Delay = 2.16> <CoreInst = "FIFO_SRL">   --->   Core 81 'FIFO_SRL' <Latency = 0> <II = 1> <Delay = 2.16> <Storage> <Opcode : 'read' 'write' 'nbread' 'nbwrite'> <Ports = 0> <Width = 7> <Depth = 2> <FIFO>
ST_1 : Operation 12 [1/1] (0.00ns)   --->   "%specinterface_ln0 = specinterface void @_ssdm_op_SpecInterface, i64 %output_length_out, void @ap_fifo_str, i32 0, i32 0, void @p_str, i32 0, i32 0, void @p_str, void @p_str, void @p_str, i32 2, i32 2, i32 16, i32 16, void @p_str, void @ScalarProp_str"   --->   Operation 12 'specinterface' 'specinterface_ln0' <Predicate = true> <Delay = 0.00>
ST_1 : Operation 13 [1/1] (2.16ns)   --->   "%write_ln0 = write void @_ssdm_op_Write.ap_fifo.i64P0A, i64 %output_length_out, i64 %output_length_read"   --->   Operation 13 'write' 'write_ln0' <Predicate = true> <Delay = 2.16> <CoreInst = "FIFO_SRL">   --->   Core 81 'FIFO_SRL' <Latency = 0> <II = 1> <Delay = 2.16> <Storage> <Opcode : 'read' 'write' 'nbread' 'nbwrite'> <Ports = 0> <Width = 64> <Depth = 2> <FIFO>
ST_1 : Operation 14 [1/1] (0.00ns)   --->   "%ret_ln0 = ret"   --->   Operation 14 'ret' 'ret_ln0' <Predicate = true> <Delay = 0.00>


============================================================
+ Verbose Summary: Binding
============================================================
STG Binding: 
---------------- STG Properties BEGIN ----------------
- Is combinational: 0
- Is one-state seq: 1
- Is datapath-only: 0
- Is pipelined: 0
- Is top level: 0
Port [ Return ] is wired: 1; IO mode=ap_ctrl_hs:ce=0
Port [ input_r]:  wired=1; compound=0; hidden=0; nouse=0; global=0; static=0; extern=0; dir=0; type=0; pingpong=0; private_global=0; IO mode=ap_none:ce=0
Port [ send_data]:  wired=1; compound=0; hidden=0; nouse=0; global=0; static=0; extern=0; dir=0; type=0; pingpong=0; private_global=0; IO mode=ap_none:ce=0
Port [ i_1]:  wired=1; compound=0; hidden=0; nouse=0; global=0; static=0; extern=0; dir=0; type=0; pingpong=0; private_global=0; IO mode=ap_none:ce=0
Port [ output_length]:  wired=1; compound=0; hidden=0; nouse=0; global=0; static=0; extern=0; dir=0; type=0; pingpong=0; private_global=0; IO mode=ap_none:ce=0
Port [ input_out]:  wired=1; compound=1; hidden=0; nouse=0; global=0; static=0; extern=0; dir=1; type=3; pingpong=0; private_global=0; IO mode=ap_fifo:ce=0
Port [ send_data_out]:  wired=1; compound=1; hidden=0; nouse=0; global=0; static=0; extern=0; dir=1; type=3; pingpong=0; private_global=0; IO mode=ap_fifo:ce=0
Port [ i_1_out]:  wired=1; compound=1; hidden=0; nouse=0; global=0; static=0; extern=0; dir=1; type=3; pingpong=0; private_global=0; IO mode=ap_fifo:ce=0
Port [ output_length_out]:  wired=1; compound=1; hidden=0; nouse=0; global=0; static=0; extern=0; dir=1; type=3; pingpong=0; private_global=0; IO mode=ap_fifo:ce=0
---------------- STG Properties END ------------------

---------------- Datapath Model BEGIN ----------------

<LifeTime>
<method=bitvector/>
specinterface_ln0  (specinterface) [ 00]
output_length_read (read         ) [ 00]
i_1_read           (read         ) [ 00]
send_data_read     (read         ) [ 00]
input_read         (read         ) [ 00]
write_ln0          (write        ) [ 00]
specinterface_ln0  (specinterface) [ 00]
write_ln0          (write        ) [ 00]
specinterface_ln0  (specinterface) [ 00]
write_ln0          (write        ) [ 00]
specinterface_ln0  (specinterface) [ 00]
write_ln0          (write        ) [ 00]
ret_ln0            (ret          ) [ 00]
</LifeTime>

<model>

<comp_list>
<comp id="0" class="1000" name="input_r">
<pin_list>
<pin id="1" dir="1" index="0" bw="1" slack="0"/>
</pin_list>
<bind>
<StgValue><ssdm name="input_r"/></StgValue>
</bind>
</comp>

<comp id="2" class="1000" name="send_data">
<pin_list>
<pin id="3" dir="1" index="0" bw="1" slack="0"/>
</pin_list>
<bind>
<StgValue><ssdm name="send_data"/></StgValue>
</bind>
</comp>

<comp id="4" class="1000" name="i_1">
<pin_list>
<pin id="5" dir="1" index="0" bw="1" slack="0"/>
</pin_list>
<bind>
<StgValue><ssdm name="i_1"/></StgValue>
</bind>
</comp>

<comp id="6" class="1000" name="output_length">
<pin_list>
<pin id="7" dir="1" index="0" bw="1" slack="0"/>
</pin_list>
<bind>
<StgValue><ssdm name="output_length"/></StgValue>
</bind>
</comp>

<comp id="8" class="1000" name="input_out">
<pin_list>
<pin id="9" dir="1" index="0" bw="1" slack="0"/>
</pin_list>
<bind>
<StgValue><ssdm name="input_out"/></StgValue>
</bind>
</comp>

<comp id="10" class="1000" name="send_data_out">
<pin_list>
<pin id="11" dir="1" index="0" bw="1" slack="0"/>
</pin_list>
<bind>
<StgValue><ssdm name="send_data_out"/></StgValue>
</bind>
</comp>

<comp id="12" class="1000" name="i_1_out">
<pin_list>
<pin id="13" dir="1" index="0" bw="1" slack="0"/>
</pin_list>
<bind>
<StgValue><ssdm name="i_1_out"/></StgValue>
</bind>
</comp>

<comp id="14" class="1000" name="output_length_out">
<pin_list>
<pin id="15" dir="1" index="0" bw="1" slack="0"/>
</pin_list>
<bind>
<StgValue><ssdm name="output_length_out"/></StgValue>
</bind>
</comp>

<comp id="16" class="1001" name="const_16">
<pin_list>
<pin id="17" dir="1" index="0" bw="1" slack="2147483647"/>
</pin_list>
<bind>
<StgValue><ssdm name="_ssdm_op_SpecInterface"/></StgValue>
</bind>
</comp>

<comp id="18" class="1001" name="const_18">
<pin_list>
<pin id="19" dir="1" index="0" bw="1" slack="2147483647"/>
</pin_list>
<bind>
<StgValue><ssdm name="ap_fifo_str"/></StgValue>
</bind>
</comp>

<comp id="20" class="1001" name="const_20">
<pin_list>
<pin id="21" dir="1" index="0" bw="1" slack="2147483647"/>
</pin_list>
<bind>
<StgValue><ssdm name=""/></StgValue>
</bind>
</comp>

<comp id="22" class="1001" name="const_22">
<pin_list>
<pin id="23" dir="1" index="0" bw="1" slack="2147483647"/>
</pin_list>
<bind>
<StgValue><ssdm name="p_str"/></StgValue>
</bind>
</comp>

<comp id="24" class="1001" name="const_24">
<pin_list>
<pin id="25" dir="1" index="0" bw="1" slack="2147483647"/>
</pin_list>
<bind>
<StgValue><ssdm name=""/></StgValue>
</bind>
</comp>

<comp id="26" class="1001" name="const_26">
<pin_list>
<pin id="27" dir="1" index="0" bw="1" slack="2147483647"/>
</pin_list>
<bind>
<StgValue><ssdm name=""/></StgValue>
</bind>
</comp>

<comp id="28" class="1001" name="const_28">
<pin_list>
<pin id="29" dir="1" index="0" bw="1" slack="2147483647"/>
</pin_list>
<bind>
<StgValue><ssdm name="ScalarProp_str"/></StgValue>
</bind>
</comp>

<comp id="30" class="1001" name="const_30">
<pin_list>
<pin id="31" dir="1" index="0" bw="1" slack="0"/>
</pin_list>
<bind>
<StgValue><ssdm name="_ssdm_op_Read.ap_auto.i64"/></StgValue>
</bind>
</comp>

<comp id="32" class="1001" name="const_32">
<pin_list>
<pin id="33" dir="1" index="0" bw="1" slack="0"/>
</pin_list>
<bind>
<StgValue><ssdm name="_ssdm_op_Read.ap_auto.i7"/></StgValue>
</bind>
</comp>

<comp id="34" class="1001" name="const_34">
<pin_list>
<pin id="35" dir="1" index="0" bw="1" slack="0"/>
</pin_list>
<bind>
<StgValue><ssdm name="_ssdm_op_Write.ap_fifo.i64P0A"/></StgValue>
</bind>
</comp>

<comp id="36" class="1001" name="const_36">
<pin_list>
<pin id="37" dir="1" index="0" bw="1" slack="0"/>
</pin_list>
<bind>
<StgValue><ssdm name="_ssdm_op_Write.ap_fifo.i7P0A"/></StgValue>
</bind>
</comp>

<comp id="38" class="1004" name="output_length_read_read_fu_38">
<pin_list>
<pin id="39" dir="0" index="0" bw="64" slack="0"/>
<pin id="40" dir="0" index="1" bw="64" slack="0"/>
<pin id="41" dir="1" index="2" bw="64" slack="0"/>
</pin_list>
<bind>
<opcode="read(1150) " fcode="read"/>
<opset="output_length_read/1 "/>
</bind>
</comp>

<comp id="44" class="1004" name="i_1_read_read_fu_44">
<pin_list>
<pin id="45" dir="0" index="0" bw="7" slack="0"/>
<pin id="46" dir="0" index="1" bw="7" slack="0"/>
<pin id="47" dir="1" index="2" bw="7" slack="0"/>
</pin_list>
<bind>
<opcode="read(1150) " fcode="read"/>
<opset="i_1_read/1 "/>
</bind>
</comp>

<comp id="50" class="1004" name="send_data_read_read_fu_50">
<pin_list>
<pin id="51" dir="0" index="0" bw="64" slack="0"/>
<pin id="52" dir="0" index="1" bw="64" slack="0"/>
<pin id="53" dir="1" index="2" bw="64" slack="0"/>
</pin_list>
<bind>
<opcode="read(1150) " fcode="read"/>
<opset="send_data_read/1 "/>
</bind>
</comp>

<comp id="56" class="1004" name="input_read_read_fu_56">
<pin_list>
<pin id="57" dir="0" index="0" bw="64" slack="0"/>
<pin id="58" dir="0" index="1" bw="64" slack="0"/>
<pin id="59" dir="1" index="2" bw="64" slack="0"/>
</pin_list>
<bind>
<opcode="read(1150) " fcode="read"/>
<opset="input_read/1 "/>
</bind>
</comp>

<comp id="62" class="1004" name="write_ln0_write_fu_62">
<pin_list>
<pin id="63" dir="0" index="0" bw="0" slack="0"/>
<pin id="64" dir="0" index="1" bw="64" slack="0"/>
<pin id="65" dir="0" index="2" bw="64" slack="0"/>
<pin id="66" dir="1" index="3" bw="0" slack="2147483647"/>
</pin_list>
<bind>
<opcode="write(1151) " fcode="write"/>
<opset="write_ln0/1 "/>
</bind>
</comp>

<comp id="70" class="1004" name="write_ln0_write_fu_70">
<pin_list>
<pin id="71" dir="0" index="0" bw="0" slack="0"/>
<pin id="72" dir="0" index="1" bw="64" slack="0"/>
<pin id="73" dir="0" index="2" bw="64" slack="0"/>
<pin id="74" dir="1" index="3" bw="0" slack="2147483647"/>
</pin_list>
<bind>
<opcode="write(1151) " fcode="write"/>
<opset="write_ln0/1 "/>
</bind>
</comp>

<comp id="78" class="1004" name="write_ln0_write_fu_78">
<pin_list>
<pin id="79" dir="0" index="0" bw="0" slack="0"/>
<pin id="80" dir="0" index="1" bw="7" slack="0"/>
<pin id="81" dir="0" index="2" bw="7" slack="0"/>
<pin id="82" dir="1" index="3" bw="0" slack="2147483647"/>
</pin_list>
<bind>
<opcode="write(1151) " fcode="write"/>
<opset="write_ln0/1 "/>
</bind>
</comp>

<comp id="86" class="1004" name="write_ln0_write_fu_86">
<pin_list>
<pin id="87" dir="0" index="0" bw="0" slack="0"/>
<pin id="88" dir="0" index="1" bw="64" slack="0"/>
<pin id="89" dir="0" index="2" bw="64" slack="0"/>
<pin id="90" dir="1" index="3" bw="0" slack="2147483647"/>
</pin_list>
<bind>
<opcode="write(1151) " fcode="write"/>
<opset="write_ln0/1 "/>
</bind>
</comp>

</comp_list>

<net_list>
<net id="42"><net_src comp="30" pin="0"/><net_sink comp="38" pin=0"/></net>

<net id="43"><net_src comp="6" pin="0"/><net_sink comp="38" pin=1"/></net>

<net id="48"><net_src comp="32" pin="0"/><net_sink comp="44" pin=0"/></net>

<net id="49"><net_src comp="4" pin="0"/><net_sink comp="44" pin=1"/></net>

<net id="54"><net_src comp="30" pin="0"/><net_sink comp="50" pin=0"/></net>

<net id="55"><net_src comp="2" pin="0"/><net_sink comp="50" pin=1"/></net>

<net id="60"><net_src comp="30" pin="0"/><net_sink comp="56" pin=0"/></net>

<net id="61"><net_src comp="0" pin="0"/><net_sink comp="56" pin=1"/></net>

<net id="67"><net_src comp="34" pin="0"/><net_sink comp="62" pin=0"/></net>

<net id="68"><net_src comp="8" pin="0"/><net_sink comp="62" pin=1"/></net>

<net id="69"><net_src comp="56" pin="2"/><net_sink comp="62" pin=2"/></net>

<net id="75"><net_src comp="34" pin="0"/><net_sink comp="70" pin=0"/></net>

<net id="76"><net_src comp="10" pin="0"/><net_sink comp="70" pin=1"/></net>

<net id="77"><net_src comp="50" pin="2"/><net_sink comp="70" pin=2"/></net>

<net id="83"><net_src comp="36" pin="0"/><net_sink comp="78" pin=0"/></net>

<net id="84"><net_src comp="12" pin="0"/><net_sink comp="78" pin=1"/></net>

<net id="85"><net_src comp="44" pin="2"/><net_sink comp="78" pin=2"/></net>

<net id="91"><net_src comp="34" pin="0"/><net_sink comp="86" pin=0"/></net>

<net id="92"><net_src comp="14" pin="0"/><net_sink comp="86" pin=1"/></net>

<net id="93"><net_src comp="38" pin="2"/><net_sink comp="86" pin=2"/></net>

</net_list>

</model> 
---------------- Datapath Model END ------------------

* FSMD analyzer results:
  - Output states:
	Port: input_out | {1 }
	Port: send_data_out | {1 }
	Port: i_1_out | {1 }
	Port: output_length_out | {1 }
 - Input state : 
	Port: dataflow_in_loop_VITIS_LOOP_346_2.entry3 : input_r | {1 }
	Port: dataflow_in_loop_VITIS_LOOP_346_2.entry3 : send_data | {1 }
	Port: dataflow_in_loop_VITIS_LOOP_346_2.entry3 : i_1 | {1 }
	Port: dataflow_in_loop_VITIS_LOOP_346_2.entry3 : output_length | {1 }
  - Chain level:
	State 1


============================================================
+ Verbose Summary: Datapath Resource usage 
============================================================

* Functional unit list:
|----------|-------------------------------|
| Operation|        Functional Unit        |
|----------|-------------------------------|
|          | output_length_read_read_fu_38 |
|   read   |      i_1_read_read_fu_44      |
|          |   send_data_read_read_fu_50   |
|          |     input_read_read_fu_56     |
|----------|-------------------------------|
|          |     write_ln0_write_fu_62     |
|   write  |     write_ln0_write_fu_70     |
|          |     write_ln0_write_fu_78     |
|          |     write_ln0_write_fu_86     |
|----------|-------------------------------|
|   Total  |                               |
|----------|-------------------------------|

Memories:
N/A

* Register list:
N/A

* Multiplexer (MUX) list: 
|--------|------|------|------|--------|
|  Comp  |  Pin | Size |  BW  | S x BW |
|--------|------|------|------|--------|
|  Total |      |      |      |    0   |
|--------|------|------|------|--------|



* Summary:
+-----------+
|           |
+-----------+
|  Function |
|   Memory  |
|Multiplexer|
|  Register |
+-----------+
|   Total   |
+-----------+
