

================================================================
== Vitis HLS Report for 'krnl_LZW'
================================================================
* Date:           Fri Dec  8 11:43:53 2023

* Version:        2020.2 (Build 3064766 on Wed Nov 18 09:12:47 MST 2020)
* Project:        Final_Optimization
* Solution:       solution1 (Vitis Kernel Flow Target)
* Product family: zynquplus
* Target device:  xczu3eg-sbva484-1-i


================================================================
== Performance Estimates
================================================================
+ Timing: 
    * Summary: 
    +--------+---------+----------+------------+
    |  Clock |  Target | Estimated| Uncertainty|
    +--------+---------+----------+------------+
    |ap_clk  |  6.67 ns|  4.867 ns|     1.80 ns|
    +--------+---------+----------+------------+

+ Latency: 
    * Summary: 
    +---------+---------+----------+----------+-----+-----+---------+
    |  Latency (cycles) |  Latency (absolute) |  Interval | Pipeline|
    |   min   |   max   |    min   |    max   | min | max |   Type  |
    +---------+---------+----------+----------+-----+-----+---------+
    |        ?|        ?|         ?|         ?|    ?|    ?|     none|
    +---------+---------+----------+----------+-----+-----+---------+

    + Detail: 
        * Instance: 
        N/A

        * Loop: 
        +--------------------+---------+---------+----------+-----------+-----------+------+----------+
        |                    |  Latency (cycles) | Iteration|  Initiation Interval  | Trip |          |
        |      Loop Name     |   min   |   max   |  Latency |  achieved |   target  | Count| Pipelined|
        +--------------------+---------+---------+----------+-----------+-----------+------+----------+
        |- VITIS_LOOP_336_1  |        4|        4|         2|          1|          1|     4|       yes|
        +--------------------+---------+---------+----------+-----------+-----------+------+----------+

============================================================
+ Verbose Summary: Synthesis Manager
============================================================
InlineROM: 1
ExposeGlobal: 0
============================================================
+ Verbose Summary: CDFG Model
============================================================
IsTopModel: 1
ResetActiveHigh: 1
IsCombinational: 0
IsDatapathOnly: 0
HasWiredReturn: 1
HasMFsm: 0
HasVarLatency: 1
IsPipeline: 0
IsRtlPipelined: 0
IsInstanceOverlapped: 0
IsDontTouch: 0
HasImplIP: 0
IsGatedGlobalClock: 0

+ Individual pipeline summary: 
  * Pipeline-0: initiation interval (II) = 1, depth = 2


============================================================
+ Verbose Summary: Schedule
============================================================
* Number of FSM states : 77
* Pipeline : 1
  Pipeline-0 : II = 1, D = 2, States = { 74 75 }
* Dataflow Pipeline: 0

* FSM state transitions: 
1 --> 2 
2 --> 3 
3 --> 4 
4 --> 5 
5 --> 6 
6 --> 7 
7 --> 8 
8 --> 9 
9 --> 10 
10 --> 11 
11 --> 12 
12 --> 13 
13 --> 14 
14 --> 15 
15 --> 16 
16 --> 17 
17 --> 18 
18 --> 19 
19 --> 20 
20 --> 21 
21 --> 22 
22 --> 23 
23 --> 24 
24 --> 25 
25 --> 26 
26 --> 27 
27 --> 28 
28 --> 29 
29 --> 30 
30 --> 31 
31 --> 32 
32 --> 33 
33 --> 34 
34 --> 35 
35 --> 36 
36 --> 37 
37 --> 38 
38 --> 39 
39 --> 40 
40 --> 41 
41 --> 42 
42 --> 43 
43 --> 44 
44 --> 45 
45 --> 46 
46 --> 47 
47 --> 48 
48 --> 49 
49 --> 50 
50 --> 51 
51 --> 52 
52 --> 53 
53 --> 54 
54 --> 55 
55 --> 56 
56 --> 57 
57 --> 58 
58 --> 59 
59 --> 60 
60 --> 61 
61 --> 62 
62 --> 63 
63 --> 64 
64 --> 65 
65 --> 66 
66 --> 67 
67 --> 68 
68 --> 69 
69 --> 70 
70 --> 71 
71 --> 72 
72 --> 73 
73 --> 74 
74 --> 76 75 
75 --> 74 
76 --> 77 
77 --> 

* FSM state operations: 

State 1 <SV = 0> <Delay = 1.00>
ST_1 : Operation 78 [1/1] (0.00ns)   --->   "%num_chunks = alloca i32 1"   --->   Operation 78 'alloca' 'num_chunks' <Predicate = true> <Delay = 0.00>
ST_1 : Operation 79 [1/1] (1.00ns)   --->   "%output_length_read = read i64 @_ssdm_op_Read.s_axilite.i64, i64 %output_length" [LZW_hybrid_hash_HW.cpp:313]   --->   Operation 79 'read' 'output_length_read' <Predicate = true> <Delay = 1.00> <CoreInst = "s_axilite">   --->   Core 122 's_axilite' <Latency = 0> <II = 1> <Delay = 1.00> <Adapter> <Opcode : 'read' 'write'>
ST_1 : Operation 80 [1/1] (1.00ns)   --->   "%send_data_read = read i64 @_ssdm_op_Read.s_axilite.i64, i64 %send_data" [LZW_hybrid_hash_HW.cpp:313]   --->   Operation 80 'read' 'send_data_read' <Predicate = true> <Delay = 1.00> <CoreInst = "s_axilite">   --->   Core 122 's_axilite' <Latency = 0> <II = 1> <Delay = 1.00> <Adapter> <Opcode : 'read' 'write'>
ST_1 : Operation 81 [1/1] (1.00ns)   --->   "%input_length_read = read i64 @_ssdm_op_Read.s_axilite.i64, i64 %input_length" [LZW_hybrid_hash_HW.cpp:313]   --->   Operation 81 'read' 'input_length_read' <Predicate = true> <Delay = 1.00> <CoreInst = "s_axilite">   --->   Core 122 's_axilite' <Latency = 0> <II = 1> <Delay = 1.00> <Adapter> <Opcode : 'read' 'write'>
ST_1 : Operation 82 [1/1] (1.00ns)   --->   "%input_read = read i64 @_ssdm_op_Read.s_axilite.i64, i64 %input_r" [LZW_hybrid_hash_HW.cpp:313]   --->   Operation 82 'read' 'input_read' <Predicate = true> <Delay = 1.00> <CoreInst = "s_axilite">   --->   Core 122 's_axilite' <Latency = 0> <II = 1> <Delay = 1.00> <Adapter> <Opcode : 'read' 'write'>
ST_1 : Operation 83 [1/1] (0.00ns)   --->   "%store_ln331 = store i32 0, i32 %input_offset_constprop" [LZW_hybrid_hash_HW.cpp:331]   --->   Operation 83 'store' 'store_ln331' <Predicate = true> <Delay = 0.00>
ST_1 : Operation 84 [1/1] (0.00ns)   --->   "%store_ln332 = store i32 0, i32 %output_offset_constprop" [LZW_hybrid_hash_HW.cpp:332]   --->   Operation 84 'store' 'store_ln332' <Predicate = true> <Delay = 0.00>
ST_1 : Operation 85 [1/1] (0.00ns)   --->   "%trunc_ln = partselect i61 @_ssdm_op_PartSelect.i61.i64.i32.i32, i64 %input_length_read, i32 3, i32 63" [LZW_hybrid_hash_HW.cpp:336]   --->   Operation 85 'partselect' 'trunc_ln' <Predicate = true> <Delay = 0.00>
ST_1 : Operation 86 [1/1] (0.48ns)   --->   "%store_ln0 = store i8 0, i8 %num_chunks"   --->   Operation 86 'store' 'store_ln0' <Predicate = true> <Delay = 0.48>

State 2 <SV = 1> <Delay = 4.86>
ST_2 : Operation 87 [1/1] (0.00ns)   --->   "%sext_ln336 = sext i61 %trunc_ln" [LZW_hybrid_hash_HW.cpp:336]   --->   Operation 87 'sext' 'sext_ln336' <Predicate = true> <Delay = 0.00>
ST_2 : Operation 88 [1/1] (0.00ns)   --->   "%aximm0_addr = getelementptr i64 %aximm0, i64 %sext_ln336" [LZW_hybrid_hash_HW.cpp:336]   --->   Operation 88 'getelementptr' 'aximm0_addr' <Predicate = true> <Delay = 0.00>
ST_2 : Operation 89 [70/70] (4.86ns)   --->   "%aximm0_load_req = readreq i1 @_ssdm_op_ReadReq.m_axi.i64P1A, i64 %aximm0_addr, i32 1" [LZW_hybrid_hash_HW.cpp:336]   --->   Operation 89 'readreq' 'aximm0_load_req' <Predicate = true> <Delay = 4.86> <CoreInst = "m_axi">   --->   Core 121 'm_axi' <Latency = 6> <II = 1> <Delay = 1.00> <Adapter> <Opcode : 'read' 'write' 'readreq' 'writereq' 'writeresp'>

State 3 <SV = 2> <Delay = 4.86>
ST_3 : Operation 90 [69/70] (4.86ns)   --->   "%aximm0_load_req = readreq i1 @_ssdm_op_ReadReq.m_axi.i64P1A, i64 %aximm0_addr, i32 1" [LZW_hybrid_hash_HW.cpp:336]   --->   Operation 90 'readreq' 'aximm0_load_req' <Predicate = true> <Delay = 4.86> <CoreInst = "m_axi">   --->   Core 121 'm_axi' <Latency = 6> <II = 1> <Delay = 1.00> <Adapter> <Opcode : 'read' 'write' 'readreq' 'writereq' 'writeresp'>

State 4 <SV = 3> <Delay = 4.86>
ST_4 : Operation 91 [68/70] (4.86ns)   --->   "%aximm0_load_req = readreq i1 @_ssdm_op_ReadReq.m_axi.i64P1A, i64 %aximm0_addr, i32 1" [LZW_hybrid_hash_HW.cpp:336]   --->   Operation 91 'readreq' 'aximm0_load_req' <Predicate = true> <Delay = 4.86> <CoreInst = "m_axi">   --->   Core 121 'm_axi' <Latency = 6> <II = 1> <Delay = 1.00> <Adapter> <Opcode : 'read' 'write' 'readreq' 'writereq' 'writeresp'>

State 5 <SV = 4> <Delay = 4.86>
ST_5 : Operation 92 [67/70] (4.86ns)   --->   "%aximm0_load_req = readreq i1 @_ssdm_op_ReadReq.m_axi.i64P1A, i64 %aximm0_addr, i32 1" [LZW_hybrid_hash_HW.cpp:336]   --->   Operation 92 'readreq' 'aximm0_load_req' <Predicate = true> <Delay = 4.86> <CoreInst = "m_axi">   --->   Core 121 'm_axi' <Latency = 6> <II = 1> <Delay = 1.00> <Adapter> <Opcode : 'read' 'write' 'readreq' 'writereq' 'writeresp'>

State 6 <SV = 5> <Delay = 4.86>
ST_6 : Operation 93 [66/70] (4.86ns)   --->   "%aximm0_load_req = readreq i1 @_ssdm_op_ReadReq.m_axi.i64P1A, i64 %aximm0_addr, i32 1" [LZW_hybrid_hash_HW.cpp:336]   --->   Operation 93 'readreq' 'aximm0_load_req' <Predicate = true> <Delay = 4.86> <CoreInst = "m_axi">   --->   Core 121 'm_axi' <Latency = 6> <II = 1> <Delay = 1.00> <Adapter> <Opcode : 'read' 'write' 'readreq' 'writereq' 'writeresp'>

State 7 <SV = 6> <Delay = 4.86>
ST_7 : Operation 94 [65/70] (4.86ns)   --->   "%aximm0_load_req = readreq i1 @_ssdm_op_ReadReq.m_axi.i64P1A, i64 %aximm0_addr, i32 1" [LZW_hybrid_hash_HW.cpp:336]   --->   Operation 94 'readreq' 'aximm0_load_req' <Predicate = true> <Delay = 4.86> <CoreInst = "m_axi">   --->   Core 121 'm_axi' <Latency = 6> <II = 1> <Delay = 1.00> <Adapter> <Opcode : 'read' 'write' 'readreq' 'writereq' 'writeresp'>

State 8 <SV = 7> <Delay = 4.86>
ST_8 : Operation 95 [64/70] (4.86ns)   --->   "%aximm0_load_req = readreq i1 @_ssdm_op_ReadReq.m_axi.i64P1A, i64 %aximm0_addr, i32 1" [LZW_hybrid_hash_HW.cpp:336]   --->   Operation 95 'readreq' 'aximm0_load_req' <Predicate = true> <Delay = 4.86> <CoreInst = "m_axi">   --->   Core 121 'm_axi' <Latency = 6> <II = 1> <Delay = 1.00> <Adapter> <Opcode : 'read' 'write' 'readreq' 'writereq' 'writeresp'>

State 9 <SV = 8> <Delay = 4.86>
ST_9 : Operation 96 [63/70] (4.86ns)   --->   "%aximm0_load_req = readreq i1 @_ssdm_op_ReadReq.m_axi.i64P1A, i64 %aximm0_addr, i32 1" [LZW_hybrid_hash_HW.cpp:336]   --->   Operation 96 'readreq' 'aximm0_load_req' <Predicate = true> <Delay = 4.86> <CoreInst = "m_axi">   --->   Core 121 'm_axi' <Latency = 6> <II = 1> <Delay = 1.00> <Adapter> <Opcode : 'read' 'write' 'readreq' 'writereq' 'writeresp'>

State 10 <SV = 9> <Delay = 4.86>
ST_10 : Operation 97 [62/70] (4.86ns)   --->   "%aximm0_load_req = readreq i1 @_ssdm_op_ReadReq.m_axi.i64P1A, i64 %aximm0_addr, i32 1" [LZW_hybrid_hash_HW.cpp:336]   --->   Operation 97 'readreq' 'aximm0_load_req' <Predicate = true> <Delay = 4.86> <CoreInst = "m_axi">   --->   Core 121 'm_axi' <Latency = 6> <II = 1> <Delay = 1.00> <Adapter> <Opcode : 'read' 'write' 'readreq' 'writereq' 'writeresp'>

State 11 <SV = 10> <Delay = 4.86>
ST_11 : Operation 98 [61/70] (4.86ns)   --->   "%aximm0_load_req = readreq i1 @_ssdm_op_ReadReq.m_axi.i64P1A, i64 %aximm0_addr, i32 1" [LZW_hybrid_hash_HW.cpp:336]   --->   Operation 98 'readreq' 'aximm0_load_req' <Predicate = true> <Delay = 4.86> <CoreInst = "m_axi">   --->   Core 121 'm_axi' <Latency = 6> <II = 1> <Delay = 1.00> <Adapter> <Opcode : 'read' 'write' 'readreq' 'writereq' 'writeresp'>

State 12 <SV = 11> <Delay = 4.86>
ST_12 : Operation 99 [60/70] (4.86ns)   --->   "%aximm0_load_req = readreq i1 @_ssdm_op_ReadReq.m_axi.i64P1A, i64 %aximm0_addr, i32 1" [LZW_hybrid_hash_HW.cpp:336]   --->   Operation 99 'readreq' 'aximm0_load_req' <Predicate = true> <Delay = 4.86> <CoreInst = "m_axi">   --->   Core 121 'm_axi' <Latency = 6> <II = 1> <Delay = 1.00> <Adapter> <Opcode : 'read' 'write' 'readreq' 'writereq' 'writeresp'>

State 13 <SV = 12> <Delay = 4.86>
ST_13 : Operation 100 [59/70] (4.86ns)   --->   "%aximm0_load_req = readreq i1 @_ssdm_op_ReadReq.m_axi.i64P1A, i64 %aximm0_addr, i32 1" [LZW_hybrid_hash_HW.cpp:336]   --->   Operation 100 'readreq' 'aximm0_load_req' <Predicate = true> <Delay = 4.86> <CoreInst = "m_axi">   --->   Core 121 'm_axi' <Latency = 6> <II = 1> <Delay = 1.00> <Adapter> <Opcode : 'read' 'write' 'readreq' 'writereq' 'writeresp'>

State 14 <SV = 13> <Delay = 4.86>
ST_14 : Operation 101 [58/70] (4.86ns)   --->   "%aximm0_load_req = readreq i1 @_ssdm_op_ReadReq.m_axi.i64P1A, i64 %aximm0_addr, i32 1" [LZW_hybrid_hash_HW.cpp:336]   --->   Operation 101 'readreq' 'aximm0_load_req' <Predicate = true> <Delay = 4.86> <CoreInst = "m_axi">   --->   Core 121 'm_axi' <Latency = 6> <II = 1> <Delay = 1.00> <Adapter> <Opcode : 'read' 'write' 'readreq' 'writereq' 'writeresp'>

State 15 <SV = 14> <Delay = 4.86>
ST_15 : Operation 102 [57/70] (4.86ns)   --->   "%aximm0_load_req = readreq i1 @_ssdm_op_ReadReq.m_axi.i64P1A, i64 %aximm0_addr, i32 1" [LZW_hybrid_hash_HW.cpp:336]   --->   Operation 102 'readreq' 'aximm0_load_req' <Predicate = true> <Delay = 4.86> <CoreInst = "m_axi">   --->   Core 121 'm_axi' <Latency = 6> <II = 1> <Delay = 1.00> <Adapter> <Opcode : 'read' 'write' 'readreq' 'writereq' 'writeresp'>

State 16 <SV = 15> <Delay = 4.86>
ST_16 : Operation 103 [56/70] (4.86ns)   --->   "%aximm0_load_req = readreq i1 @_ssdm_op_ReadReq.m_axi.i64P1A, i64 %aximm0_addr, i32 1" [LZW_hybrid_hash_HW.cpp:336]   --->   Operation 103 'readreq' 'aximm0_load_req' <Predicate = true> <Delay = 4.86> <CoreInst = "m_axi">   --->   Core 121 'm_axi' <Latency = 6> <II = 1> <Delay = 1.00> <Adapter> <Opcode : 'read' 'write' 'readreq' 'writereq' 'writeresp'>

State 17 <SV = 16> <Delay = 4.86>
ST_17 : Operation 104 [55/70] (4.86ns)   --->   "%aximm0_load_req = readreq i1 @_ssdm_op_ReadReq.m_axi.i64P1A, i64 %aximm0_addr, i32 1" [LZW_hybrid_hash_HW.cpp:336]   --->   Operation 104 'readreq' 'aximm0_load_req' <Predicate = true> <Delay = 4.86> <CoreInst = "m_axi">   --->   Core 121 'm_axi' <Latency = 6> <II = 1> <Delay = 1.00> <Adapter> <Opcode : 'read' 'write' 'readreq' 'writereq' 'writeresp'>

State 18 <SV = 17> <Delay = 4.86>
ST_18 : Operation 105 [54/70] (4.86ns)   --->   "%aximm0_load_req = readreq i1 @_ssdm_op_ReadReq.m_axi.i64P1A, i64 %aximm0_addr, i32 1" [LZW_hybrid_hash_HW.cpp:336]   --->   Operation 105 'readreq' 'aximm0_load_req' <Predicate = true> <Delay = 4.86> <CoreInst = "m_axi">   --->   Core 121 'm_axi' <Latency = 6> <II = 1> <Delay = 1.00> <Adapter> <Opcode : 'read' 'write' 'readreq' 'writereq' 'writeresp'>

State 19 <SV = 18> <Delay = 4.86>
ST_19 : Operation 106 [53/70] (4.86ns)   --->   "%aximm0_load_req = readreq i1 @_ssdm_op_ReadReq.m_axi.i64P1A, i64 %aximm0_addr, i32 1" [LZW_hybrid_hash_HW.cpp:336]   --->   Operation 106 'readreq' 'aximm0_load_req' <Predicate = true> <Delay = 4.86> <CoreInst = "m_axi">   --->   Core 121 'm_axi' <Latency = 6> <II = 1> <Delay = 1.00> <Adapter> <Opcode : 'read' 'write' 'readreq' 'writereq' 'writeresp'>

State 20 <SV = 19> <Delay = 4.86>
ST_20 : Operation 107 [52/70] (4.86ns)   --->   "%aximm0_load_req = readreq i1 @_ssdm_op_ReadReq.m_axi.i64P1A, i64 %aximm0_addr, i32 1" [LZW_hybrid_hash_HW.cpp:336]   --->   Operation 107 'readreq' 'aximm0_load_req' <Predicate = true> <Delay = 4.86> <CoreInst = "m_axi">   --->   Core 121 'm_axi' <Latency = 6> <II = 1> <Delay = 1.00> <Adapter> <Opcode : 'read' 'write' 'readreq' 'writereq' 'writeresp'>

State 21 <SV = 20> <Delay = 4.86>
ST_21 : Operation 108 [51/70] (4.86ns)   --->   "%aximm0_load_req = readreq i1 @_ssdm_op_ReadReq.m_axi.i64P1A, i64 %aximm0_addr, i32 1" [LZW_hybrid_hash_HW.cpp:336]   --->   Operation 108 'readreq' 'aximm0_load_req' <Predicate = true> <Delay = 4.86> <CoreInst = "m_axi">   --->   Core 121 'm_axi' <Latency = 6> <II = 1> <Delay = 1.00> <Adapter> <Opcode : 'read' 'write' 'readreq' 'writereq' 'writeresp'>

State 22 <SV = 21> <Delay = 4.86>
ST_22 : Operation 109 [50/70] (4.86ns)   --->   "%aximm0_load_req = readreq i1 @_ssdm_op_ReadReq.m_axi.i64P1A, i64 %aximm0_addr, i32 1" [LZW_hybrid_hash_HW.cpp:336]   --->   Operation 109 'readreq' 'aximm0_load_req' <Predicate = true> <Delay = 4.86> <CoreInst = "m_axi">   --->   Core 121 'm_axi' <Latency = 6> <II = 1> <Delay = 1.00> <Adapter> <Opcode : 'read' 'write' 'readreq' 'writereq' 'writeresp'>

State 23 <SV = 22> <Delay = 4.86>
ST_23 : Operation 110 [49/70] (4.86ns)   --->   "%aximm0_load_req = readreq i1 @_ssdm_op_ReadReq.m_axi.i64P1A, i64 %aximm0_addr, i32 1" [LZW_hybrid_hash_HW.cpp:336]   --->   Operation 110 'readreq' 'aximm0_load_req' <Predicate = true> <Delay = 4.86> <CoreInst = "m_axi">   --->   Core 121 'm_axi' <Latency = 6> <II = 1> <Delay = 1.00> <Adapter> <Opcode : 'read' 'write' 'readreq' 'writereq' 'writeresp'>

State 24 <SV = 23> <Delay = 4.86>
ST_24 : Operation 111 [48/70] (4.86ns)   --->   "%aximm0_load_req = readreq i1 @_ssdm_op_ReadReq.m_axi.i64P1A, i64 %aximm0_addr, i32 1" [LZW_hybrid_hash_HW.cpp:336]   --->   Operation 111 'readreq' 'aximm0_load_req' <Predicate = true> <Delay = 4.86> <CoreInst = "m_axi">   --->   Core 121 'm_axi' <Latency = 6> <II = 1> <Delay = 1.00> <Adapter> <Opcode : 'read' 'write' 'readreq' 'writereq' 'writeresp'>

State 25 <SV = 24> <Delay = 4.86>
ST_25 : Operation 112 [47/70] (4.86ns)   --->   "%aximm0_load_req = readreq i1 @_ssdm_op_ReadReq.m_axi.i64P1A, i64 %aximm0_addr, i32 1" [LZW_hybrid_hash_HW.cpp:336]   --->   Operation 112 'readreq' 'aximm0_load_req' <Predicate = true> <Delay = 4.86> <CoreInst = "m_axi">   --->   Core 121 'm_axi' <Latency = 6> <II = 1> <Delay = 1.00> <Adapter> <Opcode : 'read' 'write' 'readreq' 'writereq' 'writeresp'>

State 26 <SV = 25> <Delay = 4.86>
ST_26 : Operation 113 [46/70] (4.86ns)   --->   "%aximm0_load_req = readreq i1 @_ssdm_op_ReadReq.m_axi.i64P1A, i64 %aximm0_addr, i32 1" [LZW_hybrid_hash_HW.cpp:336]   --->   Operation 113 'readreq' 'aximm0_load_req' <Predicate = true> <Delay = 4.86> <CoreInst = "m_axi">   --->   Core 121 'm_axi' <Latency = 6> <II = 1> <Delay = 1.00> <Adapter> <Opcode : 'read' 'write' 'readreq' 'writereq' 'writeresp'>

State 27 <SV = 26> <Delay = 4.86>
ST_27 : Operation 114 [45/70] (4.86ns)   --->   "%aximm0_load_req = readreq i1 @_ssdm_op_ReadReq.m_axi.i64P1A, i64 %aximm0_addr, i32 1" [LZW_hybrid_hash_HW.cpp:336]   --->   Operation 114 'readreq' 'aximm0_load_req' <Predicate = true> <Delay = 4.86> <CoreInst = "m_axi">   --->   Core 121 'm_axi' <Latency = 6> <II = 1> <Delay = 1.00> <Adapter> <Opcode : 'read' 'write' 'readreq' 'writereq' 'writeresp'>

State 28 <SV = 27> <Delay = 4.86>
ST_28 : Operation 115 [44/70] (4.86ns)   --->   "%aximm0_load_req = readreq i1 @_ssdm_op_ReadReq.m_axi.i64P1A, i64 %aximm0_addr, i32 1" [LZW_hybrid_hash_HW.cpp:336]   --->   Operation 115 'readreq' 'aximm0_load_req' <Predicate = true> <Delay = 4.86> <CoreInst = "m_axi">   --->   Core 121 'm_axi' <Latency = 6> <II = 1> <Delay = 1.00> <Adapter> <Opcode : 'read' 'write' 'readreq' 'writereq' 'writeresp'>

State 29 <SV = 28> <Delay = 4.86>
ST_29 : Operation 116 [43/70] (4.86ns)   --->   "%aximm0_load_req = readreq i1 @_ssdm_op_ReadReq.m_axi.i64P1A, i64 %aximm0_addr, i32 1" [LZW_hybrid_hash_HW.cpp:336]   --->   Operation 116 'readreq' 'aximm0_load_req' <Predicate = true> <Delay = 4.86> <CoreInst = "m_axi">   --->   Core 121 'm_axi' <Latency = 6> <II = 1> <Delay = 1.00> <Adapter> <Opcode : 'read' 'write' 'readreq' 'writereq' 'writeresp'>

State 30 <SV = 29> <Delay = 4.86>
ST_30 : Operation 117 [42/70] (4.86ns)   --->   "%aximm0_load_req = readreq i1 @_ssdm_op_ReadReq.m_axi.i64P1A, i64 %aximm0_addr, i32 1" [LZW_hybrid_hash_HW.cpp:336]   --->   Operation 117 'readreq' 'aximm0_load_req' <Predicate = true> <Delay = 4.86> <CoreInst = "m_axi">   --->   Core 121 'm_axi' <Latency = 6> <II = 1> <Delay = 1.00> <Adapter> <Opcode : 'read' 'write' 'readreq' 'writereq' 'writeresp'>

State 31 <SV = 30> <Delay = 4.86>
ST_31 : Operation 118 [41/70] (4.86ns)   --->   "%aximm0_load_req = readreq i1 @_ssdm_op_ReadReq.m_axi.i64P1A, i64 %aximm0_addr, i32 1" [LZW_hybrid_hash_HW.cpp:336]   --->   Operation 118 'readreq' 'aximm0_load_req' <Predicate = true> <Delay = 4.86> <CoreInst = "m_axi">   --->   Core 121 'm_axi' <Latency = 6> <II = 1> <Delay = 1.00> <Adapter> <Opcode : 'read' 'write' 'readreq' 'writereq' 'writeresp'>

State 32 <SV = 31> <Delay = 4.86>
ST_32 : Operation 119 [40/70] (4.86ns)   --->   "%aximm0_load_req = readreq i1 @_ssdm_op_ReadReq.m_axi.i64P1A, i64 %aximm0_addr, i32 1" [LZW_hybrid_hash_HW.cpp:336]   --->   Operation 119 'readreq' 'aximm0_load_req' <Predicate = true> <Delay = 4.86> <CoreInst = "m_axi">   --->   Core 121 'm_axi' <Latency = 6> <II = 1> <Delay = 1.00> <Adapter> <Opcode : 'read' 'write' 'readreq' 'writereq' 'writeresp'>

State 33 <SV = 32> <Delay = 4.86>
ST_33 : Operation 120 [39/70] (4.86ns)   --->   "%aximm0_load_req = readreq i1 @_ssdm_op_ReadReq.m_axi.i64P1A, i64 %aximm0_addr, i32 1" [LZW_hybrid_hash_HW.cpp:336]   --->   Operation 120 'readreq' 'aximm0_load_req' <Predicate = true> <Delay = 4.86> <CoreInst = "m_axi">   --->   Core 121 'm_axi' <Latency = 6> <II = 1> <Delay = 1.00> <Adapter> <Opcode : 'read' 'write' 'readreq' 'writereq' 'writeresp'>

State 34 <SV = 33> <Delay = 4.86>
ST_34 : Operation 121 [38/70] (4.86ns)   --->   "%aximm0_load_req = readreq i1 @_ssdm_op_ReadReq.m_axi.i64P1A, i64 %aximm0_addr, i32 1" [LZW_hybrid_hash_HW.cpp:336]   --->   Operation 121 'readreq' 'aximm0_load_req' <Predicate = true> <Delay = 4.86> <CoreInst = "m_axi">   --->   Core 121 'm_axi' <Latency = 6> <II = 1> <Delay = 1.00> <Adapter> <Opcode : 'read' 'write' 'readreq' 'writereq' 'writeresp'>

State 35 <SV = 34> <Delay = 4.86>
ST_35 : Operation 122 [37/70] (4.86ns)   --->   "%aximm0_load_req = readreq i1 @_ssdm_op_ReadReq.m_axi.i64P1A, i64 %aximm0_addr, i32 1" [LZW_hybrid_hash_HW.cpp:336]   --->   Operation 122 'readreq' 'aximm0_load_req' <Predicate = true> <Delay = 4.86> <CoreInst = "m_axi">   --->   Core 121 'm_axi' <Latency = 6> <II = 1> <Delay = 1.00> <Adapter> <Opcode : 'read' 'write' 'readreq' 'writereq' 'writeresp'>

State 36 <SV = 35> <Delay = 4.86>
ST_36 : Operation 123 [36/70] (4.86ns)   --->   "%aximm0_load_req = readreq i1 @_ssdm_op_ReadReq.m_axi.i64P1A, i64 %aximm0_addr, i32 1" [LZW_hybrid_hash_HW.cpp:336]   --->   Operation 123 'readreq' 'aximm0_load_req' <Predicate = true> <Delay = 4.86> <CoreInst = "m_axi">   --->   Core 121 'm_axi' <Latency = 6> <II = 1> <Delay = 1.00> <Adapter> <Opcode : 'read' 'write' 'readreq' 'writereq' 'writeresp'>

State 37 <SV = 36> <Delay = 4.86>
ST_37 : Operation 124 [35/70] (4.86ns)   --->   "%aximm0_load_req = readreq i1 @_ssdm_op_ReadReq.m_axi.i64P1A, i64 %aximm0_addr, i32 1" [LZW_hybrid_hash_HW.cpp:336]   --->   Operation 124 'readreq' 'aximm0_load_req' <Predicate = true> <Delay = 4.86> <CoreInst = "m_axi">   --->   Core 121 'm_axi' <Latency = 6> <II = 1> <Delay = 1.00> <Adapter> <Opcode : 'read' 'write' 'readreq' 'writereq' 'writeresp'>

State 38 <SV = 37> <Delay = 4.86>
ST_38 : Operation 125 [34/70] (4.86ns)   --->   "%aximm0_load_req = readreq i1 @_ssdm_op_ReadReq.m_axi.i64P1A, i64 %aximm0_addr, i32 1" [LZW_hybrid_hash_HW.cpp:336]   --->   Operation 125 'readreq' 'aximm0_load_req' <Predicate = true> <Delay = 4.86> <CoreInst = "m_axi">   --->   Core 121 'm_axi' <Latency = 6> <II = 1> <Delay = 1.00> <Adapter> <Opcode : 'read' 'write' 'readreq' 'writereq' 'writeresp'>

State 39 <SV = 38> <Delay = 4.86>
ST_39 : Operation 126 [33/70] (4.86ns)   --->   "%aximm0_load_req = readreq i1 @_ssdm_op_ReadReq.m_axi.i64P1A, i64 %aximm0_addr, i32 1" [LZW_hybrid_hash_HW.cpp:336]   --->   Operation 126 'readreq' 'aximm0_load_req' <Predicate = true> <Delay = 4.86> <CoreInst = "m_axi">   --->   Core 121 'm_axi' <Latency = 6> <II = 1> <Delay = 1.00> <Adapter> <Opcode : 'read' 'write' 'readreq' 'writereq' 'writeresp'>

State 40 <SV = 39> <Delay = 4.86>
ST_40 : Operation 127 [32/70] (4.86ns)   --->   "%aximm0_load_req = readreq i1 @_ssdm_op_ReadReq.m_axi.i64P1A, i64 %aximm0_addr, i32 1" [LZW_hybrid_hash_HW.cpp:336]   --->   Operation 127 'readreq' 'aximm0_load_req' <Predicate = true> <Delay = 4.86> <CoreInst = "m_axi">   --->   Core 121 'm_axi' <Latency = 6> <II = 1> <Delay = 1.00> <Adapter> <Opcode : 'read' 'write' 'readreq' 'writereq' 'writeresp'>

State 41 <SV = 40> <Delay = 4.86>
ST_41 : Operation 128 [31/70] (4.86ns)   --->   "%aximm0_load_req = readreq i1 @_ssdm_op_ReadReq.m_axi.i64P1A, i64 %aximm0_addr, i32 1" [LZW_hybrid_hash_HW.cpp:336]   --->   Operation 128 'readreq' 'aximm0_load_req' <Predicate = true> <Delay = 4.86> <CoreInst = "m_axi">   --->   Core 121 'm_axi' <Latency = 6> <II = 1> <Delay = 1.00> <Adapter> <Opcode : 'read' 'write' 'readreq' 'writereq' 'writeresp'>

State 42 <SV = 41> <Delay = 4.86>
ST_42 : Operation 129 [30/70] (4.86ns)   --->   "%aximm0_load_req = readreq i1 @_ssdm_op_ReadReq.m_axi.i64P1A, i64 %aximm0_addr, i32 1" [LZW_hybrid_hash_HW.cpp:336]   --->   Operation 129 'readreq' 'aximm0_load_req' <Predicate = true> <Delay = 4.86> <CoreInst = "m_axi">   --->   Core 121 'm_axi' <Latency = 6> <II = 1> <Delay = 1.00> <Adapter> <Opcode : 'read' 'write' 'readreq' 'writereq' 'writeresp'>

State 43 <SV = 42> <Delay = 4.86>
ST_43 : Operation 130 [29/70] (4.86ns)   --->   "%aximm0_load_req = readreq i1 @_ssdm_op_ReadReq.m_axi.i64P1A, i64 %aximm0_addr, i32 1" [LZW_hybrid_hash_HW.cpp:336]   --->   Operation 130 'readreq' 'aximm0_load_req' <Predicate = true> <Delay = 4.86> <CoreInst = "m_axi">   --->   Core 121 'm_axi' <Latency = 6> <II = 1> <Delay = 1.00> <Adapter> <Opcode : 'read' 'write' 'readreq' 'writereq' 'writeresp'>

State 44 <SV = 43> <Delay = 4.86>
ST_44 : Operation 131 [28/70] (4.86ns)   --->   "%aximm0_load_req = readreq i1 @_ssdm_op_ReadReq.m_axi.i64P1A, i64 %aximm0_addr, i32 1" [LZW_hybrid_hash_HW.cpp:336]   --->   Operation 131 'readreq' 'aximm0_load_req' <Predicate = true> <Delay = 4.86> <CoreInst = "m_axi">   --->   Core 121 'm_axi' <Latency = 6> <II = 1> <Delay = 1.00> <Adapter> <Opcode : 'read' 'write' 'readreq' 'writereq' 'writeresp'>

State 45 <SV = 44> <Delay = 4.86>
ST_45 : Operation 132 [27/70] (4.86ns)   --->   "%aximm0_load_req = readreq i1 @_ssdm_op_ReadReq.m_axi.i64P1A, i64 %aximm0_addr, i32 1" [LZW_hybrid_hash_HW.cpp:336]   --->   Operation 132 'readreq' 'aximm0_load_req' <Predicate = true> <Delay = 4.86> <CoreInst = "m_axi">   --->   Core 121 'm_axi' <Latency = 6> <II = 1> <Delay = 1.00> <Adapter> <Opcode : 'read' 'write' 'readreq' 'writereq' 'writeresp'>

State 46 <SV = 45> <Delay = 4.86>
ST_46 : Operation 133 [26/70] (4.86ns)   --->   "%aximm0_load_req = readreq i1 @_ssdm_op_ReadReq.m_axi.i64P1A, i64 %aximm0_addr, i32 1" [LZW_hybrid_hash_HW.cpp:336]   --->   Operation 133 'readreq' 'aximm0_load_req' <Predicate = true> <Delay = 4.86> <CoreInst = "m_axi">   --->   Core 121 'm_axi' <Latency = 6> <II = 1> <Delay = 1.00> <Adapter> <Opcode : 'read' 'write' 'readreq' 'writereq' 'writeresp'>

State 47 <SV = 46> <Delay = 4.86>
ST_47 : Operation 134 [25/70] (4.86ns)   --->   "%aximm0_load_req = readreq i1 @_ssdm_op_ReadReq.m_axi.i64P1A, i64 %aximm0_addr, i32 1" [LZW_hybrid_hash_HW.cpp:336]   --->   Operation 134 'readreq' 'aximm0_load_req' <Predicate = true> <Delay = 4.86> <CoreInst = "m_axi">   --->   Core 121 'm_axi' <Latency = 6> <II = 1> <Delay = 1.00> <Adapter> <Opcode : 'read' 'write' 'readreq' 'writereq' 'writeresp'>

State 48 <SV = 47> <Delay = 4.86>
ST_48 : Operation 135 [24/70] (4.86ns)   --->   "%aximm0_load_req = readreq i1 @_ssdm_op_ReadReq.m_axi.i64P1A, i64 %aximm0_addr, i32 1" [LZW_hybrid_hash_HW.cpp:336]   --->   Operation 135 'readreq' 'aximm0_load_req' <Predicate = true> <Delay = 4.86> <CoreInst = "m_axi">   --->   Core 121 'm_axi' <Latency = 6> <II = 1> <Delay = 1.00> <Adapter> <Opcode : 'read' 'write' 'readreq' 'writereq' 'writeresp'>

State 49 <SV = 48> <Delay = 4.86>
ST_49 : Operation 136 [23/70] (4.86ns)   --->   "%aximm0_load_req = readreq i1 @_ssdm_op_ReadReq.m_axi.i64P1A, i64 %aximm0_addr, i32 1" [LZW_hybrid_hash_HW.cpp:336]   --->   Operation 136 'readreq' 'aximm0_load_req' <Predicate = true> <Delay = 4.86> <CoreInst = "m_axi">   --->   Core 121 'm_axi' <Latency = 6> <II = 1> <Delay = 1.00> <Adapter> <Opcode : 'read' 'write' 'readreq' 'writereq' 'writeresp'>

State 50 <SV = 49> <Delay = 4.86>
ST_50 : Operation 137 [22/70] (4.86ns)   --->   "%aximm0_load_req = readreq i1 @_ssdm_op_ReadReq.m_axi.i64P1A, i64 %aximm0_addr, i32 1" [LZW_hybrid_hash_HW.cpp:336]   --->   Operation 137 'readreq' 'aximm0_load_req' <Predicate = true> <Delay = 4.86> <CoreInst = "m_axi">   --->   Core 121 'm_axi' <Latency = 6> <II = 1> <Delay = 1.00> <Adapter> <Opcode : 'read' 'write' 'readreq' 'writereq' 'writeresp'>

State 51 <SV = 50> <Delay = 4.86>
ST_51 : Operation 138 [21/70] (4.86ns)   --->   "%aximm0_load_req = readreq i1 @_ssdm_op_ReadReq.m_axi.i64P1A, i64 %aximm0_addr, i32 1" [LZW_hybrid_hash_HW.cpp:336]   --->   Operation 138 'readreq' 'aximm0_load_req' <Predicate = true> <Delay = 4.86> <CoreInst = "m_axi">   --->   Core 121 'm_axi' <Latency = 6> <II = 1> <Delay = 1.00> <Adapter> <Opcode : 'read' 'write' 'readreq' 'writereq' 'writeresp'>

State 52 <SV = 51> <Delay = 4.86>
ST_52 : Operation 139 [20/70] (4.86ns)   --->   "%aximm0_load_req = readreq i1 @_ssdm_op_ReadReq.m_axi.i64P1A, i64 %aximm0_addr, i32 1" [LZW_hybrid_hash_HW.cpp:336]   --->   Operation 139 'readreq' 'aximm0_load_req' <Predicate = true> <Delay = 4.86> <CoreInst = "m_axi">   --->   Core 121 'm_axi' <Latency = 6> <II = 1> <Delay = 1.00> <Adapter> <Opcode : 'read' 'write' 'readreq' 'writereq' 'writeresp'>

State 53 <SV = 52> <Delay = 4.86>
ST_53 : Operation 140 [19/70] (4.86ns)   --->   "%aximm0_load_req = readreq i1 @_ssdm_op_ReadReq.m_axi.i64P1A, i64 %aximm0_addr, i32 1" [LZW_hybrid_hash_HW.cpp:336]   --->   Operation 140 'readreq' 'aximm0_load_req' <Predicate = true> <Delay = 4.86> <CoreInst = "m_axi">   --->   Core 121 'm_axi' <Latency = 6> <II = 1> <Delay = 1.00> <Adapter> <Opcode : 'read' 'write' 'readreq' 'writereq' 'writeresp'>

State 54 <SV = 53> <Delay = 4.86>
ST_54 : Operation 141 [18/70] (4.86ns)   --->   "%aximm0_load_req = readreq i1 @_ssdm_op_ReadReq.m_axi.i64P1A, i64 %aximm0_addr, i32 1" [LZW_hybrid_hash_HW.cpp:336]   --->   Operation 141 'readreq' 'aximm0_load_req' <Predicate = true> <Delay = 4.86> <CoreInst = "m_axi">   --->   Core 121 'm_axi' <Latency = 6> <II = 1> <Delay = 1.00> <Adapter> <Opcode : 'read' 'write' 'readreq' 'writereq' 'writeresp'>

State 55 <SV = 54> <Delay = 4.86>
ST_55 : Operation 142 [17/70] (4.86ns)   --->   "%aximm0_load_req = readreq i1 @_ssdm_op_ReadReq.m_axi.i64P1A, i64 %aximm0_addr, i32 1" [LZW_hybrid_hash_HW.cpp:336]   --->   Operation 142 'readreq' 'aximm0_load_req' <Predicate = true> <Delay = 4.86> <CoreInst = "m_axi">   --->   Core 121 'm_axi' <Latency = 6> <II = 1> <Delay = 1.00> <Adapter> <Opcode : 'read' 'write' 'readreq' 'writereq' 'writeresp'>

State 56 <SV = 55> <Delay = 4.86>
ST_56 : Operation 143 [16/70] (4.86ns)   --->   "%aximm0_load_req = readreq i1 @_ssdm_op_ReadReq.m_axi.i64P1A, i64 %aximm0_addr, i32 1" [LZW_hybrid_hash_HW.cpp:336]   --->   Operation 143 'readreq' 'aximm0_load_req' <Predicate = true> <Delay = 4.86> <CoreInst = "m_axi">   --->   Core 121 'm_axi' <Latency = 6> <II = 1> <Delay = 1.00> <Adapter> <Opcode : 'read' 'write' 'readreq' 'writereq' 'writeresp'>

State 57 <SV = 56> <Delay = 4.86>
ST_57 : Operation 144 [15/70] (4.86ns)   --->   "%aximm0_load_req = readreq i1 @_ssdm_op_ReadReq.m_axi.i64P1A, i64 %aximm0_addr, i32 1" [LZW_hybrid_hash_HW.cpp:336]   --->   Operation 144 'readreq' 'aximm0_load_req' <Predicate = true> <Delay = 4.86> <CoreInst = "m_axi">   --->   Core 121 'm_axi' <Latency = 6> <II = 1> <Delay = 1.00> <Adapter> <Opcode : 'read' 'write' 'readreq' 'writereq' 'writeresp'>

State 58 <SV = 57> <Delay = 4.86>
ST_58 : Operation 145 [14/70] (4.86ns)   --->   "%aximm0_load_req = readreq i1 @_ssdm_op_ReadReq.m_axi.i64P1A, i64 %aximm0_addr, i32 1" [LZW_hybrid_hash_HW.cpp:336]   --->   Operation 145 'readreq' 'aximm0_load_req' <Predicate = true> <Delay = 4.86> <CoreInst = "m_axi">   --->   Core 121 'm_axi' <Latency = 6> <II = 1> <Delay = 1.00> <Adapter> <Opcode : 'read' 'write' 'readreq' 'writereq' 'writeresp'>

State 59 <SV = 58> <Delay = 4.86>
ST_59 : Operation 146 [13/70] (4.86ns)   --->   "%aximm0_load_req = readreq i1 @_ssdm_op_ReadReq.m_axi.i64P1A, i64 %aximm0_addr, i32 1" [LZW_hybrid_hash_HW.cpp:336]   --->   Operation 146 'readreq' 'aximm0_load_req' <Predicate = true> <Delay = 4.86> <CoreInst = "m_axi">   --->   Core 121 'm_axi' <Latency = 6> <II = 1> <Delay = 1.00> <Adapter> <Opcode : 'read' 'write' 'readreq' 'writereq' 'writeresp'>

State 60 <SV = 59> <Delay = 4.86>
ST_60 : Operation 147 [12/70] (4.86ns)   --->   "%aximm0_load_req = readreq i1 @_ssdm_op_ReadReq.m_axi.i64P1A, i64 %aximm0_addr, i32 1" [LZW_hybrid_hash_HW.cpp:336]   --->   Operation 147 'readreq' 'aximm0_load_req' <Predicate = true> <Delay = 4.86> <CoreInst = "m_axi">   --->   Core 121 'm_axi' <Latency = 6> <II = 1> <Delay = 1.00> <Adapter> <Opcode : 'read' 'write' 'readreq' 'writereq' 'writeresp'>

State 61 <SV = 60> <Delay = 4.86>
ST_61 : Operation 148 [11/70] (4.86ns)   --->   "%aximm0_load_req = readreq i1 @_ssdm_op_ReadReq.m_axi.i64P1A, i64 %aximm0_addr, i32 1" [LZW_hybrid_hash_HW.cpp:336]   --->   Operation 148 'readreq' 'aximm0_load_req' <Predicate = true> <Delay = 4.86> <CoreInst = "m_axi">   --->   Core 121 'm_axi' <Latency = 6> <II = 1> <Delay = 1.00> <Adapter> <Opcode : 'read' 'write' 'readreq' 'writereq' 'writeresp'>

State 62 <SV = 61> <Delay = 4.86>
ST_62 : Operation 149 [10/70] (4.86ns)   --->   "%aximm0_load_req = readreq i1 @_ssdm_op_ReadReq.m_axi.i64P1A, i64 %aximm0_addr, i32 1" [LZW_hybrid_hash_HW.cpp:336]   --->   Operation 149 'readreq' 'aximm0_load_req' <Predicate = true> <Delay = 4.86> <CoreInst = "m_axi">   --->   Core 121 'm_axi' <Latency = 6> <II = 1> <Delay = 1.00> <Adapter> <Opcode : 'read' 'write' 'readreq' 'writereq' 'writeresp'>

State 63 <SV = 62> <Delay = 4.86>
ST_63 : Operation 150 [9/70] (4.86ns)   --->   "%aximm0_load_req = readreq i1 @_ssdm_op_ReadReq.m_axi.i64P1A, i64 %aximm0_addr, i32 1" [LZW_hybrid_hash_HW.cpp:336]   --->   Operation 150 'readreq' 'aximm0_load_req' <Predicate = true> <Delay = 4.86> <CoreInst = "m_axi">   --->   Core 121 'm_axi' <Latency = 6> <II = 1> <Delay = 1.00> <Adapter> <Opcode : 'read' 'write' 'readreq' 'writereq' 'writeresp'>

State 64 <SV = 63> <Delay = 4.86>
ST_64 : Operation 151 [8/70] (4.86ns)   --->   "%aximm0_load_req = readreq i1 @_ssdm_op_ReadReq.m_axi.i64P1A, i64 %aximm0_addr, i32 1" [LZW_hybrid_hash_HW.cpp:336]   --->   Operation 151 'readreq' 'aximm0_load_req' <Predicate = true> <Delay = 4.86> <CoreInst = "m_axi">   --->   Core 121 'm_axi' <Latency = 6> <II = 1> <Delay = 1.00> <Adapter> <Opcode : 'read' 'write' 'readreq' 'writereq' 'writeresp'>

State 65 <SV = 64> <Delay = 4.86>
ST_65 : Operation 152 [7/70] (4.86ns)   --->   "%aximm0_load_req = readreq i1 @_ssdm_op_ReadReq.m_axi.i64P1A, i64 %aximm0_addr, i32 1" [LZW_hybrid_hash_HW.cpp:336]   --->   Operation 152 'readreq' 'aximm0_load_req' <Predicate = true> <Delay = 4.86> <CoreInst = "m_axi">   --->   Core 121 'm_axi' <Latency = 6> <II = 1> <Delay = 1.00> <Adapter> <Opcode : 'read' 'write' 'readreq' 'writereq' 'writeresp'>

State 66 <SV = 65> <Delay = 4.86>
ST_66 : Operation 153 [6/70] (4.86ns)   --->   "%aximm0_load_req = readreq i1 @_ssdm_op_ReadReq.m_axi.i64P1A, i64 %aximm0_addr, i32 1" [LZW_hybrid_hash_HW.cpp:336]   --->   Operation 153 'readreq' 'aximm0_load_req' <Predicate = true> <Delay = 4.86> <CoreInst = "m_axi">   --->   Core 121 'm_axi' <Latency = 6> <II = 1> <Delay = 1.00> <Adapter> <Opcode : 'read' 'write' 'readreq' 'writereq' 'writeresp'>

State 67 <SV = 66> <Delay = 4.86>
ST_67 : Operation 154 [5/70] (4.86ns)   --->   "%aximm0_load_req = readreq i1 @_ssdm_op_ReadReq.m_axi.i64P1A, i64 %aximm0_addr, i32 1" [LZW_hybrid_hash_HW.cpp:336]   --->   Operation 154 'readreq' 'aximm0_load_req' <Predicate = true> <Delay = 4.86> <CoreInst = "m_axi">   --->   Core 121 'm_axi' <Latency = 6> <II = 1> <Delay = 1.00> <Adapter> <Opcode : 'read' 'write' 'readreq' 'writereq' 'writeresp'>

State 68 <SV = 67> <Delay = 4.86>
ST_68 : Operation 155 [4/70] (4.86ns)   --->   "%aximm0_load_req = readreq i1 @_ssdm_op_ReadReq.m_axi.i64P1A, i64 %aximm0_addr, i32 1" [LZW_hybrid_hash_HW.cpp:336]   --->   Operation 155 'readreq' 'aximm0_load_req' <Predicate = true> <Delay = 4.86> <CoreInst = "m_axi">   --->   Core 121 'm_axi' <Latency = 6> <II = 1> <Delay = 1.00> <Adapter> <Opcode : 'read' 'write' 'readreq' 'writereq' 'writeresp'>

State 69 <SV = 68> <Delay = 4.86>
ST_69 : Operation 156 [3/70] (4.86ns)   --->   "%aximm0_load_req = readreq i1 @_ssdm_op_ReadReq.m_axi.i64P1A, i64 %aximm0_addr, i32 1" [LZW_hybrid_hash_HW.cpp:336]   --->   Operation 156 'readreq' 'aximm0_load_req' <Predicate = true> <Delay = 4.86> <CoreInst = "m_axi">   --->   Core 121 'm_axi' <Latency = 6> <II = 1> <Delay = 1.00> <Adapter> <Opcode : 'read' 'write' 'readreq' 'writereq' 'writeresp'>

State 70 <SV = 69> <Delay = 4.86>
ST_70 : Operation 157 [2/70] (4.86ns)   --->   "%aximm0_load_req = readreq i1 @_ssdm_op_ReadReq.m_axi.i64P1A, i64 %aximm0_addr, i32 1" [LZW_hybrid_hash_HW.cpp:336]   --->   Operation 157 'readreq' 'aximm0_load_req' <Predicate = true> <Delay = 4.86> <CoreInst = "m_axi">   --->   Core 121 'm_axi' <Latency = 6> <II = 1> <Delay = 1.00> <Adapter> <Opcode : 'read' 'write' 'readreq' 'writereq' 'writeresp'>

State 71 <SV = 70> <Delay = 4.86>
ST_71 : Operation 158 [1/70] (4.86ns)   --->   "%aximm0_load_req = readreq i1 @_ssdm_op_ReadReq.m_axi.i64P1A, i64 %aximm0_addr, i32 1" [LZW_hybrid_hash_HW.cpp:336]   --->   Operation 158 'readreq' 'aximm0_load_req' <Predicate = true> <Delay = 4.86> <CoreInst = "m_axi">   --->   Core 121 'm_axi' <Latency = 6> <II = 1> <Delay = 1.00> <Adapter> <Opcode : 'read' 'write' 'readreq' 'writereq' 'writeresp'>

State 72 <SV = 71> <Delay = 4.86>
ST_72 : Operation 159 [1/1] (4.86ns)   --->   "%aximm0_addr_read = read i64 @_ssdm_op_Read.m_axi.i64P1A, i64 %aximm0_addr" [LZW_hybrid_hash_HW.cpp:336]   --->   Operation 159 'read' 'aximm0_addr_read' <Predicate = true> <Delay = 4.86> <CoreInst = "m_axi">   --->   Core 121 'm_axi' <Latency = 6> <II = 1> <Delay = 1.00> <Adapter> <Opcode : 'read' 'write' 'readreq' 'writereq' 'writeresp'>

State 73 <SV = 72> <Delay = 0.48>
ST_73 : Operation 160 [1/1] (0.00ns)   --->   "%empty = specchannel i32 @_ssdm_op_SpecChannel, void @inStream_in_length_str, i32 1, void @p_str, void @p_str, i32 4, i32 4, i16 %inStream_in_length, i16 %inStream_in_length"   --->   Operation 160 'specchannel' 'empty' <Predicate = true> <Delay = 0.00>
ST_73 : Operation 161 [1/1] (0.00ns)   --->   "%spectopmodule_ln0 = spectopmodule void @_ssdm_op_SpecTopModule, void @empty_13"   --->   Operation 161 'spectopmodule' 'spectopmodule_ln0' <Predicate = true> <Delay = 0.00>
ST_73 : Operation 162 [1/1] (0.00ns)   --->   "%specinterface_ln0 = specinterface void @_ssdm_op_SpecInterface, i32 0, void @empty_8, i32 0, i32 0, void @empty_9, i32 0, i32 0, void @empty_9, void @empty_9, void @empty_9, i32 0, i32 0, i32 0, i32 0, void @empty_9, void @empty_9"   --->   Operation 162 'specinterface' 'specinterface_ln0' <Predicate = true> <Delay = 0.00>
ST_73 : Operation 163 [1/1] (0.00ns)   --->   "%specinterface_ln0 = specinterface void @_ssdm_op_SpecInterface, i64 %aximm0, void @empty_0, i32 0, i32 0, void @empty_9, i32 64, i32 0, void @empty_17, void @empty_16, void @empty_9, i32 16, i32 16, i32 16, i32 16, void @empty_9, void @empty_9"   --->   Operation 163 'specinterface' 'specinterface_ln0' <Predicate = true> <Delay = 0.00>
ST_73 : Operation 164 [1/1] (0.00ns)   --->   "%specbitsmap_ln0 = specbitsmap void @_ssdm_op_SpecBitsMap, i64 %aximm0"   --->   Operation 164 'specbitsmap' 'specbitsmap_ln0' <Predicate = true> <Delay = 0.00>
ST_73 : Operation 165 [1/1] (0.00ns)   --->   "%specinterface_ln0 = specinterface void @_ssdm_op_SpecInterface, i64 %input_r, void @empty_15, i32 0, i32 0, void @empty_9, i32 0, i32 0, void @empty_11, void @empty_1, void @empty_9, i32 0, i32 0, i32 0, i32 0, void @empty_9, void @empty_21"   --->   Operation 165 'specinterface' 'specinterface_ln0' <Predicate = true> <Delay = 0.00>
ST_73 : Operation 166 [1/1] (0.00ns)   --->   "%specinterface_ln0 = specinterface void @_ssdm_op_SpecInterface, i64 %input_r, void @empty_14, i32 0, i32 0, void @empty_9, i32 0, i32 0, void @empty_9, void @empty_9, void @empty_9, i32 0, i32 0, i32 0, i32 0, void @empty_9, void @empty_21"   --->   Operation 166 'specinterface' 'specinterface_ln0' <Predicate = true> <Delay = 0.00>
ST_73 : Operation 167 [1/1] (0.00ns)   --->   "%specinterface_ln0 = specinterface void @_ssdm_op_SpecInterface, i64 %input_length, void @empty_15, i32 0, i32 0, void @empty_9, i32 0, i32 0, void @empty_11, void @empty_7, void @empty_9, i32 0, i32 0, i32 0, i32 0, void @empty_9, void @empty_21"   --->   Operation 167 'specinterface' 'specinterface_ln0' <Predicate = true> <Delay = 0.00>
ST_73 : Operation 168 [1/1] (0.00ns)   --->   "%specinterface_ln0 = specinterface void @_ssdm_op_SpecInterface, i64 %input_length, void @empty_14, i32 0, i32 0, void @empty_9, i32 0, i32 0, void @empty_9, void @empty_9, void @empty_9, i32 0, i32 0, i32 0, i32 0, void @empty_9, void @empty_21"   --->   Operation 168 'specinterface' 'specinterface_ln0' <Predicate = true> <Delay = 0.00>
ST_73 : Operation 169 [1/1] (0.00ns)   --->   "%specinterface_ln0 = specinterface void @_ssdm_op_SpecInterface, i64 %send_data, void @empty_15, i32 0, i32 0, void @empty_9, i32 0, i32 0, void @empty_11, void @empty_20, void @empty_9, i32 0, i32 0, i32 0, i32 0, void @empty_9, void @empty_21"   --->   Operation 169 'specinterface' 'specinterface_ln0' <Predicate = true> <Delay = 0.00>
ST_73 : Operation 170 [1/1] (0.00ns)   --->   "%specinterface_ln0 = specinterface void @_ssdm_op_SpecInterface, i64 %send_data, void @empty_14, i32 0, i32 0, void @empty_9, i32 0, i32 0, void @empty_9, void @empty_9, void @empty_9, i32 0, i32 0, i32 0, i32 0, void @empty_9, void @empty_21"   --->   Operation 170 'specinterface' 'specinterface_ln0' <Predicate = true> <Delay = 0.00>
ST_73 : Operation 171 [1/1] (0.00ns)   --->   "%specinterface_ln0 = specinterface void @_ssdm_op_SpecInterface, i64 %output_length, void @empty_15, i32 0, i32 0, void @empty_9, i32 0, i32 0, void @empty_11, void @empty, void @empty_9, i32 0, i32 0, i32 0, i32 0, void @empty_9, void @empty_21"   --->   Operation 171 'specinterface' 'specinterface_ln0' <Predicate = true> <Delay = 0.00>
ST_73 : Operation 172 [1/1] (0.00ns)   --->   "%specinterface_ln0 = specinterface void @_ssdm_op_SpecInterface, i64 %output_length, void @empty_14, i32 0, i32 0, void @empty_9, i32 0, i32 0, void @empty_9, void @empty_9, void @empty_9, i32 0, i32 0, i32 0, i32 0, void @empty_9, void @empty_21"   --->   Operation 172 'specinterface' 'specinterface_ln0' <Predicate = true> <Delay = 0.00>
ST_73 : Operation 173 [1/1] (0.00ns)   --->   "%specinterface_ln0 = specinterface void @_ssdm_op_SpecInterface, i32 0, void @empty_15, i32 0, i32 0, void @empty_9, i32 0, i32 0, void @empty_11, void @empty_9, void @empty_9, i32 0, i32 0, i32 0, i32 0, void @empty_9, void @empty_9"   --->   Operation 173 'specinterface' 'specinterface_ln0' <Predicate = true> <Delay = 0.00>
ST_73 : Operation 174 [1/1] (0.00ns)   --->   "%specinterface_ln0 = specinterface void @_ssdm_op_SpecInterface, i16 %inStream_in_length, void @empty_12, i32 0, i32 0, void @empty_9, i32 0, i32 0, void @empty_9, void @empty_9, void @empty_9, i32 0, i32 0, i32 0, i32 0, void @empty_9, void @empty_9"   --->   Operation 174 'specinterface' 'specinterface_ln0' <Predicate = true> <Delay = 0.00>
ST_73 : Operation 175 [1/1] (0.00ns)   --->   "%specinterface_ln0 = specinterface void @_ssdm_op_SpecInterface, i8 %inStream_in, void @empty_12, i32 0, i32 0, void @empty_9, i32 0, i32 0, void @empty_9, void @empty_9, void @empty_9, i32 0, i32 0, i32 0, i32 0, void @empty_9, void @empty_9"   --->   Operation 175 'specinterface' 'specinterface_ln0' <Predicate = true> <Delay = 0.00>
ST_73 : Operation 176 [1/1] (0.00ns)   --->   "%specinterface_ln0 = specinterface void @_ssdm_op_SpecInterface, i8 %outStream_code_flg, void @empty_12, i32 0, i32 0, void @empty_9, i32 0, i32 0, void @empty_9, void @empty_9, void @empty_9, i32 0, i32 0, i32 0, i32 0, void @empty_9, void @empty_9"   --->   Operation 176 'specinterface' 'specinterface_ln0' <Predicate = true> <Delay = 0.00>
ST_73 : Operation 177 [1/1] (0.00ns)   --->   "%specinterface_ln0 = specinterface void @_ssdm_op_SpecInterface, i13 %outStream_code, void @empty_12, i32 0, i32 0, void @empty_9, i32 0, i32 0, void @empty_9, void @empty_9, void @empty_9, i32 0, i32 0, i32 0, i32 0, void @empty_9, void @empty_9"   --->   Operation 177 'specinterface' 'specinterface_ln0' <Predicate = true> <Delay = 0.00>
ST_73 : Operation 178 [1/1] (0.48ns)   --->   "%br_ln0 = br void"   --->   Operation 178 'br' 'br_ln0' <Predicate = true> <Delay = 0.48>

State 74 <SV = 73> <Delay = 0.86>
ST_74 : Operation 179 [1/1] (0.00ns)   --->   "%i = phi i3 0, void %codeRepl, i3 %add_ln336, void %.split1._crit_edge.i.i" [LZW_hybrid_hash_HW.cpp:336]   --->   Operation 179 'phi' 'i' <Predicate = true> <Delay = 0.00>
ST_74 : Operation 180 [1/1] (0.00ns)   --->   "%shiftreg_i_i = phi i64 %aximm0_addr_read, void %codeRepl, i64 %zext_ln338, void %.split1._crit_edge.i.i" [LZW_hybrid_hash_HW.cpp:336]   --->   Operation 180 'phi' 'shiftreg_i_i' <Predicate = true> <Delay = 0.00>
ST_74 : Operation 181 [1/1] (0.74ns)   --->   "%add_ln336 = add i3 %i, i3 1" [LZW_hybrid_hash_HW.cpp:336]   --->   Operation 181 'add' 'add_ln336' <Predicate = true> <Delay = 0.74> <CoreInst = "Adder">   --->   Core 1 'Adder' <Latency = 0> <II = 1> <Delay = 0.90> <FuncUnit> <Opcode : 'add' 'sub'> <InPorts = 2> <OutPorts = 1>
ST_74 : Operation 182 [1/1] (0.00ns)   --->   "%specpipeline_ln0 = specpipeline void @_ssdm_op_SpecPipeline, i32 4294967295, i32 0, i32 1, i32 0, void @p_str"   --->   Operation 182 'specpipeline' 'specpipeline_ln0' <Predicate = true> <Delay = 0.00>
ST_74 : Operation 183 [1/1] (0.69ns)   --->   "%icmp_ln336 = icmp_eq  i3 %i, i3 4" [LZW_hybrid_hash_HW.cpp:336]   --->   Operation 183 'icmp' 'icmp_ln336' <Predicate = true> <Delay = 0.69> <CoreInst = "Cmp">   --->   Core 9 'Cmp' <Latency = 0> <II = 1> <Delay = 0.86> <FuncUnit> <Opcode : 'icmp'> <InPorts = 2> <OutPorts = 1>
ST_74 : Operation 184 [1/1] (0.00ns)   --->   "%empty_100 = speclooptripcount i32 @_ssdm_op_SpecLoopTripCount, i64 4, i64 4, i64 4"   --->   Operation 184 'speclooptripcount' 'empty_100' <Predicate = true> <Delay = 0.00>
ST_74 : Operation 185 [1/1] (0.00ns)   --->   "%br_ln336 = br i1 %icmp_ln336, void %.split1.i.i, void %krnl_LZW_.exit2.preheader" [LZW_hybrid_hash_HW.cpp:336]   --->   Operation 185 'br' 'br_ln336' <Predicate = true> <Delay = 0.00>
ST_74 : Operation 186 [1/1] (0.00ns)   --->   "%specloopname_ln330 = specloopname void @_ssdm_op_SpecLoopName, void @empty_19" [LZW_hybrid_hash_HW.cpp:330]   --->   Operation 186 'specloopname' 'specloopname_ln330' <Predicate = (!icmp_ln336)> <Delay = 0.00>
ST_74 : Operation 187 [1/1] (0.00ns)   --->   "%trunc_ln338 = trunc i64 %shiftreg_i_i" [LZW_hybrid_hash_HW.cpp:338]   --->   Operation 187 'trunc' 'trunc_ln338' <Predicate = (!icmp_ln336)> <Delay = 0.00>
ST_74 : Operation 188 [1/1] (0.00ns)   --->   "%lshr_ln = partselect i48 @_ssdm_op_PartSelect.i48.i64.i32.i32, i64 %shiftreg_i_i, i32 16, i32 63" [LZW_hybrid_hash_HW.cpp:338]   --->   Operation 188 'partselect' 'lshr_ln' <Predicate = (!icmp_ln336)> <Delay = 0.00>
ST_74 : Operation 189 [1/1] (0.00ns)   --->   "%zext_ln338 = zext i48 %lshr_ln" [LZW_hybrid_hash_HW.cpp:338]   --->   Operation 189 'zext' 'zext_ln338' <Predicate = (!icmp_ln336)> <Delay = 0.00>
ST_74 : Operation 190 [1/1] (0.86ns)   --->   "%icmp_ln338 = icmp_eq  i16 %trunc_ln338, i16 0" [LZW_hybrid_hash_HW.cpp:338]   --->   Operation 190 'icmp' 'icmp_ln338' <Predicate = (!icmp_ln336)> <Delay = 0.86> <CoreInst = "Cmp">   --->   Core 9 'Cmp' <Latency = 0> <II = 1> <Delay = 0.86> <FuncUnit> <Opcode : 'icmp'> <InPorts = 2> <OutPorts = 1>
ST_74 : Operation 191 [1/1] (0.00ns)   --->   "%br_ln338 = br i1 %icmp_ln338, void, void %.split1._crit_edge.i.i" [LZW_hybrid_hash_HW.cpp:338]   --->   Operation 191 'br' 'br_ln338' <Predicate = (!icmp_ln336)> <Delay = 0.00>
ST_74 : Operation 192 [1/1] (0.00ns)   --->   "%br_ln0 = br void"   --->   Operation 192 'br' 'br_ln0' <Predicate = (!icmp_ln336)> <Delay = 0.00>

State 75 <SV = 74> <Delay = 2.16>
ST_75 : Operation 193 [1/1] (0.00ns)   --->   "%num_chunks_load = load i8 %num_chunks" [LZW_hybrid_hash_HW.cpp:339]   --->   Operation 193 'load' 'num_chunks_load' <Predicate = (!icmp_ln338)> <Delay = 0.00>
ST_75 : Operation 194 [1/1] (0.90ns)   --->   "%num_chunks_1 = add i8 %num_chunks_load, i8 1" [LZW_hybrid_hash_HW.cpp:339]   --->   Operation 194 'add' 'num_chunks_1' <Predicate = (!icmp_ln338)> <Delay = 0.90> <CoreInst = "Adder">   --->   Core 1 'Adder' <Latency = 0> <II = 1> <Delay = 0.90> <FuncUnit> <Opcode : 'add' 'sub'> <InPorts = 2> <OutPorts = 1>
ST_75 : Operation 195 [1/1] (2.16ns)   --->   "%write_ln174 = write void @_ssdm_op_Write.ap_fifo.volatile.i16P0A, i16 %inStream_in_length, i16 %trunc_ln338" [/mnt/pollux/software/xilinx/2020.2/Vitis_HLS/2020.2/common/technology/autopilot/hls_stream_39.h:174]   --->   Operation 195 'write' 'write_ln174' <Predicate = (!icmp_ln338)> <Delay = 2.16> <CoreInst = "FIFO_SRL">   --->   Core 81 'FIFO_SRL' <Latency = 0> <II = 1> <Delay = 2.16> <Storage> <Opcode : 'read' 'write' 'nbread' 'nbwrite'> <Ports = 0> <Width = 16> <Depth = 4> <FIFO>
ST_75 : Operation 196 [1/1] (0.48ns)   --->   "%store_ln343 = store i8 %num_chunks_1, i8 %num_chunks" [LZW_hybrid_hash_HW.cpp:343]   --->   Operation 196 'store' 'store_ln343' <Predicate = (!icmp_ln338)> <Delay = 0.48>
ST_75 : Operation 197 [1/1] (0.00ns)   --->   "%br_ln343 = br void %.split1._crit_edge.i.i" [LZW_hybrid_hash_HW.cpp:343]   --->   Operation 197 'br' 'br_ln343' <Predicate = (!icmp_ln338)> <Delay = 0.00>

State 76 <SV = 74> <Delay = 0.00>
ST_76 : Operation 198 [1/1] (0.00ns)   --->   "%num_chunks_load_1 = load i8 %num_chunks"   --->   Operation 198 'load' 'num_chunks_load_1' <Predicate = true> <Delay = 0.00>
ST_76 : Operation 199 [2/2] (0.00ns)   --->   "%call_ln313 = call void @dataflow_parent_loop_proc, i8 %num_chunks_load_1, i64 %aximm0, i64 %input_read, i64 %send_data_read, i64 %output_length_read, i16 %inStream_in_length, i32 %input_offset_constprop, i8 %inStream_in, i8 %outStream_code_flg, i13 %outStream_code, i32 %output_offset_constprop" [LZW_hybrid_hash_HW.cpp:313]   --->   Operation 199 'call' 'call_ln313' <Predicate = true> <Delay = 0.00> <CoreType = "Generic">   --->   Core 0 '' <Latency = 0> <II = 1> <Delay = 1.00> <Generic> <Opcode : >

State 77 <SV = 75> <Delay = 0.00>
ST_77 : Operation 200 [1/2] (0.00ns)   --->   "%call_ln313 = call void @dataflow_parent_loop_proc, i8 %num_chunks_load_1, i64 %aximm0, i64 %input_read, i64 %send_data_read, i64 %output_length_read, i16 %inStream_in_length, i32 %input_offset_constprop, i8 %inStream_in, i8 %outStream_code_flg, i13 %outStream_code, i32 %output_offset_constprop" [LZW_hybrid_hash_HW.cpp:313]   --->   Operation 200 'call' 'call_ln313' <Predicate = true> <Delay = 0.00> <CoreType = "Generic">   --->   Core 0 '' <Latency = 0> <II = 1> <Delay = 1.00> <Generic> <Opcode : >
ST_77 : Operation 201 [1/1] (0.00ns)   --->   "%ret_ln360 = ret" [LZW_hybrid_hash_HW.cpp:360]   --->   Operation 201 'ret' 'ret_ln360' <Predicate = true> <Delay = 0.00>


============================================================
+ Verbose Summary: Timing violations
============================================================
Target clock period: 6.67ns, clock uncertainty: 1.8ns.

 <State 1>: 1ns
The critical path consists of the following:
	s_axi read on port 'output_length' (LZW_hybrid_hash_HW.cpp:313) [35]  (1 ns)

 <State 2>: 4.87ns
The critical path consists of the following:
	'getelementptr' operation ('aximm0_addr', LZW_hybrid_hash_HW.cpp:336) [43]  (0 ns)
	bus request on port 'aximm0' (LZW_hybrid_hash_HW.cpp:336) [44]  (4.87 ns)

 <State 3>: 4.87ns
The critical path consists of the following:
	bus request on port 'aximm0' (LZW_hybrid_hash_HW.cpp:336) [44]  (4.87 ns)

 <State 4>: 4.87ns
The critical path consists of the following:
	bus request on port 'aximm0' (LZW_hybrid_hash_HW.cpp:336) [44]  (4.87 ns)

 <State 5>: 4.87ns
The critical path consists of the following:
	bus request on port 'aximm0' (LZW_hybrid_hash_HW.cpp:336) [44]  (4.87 ns)

 <State 6>: 4.87ns
The critical path consists of the following:
	bus request on port 'aximm0' (LZW_hybrid_hash_HW.cpp:336) [44]  (4.87 ns)

 <State 7>: 4.87ns
The critical path consists of the following:
	bus request on port 'aximm0' (LZW_hybrid_hash_HW.cpp:336) [44]  (4.87 ns)

 <State 8>: 4.87ns
The critical path consists of the following:
	bus request on port 'aximm0' (LZW_hybrid_hash_HW.cpp:336) [44]  (4.87 ns)

 <State 9>: 4.87ns
The critical path consists of the following:
	bus request on port 'aximm0' (LZW_hybrid_hash_HW.cpp:336) [44]  (4.87 ns)

 <State 10>: 4.87ns
The critical path consists of the following:
	bus request on port 'aximm0' (LZW_hybrid_hash_HW.cpp:336) [44]  (4.87 ns)

 <State 11>: 4.87ns
The critical path consists of the following:
	bus request on port 'aximm0' (LZW_hybrid_hash_HW.cpp:336) [44]  (4.87 ns)

 <State 12>: 4.87ns
The critical path consists of the following:
	bus request on port 'aximm0' (LZW_hybrid_hash_HW.cpp:336) [44]  (4.87 ns)

 <State 13>: 4.87ns
The critical path consists of the following:
	bus request on port 'aximm0' (LZW_hybrid_hash_HW.cpp:336) [44]  (4.87 ns)

 <State 14>: 4.87ns
The critical path consists of the following:
	bus request on port 'aximm0' (LZW_hybrid_hash_HW.cpp:336) [44]  (4.87 ns)

 <State 15>: 4.87ns
The critical path consists of the following:
	bus request on port 'aximm0' (LZW_hybrid_hash_HW.cpp:336) [44]  (4.87 ns)

 <State 16>: 4.87ns
The critical path consists of the following:
	bus request on port 'aximm0' (LZW_hybrid_hash_HW.cpp:336) [44]  (4.87 ns)

 <State 17>: 4.87ns
The critical path consists of the following:
	bus request on port 'aximm0' (LZW_hybrid_hash_HW.cpp:336) [44]  (4.87 ns)

 <State 18>: 4.87ns
The critical path consists of the following:
	bus request on port 'aximm0' (LZW_hybrid_hash_HW.cpp:336) [44]  (4.87 ns)

 <State 19>: 4.87ns
The critical path consists of the following:
	bus request on port 'aximm0' (LZW_hybrid_hash_HW.cpp:336) [44]  (4.87 ns)

 <State 20>: 4.87ns
The critical path consists of the following:
	bus request on port 'aximm0' (LZW_hybrid_hash_HW.cpp:336) [44]  (4.87 ns)

 <State 21>: 4.87ns
The critical path consists of the following:
	bus request on port 'aximm0' (LZW_hybrid_hash_HW.cpp:336) [44]  (4.87 ns)

 <State 22>: 4.87ns
The critical path consists of the following:
	bus request on port 'aximm0' (LZW_hybrid_hash_HW.cpp:336) [44]  (4.87 ns)

 <State 23>: 4.87ns
The critical path consists of the following:
	bus request on port 'aximm0' (LZW_hybrid_hash_HW.cpp:336) [44]  (4.87 ns)

 <State 24>: 4.87ns
The critical path consists of the following:
	bus request on port 'aximm0' (LZW_hybrid_hash_HW.cpp:336) [44]  (4.87 ns)

 <State 25>: 4.87ns
The critical path consists of the following:
	bus request on port 'aximm0' (LZW_hybrid_hash_HW.cpp:336) [44]  (4.87 ns)

 <State 26>: 4.87ns
The critical path consists of the following:
	bus request on port 'aximm0' (LZW_hybrid_hash_HW.cpp:336) [44]  (4.87 ns)

 <State 27>: 4.87ns
The critical path consists of the following:
	bus request on port 'aximm0' (LZW_hybrid_hash_HW.cpp:336) [44]  (4.87 ns)

 <State 28>: 4.87ns
The critical path consists of the following:
	bus request on port 'aximm0' (LZW_hybrid_hash_HW.cpp:336) [44]  (4.87 ns)

 <State 29>: 4.87ns
The critical path consists of the following:
	bus request on port 'aximm0' (LZW_hybrid_hash_HW.cpp:336) [44]  (4.87 ns)

 <State 30>: 4.87ns
The critical path consists of the following:
	bus request on port 'aximm0' (LZW_hybrid_hash_HW.cpp:336) [44]  (4.87 ns)

 <State 31>: 4.87ns
The critical path consists of the following:
	bus request on port 'aximm0' (LZW_hybrid_hash_HW.cpp:336) [44]  (4.87 ns)

 <State 32>: 4.87ns
The critical path consists of the following:
	bus request on port 'aximm0' (LZW_hybrid_hash_HW.cpp:336) [44]  (4.87 ns)

 <State 33>: 4.87ns
The critical path consists of the following:
	bus request on port 'aximm0' (LZW_hybrid_hash_HW.cpp:336) [44]  (4.87 ns)

 <State 34>: 4.87ns
The critical path consists of the following:
	bus request on port 'aximm0' (LZW_hybrid_hash_HW.cpp:336) [44]  (4.87 ns)

 <State 35>: 4.87ns
The critical path consists of the following:
	bus request on port 'aximm0' (LZW_hybrid_hash_HW.cpp:336) [44]  (4.87 ns)

 <State 36>: 4.87ns
The critical path consists of the following:
	bus request on port 'aximm0' (LZW_hybrid_hash_HW.cpp:336) [44]  (4.87 ns)

 <State 37>: 4.87ns
The critical path consists of the following:
	bus request on port 'aximm0' (LZW_hybrid_hash_HW.cpp:336) [44]  (4.87 ns)

 <State 38>: 4.87ns
The critical path consists of the following:
	bus request on port 'aximm0' (LZW_hybrid_hash_HW.cpp:336) [44]  (4.87 ns)

 <State 39>: 4.87ns
The critical path consists of the following:
	bus request on port 'aximm0' (LZW_hybrid_hash_HW.cpp:336) [44]  (4.87 ns)

 <State 40>: 4.87ns
The critical path consists of the following:
	bus request on port 'aximm0' (LZW_hybrid_hash_HW.cpp:336) [44]  (4.87 ns)

 <State 41>: 4.87ns
The critical path consists of the following:
	bus request on port 'aximm0' (LZW_hybrid_hash_HW.cpp:336) [44]  (4.87 ns)

 <State 42>: 4.87ns
The critical path consists of the following:
	bus request on port 'aximm0' (LZW_hybrid_hash_HW.cpp:336) [44]  (4.87 ns)

 <State 43>: 4.87ns
The critical path consists of the following:
	bus request on port 'aximm0' (LZW_hybrid_hash_HW.cpp:336) [44]  (4.87 ns)

 <State 44>: 4.87ns
The critical path consists of the following:
	bus request on port 'aximm0' (LZW_hybrid_hash_HW.cpp:336) [44]  (4.87 ns)

 <State 45>: 4.87ns
The critical path consists of the following:
	bus request on port 'aximm0' (LZW_hybrid_hash_HW.cpp:336) [44]  (4.87 ns)

 <State 46>: 4.87ns
The critical path consists of the following:
	bus request on port 'aximm0' (LZW_hybrid_hash_HW.cpp:336) [44]  (4.87 ns)

 <State 47>: 4.87ns
The critical path consists of the following:
	bus request on port 'aximm0' (LZW_hybrid_hash_HW.cpp:336) [44]  (4.87 ns)

 <State 48>: 4.87ns
The critical path consists of the following:
	bus request on port 'aximm0' (LZW_hybrid_hash_HW.cpp:336) [44]  (4.87 ns)

 <State 49>: 4.87ns
The critical path consists of the following:
	bus request on port 'aximm0' (LZW_hybrid_hash_HW.cpp:336) [44]  (4.87 ns)

 <State 50>: 4.87ns
The critical path consists of the following:
	bus request on port 'aximm0' (LZW_hybrid_hash_HW.cpp:336) [44]  (4.87 ns)

 <State 51>: 4.87ns
The critical path consists of the following:
	bus request on port 'aximm0' (LZW_hybrid_hash_HW.cpp:336) [44]  (4.87 ns)

 <State 52>: 4.87ns
The critical path consists of the following:
	bus request on port 'aximm0' (LZW_hybrid_hash_HW.cpp:336) [44]  (4.87 ns)

 <State 53>: 4.87ns
The critical path consists of the following:
	bus request on port 'aximm0' (LZW_hybrid_hash_HW.cpp:336) [44]  (4.87 ns)

 <State 54>: 4.87ns
The critical path consists of the following:
	bus request on port 'aximm0' (LZW_hybrid_hash_HW.cpp:336) [44]  (4.87 ns)

 <State 55>: 4.87ns
The critical path consists of the following:
	bus request on port 'aximm0' (LZW_hybrid_hash_HW.cpp:336) [44]  (4.87 ns)

 <State 56>: 4.87ns
The critical path consists of the following:
	bus request on port 'aximm0' (LZW_hybrid_hash_HW.cpp:336) [44]  (4.87 ns)

 <State 57>: 4.87ns
The critical path consists of the following:
	bus request on port 'aximm0' (LZW_hybrid_hash_HW.cpp:336) [44]  (4.87 ns)

 <State 58>: 4.87ns
The critical path consists of the following:
	bus request on port 'aximm0' (LZW_hybrid_hash_HW.cpp:336) [44]  (4.87 ns)

 <State 59>: 4.87ns
The critical path consists of the following:
	bus request on port 'aximm0' (LZW_hybrid_hash_HW.cpp:336) [44]  (4.87 ns)

 <State 60>: 4.87ns
The critical path consists of the following:
	bus request on port 'aximm0' (LZW_hybrid_hash_HW.cpp:336) [44]  (4.87 ns)

 <State 61>: 4.87ns
The critical path consists of the following:
	bus request on port 'aximm0' (LZW_hybrid_hash_HW.cpp:336) [44]  (4.87 ns)

 <State 62>: 4.87ns
The critical path consists of the following:
	bus request on port 'aximm0' (LZW_hybrid_hash_HW.cpp:336) [44]  (4.87 ns)

 <State 63>: 4.87ns
The critical path consists of the following:
	bus request on port 'aximm0' (LZW_hybrid_hash_HW.cpp:336) [44]  (4.87 ns)

 <State 64>: 4.87ns
The critical path consists of the following:
	bus request on port 'aximm0' (LZW_hybrid_hash_HW.cpp:336) [44]  (4.87 ns)

 <State 65>: 4.87ns
The critical path consists of the following:
	bus request on port 'aximm0' (LZW_hybrid_hash_HW.cpp:336) [44]  (4.87 ns)

 <State 66>: 4.87ns
The critical path consists of the following:
	bus request on port 'aximm0' (LZW_hybrid_hash_HW.cpp:336) [44]  (4.87 ns)

 <State 67>: 4.87ns
The critical path consists of the following:
	bus request on port 'aximm0' (LZW_hybrid_hash_HW.cpp:336) [44]  (4.87 ns)

 <State 68>: 4.87ns
The critical path consists of the following:
	bus request on port 'aximm0' (LZW_hybrid_hash_HW.cpp:336) [44]  (4.87 ns)

 <State 69>: 4.87ns
The critical path consists of the following:
	bus request on port 'aximm0' (LZW_hybrid_hash_HW.cpp:336) [44]  (4.87 ns)

 <State 70>: 4.87ns
The critical path consists of the following:
	bus request on port 'aximm0' (LZW_hybrid_hash_HW.cpp:336) [44]  (4.87 ns)

 <State 71>: 4.87ns
The critical path consists of the following:
	bus request on port 'aximm0' (LZW_hybrid_hash_HW.cpp:336) [44]  (4.87 ns)

 <State 72>: 4.87ns
The critical path consists of the following:
	bus read on port 'aximm0' (LZW_hybrid_hash_HW.cpp:336) [45]  (4.87 ns)

 <State 73>: 0.489ns
The critical path consists of the following:
	multiplexor before 'phi' operation ('i', LZW_hybrid_hash_HW.cpp:336) with incoming values : ('add_ln336', LZW_hybrid_hash_HW.cpp:336) [49]  (0.489 ns)

 <State 74>: 0.866ns
The critical path consists of the following:
	'phi' operation ('shiftreg_i_i', LZW_hybrid_hash_HW.cpp:336) with incoming values : ('aximm0_addr_read', LZW_hybrid_hash_HW.cpp:336) ('zext_ln338', LZW_hybrid_hash_HW.cpp:338) [50]  (0 ns)
	'icmp' operation ('icmp_ln338', LZW_hybrid_hash_HW.cpp:338) [61]  (0.866 ns)

 <State 75>: 2.17ns
The critical path consists of the following:
	fifo write on port 'inStream_in_length' (/mnt/pollux/software/xilinx/2020.2/Vitis_HLS/2020.2/common/technology/autopilot/hls_stream_39.h:174) [66]  (2.17 ns)

 <State 76>: 0ns
The critical path consists of the following:

 <State 77>: 0ns
The critical path consists of the following:


============================================================
+ Verbose Summary: Binding
============================================================
N/A
* FSMD analyzer results:
  - Output states:
 - Input state : 
  - Chain level:
	State 1
	State 2
	State 3
	State 4
	State 5
	State 6
	State 7
	State 8
	State 9
	State 10
	State 11
	State 12
	State 13
	State 14
	State 15
	State 16
	State 17
	State 18
	State 19
	State 20
	State 21
	State 22
	State 23
	State 24
	State 25
	State 26
	State 27
	State 28
	State 29
	State 30
	State 31
	State 32
	State 33
	State 34
	State 35
	State 36
	State 37
	State 38
	State 39
	State 40
	State 41
	State 42
	State 43
	State 44
	State 45
	State 46
	State 47
	State 48
	State 49
	State 50
	State 51
	State 52
	State 53
	State 54
	State 55
	State 56
	State 57
	State 58
	State 59
	State 60
	State 61
	State 62
	State 63
	State 64
	State 65
	State 66
	State 67
	State 68
	State 69
	State 70
	State 71
	State 72
	State 73
	State 74
	State 75
	State 76
	State 77


============================================================
+ Verbose Summary: Datapath Resource usage 
============================================================
N/A
