

================================================================
== Vitis HLS Report for 'Loop_VITIS_LOOP_318_1_proc'
================================================================
* Date:           Thu Dec  7 19:36:23 2023

* Version:        2020.2 (Build 3064766 on Wed Nov 18 09:12:47 MST 2020)
* Project:        Final_Optimization
* Solution:       solution1 (Vitis Kernel Flow Target)
* Product family: zynquplus
* Target device:  xczu3eg-sbva484-1-i


================================================================
== Performance Estimates
================================================================
+ Timing: 
    * Summary: 
    +--------+---------+----------+------------+
    |  Clock |  Target | Estimated| Uncertainty|
    +--------+---------+----------+------------+
    |ap_clk  |  6.67 ns|  4.867 ns|     1.80 ns|
    +--------+---------+----------+------------+

+ Latency: 
    * Summary: 
    +---------+---------+----------+----------+-----+-----+---------+
    |  Latency (cycles) |  Latency (absolute) |  Interval | Pipeline|
    |   min   |   max   |    min   |    max   | min | max |   Type  |
    +---------+---------+----------+----------+-----+-----+---------+
    |       77|       77|  0.513 us|  0.513 us|   77|   77|     none|
    +---------+---------+----------+----------+-----+-----+---------+

    + Detail: 
        * Instance: 
        N/A

        * Loop: 
        +--------------------+---------+---------+----------+-----------+-----------+------+----------+
        |                    |  Latency (cycles) | Iteration|  Initiation Interval  | Trip |          |
        |      Loop Name     |   min   |   max   |  Latency |  achieved |   target  | Count| Pipelined|
        +--------------------+---------+---------+----------+-----------+-----------+------+----------+
        |- VITIS_LOOP_318_1  |        5|        5|         3|          1|          1|     4|       yes|
        +--------------------+---------+---------+----------+-----------+-----------+------+----------+

============================================================
+ Verbose Summary: Synthesis Manager
============================================================
InlineROM: 1
ExposeGlobal: 0
============================================================
+ Verbose Summary: CDFG Model
============================================================
IsTopModel: 0
ResetActiveHigh: 1
IsCombinational: 2
IsDatapathOnly: 0
HasWiredReturn: 1
HasMFsm: 0
HasVarLatency: 1
IsPipeline: 0
IsRtlPipelined: 0
IsInstanceOverlapped: 0
IsDontTouch: 0
HasImplIP: 0
IsGatedGlobalClock: 0

+ Individual pipeline summary: 
  * Pipeline-0: initiation interval (II) = 1, depth = 3


============================================================
+ Verbose Summary: Schedule
============================================================
* Number of FSM states : 75
* Pipeline : 1
  Pipeline-0 : II = 1, D = 3, States = { 72 73 74 }
* Dataflow Pipeline: 0

* FSM state transitions: 
1 --> 2 
2 --> 3 
3 --> 4 
4 --> 5 
5 --> 6 
6 --> 7 
7 --> 8 
8 --> 9 
9 --> 10 
10 --> 11 
11 --> 12 
12 --> 13 
13 --> 14 
14 --> 15 
15 --> 16 
16 --> 17 
17 --> 18 
18 --> 19 
19 --> 20 
20 --> 21 
21 --> 22 
22 --> 23 
23 --> 24 
24 --> 25 
25 --> 26 
26 --> 27 
27 --> 28 
28 --> 29 
29 --> 30 
30 --> 31 
31 --> 32 
32 --> 33 
33 --> 34 
34 --> 35 
35 --> 36 
36 --> 37 
37 --> 38 
38 --> 39 
39 --> 40 
40 --> 41 
41 --> 42 
42 --> 43 
43 --> 44 
44 --> 45 
45 --> 46 
46 --> 47 
47 --> 48 
48 --> 49 
49 --> 50 
50 --> 51 
51 --> 52 
52 --> 53 
53 --> 54 
54 --> 55 
55 --> 56 
56 --> 57 
57 --> 58 
58 --> 59 
59 --> 60 
60 --> 61 
61 --> 62 
62 --> 63 
63 --> 64 
64 --> 65 
65 --> 66 
66 --> 67 
67 --> 68 
68 --> 69 
69 --> 70 
70 --> 71 
71 --> 72 
72 --> 75 73 
73 --> 74 
74 --> 72 
75 --> 

* FSM state operations: 

State 1 <SV = 0> <Delay = 2.16>
ST_1 : Operation 76 [1/1] (0.00ns)   --->   "%num_chunks = alloca i32 1"   --->   Operation 76 'alloca' 'num_chunks' <Predicate = true> <Delay = 0.00>
ST_1 : Operation 77 [1/1] (2.16ns)   --->   "%input_length_read = read i64 @_ssdm_op_Read.ap_fifo.i64P0A, i64 %input_length" [LZW_hybrid_hash_HW.cpp:319]   --->   Operation 77 'read' 'input_length_read' <Predicate = true> <Delay = 2.16> <CoreInst = "FIFO_SRL">   --->   Core 81 'FIFO_SRL' <Latency = 0> <II = 1> <Delay = 2.16> <Storage> <Opcode : 'read' 'write' 'nbread' 'nbwrite'> <Ports = 0> <Width = 64> <Depth = 2> <FIFO>
ST_1 : Operation 78 [1/1] (0.00ns)   --->   "%trunc_ln319_1 = partselect i63 @_ssdm_op_PartSelect.i63.i64.i32.i32, i64 %input_length_read, i32 1, i32 63" [LZW_hybrid_hash_HW.cpp:319->LZW_hybrid_hash_HW.cpp:299]   --->   Operation 78 'partselect' 'trunc_ln319_1' <Predicate = true> <Delay = 0.00>
ST_1 : Operation 79 [1/1] (0.00ns)   --->   "%sext_ln319 = sext i63 %trunc_ln319_1" [LZW_hybrid_hash_HW.cpp:319->LZW_hybrid_hash_HW.cpp:299]   --->   Operation 79 'sext' 'sext_ln319' <Predicate = true> <Delay = 0.00>
ST_1 : Operation 80 [1/1] (0.00ns)   --->   "%aximm1_addr = getelementptr i16 %aximm1, i64 %sext_ln319" [LZW_hybrid_hash_HW.cpp:319->LZW_hybrid_hash_HW.cpp:299]   --->   Operation 80 'getelementptr' 'aximm1_addr' <Predicate = true> <Delay = 0.00>
ST_1 : Operation 81 [1/1] (0.48ns)   --->   "%store_ln0 = store i8 0, i8 %num_chunks"   --->   Operation 81 'store' 'store_ln0' <Predicate = true> <Delay = 0.48>

State 2 <SV = 1> <Delay = 4.86>
ST_2 : Operation 82 [70/70] (4.86ns)   --->   "%aximm1_addr_4_rd_req = readreq i1 @_ssdm_op_ReadReq.m_axi.i16P1A, i16 %aximm1_addr, i32 4" [LZW_hybrid_hash_HW.cpp:319->LZW_hybrid_hash_HW.cpp:299]   --->   Operation 82 'readreq' 'aximm1_addr_4_rd_req' <Predicate = true> <Delay = 4.86> <CoreInst = "m_axi">   --->   Core 121 'm_axi' <Latency = 6> <II = 1> <Delay = 1.00> <Adapter> <Opcode : 'read' 'write' 'readreq' 'writereq' 'writeresp'>

State 3 <SV = 2> <Delay = 4.86>
ST_3 : Operation 83 [69/70] (4.86ns)   --->   "%aximm1_addr_4_rd_req = readreq i1 @_ssdm_op_ReadReq.m_axi.i16P1A, i16 %aximm1_addr, i32 4" [LZW_hybrid_hash_HW.cpp:319->LZW_hybrid_hash_HW.cpp:299]   --->   Operation 83 'readreq' 'aximm1_addr_4_rd_req' <Predicate = true> <Delay = 4.86> <CoreInst = "m_axi">   --->   Core 121 'm_axi' <Latency = 6> <II = 1> <Delay = 1.00> <Adapter> <Opcode : 'read' 'write' 'readreq' 'writereq' 'writeresp'>

State 4 <SV = 3> <Delay = 4.86>
ST_4 : Operation 84 [68/70] (4.86ns)   --->   "%aximm1_addr_4_rd_req = readreq i1 @_ssdm_op_ReadReq.m_axi.i16P1A, i16 %aximm1_addr, i32 4" [LZW_hybrid_hash_HW.cpp:319->LZW_hybrid_hash_HW.cpp:299]   --->   Operation 84 'readreq' 'aximm1_addr_4_rd_req' <Predicate = true> <Delay = 4.86> <CoreInst = "m_axi">   --->   Core 121 'm_axi' <Latency = 6> <II = 1> <Delay = 1.00> <Adapter> <Opcode : 'read' 'write' 'readreq' 'writereq' 'writeresp'>

State 5 <SV = 4> <Delay = 4.86>
ST_5 : Operation 85 [67/70] (4.86ns)   --->   "%aximm1_addr_4_rd_req = readreq i1 @_ssdm_op_ReadReq.m_axi.i16P1A, i16 %aximm1_addr, i32 4" [LZW_hybrid_hash_HW.cpp:319->LZW_hybrid_hash_HW.cpp:299]   --->   Operation 85 'readreq' 'aximm1_addr_4_rd_req' <Predicate = true> <Delay = 4.86> <CoreInst = "m_axi">   --->   Core 121 'm_axi' <Latency = 6> <II = 1> <Delay = 1.00> <Adapter> <Opcode : 'read' 'write' 'readreq' 'writereq' 'writeresp'>

State 6 <SV = 5> <Delay = 4.86>
ST_6 : Operation 86 [66/70] (4.86ns)   --->   "%aximm1_addr_4_rd_req = readreq i1 @_ssdm_op_ReadReq.m_axi.i16P1A, i16 %aximm1_addr, i32 4" [LZW_hybrid_hash_HW.cpp:319->LZW_hybrid_hash_HW.cpp:299]   --->   Operation 86 'readreq' 'aximm1_addr_4_rd_req' <Predicate = true> <Delay = 4.86> <CoreInst = "m_axi">   --->   Core 121 'm_axi' <Latency = 6> <II = 1> <Delay = 1.00> <Adapter> <Opcode : 'read' 'write' 'readreq' 'writereq' 'writeresp'>

State 7 <SV = 6> <Delay = 4.86>
ST_7 : Operation 87 [65/70] (4.86ns)   --->   "%aximm1_addr_4_rd_req = readreq i1 @_ssdm_op_ReadReq.m_axi.i16P1A, i16 %aximm1_addr, i32 4" [LZW_hybrid_hash_HW.cpp:319->LZW_hybrid_hash_HW.cpp:299]   --->   Operation 87 'readreq' 'aximm1_addr_4_rd_req' <Predicate = true> <Delay = 4.86> <CoreInst = "m_axi">   --->   Core 121 'm_axi' <Latency = 6> <II = 1> <Delay = 1.00> <Adapter> <Opcode : 'read' 'write' 'readreq' 'writereq' 'writeresp'>

State 8 <SV = 7> <Delay = 4.86>
ST_8 : Operation 88 [64/70] (4.86ns)   --->   "%aximm1_addr_4_rd_req = readreq i1 @_ssdm_op_ReadReq.m_axi.i16P1A, i16 %aximm1_addr, i32 4" [LZW_hybrid_hash_HW.cpp:319->LZW_hybrid_hash_HW.cpp:299]   --->   Operation 88 'readreq' 'aximm1_addr_4_rd_req' <Predicate = true> <Delay = 4.86> <CoreInst = "m_axi">   --->   Core 121 'm_axi' <Latency = 6> <II = 1> <Delay = 1.00> <Adapter> <Opcode : 'read' 'write' 'readreq' 'writereq' 'writeresp'>

State 9 <SV = 8> <Delay = 4.86>
ST_9 : Operation 89 [63/70] (4.86ns)   --->   "%aximm1_addr_4_rd_req = readreq i1 @_ssdm_op_ReadReq.m_axi.i16P1A, i16 %aximm1_addr, i32 4" [LZW_hybrid_hash_HW.cpp:319->LZW_hybrid_hash_HW.cpp:299]   --->   Operation 89 'readreq' 'aximm1_addr_4_rd_req' <Predicate = true> <Delay = 4.86> <CoreInst = "m_axi">   --->   Core 121 'm_axi' <Latency = 6> <II = 1> <Delay = 1.00> <Adapter> <Opcode : 'read' 'write' 'readreq' 'writereq' 'writeresp'>

State 10 <SV = 9> <Delay = 4.86>
ST_10 : Operation 90 [62/70] (4.86ns)   --->   "%aximm1_addr_4_rd_req = readreq i1 @_ssdm_op_ReadReq.m_axi.i16P1A, i16 %aximm1_addr, i32 4" [LZW_hybrid_hash_HW.cpp:319->LZW_hybrid_hash_HW.cpp:299]   --->   Operation 90 'readreq' 'aximm1_addr_4_rd_req' <Predicate = true> <Delay = 4.86> <CoreInst = "m_axi">   --->   Core 121 'm_axi' <Latency = 6> <II = 1> <Delay = 1.00> <Adapter> <Opcode : 'read' 'write' 'readreq' 'writereq' 'writeresp'>

State 11 <SV = 10> <Delay = 4.86>
ST_11 : Operation 91 [61/70] (4.86ns)   --->   "%aximm1_addr_4_rd_req = readreq i1 @_ssdm_op_ReadReq.m_axi.i16P1A, i16 %aximm1_addr, i32 4" [LZW_hybrid_hash_HW.cpp:319->LZW_hybrid_hash_HW.cpp:299]   --->   Operation 91 'readreq' 'aximm1_addr_4_rd_req' <Predicate = true> <Delay = 4.86> <CoreInst = "m_axi">   --->   Core 121 'm_axi' <Latency = 6> <II = 1> <Delay = 1.00> <Adapter> <Opcode : 'read' 'write' 'readreq' 'writereq' 'writeresp'>

State 12 <SV = 11> <Delay = 4.86>
ST_12 : Operation 92 [60/70] (4.86ns)   --->   "%aximm1_addr_4_rd_req = readreq i1 @_ssdm_op_ReadReq.m_axi.i16P1A, i16 %aximm1_addr, i32 4" [LZW_hybrid_hash_HW.cpp:319->LZW_hybrid_hash_HW.cpp:299]   --->   Operation 92 'readreq' 'aximm1_addr_4_rd_req' <Predicate = true> <Delay = 4.86> <CoreInst = "m_axi">   --->   Core 121 'm_axi' <Latency = 6> <II = 1> <Delay = 1.00> <Adapter> <Opcode : 'read' 'write' 'readreq' 'writereq' 'writeresp'>

State 13 <SV = 12> <Delay = 4.86>
ST_13 : Operation 93 [59/70] (4.86ns)   --->   "%aximm1_addr_4_rd_req = readreq i1 @_ssdm_op_ReadReq.m_axi.i16P1A, i16 %aximm1_addr, i32 4" [LZW_hybrid_hash_HW.cpp:319->LZW_hybrid_hash_HW.cpp:299]   --->   Operation 93 'readreq' 'aximm1_addr_4_rd_req' <Predicate = true> <Delay = 4.86> <CoreInst = "m_axi">   --->   Core 121 'm_axi' <Latency = 6> <II = 1> <Delay = 1.00> <Adapter> <Opcode : 'read' 'write' 'readreq' 'writereq' 'writeresp'>

State 14 <SV = 13> <Delay = 4.86>
ST_14 : Operation 94 [58/70] (4.86ns)   --->   "%aximm1_addr_4_rd_req = readreq i1 @_ssdm_op_ReadReq.m_axi.i16P1A, i16 %aximm1_addr, i32 4" [LZW_hybrid_hash_HW.cpp:319->LZW_hybrid_hash_HW.cpp:299]   --->   Operation 94 'readreq' 'aximm1_addr_4_rd_req' <Predicate = true> <Delay = 4.86> <CoreInst = "m_axi">   --->   Core 121 'm_axi' <Latency = 6> <II = 1> <Delay = 1.00> <Adapter> <Opcode : 'read' 'write' 'readreq' 'writereq' 'writeresp'>

State 15 <SV = 14> <Delay = 4.86>
ST_15 : Operation 95 [57/70] (4.86ns)   --->   "%aximm1_addr_4_rd_req = readreq i1 @_ssdm_op_ReadReq.m_axi.i16P1A, i16 %aximm1_addr, i32 4" [LZW_hybrid_hash_HW.cpp:319->LZW_hybrid_hash_HW.cpp:299]   --->   Operation 95 'readreq' 'aximm1_addr_4_rd_req' <Predicate = true> <Delay = 4.86> <CoreInst = "m_axi">   --->   Core 121 'm_axi' <Latency = 6> <II = 1> <Delay = 1.00> <Adapter> <Opcode : 'read' 'write' 'readreq' 'writereq' 'writeresp'>

State 16 <SV = 15> <Delay = 4.86>
ST_16 : Operation 96 [56/70] (4.86ns)   --->   "%aximm1_addr_4_rd_req = readreq i1 @_ssdm_op_ReadReq.m_axi.i16P1A, i16 %aximm1_addr, i32 4" [LZW_hybrid_hash_HW.cpp:319->LZW_hybrid_hash_HW.cpp:299]   --->   Operation 96 'readreq' 'aximm1_addr_4_rd_req' <Predicate = true> <Delay = 4.86> <CoreInst = "m_axi">   --->   Core 121 'm_axi' <Latency = 6> <II = 1> <Delay = 1.00> <Adapter> <Opcode : 'read' 'write' 'readreq' 'writereq' 'writeresp'>

State 17 <SV = 16> <Delay = 4.86>
ST_17 : Operation 97 [55/70] (4.86ns)   --->   "%aximm1_addr_4_rd_req = readreq i1 @_ssdm_op_ReadReq.m_axi.i16P1A, i16 %aximm1_addr, i32 4" [LZW_hybrid_hash_HW.cpp:319->LZW_hybrid_hash_HW.cpp:299]   --->   Operation 97 'readreq' 'aximm1_addr_4_rd_req' <Predicate = true> <Delay = 4.86> <CoreInst = "m_axi">   --->   Core 121 'm_axi' <Latency = 6> <II = 1> <Delay = 1.00> <Adapter> <Opcode : 'read' 'write' 'readreq' 'writereq' 'writeresp'>

State 18 <SV = 17> <Delay = 4.86>
ST_18 : Operation 98 [54/70] (4.86ns)   --->   "%aximm1_addr_4_rd_req = readreq i1 @_ssdm_op_ReadReq.m_axi.i16P1A, i16 %aximm1_addr, i32 4" [LZW_hybrid_hash_HW.cpp:319->LZW_hybrid_hash_HW.cpp:299]   --->   Operation 98 'readreq' 'aximm1_addr_4_rd_req' <Predicate = true> <Delay = 4.86> <CoreInst = "m_axi">   --->   Core 121 'm_axi' <Latency = 6> <II = 1> <Delay = 1.00> <Adapter> <Opcode : 'read' 'write' 'readreq' 'writereq' 'writeresp'>

State 19 <SV = 18> <Delay = 4.86>
ST_19 : Operation 99 [53/70] (4.86ns)   --->   "%aximm1_addr_4_rd_req = readreq i1 @_ssdm_op_ReadReq.m_axi.i16P1A, i16 %aximm1_addr, i32 4" [LZW_hybrid_hash_HW.cpp:319->LZW_hybrid_hash_HW.cpp:299]   --->   Operation 99 'readreq' 'aximm1_addr_4_rd_req' <Predicate = true> <Delay = 4.86> <CoreInst = "m_axi">   --->   Core 121 'm_axi' <Latency = 6> <II = 1> <Delay = 1.00> <Adapter> <Opcode : 'read' 'write' 'readreq' 'writereq' 'writeresp'>

State 20 <SV = 19> <Delay = 4.86>
ST_20 : Operation 100 [52/70] (4.86ns)   --->   "%aximm1_addr_4_rd_req = readreq i1 @_ssdm_op_ReadReq.m_axi.i16P1A, i16 %aximm1_addr, i32 4" [LZW_hybrid_hash_HW.cpp:319->LZW_hybrid_hash_HW.cpp:299]   --->   Operation 100 'readreq' 'aximm1_addr_4_rd_req' <Predicate = true> <Delay = 4.86> <CoreInst = "m_axi">   --->   Core 121 'm_axi' <Latency = 6> <II = 1> <Delay = 1.00> <Adapter> <Opcode : 'read' 'write' 'readreq' 'writereq' 'writeresp'>

State 21 <SV = 20> <Delay = 4.86>
ST_21 : Operation 101 [51/70] (4.86ns)   --->   "%aximm1_addr_4_rd_req = readreq i1 @_ssdm_op_ReadReq.m_axi.i16P1A, i16 %aximm1_addr, i32 4" [LZW_hybrid_hash_HW.cpp:319->LZW_hybrid_hash_HW.cpp:299]   --->   Operation 101 'readreq' 'aximm1_addr_4_rd_req' <Predicate = true> <Delay = 4.86> <CoreInst = "m_axi">   --->   Core 121 'm_axi' <Latency = 6> <II = 1> <Delay = 1.00> <Adapter> <Opcode : 'read' 'write' 'readreq' 'writereq' 'writeresp'>

State 22 <SV = 21> <Delay = 4.86>
ST_22 : Operation 102 [50/70] (4.86ns)   --->   "%aximm1_addr_4_rd_req = readreq i1 @_ssdm_op_ReadReq.m_axi.i16P1A, i16 %aximm1_addr, i32 4" [LZW_hybrid_hash_HW.cpp:319->LZW_hybrid_hash_HW.cpp:299]   --->   Operation 102 'readreq' 'aximm1_addr_4_rd_req' <Predicate = true> <Delay = 4.86> <CoreInst = "m_axi">   --->   Core 121 'm_axi' <Latency = 6> <II = 1> <Delay = 1.00> <Adapter> <Opcode : 'read' 'write' 'readreq' 'writereq' 'writeresp'>

State 23 <SV = 22> <Delay = 4.86>
ST_23 : Operation 103 [49/70] (4.86ns)   --->   "%aximm1_addr_4_rd_req = readreq i1 @_ssdm_op_ReadReq.m_axi.i16P1A, i16 %aximm1_addr, i32 4" [LZW_hybrid_hash_HW.cpp:319->LZW_hybrid_hash_HW.cpp:299]   --->   Operation 103 'readreq' 'aximm1_addr_4_rd_req' <Predicate = true> <Delay = 4.86> <CoreInst = "m_axi">   --->   Core 121 'm_axi' <Latency = 6> <II = 1> <Delay = 1.00> <Adapter> <Opcode : 'read' 'write' 'readreq' 'writereq' 'writeresp'>

State 24 <SV = 23> <Delay = 4.86>
ST_24 : Operation 104 [48/70] (4.86ns)   --->   "%aximm1_addr_4_rd_req = readreq i1 @_ssdm_op_ReadReq.m_axi.i16P1A, i16 %aximm1_addr, i32 4" [LZW_hybrid_hash_HW.cpp:319->LZW_hybrid_hash_HW.cpp:299]   --->   Operation 104 'readreq' 'aximm1_addr_4_rd_req' <Predicate = true> <Delay = 4.86> <CoreInst = "m_axi">   --->   Core 121 'm_axi' <Latency = 6> <II = 1> <Delay = 1.00> <Adapter> <Opcode : 'read' 'write' 'readreq' 'writereq' 'writeresp'>

State 25 <SV = 24> <Delay = 4.86>
ST_25 : Operation 105 [47/70] (4.86ns)   --->   "%aximm1_addr_4_rd_req = readreq i1 @_ssdm_op_ReadReq.m_axi.i16P1A, i16 %aximm1_addr, i32 4" [LZW_hybrid_hash_HW.cpp:319->LZW_hybrid_hash_HW.cpp:299]   --->   Operation 105 'readreq' 'aximm1_addr_4_rd_req' <Predicate = true> <Delay = 4.86> <CoreInst = "m_axi">   --->   Core 121 'm_axi' <Latency = 6> <II = 1> <Delay = 1.00> <Adapter> <Opcode : 'read' 'write' 'readreq' 'writereq' 'writeresp'>

State 26 <SV = 25> <Delay = 4.86>
ST_26 : Operation 106 [46/70] (4.86ns)   --->   "%aximm1_addr_4_rd_req = readreq i1 @_ssdm_op_ReadReq.m_axi.i16P1A, i16 %aximm1_addr, i32 4" [LZW_hybrid_hash_HW.cpp:319->LZW_hybrid_hash_HW.cpp:299]   --->   Operation 106 'readreq' 'aximm1_addr_4_rd_req' <Predicate = true> <Delay = 4.86> <CoreInst = "m_axi">   --->   Core 121 'm_axi' <Latency = 6> <II = 1> <Delay = 1.00> <Adapter> <Opcode : 'read' 'write' 'readreq' 'writereq' 'writeresp'>

State 27 <SV = 26> <Delay = 4.86>
ST_27 : Operation 107 [45/70] (4.86ns)   --->   "%aximm1_addr_4_rd_req = readreq i1 @_ssdm_op_ReadReq.m_axi.i16P1A, i16 %aximm1_addr, i32 4" [LZW_hybrid_hash_HW.cpp:319->LZW_hybrid_hash_HW.cpp:299]   --->   Operation 107 'readreq' 'aximm1_addr_4_rd_req' <Predicate = true> <Delay = 4.86> <CoreInst = "m_axi">   --->   Core 121 'm_axi' <Latency = 6> <II = 1> <Delay = 1.00> <Adapter> <Opcode : 'read' 'write' 'readreq' 'writereq' 'writeresp'>

State 28 <SV = 27> <Delay = 4.86>
ST_28 : Operation 108 [44/70] (4.86ns)   --->   "%aximm1_addr_4_rd_req = readreq i1 @_ssdm_op_ReadReq.m_axi.i16P1A, i16 %aximm1_addr, i32 4" [LZW_hybrid_hash_HW.cpp:319->LZW_hybrid_hash_HW.cpp:299]   --->   Operation 108 'readreq' 'aximm1_addr_4_rd_req' <Predicate = true> <Delay = 4.86> <CoreInst = "m_axi">   --->   Core 121 'm_axi' <Latency = 6> <II = 1> <Delay = 1.00> <Adapter> <Opcode : 'read' 'write' 'readreq' 'writereq' 'writeresp'>

State 29 <SV = 28> <Delay = 4.86>
ST_29 : Operation 109 [43/70] (4.86ns)   --->   "%aximm1_addr_4_rd_req = readreq i1 @_ssdm_op_ReadReq.m_axi.i16P1A, i16 %aximm1_addr, i32 4" [LZW_hybrid_hash_HW.cpp:319->LZW_hybrid_hash_HW.cpp:299]   --->   Operation 109 'readreq' 'aximm1_addr_4_rd_req' <Predicate = true> <Delay = 4.86> <CoreInst = "m_axi">   --->   Core 121 'm_axi' <Latency = 6> <II = 1> <Delay = 1.00> <Adapter> <Opcode : 'read' 'write' 'readreq' 'writereq' 'writeresp'>

State 30 <SV = 29> <Delay = 4.86>
ST_30 : Operation 110 [42/70] (4.86ns)   --->   "%aximm1_addr_4_rd_req = readreq i1 @_ssdm_op_ReadReq.m_axi.i16P1A, i16 %aximm1_addr, i32 4" [LZW_hybrid_hash_HW.cpp:319->LZW_hybrid_hash_HW.cpp:299]   --->   Operation 110 'readreq' 'aximm1_addr_4_rd_req' <Predicate = true> <Delay = 4.86> <CoreInst = "m_axi">   --->   Core 121 'm_axi' <Latency = 6> <II = 1> <Delay = 1.00> <Adapter> <Opcode : 'read' 'write' 'readreq' 'writereq' 'writeresp'>

State 31 <SV = 30> <Delay = 4.86>
ST_31 : Operation 111 [41/70] (4.86ns)   --->   "%aximm1_addr_4_rd_req = readreq i1 @_ssdm_op_ReadReq.m_axi.i16P1A, i16 %aximm1_addr, i32 4" [LZW_hybrid_hash_HW.cpp:319->LZW_hybrid_hash_HW.cpp:299]   --->   Operation 111 'readreq' 'aximm1_addr_4_rd_req' <Predicate = true> <Delay = 4.86> <CoreInst = "m_axi">   --->   Core 121 'm_axi' <Latency = 6> <II = 1> <Delay = 1.00> <Adapter> <Opcode : 'read' 'write' 'readreq' 'writereq' 'writeresp'>

State 32 <SV = 31> <Delay = 4.86>
ST_32 : Operation 112 [40/70] (4.86ns)   --->   "%aximm1_addr_4_rd_req = readreq i1 @_ssdm_op_ReadReq.m_axi.i16P1A, i16 %aximm1_addr, i32 4" [LZW_hybrid_hash_HW.cpp:319->LZW_hybrid_hash_HW.cpp:299]   --->   Operation 112 'readreq' 'aximm1_addr_4_rd_req' <Predicate = true> <Delay = 4.86> <CoreInst = "m_axi">   --->   Core 121 'm_axi' <Latency = 6> <II = 1> <Delay = 1.00> <Adapter> <Opcode : 'read' 'write' 'readreq' 'writereq' 'writeresp'>

State 33 <SV = 32> <Delay = 4.86>
ST_33 : Operation 113 [39/70] (4.86ns)   --->   "%aximm1_addr_4_rd_req = readreq i1 @_ssdm_op_ReadReq.m_axi.i16P1A, i16 %aximm1_addr, i32 4" [LZW_hybrid_hash_HW.cpp:319->LZW_hybrid_hash_HW.cpp:299]   --->   Operation 113 'readreq' 'aximm1_addr_4_rd_req' <Predicate = true> <Delay = 4.86> <CoreInst = "m_axi">   --->   Core 121 'm_axi' <Latency = 6> <II = 1> <Delay = 1.00> <Adapter> <Opcode : 'read' 'write' 'readreq' 'writereq' 'writeresp'>

State 34 <SV = 33> <Delay = 4.86>
ST_34 : Operation 114 [38/70] (4.86ns)   --->   "%aximm1_addr_4_rd_req = readreq i1 @_ssdm_op_ReadReq.m_axi.i16P1A, i16 %aximm1_addr, i32 4" [LZW_hybrid_hash_HW.cpp:319->LZW_hybrid_hash_HW.cpp:299]   --->   Operation 114 'readreq' 'aximm1_addr_4_rd_req' <Predicate = true> <Delay = 4.86> <CoreInst = "m_axi">   --->   Core 121 'm_axi' <Latency = 6> <II = 1> <Delay = 1.00> <Adapter> <Opcode : 'read' 'write' 'readreq' 'writereq' 'writeresp'>

State 35 <SV = 34> <Delay = 4.86>
ST_35 : Operation 115 [37/70] (4.86ns)   --->   "%aximm1_addr_4_rd_req = readreq i1 @_ssdm_op_ReadReq.m_axi.i16P1A, i16 %aximm1_addr, i32 4" [LZW_hybrid_hash_HW.cpp:319->LZW_hybrid_hash_HW.cpp:299]   --->   Operation 115 'readreq' 'aximm1_addr_4_rd_req' <Predicate = true> <Delay = 4.86> <CoreInst = "m_axi">   --->   Core 121 'm_axi' <Latency = 6> <II = 1> <Delay = 1.00> <Adapter> <Opcode : 'read' 'write' 'readreq' 'writereq' 'writeresp'>

State 36 <SV = 35> <Delay = 4.86>
ST_36 : Operation 116 [36/70] (4.86ns)   --->   "%aximm1_addr_4_rd_req = readreq i1 @_ssdm_op_ReadReq.m_axi.i16P1A, i16 %aximm1_addr, i32 4" [LZW_hybrid_hash_HW.cpp:319->LZW_hybrid_hash_HW.cpp:299]   --->   Operation 116 'readreq' 'aximm1_addr_4_rd_req' <Predicate = true> <Delay = 4.86> <CoreInst = "m_axi">   --->   Core 121 'm_axi' <Latency = 6> <II = 1> <Delay = 1.00> <Adapter> <Opcode : 'read' 'write' 'readreq' 'writereq' 'writeresp'>

State 37 <SV = 36> <Delay = 4.86>
ST_37 : Operation 117 [35/70] (4.86ns)   --->   "%aximm1_addr_4_rd_req = readreq i1 @_ssdm_op_ReadReq.m_axi.i16P1A, i16 %aximm1_addr, i32 4" [LZW_hybrid_hash_HW.cpp:319->LZW_hybrid_hash_HW.cpp:299]   --->   Operation 117 'readreq' 'aximm1_addr_4_rd_req' <Predicate = true> <Delay = 4.86> <CoreInst = "m_axi">   --->   Core 121 'm_axi' <Latency = 6> <II = 1> <Delay = 1.00> <Adapter> <Opcode : 'read' 'write' 'readreq' 'writereq' 'writeresp'>

State 38 <SV = 37> <Delay = 4.86>
ST_38 : Operation 118 [34/70] (4.86ns)   --->   "%aximm1_addr_4_rd_req = readreq i1 @_ssdm_op_ReadReq.m_axi.i16P1A, i16 %aximm1_addr, i32 4" [LZW_hybrid_hash_HW.cpp:319->LZW_hybrid_hash_HW.cpp:299]   --->   Operation 118 'readreq' 'aximm1_addr_4_rd_req' <Predicate = true> <Delay = 4.86> <CoreInst = "m_axi">   --->   Core 121 'm_axi' <Latency = 6> <II = 1> <Delay = 1.00> <Adapter> <Opcode : 'read' 'write' 'readreq' 'writereq' 'writeresp'>

State 39 <SV = 38> <Delay = 4.86>
ST_39 : Operation 119 [33/70] (4.86ns)   --->   "%aximm1_addr_4_rd_req = readreq i1 @_ssdm_op_ReadReq.m_axi.i16P1A, i16 %aximm1_addr, i32 4" [LZW_hybrid_hash_HW.cpp:319->LZW_hybrid_hash_HW.cpp:299]   --->   Operation 119 'readreq' 'aximm1_addr_4_rd_req' <Predicate = true> <Delay = 4.86> <CoreInst = "m_axi">   --->   Core 121 'm_axi' <Latency = 6> <II = 1> <Delay = 1.00> <Adapter> <Opcode : 'read' 'write' 'readreq' 'writereq' 'writeresp'>

State 40 <SV = 39> <Delay = 4.86>
ST_40 : Operation 120 [32/70] (4.86ns)   --->   "%aximm1_addr_4_rd_req = readreq i1 @_ssdm_op_ReadReq.m_axi.i16P1A, i16 %aximm1_addr, i32 4" [LZW_hybrid_hash_HW.cpp:319->LZW_hybrid_hash_HW.cpp:299]   --->   Operation 120 'readreq' 'aximm1_addr_4_rd_req' <Predicate = true> <Delay = 4.86> <CoreInst = "m_axi">   --->   Core 121 'm_axi' <Latency = 6> <II = 1> <Delay = 1.00> <Adapter> <Opcode : 'read' 'write' 'readreq' 'writereq' 'writeresp'>

State 41 <SV = 40> <Delay = 4.86>
ST_41 : Operation 121 [31/70] (4.86ns)   --->   "%aximm1_addr_4_rd_req = readreq i1 @_ssdm_op_ReadReq.m_axi.i16P1A, i16 %aximm1_addr, i32 4" [LZW_hybrid_hash_HW.cpp:319->LZW_hybrid_hash_HW.cpp:299]   --->   Operation 121 'readreq' 'aximm1_addr_4_rd_req' <Predicate = true> <Delay = 4.86> <CoreInst = "m_axi">   --->   Core 121 'm_axi' <Latency = 6> <II = 1> <Delay = 1.00> <Adapter> <Opcode : 'read' 'write' 'readreq' 'writereq' 'writeresp'>

State 42 <SV = 41> <Delay = 4.86>
ST_42 : Operation 122 [30/70] (4.86ns)   --->   "%aximm1_addr_4_rd_req = readreq i1 @_ssdm_op_ReadReq.m_axi.i16P1A, i16 %aximm1_addr, i32 4" [LZW_hybrid_hash_HW.cpp:319->LZW_hybrid_hash_HW.cpp:299]   --->   Operation 122 'readreq' 'aximm1_addr_4_rd_req' <Predicate = true> <Delay = 4.86> <CoreInst = "m_axi">   --->   Core 121 'm_axi' <Latency = 6> <II = 1> <Delay = 1.00> <Adapter> <Opcode : 'read' 'write' 'readreq' 'writereq' 'writeresp'>

State 43 <SV = 42> <Delay = 4.86>
ST_43 : Operation 123 [29/70] (4.86ns)   --->   "%aximm1_addr_4_rd_req = readreq i1 @_ssdm_op_ReadReq.m_axi.i16P1A, i16 %aximm1_addr, i32 4" [LZW_hybrid_hash_HW.cpp:319->LZW_hybrid_hash_HW.cpp:299]   --->   Operation 123 'readreq' 'aximm1_addr_4_rd_req' <Predicate = true> <Delay = 4.86> <CoreInst = "m_axi">   --->   Core 121 'm_axi' <Latency = 6> <II = 1> <Delay = 1.00> <Adapter> <Opcode : 'read' 'write' 'readreq' 'writereq' 'writeresp'>

State 44 <SV = 43> <Delay = 4.86>
ST_44 : Operation 124 [28/70] (4.86ns)   --->   "%aximm1_addr_4_rd_req = readreq i1 @_ssdm_op_ReadReq.m_axi.i16P1A, i16 %aximm1_addr, i32 4" [LZW_hybrid_hash_HW.cpp:319->LZW_hybrid_hash_HW.cpp:299]   --->   Operation 124 'readreq' 'aximm1_addr_4_rd_req' <Predicate = true> <Delay = 4.86> <CoreInst = "m_axi">   --->   Core 121 'm_axi' <Latency = 6> <II = 1> <Delay = 1.00> <Adapter> <Opcode : 'read' 'write' 'readreq' 'writereq' 'writeresp'>

State 45 <SV = 44> <Delay = 4.86>
ST_45 : Operation 125 [27/70] (4.86ns)   --->   "%aximm1_addr_4_rd_req = readreq i1 @_ssdm_op_ReadReq.m_axi.i16P1A, i16 %aximm1_addr, i32 4" [LZW_hybrid_hash_HW.cpp:319->LZW_hybrid_hash_HW.cpp:299]   --->   Operation 125 'readreq' 'aximm1_addr_4_rd_req' <Predicate = true> <Delay = 4.86> <CoreInst = "m_axi">   --->   Core 121 'm_axi' <Latency = 6> <II = 1> <Delay = 1.00> <Adapter> <Opcode : 'read' 'write' 'readreq' 'writereq' 'writeresp'>

State 46 <SV = 45> <Delay = 4.86>
ST_46 : Operation 126 [26/70] (4.86ns)   --->   "%aximm1_addr_4_rd_req = readreq i1 @_ssdm_op_ReadReq.m_axi.i16P1A, i16 %aximm1_addr, i32 4" [LZW_hybrid_hash_HW.cpp:319->LZW_hybrid_hash_HW.cpp:299]   --->   Operation 126 'readreq' 'aximm1_addr_4_rd_req' <Predicate = true> <Delay = 4.86> <CoreInst = "m_axi">   --->   Core 121 'm_axi' <Latency = 6> <II = 1> <Delay = 1.00> <Adapter> <Opcode : 'read' 'write' 'readreq' 'writereq' 'writeresp'>

State 47 <SV = 46> <Delay = 4.86>
ST_47 : Operation 127 [25/70] (4.86ns)   --->   "%aximm1_addr_4_rd_req = readreq i1 @_ssdm_op_ReadReq.m_axi.i16P1A, i16 %aximm1_addr, i32 4" [LZW_hybrid_hash_HW.cpp:319->LZW_hybrid_hash_HW.cpp:299]   --->   Operation 127 'readreq' 'aximm1_addr_4_rd_req' <Predicate = true> <Delay = 4.86> <CoreInst = "m_axi">   --->   Core 121 'm_axi' <Latency = 6> <II = 1> <Delay = 1.00> <Adapter> <Opcode : 'read' 'write' 'readreq' 'writereq' 'writeresp'>

State 48 <SV = 47> <Delay = 4.86>
ST_48 : Operation 128 [24/70] (4.86ns)   --->   "%aximm1_addr_4_rd_req = readreq i1 @_ssdm_op_ReadReq.m_axi.i16P1A, i16 %aximm1_addr, i32 4" [LZW_hybrid_hash_HW.cpp:319->LZW_hybrid_hash_HW.cpp:299]   --->   Operation 128 'readreq' 'aximm1_addr_4_rd_req' <Predicate = true> <Delay = 4.86> <CoreInst = "m_axi">   --->   Core 121 'm_axi' <Latency = 6> <II = 1> <Delay = 1.00> <Adapter> <Opcode : 'read' 'write' 'readreq' 'writereq' 'writeresp'>

State 49 <SV = 48> <Delay = 4.86>
ST_49 : Operation 129 [23/70] (4.86ns)   --->   "%aximm1_addr_4_rd_req = readreq i1 @_ssdm_op_ReadReq.m_axi.i16P1A, i16 %aximm1_addr, i32 4" [LZW_hybrid_hash_HW.cpp:319->LZW_hybrid_hash_HW.cpp:299]   --->   Operation 129 'readreq' 'aximm1_addr_4_rd_req' <Predicate = true> <Delay = 4.86> <CoreInst = "m_axi">   --->   Core 121 'm_axi' <Latency = 6> <II = 1> <Delay = 1.00> <Adapter> <Opcode : 'read' 'write' 'readreq' 'writereq' 'writeresp'>

State 50 <SV = 49> <Delay = 4.86>
ST_50 : Operation 130 [22/70] (4.86ns)   --->   "%aximm1_addr_4_rd_req = readreq i1 @_ssdm_op_ReadReq.m_axi.i16P1A, i16 %aximm1_addr, i32 4" [LZW_hybrid_hash_HW.cpp:319->LZW_hybrid_hash_HW.cpp:299]   --->   Operation 130 'readreq' 'aximm1_addr_4_rd_req' <Predicate = true> <Delay = 4.86> <CoreInst = "m_axi">   --->   Core 121 'm_axi' <Latency = 6> <II = 1> <Delay = 1.00> <Adapter> <Opcode : 'read' 'write' 'readreq' 'writereq' 'writeresp'>

State 51 <SV = 50> <Delay = 4.86>
ST_51 : Operation 131 [21/70] (4.86ns)   --->   "%aximm1_addr_4_rd_req = readreq i1 @_ssdm_op_ReadReq.m_axi.i16P1A, i16 %aximm1_addr, i32 4" [LZW_hybrid_hash_HW.cpp:319->LZW_hybrid_hash_HW.cpp:299]   --->   Operation 131 'readreq' 'aximm1_addr_4_rd_req' <Predicate = true> <Delay = 4.86> <CoreInst = "m_axi">   --->   Core 121 'm_axi' <Latency = 6> <II = 1> <Delay = 1.00> <Adapter> <Opcode : 'read' 'write' 'readreq' 'writereq' 'writeresp'>

State 52 <SV = 51> <Delay = 4.86>
ST_52 : Operation 132 [20/70] (4.86ns)   --->   "%aximm1_addr_4_rd_req = readreq i1 @_ssdm_op_ReadReq.m_axi.i16P1A, i16 %aximm1_addr, i32 4" [LZW_hybrid_hash_HW.cpp:319->LZW_hybrid_hash_HW.cpp:299]   --->   Operation 132 'readreq' 'aximm1_addr_4_rd_req' <Predicate = true> <Delay = 4.86> <CoreInst = "m_axi">   --->   Core 121 'm_axi' <Latency = 6> <II = 1> <Delay = 1.00> <Adapter> <Opcode : 'read' 'write' 'readreq' 'writereq' 'writeresp'>

State 53 <SV = 52> <Delay = 4.86>
ST_53 : Operation 133 [19/70] (4.86ns)   --->   "%aximm1_addr_4_rd_req = readreq i1 @_ssdm_op_ReadReq.m_axi.i16P1A, i16 %aximm1_addr, i32 4" [LZW_hybrid_hash_HW.cpp:319->LZW_hybrid_hash_HW.cpp:299]   --->   Operation 133 'readreq' 'aximm1_addr_4_rd_req' <Predicate = true> <Delay = 4.86> <CoreInst = "m_axi">   --->   Core 121 'm_axi' <Latency = 6> <II = 1> <Delay = 1.00> <Adapter> <Opcode : 'read' 'write' 'readreq' 'writereq' 'writeresp'>

State 54 <SV = 53> <Delay = 4.86>
ST_54 : Operation 134 [18/70] (4.86ns)   --->   "%aximm1_addr_4_rd_req = readreq i1 @_ssdm_op_ReadReq.m_axi.i16P1A, i16 %aximm1_addr, i32 4" [LZW_hybrid_hash_HW.cpp:319->LZW_hybrid_hash_HW.cpp:299]   --->   Operation 134 'readreq' 'aximm1_addr_4_rd_req' <Predicate = true> <Delay = 4.86> <CoreInst = "m_axi">   --->   Core 121 'm_axi' <Latency = 6> <II = 1> <Delay = 1.00> <Adapter> <Opcode : 'read' 'write' 'readreq' 'writereq' 'writeresp'>

State 55 <SV = 54> <Delay = 4.86>
ST_55 : Operation 135 [17/70] (4.86ns)   --->   "%aximm1_addr_4_rd_req = readreq i1 @_ssdm_op_ReadReq.m_axi.i16P1A, i16 %aximm1_addr, i32 4" [LZW_hybrid_hash_HW.cpp:319->LZW_hybrid_hash_HW.cpp:299]   --->   Operation 135 'readreq' 'aximm1_addr_4_rd_req' <Predicate = true> <Delay = 4.86> <CoreInst = "m_axi">   --->   Core 121 'm_axi' <Latency = 6> <II = 1> <Delay = 1.00> <Adapter> <Opcode : 'read' 'write' 'readreq' 'writereq' 'writeresp'>

State 56 <SV = 55> <Delay = 4.86>
ST_56 : Operation 136 [16/70] (4.86ns)   --->   "%aximm1_addr_4_rd_req = readreq i1 @_ssdm_op_ReadReq.m_axi.i16P1A, i16 %aximm1_addr, i32 4" [LZW_hybrid_hash_HW.cpp:319->LZW_hybrid_hash_HW.cpp:299]   --->   Operation 136 'readreq' 'aximm1_addr_4_rd_req' <Predicate = true> <Delay = 4.86> <CoreInst = "m_axi">   --->   Core 121 'm_axi' <Latency = 6> <II = 1> <Delay = 1.00> <Adapter> <Opcode : 'read' 'write' 'readreq' 'writereq' 'writeresp'>

State 57 <SV = 56> <Delay = 4.86>
ST_57 : Operation 137 [15/70] (4.86ns)   --->   "%aximm1_addr_4_rd_req = readreq i1 @_ssdm_op_ReadReq.m_axi.i16P1A, i16 %aximm1_addr, i32 4" [LZW_hybrid_hash_HW.cpp:319->LZW_hybrid_hash_HW.cpp:299]   --->   Operation 137 'readreq' 'aximm1_addr_4_rd_req' <Predicate = true> <Delay = 4.86> <CoreInst = "m_axi">   --->   Core 121 'm_axi' <Latency = 6> <II = 1> <Delay = 1.00> <Adapter> <Opcode : 'read' 'write' 'readreq' 'writereq' 'writeresp'>

State 58 <SV = 57> <Delay = 4.86>
ST_58 : Operation 138 [14/70] (4.86ns)   --->   "%aximm1_addr_4_rd_req = readreq i1 @_ssdm_op_ReadReq.m_axi.i16P1A, i16 %aximm1_addr, i32 4" [LZW_hybrid_hash_HW.cpp:319->LZW_hybrid_hash_HW.cpp:299]   --->   Operation 138 'readreq' 'aximm1_addr_4_rd_req' <Predicate = true> <Delay = 4.86> <CoreInst = "m_axi">   --->   Core 121 'm_axi' <Latency = 6> <II = 1> <Delay = 1.00> <Adapter> <Opcode : 'read' 'write' 'readreq' 'writereq' 'writeresp'>

State 59 <SV = 58> <Delay = 4.86>
ST_59 : Operation 139 [13/70] (4.86ns)   --->   "%aximm1_addr_4_rd_req = readreq i1 @_ssdm_op_ReadReq.m_axi.i16P1A, i16 %aximm1_addr, i32 4" [LZW_hybrid_hash_HW.cpp:319->LZW_hybrid_hash_HW.cpp:299]   --->   Operation 139 'readreq' 'aximm1_addr_4_rd_req' <Predicate = true> <Delay = 4.86> <CoreInst = "m_axi">   --->   Core 121 'm_axi' <Latency = 6> <II = 1> <Delay = 1.00> <Adapter> <Opcode : 'read' 'write' 'readreq' 'writereq' 'writeresp'>

State 60 <SV = 59> <Delay = 4.86>
ST_60 : Operation 140 [12/70] (4.86ns)   --->   "%aximm1_addr_4_rd_req = readreq i1 @_ssdm_op_ReadReq.m_axi.i16P1A, i16 %aximm1_addr, i32 4" [LZW_hybrid_hash_HW.cpp:319->LZW_hybrid_hash_HW.cpp:299]   --->   Operation 140 'readreq' 'aximm1_addr_4_rd_req' <Predicate = true> <Delay = 4.86> <CoreInst = "m_axi">   --->   Core 121 'm_axi' <Latency = 6> <II = 1> <Delay = 1.00> <Adapter> <Opcode : 'read' 'write' 'readreq' 'writereq' 'writeresp'>

State 61 <SV = 60> <Delay = 4.86>
ST_61 : Operation 141 [11/70] (4.86ns)   --->   "%aximm1_addr_4_rd_req = readreq i1 @_ssdm_op_ReadReq.m_axi.i16P1A, i16 %aximm1_addr, i32 4" [LZW_hybrid_hash_HW.cpp:319->LZW_hybrid_hash_HW.cpp:299]   --->   Operation 141 'readreq' 'aximm1_addr_4_rd_req' <Predicate = true> <Delay = 4.86> <CoreInst = "m_axi">   --->   Core 121 'm_axi' <Latency = 6> <II = 1> <Delay = 1.00> <Adapter> <Opcode : 'read' 'write' 'readreq' 'writereq' 'writeresp'>

State 62 <SV = 61> <Delay = 4.86>
ST_62 : Operation 142 [10/70] (4.86ns)   --->   "%aximm1_addr_4_rd_req = readreq i1 @_ssdm_op_ReadReq.m_axi.i16P1A, i16 %aximm1_addr, i32 4" [LZW_hybrid_hash_HW.cpp:319->LZW_hybrid_hash_HW.cpp:299]   --->   Operation 142 'readreq' 'aximm1_addr_4_rd_req' <Predicate = true> <Delay = 4.86> <CoreInst = "m_axi">   --->   Core 121 'm_axi' <Latency = 6> <II = 1> <Delay = 1.00> <Adapter> <Opcode : 'read' 'write' 'readreq' 'writereq' 'writeresp'>

State 63 <SV = 62> <Delay = 4.86>
ST_63 : Operation 143 [9/70] (4.86ns)   --->   "%aximm1_addr_4_rd_req = readreq i1 @_ssdm_op_ReadReq.m_axi.i16P1A, i16 %aximm1_addr, i32 4" [LZW_hybrid_hash_HW.cpp:319->LZW_hybrid_hash_HW.cpp:299]   --->   Operation 143 'readreq' 'aximm1_addr_4_rd_req' <Predicate = true> <Delay = 4.86> <CoreInst = "m_axi">   --->   Core 121 'm_axi' <Latency = 6> <II = 1> <Delay = 1.00> <Adapter> <Opcode : 'read' 'write' 'readreq' 'writereq' 'writeresp'>

State 64 <SV = 63> <Delay = 4.86>
ST_64 : Operation 144 [8/70] (4.86ns)   --->   "%aximm1_addr_4_rd_req = readreq i1 @_ssdm_op_ReadReq.m_axi.i16P1A, i16 %aximm1_addr, i32 4" [LZW_hybrid_hash_HW.cpp:319->LZW_hybrid_hash_HW.cpp:299]   --->   Operation 144 'readreq' 'aximm1_addr_4_rd_req' <Predicate = true> <Delay = 4.86> <CoreInst = "m_axi">   --->   Core 121 'm_axi' <Latency = 6> <II = 1> <Delay = 1.00> <Adapter> <Opcode : 'read' 'write' 'readreq' 'writereq' 'writeresp'>

State 65 <SV = 64> <Delay = 4.86>
ST_65 : Operation 145 [7/70] (4.86ns)   --->   "%aximm1_addr_4_rd_req = readreq i1 @_ssdm_op_ReadReq.m_axi.i16P1A, i16 %aximm1_addr, i32 4" [LZW_hybrid_hash_HW.cpp:319->LZW_hybrid_hash_HW.cpp:299]   --->   Operation 145 'readreq' 'aximm1_addr_4_rd_req' <Predicate = true> <Delay = 4.86> <CoreInst = "m_axi">   --->   Core 121 'm_axi' <Latency = 6> <II = 1> <Delay = 1.00> <Adapter> <Opcode : 'read' 'write' 'readreq' 'writereq' 'writeresp'>

State 66 <SV = 65> <Delay = 4.86>
ST_66 : Operation 146 [6/70] (4.86ns)   --->   "%aximm1_addr_4_rd_req = readreq i1 @_ssdm_op_ReadReq.m_axi.i16P1A, i16 %aximm1_addr, i32 4" [LZW_hybrid_hash_HW.cpp:319->LZW_hybrid_hash_HW.cpp:299]   --->   Operation 146 'readreq' 'aximm1_addr_4_rd_req' <Predicate = true> <Delay = 4.86> <CoreInst = "m_axi">   --->   Core 121 'm_axi' <Latency = 6> <II = 1> <Delay = 1.00> <Adapter> <Opcode : 'read' 'write' 'readreq' 'writereq' 'writeresp'>

State 67 <SV = 66> <Delay = 4.86>
ST_67 : Operation 147 [5/70] (4.86ns)   --->   "%aximm1_addr_4_rd_req = readreq i1 @_ssdm_op_ReadReq.m_axi.i16P1A, i16 %aximm1_addr, i32 4" [LZW_hybrid_hash_HW.cpp:319->LZW_hybrid_hash_HW.cpp:299]   --->   Operation 147 'readreq' 'aximm1_addr_4_rd_req' <Predicate = true> <Delay = 4.86> <CoreInst = "m_axi">   --->   Core 121 'm_axi' <Latency = 6> <II = 1> <Delay = 1.00> <Adapter> <Opcode : 'read' 'write' 'readreq' 'writereq' 'writeresp'>

State 68 <SV = 67> <Delay = 4.86>
ST_68 : Operation 148 [4/70] (4.86ns)   --->   "%aximm1_addr_4_rd_req = readreq i1 @_ssdm_op_ReadReq.m_axi.i16P1A, i16 %aximm1_addr, i32 4" [LZW_hybrid_hash_HW.cpp:319->LZW_hybrid_hash_HW.cpp:299]   --->   Operation 148 'readreq' 'aximm1_addr_4_rd_req' <Predicate = true> <Delay = 4.86> <CoreInst = "m_axi">   --->   Core 121 'm_axi' <Latency = 6> <II = 1> <Delay = 1.00> <Adapter> <Opcode : 'read' 'write' 'readreq' 'writereq' 'writeresp'>

State 69 <SV = 68> <Delay = 4.86>
ST_69 : Operation 149 [3/70] (4.86ns)   --->   "%aximm1_addr_4_rd_req = readreq i1 @_ssdm_op_ReadReq.m_axi.i16P1A, i16 %aximm1_addr, i32 4" [LZW_hybrid_hash_HW.cpp:319->LZW_hybrid_hash_HW.cpp:299]   --->   Operation 149 'readreq' 'aximm1_addr_4_rd_req' <Predicate = true> <Delay = 4.86> <CoreInst = "m_axi">   --->   Core 121 'm_axi' <Latency = 6> <II = 1> <Delay = 1.00> <Adapter> <Opcode : 'read' 'write' 'readreq' 'writereq' 'writeresp'>

State 70 <SV = 69> <Delay = 4.86>
ST_70 : Operation 150 [2/70] (4.86ns)   --->   "%aximm1_addr_4_rd_req = readreq i1 @_ssdm_op_ReadReq.m_axi.i16P1A, i16 %aximm1_addr, i32 4" [LZW_hybrid_hash_HW.cpp:319->LZW_hybrid_hash_HW.cpp:299]   --->   Operation 150 'readreq' 'aximm1_addr_4_rd_req' <Predicate = true> <Delay = 4.86> <CoreInst = "m_axi">   --->   Core 121 'm_axi' <Latency = 6> <II = 1> <Delay = 1.00> <Adapter> <Opcode : 'read' 'write' 'readreq' 'writereq' 'writeresp'>

State 71 <SV = 70> <Delay = 4.86>
ST_71 : Operation 151 [1/1] (0.00ns)   --->   "%specinterface_ln0 = specinterface void @_ssdm_op_SpecInterface, i16 %aximm1, void @empty_12, i32 0, i32 0, void @empty_3, i32 64, i32 0, void @empty_1, void @empty_0, void @empty_3, i32 16, i32 16, i32 16, i32 16, void @empty_3, void @empty_3"   --->   Operation 151 'specinterface' 'specinterface_ln0' <Predicate = true> <Delay = 0.00>
ST_71 : Operation 152 [1/1] (0.00ns)   --->   "%specinterface_ln0 = specinterface void @_ssdm_op_SpecInterface, i64 %input_length, void @ap_fifo_str, i32 0, i32 0, void @p_str, i32 0, i32 0, void @p_str, void @p_str, void @p_str, i32 2, i32 2, i32 16, i32 16, void @p_str, void @ScalarProp_str"   --->   Operation 152 'specinterface' 'specinterface_ln0' <Predicate = true> <Delay = 0.00>
ST_71 : Operation 153 [1/1] (0.00ns)   --->   "%specinterface_ln0 = specinterface void @_ssdm_op_SpecInterface, i16 %aximm1, void @empty_12, i32 0, i32 0, void @empty_3, i32 64, i32 0, void @empty_1, void @empty_0, void @empty_3, i32 16, i32 16, i32 16, i32 16, void @empty_3, void @empty_3"   --->   Operation 153 'specinterface' 'specinterface_ln0' <Predicate = true> <Delay = 0.00>
ST_71 : Operation 154 [1/70] (4.86ns)   --->   "%aximm1_addr_4_rd_req = readreq i1 @_ssdm_op_ReadReq.m_axi.i16P1A, i16 %aximm1_addr, i32 4" [LZW_hybrid_hash_HW.cpp:319->LZW_hybrid_hash_HW.cpp:299]   --->   Operation 154 'readreq' 'aximm1_addr_4_rd_req' <Predicate = true> <Delay = 4.86> <CoreInst = "m_axi">   --->   Core 121 'm_axi' <Latency = 6> <II = 1> <Delay = 1.00> <Adapter> <Opcode : 'read' 'write' 'readreq' 'writereq' 'writeresp'>
ST_71 : Operation 155 [1/1] (0.48ns)   --->   "%br_ln0 = br void"   --->   Operation 155 'br' 'br_ln0' <Predicate = true> <Delay = 0.48>

State 72 <SV = 71> <Delay = 0.74>
ST_72 : Operation 156 [1/1] (0.00ns)   --->   "%i = phi i3 %add_ln318, void %._crit_edge.i.i.i, i3 0, void %entry" [LZW_hybrid_hash_HW.cpp:318->LZW_hybrid_hash_HW.cpp:299]   --->   Operation 156 'phi' 'i' <Predicate = true> <Delay = 0.00>
ST_72 : Operation 157 [1/1] (0.74ns)   --->   "%add_ln318 = add i3 %i, i3 1" [LZW_hybrid_hash_HW.cpp:318->LZW_hybrid_hash_HW.cpp:299]   --->   Operation 157 'add' 'add_ln318' <Predicate = true> <Delay = 0.74> <CoreInst = "Adder">   --->   Core 1 'Adder' <Latency = 0> <II = 1> <Delay = 0.90> <FuncUnit> <Opcode : 'add' 'sub'> <InPorts = 2> <OutPorts = 1>
ST_72 : Operation 158 [1/1] (0.00ns)   --->   "%specpipeline_ln0 = specpipeline void @_ssdm_op_SpecPipeline, i32 4294967295, i32 0, i32 1, i32 0, void @p_str"   --->   Operation 158 'specpipeline' 'specpipeline_ln0' <Predicate = true> <Delay = 0.00>
ST_72 : Operation 159 [1/1] (0.69ns)   --->   "%icmp_ln318 = icmp_eq  i3 %i, i3 4" [LZW_hybrid_hash_HW.cpp:318->LZW_hybrid_hash_HW.cpp:299]   --->   Operation 159 'icmp' 'icmp_ln318' <Predicate = true> <Delay = 0.69> <CoreInst = "Cmp">   --->   Core 9 'Cmp' <Latency = 0> <II = 1> <Delay = 0.86> <FuncUnit> <Opcode : 'icmp'> <InPorts = 2> <OutPorts = 1>
ST_72 : Operation 160 [1/1] (0.00ns)   --->   "%empty = speclooptripcount i32 @_ssdm_op_SpecLoopTripCount, i64 4, i64 4, i64 4"   --->   Operation 160 'speclooptripcount' 'empty' <Predicate = true> <Delay = 0.00>
ST_72 : Operation 161 [1/1] (0.00ns)   --->   "%br_ln318 = br i1 %icmp_ln318, void, void %.exit" [LZW_hybrid_hash_HW.cpp:318->LZW_hybrid_hash_HW.cpp:299]   --->   Operation 161 'br' 'br_ln318' <Predicate = true> <Delay = 0.00>
ST_72 : Operation 162 [1/1] (0.00ns)   --->   "%br_ln318 = br void" [LZW_hybrid_hash_HW.cpp:318->LZW_hybrid_hash_HW.cpp:299]   --->   Operation 162 'br' 'br_ln318' <Predicate = (!icmp_ln318)> <Delay = 0.00>

State 73 <SV = 72> <Delay = 4.86>
ST_73 : Operation 163 [1/1] (4.86ns)   --->   "%aximm1_addr_read = read i16 @_ssdm_op_Read.m_axi.i16P1A, i16 %aximm1_addr" [LZW_hybrid_hash_HW.cpp:319->LZW_hybrid_hash_HW.cpp:299]   --->   Operation 163 'read' 'aximm1_addr_read' <Predicate = true> <Delay = 4.86> <CoreInst = "m_axi">   --->   Core 121 'm_axi' <Latency = 6> <II = 1> <Delay = 1.00> <Adapter> <Opcode : 'read' 'write' 'readreq' 'writereq' 'writeresp'>

State 74 <SV = 73> <Delay = 1.65>
ST_74 : Operation 164 [1/1] (0.00ns)   --->   "%i_cast_i = zext i3 %i" [LZW_hybrid_hash_HW.cpp:318->LZW_hybrid_hash_HW.cpp:299]   --->   Operation 164 'zext' 'i_cast_i' <Predicate = true> <Delay = 0.00>
ST_74 : Operation 165 [1/1] (0.00ns)   --->   "%specloopname_ln319 = specloopname void @_ssdm_op_SpecLoopName, void @empty_13" [LZW_hybrid_hash_HW.cpp:319->LZW_hybrid_hash_HW.cpp:299]   --->   Operation 165 'specloopname' 'specloopname_ln319' <Predicate = true> <Delay = 0.00>
ST_74 : Operation 166 [1/1] (0.86ns)   --->   "%icmp_ln319 = icmp_eq  i16 %aximm1_addr_read, i16 0" [LZW_hybrid_hash_HW.cpp:319->LZW_hybrid_hash_HW.cpp:299]   --->   Operation 166 'icmp' 'icmp_ln319' <Predicate = true> <Delay = 0.86> <CoreInst = "Cmp">   --->   Core 9 'Cmp' <Latency = 0> <II = 1> <Delay = 0.86> <FuncUnit> <Opcode : 'icmp'> <InPorts = 2> <OutPorts = 1>
ST_74 : Operation 167 [1/1] (0.00ns)   --->   "%br_ln319 = br i1 %icmp_ln319, void, void %._crit_edge.i.i.i" [LZW_hybrid_hash_HW.cpp:319->LZW_hybrid_hash_HW.cpp:299]   --->   Operation 167 'br' 'br_ln319' <Predicate = true> <Delay = 0.00>
ST_74 : Operation 168 [1/1] (0.00ns)   --->   "%num_chunks_load = load i8 %num_chunks" [LZW_hybrid_hash_HW.cpp:320->LZW_hybrid_hash_HW.cpp:299]   --->   Operation 168 'load' 'num_chunks_load' <Predicate = (!icmp_ln319)> <Delay = 0.00>
ST_74 : Operation 169 [1/1] (0.90ns)   --->   "%num_chunks_1 = add i8 %num_chunks_load, i8 1" [LZW_hybrid_hash_HW.cpp:320->LZW_hybrid_hash_HW.cpp:299]   --->   Operation 169 'add' 'num_chunks_1' <Predicate = (!icmp_ln319)> <Delay = 0.90> <CoreInst = "Adder">   --->   Core 1 'Adder' <Latency = 0> <II = 1> <Delay = 0.90> <FuncUnit> <Opcode : 'add' 'sub'> <InPorts = 2> <OutPorts = 1>
ST_74 : Operation 170 [1/1] (0.00ns)   --->   "%input_length_temp_addr = getelementptr i16 %input_length_temp, i64 0, i64 %i_cast_i" [LZW_hybrid_hash_HW.cpp:321->LZW_hybrid_hash_HW.cpp:299]   --->   Operation 170 'getelementptr' 'input_length_temp_addr' <Predicate = (!icmp_ln319)> <Delay = 0.00>
ST_74 : Operation 171 [1/1] (0.79ns)   --->   "%store_ln321 = store i16 %aximm1_addr_read, i2 %input_length_temp_addr" [LZW_hybrid_hash_HW.cpp:321->LZW_hybrid_hash_HW.cpp:299]   --->   Operation 171 'store' 'store_ln321' <Predicate = (!icmp_ln319)> <Delay = 0.79> <CoreInst = "RAM">   --->   Core 83 'RAM' <Latency = 1> <II = 1> <Delay = 0.79> <Storage> <Opcode : 'load' 'store'> <Ports = 2> <Width = 16> <Depth = 4> <RAM>
ST_74 : Operation 172 [1/1] (0.48ns)   --->   "%store_ln322 = store i8 %num_chunks_1, i8 %num_chunks" [LZW_hybrid_hash_HW.cpp:322->LZW_hybrid_hash_HW.cpp:299]   --->   Operation 172 'store' 'store_ln322' <Predicate = (!icmp_ln319)> <Delay = 0.48>
ST_74 : Operation 173 [1/1] (0.00ns)   --->   "%br_ln322 = br void %._crit_edge.i.i.i" [LZW_hybrid_hash_HW.cpp:322->LZW_hybrid_hash_HW.cpp:299]   --->   Operation 173 'br' 'br_ln322' <Predicate = (!icmp_ln319)> <Delay = 0.00>

State 75 <SV = 72> <Delay = 0.00>
ST_75 : Operation 174 [1/1] (0.00ns)   --->   "%num_chunks_load_1 = load i8 %num_chunks" [LZW_hybrid_hash_HW.cpp:299]   --->   Operation 174 'load' 'num_chunks_load_1' <Predicate = true> <Delay = 0.00>
ST_75 : Operation 175 [1/1] (0.00ns)   --->   "%ret_ln299 = ret i8 %num_chunks_load_1" [LZW_hybrid_hash_HW.cpp:299]   --->   Operation 175 'ret' 'ret_ln299' <Predicate = true> <Delay = 0.00>


============================================================
+ Verbose Summary: Timing violations
============================================================
Target clock period: 6.67ns, clock uncertainty: 1.8ns.

 <State 1>: 2.17ns
The critical path consists of the following:
	fifo read on port 'input_length' (LZW_hybrid_hash_HW.cpp:319) [7]  (2.17 ns)

 <State 2>: 4.87ns
The critical path consists of the following:
	bus request on port 'aximm1' (LZW_hybrid_hash_HW.cpp:319->LZW_hybrid_hash_HW.cpp:299) [12]  (4.87 ns)

 <State 3>: 4.87ns
The critical path consists of the following:
	bus request on port 'aximm1' (LZW_hybrid_hash_HW.cpp:319->LZW_hybrid_hash_HW.cpp:299) [12]  (4.87 ns)

 <State 4>: 4.87ns
The critical path consists of the following:
	bus request on port 'aximm1' (LZW_hybrid_hash_HW.cpp:319->LZW_hybrid_hash_HW.cpp:299) [12]  (4.87 ns)

 <State 5>: 4.87ns
The critical path consists of the following:
	bus request on port 'aximm1' (LZW_hybrid_hash_HW.cpp:319->LZW_hybrid_hash_HW.cpp:299) [12]  (4.87 ns)

 <State 6>: 4.87ns
The critical path consists of the following:
	bus request on port 'aximm1' (LZW_hybrid_hash_HW.cpp:319->LZW_hybrid_hash_HW.cpp:299) [12]  (4.87 ns)

 <State 7>: 4.87ns
The critical path consists of the following:
	bus request on port 'aximm1' (LZW_hybrid_hash_HW.cpp:319->LZW_hybrid_hash_HW.cpp:299) [12]  (4.87 ns)

 <State 8>: 4.87ns
The critical path consists of the following:
	bus request on port 'aximm1' (LZW_hybrid_hash_HW.cpp:319->LZW_hybrid_hash_HW.cpp:299) [12]  (4.87 ns)

 <State 9>: 4.87ns
The critical path consists of the following:
	bus request on port 'aximm1' (LZW_hybrid_hash_HW.cpp:319->LZW_hybrid_hash_HW.cpp:299) [12]  (4.87 ns)

 <State 10>: 4.87ns
The critical path consists of the following:
	bus request on port 'aximm1' (LZW_hybrid_hash_HW.cpp:319->LZW_hybrid_hash_HW.cpp:299) [12]  (4.87 ns)

 <State 11>: 4.87ns
The critical path consists of the following:
	bus request on port 'aximm1' (LZW_hybrid_hash_HW.cpp:319->LZW_hybrid_hash_HW.cpp:299) [12]  (4.87 ns)

 <State 12>: 4.87ns
The critical path consists of the following:
	bus request on port 'aximm1' (LZW_hybrid_hash_HW.cpp:319->LZW_hybrid_hash_HW.cpp:299) [12]  (4.87 ns)

 <State 13>: 4.87ns
The critical path consists of the following:
	bus request on port 'aximm1' (LZW_hybrid_hash_HW.cpp:319->LZW_hybrid_hash_HW.cpp:299) [12]  (4.87 ns)

 <State 14>: 4.87ns
The critical path consists of the following:
	bus request on port 'aximm1' (LZW_hybrid_hash_HW.cpp:319->LZW_hybrid_hash_HW.cpp:299) [12]  (4.87 ns)

 <State 15>: 4.87ns
The critical path consists of the following:
	bus request on port 'aximm1' (LZW_hybrid_hash_HW.cpp:319->LZW_hybrid_hash_HW.cpp:299) [12]  (4.87 ns)

 <State 16>: 4.87ns
The critical path consists of the following:
	bus request on port 'aximm1' (LZW_hybrid_hash_HW.cpp:319->LZW_hybrid_hash_HW.cpp:299) [12]  (4.87 ns)

 <State 17>: 4.87ns
The critical path consists of the following:
	bus request on port 'aximm1' (LZW_hybrid_hash_HW.cpp:319->LZW_hybrid_hash_HW.cpp:299) [12]  (4.87 ns)

 <State 18>: 4.87ns
The critical path consists of the following:
	bus request on port 'aximm1' (LZW_hybrid_hash_HW.cpp:319->LZW_hybrid_hash_HW.cpp:299) [12]  (4.87 ns)

 <State 19>: 4.87ns
The critical path consists of the following:
	bus request on port 'aximm1' (LZW_hybrid_hash_HW.cpp:319->LZW_hybrid_hash_HW.cpp:299) [12]  (4.87 ns)

 <State 20>: 4.87ns
The critical path consists of the following:
	bus request on port 'aximm1' (LZW_hybrid_hash_HW.cpp:319->LZW_hybrid_hash_HW.cpp:299) [12]  (4.87 ns)

 <State 21>: 4.87ns
The critical path consists of the following:
	bus request on port 'aximm1' (LZW_hybrid_hash_HW.cpp:319->LZW_hybrid_hash_HW.cpp:299) [12]  (4.87 ns)

 <State 22>: 4.87ns
The critical path consists of the following:
	bus request on port 'aximm1' (LZW_hybrid_hash_HW.cpp:319->LZW_hybrid_hash_HW.cpp:299) [12]  (4.87 ns)

 <State 23>: 4.87ns
The critical path consists of the following:
	bus request on port 'aximm1' (LZW_hybrid_hash_HW.cpp:319->LZW_hybrid_hash_HW.cpp:299) [12]  (4.87 ns)

 <State 24>: 4.87ns
The critical path consists of the following:
	bus request on port 'aximm1' (LZW_hybrid_hash_HW.cpp:319->LZW_hybrid_hash_HW.cpp:299) [12]  (4.87 ns)

 <State 25>: 4.87ns
The critical path consists of the following:
	bus request on port 'aximm1' (LZW_hybrid_hash_HW.cpp:319->LZW_hybrid_hash_HW.cpp:299) [12]  (4.87 ns)

 <State 26>: 4.87ns
The critical path consists of the following:
	bus request on port 'aximm1' (LZW_hybrid_hash_HW.cpp:319->LZW_hybrid_hash_HW.cpp:299) [12]  (4.87 ns)

 <State 27>: 4.87ns
The critical path consists of the following:
	bus request on port 'aximm1' (LZW_hybrid_hash_HW.cpp:319->LZW_hybrid_hash_HW.cpp:299) [12]  (4.87 ns)

 <State 28>: 4.87ns
The critical path consists of the following:
	bus request on port 'aximm1' (LZW_hybrid_hash_HW.cpp:319->LZW_hybrid_hash_HW.cpp:299) [12]  (4.87 ns)

 <State 29>: 4.87ns
The critical path consists of the following:
	bus request on port 'aximm1' (LZW_hybrid_hash_HW.cpp:319->LZW_hybrid_hash_HW.cpp:299) [12]  (4.87 ns)

 <State 30>: 4.87ns
The critical path consists of the following:
	bus request on port 'aximm1' (LZW_hybrid_hash_HW.cpp:319->LZW_hybrid_hash_HW.cpp:299) [12]  (4.87 ns)

 <State 31>: 4.87ns
The critical path consists of the following:
	bus request on port 'aximm1' (LZW_hybrid_hash_HW.cpp:319->LZW_hybrid_hash_HW.cpp:299) [12]  (4.87 ns)

 <State 32>: 4.87ns
The critical path consists of the following:
	bus request on port 'aximm1' (LZW_hybrid_hash_HW.cpp:319->LZW_hybrid_hash_HW.cpp:299) [12]  (4.87 ns)

 <State 33>: 4.87ns
The critical path consists of the following:
	bus request on port 'aximm1' (LZW_hybrid_hash_HW.cpp:319->LZW_hybrid_hash_HW.cpp:299) [12]  (4.87 ns)

 <State 34>: 4.87ns
The critical path consists of the following:
	bus request on port 'aximm1' (LZW_hybrid_hash_HW.cpp:319->LZW_hybrid_hash_HW.cpp:299) [12]  (4.87 ns)

 <State 35>: 4.87ns
The critical path consists of the following:
	bus request on port 'aximm1' (LZW_hybrid_hash_HW.cpp:319->LZW_hybrid_hash_HW.cpp:299) [12]  (4.87 ns)

 <State 36>: 4.87ns
The critical path consists of the following:
	bus request on port 'aximm1' (LZW_hybrid_hash_HW.cpp:319->LZW_hybrid_hash_HW.cpp:299) [12]  (4.87 ns)

 <State 37>: 4.87ns
The critical path consists of the following:
	bus request on port 'aximm1' (LZW_hybrid_hash_HW.cpp:319->LZW_hybrid_hash_HW.cpp:299) [12]  (4.87 ns)

 <State 38>: 4.87ns
The critical path consists of the following:
	bus request on port 'aximm1' (LZW_hybrid_hash_HW.cpp:319->LZW_hybrid_hash_HW.cpp:299) [12]  (4.87 ns)

 <State 39>: 4.87ns
The critical path consists of the following:
	bus request on port 'aximm1' (LZW_hybrid_hash_HW.cpp:319->LZW_hybrid_hash_HW.cpp:299) [12]  (4.87 ns)

 <State 40>: 4.87ns
The critical path consists of the following:
	bus request on port 'aximm1' (LZW_hybrid_hash_HW.cpp:319->LZW_hybrid_hash_HW.cpp:299) [12]  (4.87 ns)

 <State 41>: 4.87ns
The critical path consists of the following:
	bus request on port 'aximm1' (LZW_hybrid_hash_HW.cpp:319->LZW_hybrid_hash_HW.cpp:299) [12]  (4.87 ns)

 <State 42>: 4.87ns
The critical path consists of the following:
	bus request on port 'aximm1' (LZW_hybrid_hash_HW.cpp:319->LZW_hybrid_hash_HW.cpp:299) [12]  (4.87 ns)

 <State 43>: 4.87ns
The critical path consists of the following:
	bus request on port 'aximm1' (LZW_hybrid_hash_HW.cpp:319->LZW_hybrid_hash_HW.cpp:299) [12]  (4.87 ns)

 <State 44>: 4.87ns
The critical path consists of the following:
	bus request on port 'aximm1' (LZW_hybrid_hash_HW.cpp:319->LZW_hybrid_hash_HW.cpp:299) [12]  (4.87 ns)

 <State 45>: 4.87ns
The critical path consists of the following:
	bus request on port 'aximm1' (LZW_hybrid_hash_HW.cpp:319->LZW_hybrid_hash_HW.cpp:299) [12]  (4.87 ns)

 <State 46>: 4.87ns
The critical path consists of the following:
	bus request on port 'aximm1' (LZW_hybrid_hash_HW.cpp:319->LZW_hybrid_hash_HW.cpp:299) [12]  (4.87 ns)

 <State 47>: 4.87ns
The critical path consists of the following:
	bus request on port 'aximm1' (LZW_hybrid_hash_HW.cpp:319->LZW_hybrid_hash_HW.cpp:299) [12]  (4.87 ns)

 <State 48>: 4.87ns
The critical path consists of the following:
	bus request on port 'aximm1' (LZW_hybrid_hash_HW.cpp:319->LZW_hybrid_hash_HW.cpp:299) [12]  (4.87 ns)

 <State 49>: 4.87ns
The critical path consists of the following:
	bus request on port 'aximm1' (LZW_hybrid_hash_HW.cpp:319->LZW_hybrid_hash_HW.cpp:299) [12]  (4.87 ns)

 <State 50>: 4.87ns
The critical path consists of the following:
	bus request on port 'aximm1' (LZW_hybrid_hash_HW.cpp:319->LZW_hybrid_hash_HW.cpp:299) [12]  (4.87 ns)

 <State 51>: 4.87ns
The critical path consists of the following:
	bus request on port 'aximm1' (LZW_hybrid_hash_HW.cpp:319->LZW_hybrid_hash_HW.cpp:299) [12]  (4.87 ns)

 <State 52>: 4.87ns
The critical path consists of the following:
	bus request on port 'aximm1' (LZW_hybrid_hash_HW.cpp:319->LZW_hybrid_hash_HW.cpp:299) [12]  (4.87 ns)

 <State 53>: 4.87ns
The critical path consists of the following:
	bus request on port 'aximm1' (LZW_hybrid_hash_HW.cpp:319->LZW_hybrid_hash_HW.cpp:299) [12]  (4.87 ns)

 <State 54>: 4.87ns
The critical path consists of the following:
	bus request on port 'aximm1' (LZW_hybrid_hash_HW.cpp:319->LZW_hybrid_hash_HW.cpp:299) [12]  (4.87 ns)

 <State 55>: 4.87ns
The critical path consists of the following:
	bus request on port 'aximm1' (LZW_hybrid_hash_HW.cpp:319->LZW_hybrid_hash_HW.cpp:299) [12]  (4.87 ns)

 <State 56>: 4.87ns
The critical path consists of the following:
	bus request on port 'aximm1' (LZW_hybrid_hash_HW.cpp:319->LZW_hybrid_hash_HW.cpp:299) [12]  (4.87 ns)

 <State 57>: 4.87ns
The critical path consists of the following:
	bus request on port 'aximm1' (LZW_hybrid_hash_HW.cpp:319->LZW_hybrid_hash_HW.cpp:299) [12]  (4.87 ns)

 <State 58>: 4.87ns
The critical path consists of the following:
	bus request on port 'aximm1' (LZW_hybrid_hash_HW.cpp:319->LZW_hybrid_hash_HW.cpp:299) [12]  (4.87 ns)

 <State 59>: 4.87ns
The critical path consists of the following:
	bus request on port 'aximm1' (LZW_hybrid_hash_HW.cpp:319->LZW_hybrid_hash_HW.cpp:299) [12]  (4.87 ns)

 <State 60>: 4.87ns
The critical path consists of the following:
	bus request on port 'aximm1' (LZW_hybrid_hash_HW.cpp:319->LZW_hybrid_hash_HW.cpp:299) [12]  (4.87 ns)

 <State 61>: 4.87ns
The critical path consists of the following:
	bus request on port 'aximm1' (LZW_hybrid_hash_HW.cpp:319->LZW_hybrid_hash_HW.cpp:299) [12]  (4.87 ns)

 <State 62>: 4.87ns
The critical path consists of the following:
	bus request on port 'aximm1' (LZW_hybrid_hash_HW.cpp:319->LZW_hybrid_hash_HW.cpp:299) [12]  (4.87 ns)

 <State 63>: 4.87ns
The critical path consists of the following:
	bus request on port 'aximm1' (LZW_hybrid_hash_HW.cpp:319->LZW_hybrid_hash_HW.cpp:299) [12]  (4.87 ns)

 <State 64>: 4.87ns
The critical path consists of the following:
	bus request on port 'aximm1' (LZW_hybrid_hash_HW.cpp:319->LZW_hybrid_hash_HW.cpp:299) [12]  (4.87 ns)

 <State 65>: 4.87ns
The critical path consists of the following:
	bus request on port 'aximm1' (LZW_hybrid_hash_HW.cpp:319->LZW_hybrid_hash_HW.cpp:299) [12]  (4.87 ns)

 <State 66>: 4.87ns
The critical path consists of the following:
	bus request on port 'aximm1' (LZW_hybrid_hash_HW.cpp:319->LZW_hybrid_hash_HW.cpp:299) [12]  (4.87 ns)

 <State 67>: 4.87ns
The critical path consists of the following:
	bus request on port 'aximm1' (LZW_hybrid_hash_HW.cpp:319->LZW_hybrid_hash_HW.cpp:299) [12]  (4.87 ns)

 <State 68>: 4.87ns
The critical path consists of the following:
	bus request on port 'aximm1' (LZW_hybrid_hash_HW.cpp:319->LZW_hybrid_hash_HW.cpp:299) [12]  (4.87 ns)

 <State 69>: 4.87ns
The critical path consists of the following:
	bus request on port 'aximm1' (LZW_hybrid_hash_HW.cpp:319->LZW_hybrid_hash_HW.cpp:299) [12]  (4.87 ns)

 <State 70>: 4.87ns
The critical path consists of the following:
	bus request on port 'aximm1' (LZW_hybrid_hash_HW.cpp:319->LZW_hybrid_hash_HW.cpp:299) [12]  (4.87 ns)

 <State 71>: 4.87ns
The critical path consists of the following:
	bus request on port 'aximm1' (LZW_hybrid_hash_HW.cpp:319->LZW_hybrid_hash_HW.cpp:299) [12]  (4.87 ns)

 <State 72>: 0.746ns
The critical path consists of the following:
	'phi' operation ('i', LZW_hybrid_hash_HW.cpp:318->LZW_hybrid_hash_HW.cpp:299) with incoming values : ('add_ln318', LZW_hybrid_hash_HW.cpp:318->LZW_hybrid_hash_HW.cpp:299) [16]  (0 ns)
	'add' operation ('add_ln318', LZW_hybrid_hash_HW.cpp:318->LZW_hybrid_hash_HW.cpp:299) [17]  (0.746 ns)

 <State 73>: 4.87ns
The critical path consists of the following:
	bus read on port 'aximm1' (LZW_hybrid_hash_HW.cpp:319->LZW_hybrid_hash_HW.cpp:299) [25]  (4.87 ns)

 <State 74>: 1.66ns
The critical path consists of the following:
	'load' operation ('num_chunks_load', LZW_hybrid_hash_HW.cpp:320->LZW_hybrid_hash_HW.cpp:299) on local variable 'num_chunks' [29]  (0 ns)
	'add' operation ('num_chunks', LZW_hybrid_hash_HW.cpp:320->LZW_hybrid_hash_HW.cpp:299) [30]  (0.907 ns)
	'store' operation ('store_ln322', LZW_hybrid_hash_HW.cpp:322->LZW_hybrid_hash_HW.cpp:299) of variable 'num_chunks', LZW_hybrid_hash_HW.cpp:320->LZW_hybrid_hash_HW.cpp:299 on local variable 'num_chunks' [33]  (0.489 ns)
	blocking operation 0.26 ns on control path)

 <State 75>: 0ns
The critical path consists of the following:


============================================================
+ Verbose Summary: Binding
============================================================
N/A
* FSMD analyzer results:
  - Output states:
 - Input state : 
  - Chain level:
	State 1
	State 2
	State 3
	State 4
	State 5
	State 6
	State 7
	State 8
	State 9
	State 10
	State 11
	State 12
	State 13
	State 14
	State 15
	State 16
	State 17
	State 18
	State 19
	State 20
	State 21
	State 22
	State 23
	State 24
	State 25
	State 26
	State 27
	State 28
	State 29
	State 30
	State 31
	State 32
	State 33
	State 34
	State 35
	State 36
	State 37
	State 38
	State 39
	State 40
	State 41
	State 42
	State 43
	State 44
	State 45
	State 46
	State 47
	State 48
	State 49
	State 50
	State 51
	State 52
	State 53
	State 54
	State 55
	State 56
	State 57
	State 58
	State 59
	State 60
	State 61
	State 62
	State 63
	State 64
	State 65
	State 66
	State 67
	State 68
	State 69
	State 70
	State 71
	State 72
	State 73
	State 74
	State 75


============================================================
+ Verbose Summary: Datapath Resource usage 
============================================================
N/A
