

================================================================
== Synthesis Summary Report of 'krnl_LZW'
================================================================
+ General Information: 
    * Date:           Mon Dec  4 22:36:05 2023
    * Version:        2020.2 (Build 3064766 on Wed Nov 18 09:12:47 MST 2020)
    * Project:        LZW_Stream_multiChunks
    * Solution:       solution1 (Vitis Kernel Flow Target)
    * Product family: zynquplus
    * Target device:  xczu3eg-sbva484-1-i
    

+ Performance & Resource Estimates: 
    
    PS: '+' for module; 'o' for loop; '*' for dataflow
    +-----------------------+--------+-------+---------+-----------+----------+---------+-------+----------+----------+----+-----------+-------------+-----+
    |        Modules        |  Issue |       | Latency |  Latency  | Iteration|         |  Trip |          |          |    |           |             |     |
    |        & Loops        |  Type  | Slack | (cycles)|    (ns)   |  Latency | Interval| Count | Pipelined|   BRAM   | DSP|     FF    |     LUT     | URAM|
    +-----------------------+--------+-------+---------+-----------+----------+---------+-------+----------+----------+----+-----------+-------------+-----+
    |+ krnl_LZW             |  Timing|   0.00|        -|          -|         -|        -|      -|        no|  84 (19%)|   -|  4674 (3%)|  18410 (26%)|    -|
    | o VITIS_LOOP_52_1     |       -|  -4.87|        4|     26.668|         1|        1|      4|       yes|         -|   -|          -|            -|    -|
    | o VITIS_LOOP_58_2     |       -|  -4.87|        -|          -|         -|        -|      -|        no|         -|   -|          -|            -|    -|
    |  o VITIS_LOOP_71_3    |       -|  -4.87|    32768|  2.185e+05|         1|        1|  32768|       yes|         -|   -|          -|            -|    -|
    |  o VITIS_LOOP_97_6    |       -|  -4.87|        -|          -|       220|        -|      -|        no|         -|   -|          -|            -|    -|
    |   o VITIS_LOOP_7_1    |       -|  -4.87|       21|    140.007|         1|        1|     21|       yes|         -|   -|          -|            -|    -|
    |   o VITIS_LOOP_132_8  |       -|  -4.87|       72|    480.024|         1|        1|     72|       yes|         -|   -|          -|            -|    -|
    |   o VITIS_LOOP_7_1    |       -|  -4.87|       21|    140.007|         1|        1|     21|       yes|         -|   -|          -|            -|    -|
    |   o VITIS_LOOP_7_1    |       -|  -4.87|       21|    140.007|         1|        1|     21|       yes|         -|   -|          -|            -|    -|
    |  o VITIS_LOOP_58_2.3  |       -|  -4.87|       71|    473.357|        71|        1|      2|       yes|         -|   -|          -|            -|    -|
    |  o VITIS_LOOP_58_2.4  |       -|  -4.87|    32836|  2.189e+05|        71|        1|  32767|       yes|         -|   -|          -|            -|    -|
    |  o VITIS_LOOP_58_2.5  |       -|  -4.87|       70|    466.690|        71|        1|      1|       yes|         -|   -|          -|            -|    -|
    +-----------------------+--------+-------+---------+-----------+----------+---------+-------+----------+----------+----+-----------+-------------+-----+

