

================================================================
== Synthesis Summary Report of 'LZW_hybrid_hash_HW'
================================================================
+ General Information: 
    * Date:           Sun Nov 26 15:57:26 2023
    * Version:        2020.2 (Build 3064766 on Wed Nov 18 09:12:47 MST 2020)
    * Project:        Optimized_Project
    * Solution:       solution1 (Vitis Kernel Flow Target)
    * Product family: zynquplus
    * Target device:  xczu3eg-sbva484-1-i
    

+ Performance & Resource Estimates: 
    
    PS: '+' for module; 'o' for loop; '*' for dataflow
    +-------------------------+--------+-------+---------+-----------+----------+---------+-------+----------+----------+----+-----------+-------------+-----+
    |         Modules         |  Issue |       | Latency |  Latency  | Iteration|         |  Trip |          |          |    |           |             |     |
    |         & Loops         |  Type  | Slack | (cycles)|    (ns)   |  Latency | Interval| Count | Pipelined|   BRAM   | DSP|     FF    |     LUT     | URAM|
    +-------------------------+--------+-------+---------+-----------+----------+---------+-------+----------+----------+----+-----------+-------------+-----+
    |+ LZW_hybrid_hash_HW     |  Timing|   0.00|        -|          -|         -|        -|      -|        no|  84 (19%)|   -|  4723 (3%)|  20328 (28%)|    -|
    | + grp_my_hash_fu_13972  |       -|  -0.05|       10|     66.670|         -|       10|      -|        no|         -|   -|  948 (~0%)|    4412 (6%)|    -|
    | o VITIS_LOOP_52_1       |       -|  -4.87|    32768|  2.185e+05|         1|        1|  32768|       yes|         -|   -|          -|            -|    -|
    | o VITIS_LOOP_78_4       |       -|  -4.87|        -|          -|       162|        -|      -|        no|         -|   -|          -|            -|    -|
    |  o VITIS_LOOP_113_6     |       -|  -4.87|       72|    480.024|         1|        1|     72|       yes|         -|   -|          -|            -|    -|
    | o Loop 3                |       -|  -4.87|    32836|  2.189e+05|        71|        1|  32767|       yes|         -|   -|          -|            -|    -|
    | o Loop 4                |       -|  -4.87|       70|    466.690|        71|        1|      1|       yes|         -|   -|          -|            -|    -|
    +-------------------------+--------+-------+---------+-----------+----------+---------+-------+----------+----------+----+-----------+-------------+-----+

