

================================================================
== Vitis HLS Report for 'krnl_LZW'
================================================================
* Date:           Thu Dec  7 10:55:52 2023

* Version:        2020.2 (Build 3064766 on Wed Nov 18 09:12:47 MST 2020)
* Project:        LZW_Stream_multiChunks
* Solution:       solution1 (Vitis Kernel Flow Target)
* Product family: zynquplus
* Target device:  xczu3eg-sbva484-1-i


================================================================
== Performance Estimates
================================================================
+ Timing: 
    * Summary: 
    +--------+---------+----------+------------+
    |  Clock |  Target | Estimated| Uncertainty|
    +--------+---------+----------+------------+
    |ap_clk  |  6.67 ns|  4.867 ns|     1.80 ns|
    +--------+---------+----------+------------+

+ Latency: 
    * Summary: 
    +---------+---------+----------+----------+-----+-----+---------+
    |  Latency (cycles) |  Latency (absolute) |  Interval | Pipeline|
    |   min   |   max   |    min   |    max   | min | max |   Type  |
    +---------+---------+----------+----------+-----+-----+---------+
    |        ?|        ?|         ?|         ?|    ?|    ?|     none|
    +---------+---------+----------+----------+-----+-----+---------+

    + Detail: 
        * Instance: 
        N/A

        * Loop: 
        +-----------------------+---------+---------+----------+-----------+-----------+-----------+----------+
        |                       |  Latency (cycles) | Iteration|  Initiation Interval  |    Trip   |          |
        |       Loop Name       |   min   |   max   |  Latency |  achieved |   target  |   Count   | Pipelined|
        +-----------------------+---------+---------+----------+-----------+-----------+-----------+----------+
        |- VITIS_LOOP_65_1      |        4|        4|         1|          1|          1|          4|       yes|
        |- VITIS_LOOP_71_2      |        ?|        ?|         ?|          -|          -|          ?|        no|
        | + VITIS_LOOP_84_3     |    32768|    32768|         1|          1|          1|      32768|       yes|
        | + VITIS_LOOP_124_7    |        ?|        ?|  98 ~ 220|          -|          -|          ?|        no|
        |  ++ VITIS_LOOP_7_1    |       21|       21|         1|          1|          1|         21|       yes|
        |  ++ VITIS_LOOP_159_9  |        1|       72|         1|          1|          1|     1 ~ 72|       yes|
        |  ++ VITIS_LOOP_7_1    |       21|       21|         1|          1|          1|         21|       yes|
        |  ++ VITIS_LOOP_7_1    |       21|       21|         1|          1|          1|         21|       yes|
        | + VITIS_LOOP_71_2.3   |       71|       71|        71|          1|          1|          2|       yes|
        | + VITIS_LOOP_71_2.4   |        0|    32836|        71|          1|          1|  0 ~ 32767|       yes|
        | + VITIS_LOOP_71_2.5   |        0|       70|        71|          1|          1|      0 ~ 1|       yes|
        +-----------------------+---------+---------+----------+-----------+-----------+-----------+----------+



================================================================
== Utilization Estimates
================================================================
* Summary: 
+-----------------+---------+-----+--------+-------+-----+
|       Name      | BRAM_18K| DSP |   FF   |  LUT  | URAM|
+-----------------+---------+-----+--------+-------+-----+
|DSP              |        -|    -|       -|      -|    -|
|Expression       |        -|    -|       0|   5175|    -|
|FIFO             |        -|    -|       -|      -|    -|
|Instance         |        4|    -|     882|   1318|    -|
|Memory           |       80|    -|      26|     15|    -|
|Multiplexer      |        -|    -|       -|  12168|    -|
|Register         |        -|    -|    3766|     96|    -|
+-----------------+---------+-----+--------+-------+-----+
|Total            |       84|    0|    4674|  18772|    0|
+-----------------+---------+-----+--------+-------+-----+
|Available        |      432|  360|  141120|  70560|    0|
+-----------------+---------+-----+--------+-------+-----+
|Utilization (%)  |       19|    0|       3|     26|    0|
+-----------------+---------+-----+--------+-------+-----+

+ Detail: 
    * Instance: 
    +-----------------+---------------+---------+----+-----+-----+-----+
    |     Instance    |     Module    | BRAM_18K| DSP|  FF | LUT | URAM|
    +-----------------+---------------+---------+----+-----+-----+-----+
    |control_s_axi_U  |control_s_axi  |        0|   0|  316|  552|    0|
    |gmem_m_axi_U     |gmem_m_axi     |        4|   0|  566|  766|    0|
    +-----------------+---------------+---------+----+-----+-----+-----+
    |Total            |               |        4|   0|  882| 1318|    0|
    +-----------------+---------------+---------+----+-----+-----+-----+

    * DSP: 
    N/A

    * Memory: 
    +---------------------------------+------------------------------+---------+----+----+-----+-------+-----+------+-------------+
    |              Memory             |            Module            | BRAM_18K| FF | LUT| URAM| Words | Bits| Banks| W*Bits*Banks|
    +---------------------------------+------------------------------+---------+----+----+-----+-------+-----+------+-------------+
    |hash_table_V_0_U                 |hash_table_V_0                |       64|   0|   0|    0|  32768|   35|     1|      1146880|
    |my_assoc_mem_upper_key_mem_V_U   |my_assoc_mem_upper_key_mem_V  |        4|   0|   0|    0|    512|   72|     1|        36864|
    |my_assoc_mem_middle_key_mem_V_U  |my_assoc_mem_upper_key_mem_V  |        4|   0|   0|    0|    512|   72|     1|        36864|
    |my_assoc_mem_lower_key_mem_V_U   |my_assoc_mem_upper_key_mem_V  |        4|   0|   0|    0|    512|   72|     1|        36864|
    |my_assoc_mem_value_V_U           |my_assoc_mem_value_V          |        0|  26|  15|    0|     72|   13|     1|          936|
    |store_array_U                    |store_array                   |        4|   0|   0|    0|   4096|   16|     1|        65536|
    +---------------------------------+------------------------------+---------+----+----+-----+-------+-----+------+-------------+
    |Total                            |                              |       80|  26|  15|    0|  38472|  280|     6|      1323944|
    +---------------------------------+------------------------------+---------+----+----+-----+-------+-----+------+-------------+

    * FIFO: 
    N/A

    * Expression: 
    +-------------------------------------+----------+----+---+-----+------------+------------+
    |            Variable Name            | Operation| DSP| FF| LUT | Bitwidth P0| Bitwidth P1|
    +-------------------------------------+----------+----+---+-----+------------+------------+
    |add_ln107_1_fu_13581_p2              |         +|   0|  0|   10|           3|           3|
    |add_ln107_fu_13566_p2                |         +|   0|  0|   71|          64|          64|
    |add_ln126_1_fu_13661_p2              |         +|   0|  0|   71|          64|          64|
    |add_ln126_2_fu_13632_p2              |         +|   0|  0|   10|           3|           1|
    |add_ln126_3_fu_13676_p2              |         +|   0|  0|   10|           3|           3|
    |add_ln126_fu_13637_p2                |         +|   0|  0|   39|          32|           1|
    |add_ln250_fu_14391_p2                |         +|   0|  0|   19|          12|           2|
    |add_ln282_fu_13706_p2                |         +|   0|  0|   19|          12|           2|
    |add_ln303_1_fu_15227_p2              |         +|   0|  0|   71|          64|          64|
    |add_ln303_2_fu_15235_p2              |         +|   0|  0|   10|           3|           3|
    |add_ln303_fu_15222_p2                |         +|   0|  0|   23|          16|           3|
    |add_ln305_fu_15249_p2                |         +|   0|  0|   24|          17|           1|
    |add_ln5_1_fu_14171_p2                |         +|   0|  0|   22|          15|          15|
    |add_ln5_2_fu_14354_p2                |         +|   0|  0|   22|          15|          15|
    |add_ln5_fu_13923_p2                  |         +|   0|  0|   22|          15|          15|
    |add_ln65_fu_13375_p2                 |         +|   0|  0|   10|           3|           1|
    |add_ln67_fu_13411_p2                 |         +|   0|  0|   15|           8|           1|
    |add_ln71_fu_13447_p2                 |         +|   0|  0|   39|          32|           1|
    |add_ln73_1_fu_13506_p2               |         +|   0|  0|   10|           3|           3|
    |add_ln73_fu_13474_p2                 |         +|   0|  0|   71|          64|          64|
    |add_ln84_fu_13523_p2                 |         +|   0|  0|   23|          16|           1|
    |add_ptr324_sum2_fu_14790_p2          |         +|   0|  0|   40|          33|          33|
    |address_1_fu_14029_p2                |         +|   0|  0|   14|           7|           1|
    |compressed_length_fu_14714_p2        |         +|   0|  0|   23|          16|           2|
    |empty_55_fu_14770_p2                 |         +|   0|  0|    9|           2|           1|
    |empty_61_fu_14811_p2                 |         +|   0|  0|   71|          64|          64|
    |empty_62_fu_14857_p2                 |         +|   0|  0|   10|           3|           3|
    |empty_69_fu_14963_p2                 |         +|   0|  0|   71|          64|          64|
    |empty_70_fu_14968_p2                 |         +|   0|  0|   10|           3|           3|
    |empty_71_fu_14973_p2                 |         +|   0|  0|   22|          15|           1|
    |empty_76_fu_15005_p2                 |         +|   0|  0|   71|          64|          64|
    |empty_77_fu_15031_p2                 |         +|   0|  0|   10|           3|           3|
    |empty_83_fu_15093_p2                 |         +|   0|  0|   20|          13|          13|
    |empty_87_fu_15118_p2                 |         +|   0|  0|    4|          64|          64|
    |empty_88_fu_15179_p2                 |         +|   0|  0|    4|           3|           3|
    |grp_fu_13330_p2                      |         +|   0|  0|   12|           4|           2|
    |grp_fu_13343_p2                      |         +|   0|  0|   15|           8|           5|
    |hashed_10_fu_14107_p2                |         +|   0|  0|   39|          32|          32|
    |hashed_12_fu_14348_p2                |         +|   0|  0|   33|          26|          26|
    |hashed_15_fu_14266_p2                |         +|   0|  0|   39|          32|          32|
    |hashed_16_fu_14278_p2                |         +|   0|  0|   39|          32|          32|
    |hashed_3_fu_13847_p2                 |         +|   0|  0|   39|          32|          32|
    |hashed_4_fu_13859_p2                 |         +|   0|  0|   39|          32|          32|
    |hashed_6_fu_14165_p2                 |         +|   0|  0|   33|          26|          26|
    |hashed_9_fu_14095_p2                 |         +|   0|  0|   39|          32|          32|
    |hashed_fu_13917_p2                   |         +|   0|  0|   33|          26|          26|
    |i_4_fu_13818_p2                      |         +|   0|  0|   12|           5|           1|
    |i_6_fu_14066_p2                      |         +|   0|  0|   12|           5|           1|
    |i_8_fu_14237_p2                      |         +|   0|  0|   12|           5|           1|
    |input_offset_1_fu_13556_p2           |         +|   0|  0|   39|          32|          32|
    |j_1_fu_14586_p2                      |         +|   0|  0|   22|          15|           2|
    |j_3_fu_14526_p2                      |         +|   0|  0|   23|          16|           1|
    |my_assoc_mem_fill_fu_14427_p2        |         +|   0|  0|   39|          32|           1|
    |next_code_V_1_fu_14533_p2            |         +|   0|  0|   20|          13|           1|
    |output_offset_1_fu_15269_p2          |         +|   0|  0|   39|          32|          32|
    |shift_1_fu_14663_p2                  |         +|   0|  0|   15|           8|           2|
    |sub_fu_13622_p2                      |         +|   0|  0|   24|          17|           2|
    |tmp4_fu_14953_p2                     |         +|   0|  0|   41|          34|           3|
    |tmp5_fu_15113_p2                     |         +|   0|  0|    4|          64|          64|
    |tmp6_fu_15174_p2                     |         +|   0|  0|    4|           3|           3|
    |grp_fu_13350_p2                      |         -|   0|  0|   12|           3|           4|
    |shift_11_fu_14490_p2                 |         -|   0|  0|   13|           6|           5|
    |shift_7_fu_14653_p2                  |         -|   0|  0|   13|           6|           5|
    |sub_ln299_fu_14916_p2                |         -|   0|  0|   24|          17|          17|
    |and_ln612_1_fu_14017_p2              |       and|   0|  0|   72|          72|          72|
    |and_ln612_2_fu_14045_p2              |       and|   0|  0|   72|          72|          72|
    |and_ln612_fu_14050_p2                |       and|   0|  0|   72|          72|          72|
    |ap_block_pp6_stage0_01001            |       and|   0|  0|    2|           1|           1|
    |ap_block_pp7_stage0_01001            |       and|   0|  0|    2|           1|           1|
    |ap_block_pp8_stage0_01001            |       and|   0|  0|    2|           1|           1|
    |ap_block_state498_io                 |       and|   0|  0|    2|           1|           1|
    |ap_block_state499_io                 |       and|   0|  0|    2|           1|           1|
    |ap_block_state567_pp6_stage0_iter70  |       and|   0|  0|    2|           1|           1|
    |ap_block_state570_io                 |       and|   0|  0|    2|           1|           1|
    |ap_block_state571_io                 |       and|   0|  0|    2|           1|           1|
    |ap_block_state639_pp7_stage0_iter70  |       and|   0|  0|    2|           1|           1|
    |ap_block_state642_io                 |       and|   0|  0|    2|           1|           1|
    |ap_block_state643_io                 |       and|   0|  0|    2|           1|           1|
    |ap_block_state711_pp8_stage0_iter70  |       and|   0|  0|    2|           1|           1|
    |ap_condition_11984                   |       and|   0|  0|    2|           1|           1|
    |hit_fu_13959_p2                      |       and|   0|  0|    2|           1|           1|
    |exitcond24_fu_14776_p2               |      icmp|   0|  0|    8|           2|           3|
    |exitcond25_fu_14979_p2               |      icmp|   0|  0|   12|          15|          15|
    |grp_fu_13323_p2                      |      icmp|   0|  0|   11|           8|           4|
    |icmp_ln124_fu_13648_p2               |      icmp|   0|  0|   20|          32|          32|
    |icmp_ln159_fu_14023_p2               |      icmp|   0|  0|   10|           7|           7|
    |icmp_ln210_fu_14198_p2               |      icmp|   0|  0|   20|          32|           7|
    |icmp_ln235_fu_14385_p2               |      icmp|   0|  0|   13|          16|           1|
    |icmp_ln267_fu_13685_p2               |      icmp|   0|  0|   13|          16|           1|
    |icmp_ln293_fu_14730_p2               |      icmp|   0|  0|    9|           5|           1|
    |icmp_ln65_fu_13381_p2                |      icmp|   0|  0|    9|           3|           4|
    |icmp_ln66_fu_13405_p2                |      icmp|   0|  0|   13|          16|           1|
    |icmp_ln71_fu_13453_p2                |      icmp|   0|  0|   20|          32|          32|
    |icmp_ln7_1_fu_14072_p2               |      icmp|   0|  0|    9|           5|           5|
    |icmp_ln7_2_fu_14243_p2               |      icmp|   0|  0|    9|           5|           5|
    |icmp_ln7_fu_13824_p2                 |      icmp|   0|  0|    9|           5|           5|
    |icmp_ln84_fu_13529_p2                |      icmp|   0|  0|   13|          16|          17|
    |icmp_ln870_fu_13954_p2               |      icmp|   0|  0|   15|          21|          21|
    |p_Result_s_fu_14055_p2               |      icmp|   0|  0|   31|          72|           1|
    |empty_58_fu_14837_p2                 |      lshr|   0|  0|  100|          32|          32|
    |empty_85_fu_15156_p2                 |      lshr|   0|  0|   35|          16|          16|
    |lshr_ln107_fu_13607_p2               |      lshr|   0|  0|  179|          64|          64|
    |lshr_ln126_fu_13777_p2               |      lshr|   0|  0|  179|          64|          64|
    |lshr_ln1497_1_fu_14082_p2            |      lshr|   0|  0|   55|          21|          21|
    |lshr_ln1497_3_fu_14253_p2            |      lshr|   0|  0|   55|          21|          21|
    |lshr_ln1497_fu_13834_p2              |      lshr|   0|  0|   55|          21|          21|
    |lshr_ln244_fu_14461_p2               |      lshr|   0|  0|   29|          14|          14|
    |lshr_ln277_fu_14599_p2               |      lshr|   0|  0|   29|          14|          14|
    |lshr_ln73_fu_13540_p2                |      lshr|   0|  0|  179|          64|          64|
    |ap_block_pp6_stage0_11001            |        or|   0|  0|    2|           1|           1|
    |ap_block_pp7_stage0_11001            |        or|   0|  0|    2|           1|           1|
    |ap_block_pp8_stage0_11001            |        or|   0|  0|    2|           1|           1|
    |ap_block_state1                      |        or|   0|  0|    2|           1|           1|
    |compressed_length_1_fu_14736_p2      |        or|   0|  0|   16|          16|           1|
    |or_ln244_fu_14474_p2                 |        or|   0|  0|   12|          12|          12|
    |or_ln250_fu_14446_p2                 |        or|   0|  0|   16|          16|          16|
    |or_ln277_fu_14612_p2                 |        or|   0|  0|   12|          12|          12|
    |or_ln282_fu_14557_p2                 |        or|   0|  0|   16|          16|          16|
    |or_ln709_1_fu_14220_p2               |        or|   0|  0|   72|          72|          72|
    |or_ln709_2_fu_14226_p2               |        or|   0|  0|   72|          72|          72|
    |or_ln709_fu_14214_p2                 |        or|   0|  0|   72|          72|          72|
    |code_V_1_fu_13975_p3                 |    select|   0|  0|   13|           1|          13|
    |compressed_length_2_fu_14742_p3      |    select|   0|  0|   16|           1|          16|
    |num_chunks_1_fu_13417_p3             |    select|   0|  0|    8|           1|           8|
    |empty_63_fu_14866_p2                 |       shl|   0|  0|   17|           2|           8|
    |empty_64_fu_14884_p2                 |       shl|   0|  0|  179|          64|          64|
    |empty_78_fu_15040_p2                 |       shl|   0|  0|   17|           2|           8|
    |empty_79_fu_15058_p2                 |       shl|   0|  0|  179|          64|          64|
    |empty_89_fu_15188_p2                 |       shl|   0|  0|   17|           1|           8|
    |empty_90_fu_15206_p2                 |       shl|   0|  0|  179|          64|          64|
    |r_2_fu_14208_p2                      |       shl|   0|  0|  212|           1|          72|
    |shl_ln242_fu_14407_p2                |       shl|   0|  0|   35|          16|          16|
    |shl_ln250_fu_14437_p2                |       shl|   0|  0|  100|          32|          32|
    |shl_ln269_fu_14673_p2                |       shl|   0|  0|  100|          32|          32|
    |shl_ln274_fu_13722_p2                |       shl|   0|  0|   35|          16|          16|
    |shl_ln282_fu_14548_p2                |       shl|   0|  0|  100|          32|          32|
    |shl_ln303_2_fu_15298_p2              |       shl|   0|  0|  179|          64|          64|
    |shl_ln303_fu_15281_p2                |       shl|   0|  0|   17|           2|           8|
    |shl_ln612_fu_14039_p2                |       shl|   0|  0|  212|           1|          72|
    |ap_enable_pp6                        |       xor|   0|  0|    2|           1|           2|
    |ap_enable_pp7                        |       xor|   0|  0|    2|           1|           2|
    |ap_enable_pp8                        |       xor|   0|  0|    2|           1|           2|
    |ap_enable_reg_pp6_iter1              |       xor|   0|  0|    2|           2|           1|
    |ap_enable_reg_pp7_iter1              |       xor|   0|  0|    2|           2|           1|
    |ap_enable_reg_pp8_iter1              |       xor|   0|  0|    2|           2|           1|
    |empty_41_fu_13438_p2                 |       xor|   0|  0|    4|           3|           4|
    |empty_84_fu_15139_p2                 |       xor|   0|  0|    2|           1|           1|
    |empty_93_fu_15133_p2                 |       xor|   0|  0|    2|           1|           2|
    |exitcond26tmp_fu_15080_p2            |       xor|   0|  0|    2|           1|           1|
    |hashed_11_fu_14127_p2                |       xor|   0|  0|   32|          32|          32|
    |hashed_13_fu_14370_p2                |       xor|   0|  0|   15|          15|          15|
    |hashed_17_fu_14298_p2                |       xor|   0|  0|   32|          32|          32|
    |hashed_1_fu_13939_p2                 |       xor|   0|  0|   15|          15|          15|
    |hashed_5_fu_13879_p2                 |       xor|   0|  0|   32|          32|          32|
    |hashed_7_fu_14187_p2                 |       xor|   0|  0|   15|          15|          15|
    +-------------------------------------+----------+----+---+-----+------------+------------+
    |Total                                |          |   0|  0| 5175|        3126|        2855|
    +-------------------------------------+----------+----+---+-----+------------+------------+

    * Multiplexer: 
    +------------------------------------------------+------+-----------+-----+-----------+
    |                      Name                      |  LUT | Input Size| Bits| Total Bits|
    +------------------------------------------------+------+-----------+-----+-----------+
    |address_reg_13079                               |     9|          2|    7|         14|
    |ap_NS_fsm                                       |  2693|        573|    1|        573|
    |ap_done                                         |     9|          2|    1|          2|
    |ap_enable_reg_pp6_iter1                         |     9|          2|    1|          2|
    |ap_enable_reg_pp6_iter70                        |     9|          2|    1|          2|
    |ap_enable_reg_pp7_iter1                         |     9|          2|    1|          2|
    |ap_enable_reg_pp7_iter70                        |     9|          2|    1|          2|
    |ap_enable_reg_pp8_iter1                         |     9|          2|    1|          2|
    |ap_enable_reg_pp8_iter70                        |     9|          2|    1|          2|
    |ap_phi_mux_code_3648_phi_fu_13182_p6            |     9|          2|   13|         26|
    |ap_phi_mux_j_4_phi_fu_13168_p6                  |    14|          3|   16|         48|
    |ap_phi_mux_j_5_phi_fu_13255_p6                  |     9|          2|   16|         32|
    |ap_phi_mux_my_assoc_mem_fill_2_phi_fu_13195_p6  |     9|          2|   32|         64|
    |ap_phi_mux_next_code_V_2_phi_fu_13211_p6        |     9|          2|   13|         26|
    |ap_phi_mux_prefix_code_V_3_phi_fu_13226_p6      |     9|          2|   13|         26|
    |ap_phi_mux_residual_loop_index_phi_fu_13315_p4  |     9|          2|    1|          2|
    |ap_phi_mux_shift_2_phi_fu_13155_p6              |    14|          3|    8|         24|
    |ap_phi_mux_shift_3_phi_fu_13239_p6              |     9|          2|    8|         16|
    |code_3648_reg_13178                             |    14|          3|   13|         39|
    |code_V_reg_13009                                |     9|          2|   13|         26|
    |gmem_ARADDR                                     |    26|          5|   64|        320|
    |gmem_AWADDR                                     |    26|          5|   64|        320|
    |gmem_WDATA                                      |    26|          5|   64|        320|
    |gmem_WSTRB                                      |    26|          5|    8|         40|
    |gmem_blk_n_AR                                   |     9|          2|    1|          2|
    |gmem_blk_n_AW                                   |     9|          2|    1|          2|
    |gmem_blk_n_B                                    |     9|          2|    1|          2|
    |gmem_blk_n_R                                    |     9|          2|    1|          2|
    |gmem_blk_n_W                                    |     9|          2|    1|          2|
    |grp_fu_13323_p0                                 |    14|          3|    8|         24|
    |grp_fu_13330_p0                                 |    14|          3|    4|         12|
    |hash_table_V_0_address0                         |    26|          5|   15|         75|
    |hash_table_V_0_d0                               |    14|          3|   35|        105|
    |hashed_14_reg_13114                             |     9|          2|   32|         64|
    |hashed_2_reg_13056                              |     9|          2|   32|         64|
    |hashed_8_reg_13091                              |     9|          2|   32|         64|
    |i_1_reg_12963                                   |     9|          2|   16|         32|
    |i_2_reg_12974                                   |     9|          2|   32|         64|
    |i_3_reg_13068                                   |     9|          2|    5|         10|
    |i_5_reg_13103                                   |     9|          2|    5|         10|
    |i_7_reg_13126                                   |     9|          2|    5|         10|
    |i_reg_12896                                     |     9|          2|    3|          6|
    |input_offset_reg_12939                          |     9|          2|   32|         64|
    |j_2_reg_13278                                   |     9|          2|   15|         30|
    |j_4_reg_13164                                   |    14|          3|   16|         48|
    |j_5_reg_13251                                   |     9|          2|   16|         32|
    |j_reg_12985                                     |     9|          2|   16|         32|
    |loop_index620_reg_13289                         |     9|          2|    2|          4|
    |loop_index_reg_13300                            |     9|          2|   15|         30|
    |my_assoc_mem_fill_1_reg_13137                   |     9|          2|   32|         64|
    |my_assoc_mem_fill_2_reg_13191                   |     9|          2|   32|         64|
    |my_assoc_mem_fill_3_reg_13044                   |     9|          2|   32|         64|
    |my_assoc_mem_lower_key_mem_V_address0           |  1372|        258|    9|       2322|
    |my_assoc_mem_lower_key_mem_V_address1           |  1372|        258|    9|       2322|
    |my_assoc_mem_lower_key_mem_V_d1                 |    14|          3|   72|        216|
    |my_assoc_mem_middle_key_mem_V_address0          |  1372|        258|    9|       2322|
    |my_assoc_mem_middle_key_mem_V_address1          |  1372|        258|    9|       2322|
    |my_assoc_mem_middle_key_mem_V_d1                |    14|          3|   72|        216|
    |my_assoc_mem_upper_key_mem_V_address0           |  1372|        258|    9|       2322|
    |my_assoc_mem_upper_key_mem_V_address1           |  1372|        258|    9|       2322|
    |my_assoc_mem_upper_key_mem_V_d1                 |    14|          3|   72|        216|
    |my_assoc_mem_value_V_address0                   |   169|         38|    7|        266|
    |my_assoc_mem_value_V_address1                   |   169|         38|    7|        266|
    |my_assoc_mem_value_V_d1                         |    14|          3|   13|         39|
    |n_reg_12928                                     |     9|          2|   32|         64|
    |next_code_V_2_reg_13207                         |     9|          2|   13|         26|
    |next_code_V_reg_13031                           |     9|          2|   13|         26|
    |num_chunks_reg_12907                            |     9|          2|    8|         16|
    |output_offset_reg_12951                         |     9|          2|   32|         64|
    |prefix_code_V_1_reg_13021                       |     9|          2|   13|         26|
    |prefix_code_V_3_reg_13222                       |    14|          3|   13|         39|
    |residual_loop_index_reg_13311                   |     9|          2|    1|          2|
    |shift_2_reg_13151                               |    14|          3|    8|         24|
    |shift_3_reg_13235                               |     9|          2|    8|         16|
    |shift_5_reg_13267                               |    14|          3|    8|         24|
    |shift_reg_12997                                 |     9|          2|    8|         16|
    |shiftreg_reg_12919                              |     9|          2|   64|        128|
    |store_array_address0                            |    43|          8|   12|         96|
    |store_array_address1                            |    43|          8|   12|         96|
    |store_array_d0                                  |    26|          5|   16|         80|
    |store_array_d1                                  |    26|          5|   16|         80|
    +------------------------------------------------+------+-----------+-----+-----------+
    |Total                                           | 12168|       2388| 1372|      18886|
    +------------------------------------------------+------+-----------+-----+-----------+

    * Register: 
    +----------------------------------------------+-----+----+-----+-----------+
    |                     Name                     |  FF | LUT| Bits| Const Bits|
    +----------------------------------------------+-----+----+-----+-----------+
    |add_ln107_1_reg_23521                         |    3|   0|    3|          0|
    |add_ln107_reg_23511                           |   64|   0|   64|          0|
    |add_ln126_2_reg_23553                         |    3|   0|    3|          0|
    |add_ln126_3_reg_23577                         |    3|   0|    3|          0|
    |add_ln126_reg_23558                           |   32|   0|   32|          0|
    |add_ln303_2_reg_24026                         |    3|   0|    3|          0|
    |add_ln303_reg_24021                           |   16|   0|   16|          0|
    |add_ln71_reg_23448                            |   32|   0|   32|          0|
    |address_reg_13079                             |    7|   0|    7|          0|
    |and_ln612_1_reg_23726                         |   72|   0|   72|          0|
    |ap_CS_fsm                                     |  572|   0|  572|          0|
    |ap_done_reg                                   |    1|   0|    1|          0|
    |ap_enable_reg_pp6_iter0                       |    1|   0|    1|          0|
    |ap_enable_reg_pp6_iter1                       |    1|   0|    1|          0|
    |ap_enable_reg_pp6_iter10                      |    1|   0|    1|          0|
    |ap_enable_reg_pp6_iter11                      |    1|   0|    1|          0|
    |ap_enable_reg_pp6_iter12                      |    1|   0|    1|          0|
    |ap_enable_reg_pp6_iter13                      |    1|   0|    1|          0|
    |ap_enable_reg_pp6_iter14                      |    1|   0|    1|          0|
    |ap_enable_reg_pp6_iter15                      |    1|   0|    1|          0|
    |ap_enable_reg_pp6_iter16                      |    1|   0|    1|          0|
    |ap_enable_reg_pp6_iter17                      |    1|   0|    1|          0|
    |ap_enable_reg_pp6_iter18                      |    1|   0|    1|          0|
    |ap_enable_reg_pp6_iter19                      |    1|   0|    1|          0|
    |ap_enable_reg_pp6_iter2                       |    1|   0|    1|          0|
    |ap_enable_reg_pp6_iter20                      |    1|   0|    1|          0|
    |ap_enable_reg_pp6_iter21                      |    1|   0|    1|          0|
    |ap_enable_reg_pp6_iter22                      |    1|   0|    1|          0|
    |ap_enable_reg_pp6_iter23                      |    1|   0|    1|          0|
    |ap_enable_reg_pp6_iter24                      |    1|   0|    1|          0|
    |ap_enable_reg_pp6_iter25                      |    1|   0|    1|          0|
    |ap_enable_reg_pp6_iter26                      |    1|   0|    1|          0|
    |ap_enable_reg_pp6_iter27                      |    1|   0|    1|          0|
    |ap_enable_reg_pp6_iter28                      |    1|   0|    1|          0|
    |ap_enable_reg_pp6_iter29                      |    1|   0|    1|          0|
    |ap_enable_reg_pp6_iter3                       |    1|   0|    1|          0|
    |ap_enable_reg_pp6_iter30                      |    1|   0|    1|          0|
    |ap_enable_reg_pp6_iter31                      |    1|   0|    1|          0|
    |ap_enable_reg_pp6_iter32                      |    1|   0|    1|          0|
    |ap_enable_reg_pp6_iter33                      |    1|   0|    1|          0|
    |ap_enable_reg_pp6_iter34                      |    1|   0|    1|          0|
    |ap_enable_reg_pp6_iter35                      |    1|   0|    1|          0|
    |ap_enable_reg_pp6_iter36                      |    1|   0|    1|          0|
    |ap_enable_reg_pp6_iter37                      |    1|   0|    1|          0|
    |ap_enable_reg_pp6_iter38                      |    1|   0|    1|          0|
    |ap_enable_reg_pp6_iter39                      |    1|   0|    1|          0|
    |ap_enable_reg_pp6_iter4                       |    1|   0|    1|          0|
    |ap_enable_reg_pp6_iter40                      |    1|   0|    1|          0|
    |ap_enable_reg_pp6_iter41                      |    1|   0|    1|          0|
    |ap_enable_reg_pp6_iter42                      |    1|   0|    1|          0|
    |ap_enable_reg_pp6_iter43                      |    1|   0|    1|          0|
    |ap_enable_reg_pp6_iter44                      |    1|   0|    1|          0|
    |ap_enable_reg_pp6_iter45                      |    1|   0|    1|          0|
    |ap_enable_reg_pp6_iter46                      |    1|   0|    1|          0|
    |ap_enable_reg_pp6_iter47                      |    1|   0|    1|          0|
    |ap_enable_reg_pp6_iter48                      |    1|   0|    1|          0|
    |ap_enable_reg_pp6_iter49                      |    1|   0|    1|          0|
    |ap_enable_reg_pp6_iter5                       |    1|   0|    1|          0|
    |ap_enable_reg_pp6_iter50                      |    1|   0|    1|          0|
    |ap_enable_reg_pp6_iter51                      |    1|   0|    1|          0|
    |ap_enable_reg_pp6_iter52                      |    1|   0|    1|          0|
    |ap_enable_reg_pp6_iter53                      |    1|   0|    1|          0|
    |ap_enable_reg_pp6_iter54                      |    1|   0|    1|          0|
    |ap_enable_reg_pp6_iter55                      |    1|   0|    1|          0|
    |ap_enable_reg_pp6_iter56                      |    1|   0|    1|          0|
    |ap_enable_reg_pp6_iter57                      |    1|   0|    1|          0|
    |ap_enable_reg_pp6_iter58                      |    1|   0|    1|          0|
    |ap_enable_reg_pp6_iter59                      |    1|   0|    1|          0|
    |ap_enable_reg_pp6_iter6                       |    1|   0|    1|          0|
    |ap_enable_reg_pp6_iter60                      |    1|   0|    1|          0|
    |ap_enable_reg_pp6_iter61                      |    1|   0|    1|          0|
    |ap_enable_reg_pp6_iter62                      |    1|   0|    1|          0|
    |ap_enable_reg_pp6_iter63                      |    1|   0|    1|          0|
    |ap_enable_reg_pp6_iter64                      |    1|   0|    1|          0|
    |ap_enable_reg_pp6_iter65                      |    1|   0|    1|          0|
    |ap_enable_reg_pp6_iter66                      |    1|   0|    1|          0|
    |ap_enable_reg_pp6_iter67                      |    1|   0|    1|          0|
    |ap_enable_reg_pp6_iter68                      |    1|   0|    1|          0|
    |ap_enable_reg_pp6_iter69                      |    1|   0|    1|          0|
    |ap_enable_reg_pp6_iter7                       |    1|   0|    1|          0|
    |ap_enable_reg_pp6_iter70                      |    1|   0|    1|          0|
    |ap_enable_reg_pp6_iter8                       |    1|   0|    1|          0|
    |ap_enable_reg_pp6_iter9                       |    1|   0|    1|          0|
    |ap_enable_reg_pp7_iter0                       |    1|   0|    1|          0|
    |ap_enable_reg_pp7_iter1                       |    1|   0|    1|          0|
    |ap_enable_reg_pp7_iter10                      |    1|   0|    1|          0|
    |ap_enable_reg_pp7_iter11                      |    1|   0|    1|          0|
    |ap_enable_reg_pp7_iter12                      |    1|   0|    1|          0|
    |ap_enable_reg_pp7_iter13                      |    1|   0|    1|          0|
    |ap_enable_reg_pp7_iter14                      |    1|   0|    1|          0|
    |ap_enable_reg_pp7_iter15                      |    1|   0|    1|          0|
    |ap_enable_reg_pp7_iter16                      |    1|   0|    1|          0|
    |ap_enable_reg_pp7_iter17                      |    1|   0|    1|          0|
    |ap_enable_reg_pp7_iter18                      |    1|   0|    1|          0|
    |ap_enable_reg_pp7_iter19                      |    1|   0|    1|          0|
    |ap_enable_reg_pp7_iter2                       |    1|   0|    1|          0|
    |ap_enable_reg_pp7_iter20                      |    1|   0|    1|          0|
    |ap_enable_reg_pp7_iter21                      |    1|   0|    1|          0|
    |ap_enable_reg_pp7_iter22                      |    1|   0|    1|          0|
    |ap_enable_reg_pp7_iter23                      |    1|   0|    1|          0|
    |ap_enable_reg_pp7_iter24                      |    1|   0|    1|          0|
    |ap_enable_reg_pp7_iter25                      |    1|   0|    1|          0|
    |ap_enable_reg_pp7_iter26                      |    1|   0|    1|          0|
    |ap_enable_reg_pp7_iter27                      |    1|   0|    1|          0|
    |ap_enable_reg_pp7_iter28                      |    1|   0|    1|          0|
    |ap_enable_reg_pp7_iter29                      |    1|   0|    1|          0|
    |ap_enable_reg_pp7_iter3                       |    1|   0|    1|          0|
    |ap_enable_reg_pp7_iter30                      |    1|   0|    1|          0|
    |ap_enable_reg_pp7_iter31                      |    1|   0|    1|          0|
    |ap_enable_reg_pp7_iter32                      |    1|   0|    1|          0|
    |ap_enable_reg_pp7_iter33                      |    1|   0|    1|          0|
    |ap_enable_reg_pp7_iter34                      |    1|   0|    1|          0|
    |ap_enable_reg_pp7_iter35                      |    1|   0|    1|          0|
    |ap_enable_reg_pp7_iter36                      |    1|   0|    1|          0|
    |ap_enable_reg_pp7_iter37                      |    1|   0|    1|          0|
    |ap_enable_reg_pp7_iter38                      |    1|   0|    1|          0|
    |ap_enable_reg_pp7_iter39                      |    1|   0|    1|          0|
    |ap_enable_reg_pp7_iter4                       |    1|   0|    1|          0|
    |ap_enable_reg_pp7_iter40                      |    1|   0|    1|          0|
    |ap_enable_reg_pp7_iter41                      |    1|   0|    1|          0|
    |ap_enable_reg_pp7_iter42                      |    1|   0|    1|          0|
    |ap_enable_reg_pp7_iter43                      |    1|   0|    1|          0|
    |ap_enable_reg_pp7_iter44                      |    1|   0|    1|          0|
    |ap_enable_reg_pp7_iter45                      |    1|   0|    1|          0|
    |ap_enable_reg_pp7_iter46                      |    1|   0|    1|          0|
    |ap_enable_reg_pp7_iter47                      |    1|   0|    1|          0|
    |ap_enable_reg_pp7_iter48                      |    1|   0|    1|          0|
    |ap_enable_reg_pp7_iter49                      |    1|   0|    1|          0|
    |ap_enable_reg_pp7_iter5                       |    1|   0|    1|          0|
    |ap_enable_reg_pp7_iter50                      |    1|   0|    1|          0|
    |ap_enable_reg_pp7_iter51                      |    1|   0|    1|          0|
    |ap_enable_reg_pp7_iter52                      |    1|   0|    1|          0|
    |ap_enable_reg_pp7_iter53                      |    1|   0|    1|          0|
    |ap_enable_reg_pp7_iter54                      |    1|   0|    1|          0|
    |ap_enable_reg_pp7_iter55                      |    1|   0|    1|          0|
    |ap_enable_reg_pp7_iter56                      |    1|   0|    1|          0|
    |ap_enable_reg_pp7_iter57                      |    1|   0|    1|          0|
    |ap_enable_reg_pp7_iter58                      |    1|   0|    1|          0|
    |ap_enable_reg_pp7_iter59                      |    1|   0|    1|          0|
    |ap_enable_reg_pp7_iter6                       |    1|   0|    1|          0|
    |ap_enable_reg_pp7_iter60                      |    1|   0|    1|          0|
    |ap_enable_reg_pp7_iter61                      |    1|   0|    1|          0|
    |ap_enable_reg_pp7_iter62                      |    1|   0|    1|          0|
    |ap_enable_reg_pp7_iter63                      |    1|   0|    1|          0|
    |ap_enable_reg_pp7_iter64                      |    1|   0|    1|          0|
    |ap_enable_reg_pp7_iter65                      |    1|   0|    1|          0|
    |ap_enable_reg_pp7_iter66                      |    1|   0|    1|          0|
    |ap_enable_reg_pp7_iter67                      |    1|   0|    1|          0|
    |ap_enable_reg_pp7_iter68                      |    1|   0|    1|          0|
    |ap_enable_reg_pp7_iter69                      |    1|   0|    1|          0|
    |ap_enable_reg_pp7_iter7                       |    1|   0|    1|          0|
    |ap_enable_reg_pp7_iter70                      |    1|   0|    1|          0|
    |ap_enable_reg_pp7_iter8                       |    1|   0|    1|          0|
    |ap_enable_reg_pp7_iter9                       |    1|   0|    1|          0|
    |ap_enable_reg_pp8_iter0                       |    1|   0|    1|          0|
    |ap_enable_reg_pp8_iter1                       |    1|   0|    1|          0|
    |ap_enable_reg_pp8_iter10                      |    1|   0|    1|          0|
    |ap_enable_reg_pp8_iter11                      |    1|   0|    1|          0|
    |ap_enable_reg_pp8_iter12                      |    1|   0|    1|          0|
    |ap_enable_reg_pp8_iter13                      |    1|   0|    1|          0|
    |ap_enable_reg_pp8_iter14                      |    1|   0|    1|          0|
    |ap_enable_reg_pp8_iter15                      |    1|   0|    1|          0|
    |ap_enable_reg_pp8_iter16                      |    1|   0|    1|          0|
    |ap_enable_reg_pp8_iter17                      |    1|   0|    1|          0|
    |ap_enable_reg_pp8_iter18                      |    1|   0|    1|          0|
    |ap_enable_reg_pp8_iter19                      |    1|   0|    1|          0|
    |ap_enable_reg_pp8_iter2                       |    1|   0|    1|          0|
    |ap_enable_reg_pp8_iter20                      |    1|   0|    1|          0|
    |ap_enable_reg_pp8_iter21                      |    1|   0|    1|          0|
    |ap_enable_reg_pp8_iter22                      |    1|   0|    1|          0|
    |ap_enable_reg_pp8_iter23                      |    1|   0|    1|          0|
    |ap_enable_reg_pp8_iter24                      |    1|   0|    1|          0|
    |ap_enable_reg_pp8_iter25                      |    1|   0|    1|          0|
    |ap_enable_reg_pp8_iter26                      |    1|   0|    1|          0|
    |ap_enable_reg_pp8_iter27                      |    1|   0|    1|          0|
    |ap_enable_reg_pp8_iter28                      |    1|   0|    1|          0|
    |ap_enable_reg_pp8_iter29                      |    1|   0|    1|          0|
    |ap_enable_reg_pp8_iter3                       |    1|   0|    1|          0|
    |ap_enable_reg_pp8_iter30                      |    1|   0|    1|          0|
    |ap_enable_reg_pp8_iter31                      |    1|   0|    1|          0|
    |ap_enable_reg_pp8_iter32                      |    1|   0|    1|          0|
    |ap_enable_reg_pp8_iter33                      |    1|   0|    1|          0|
    |ap_enable_reg_pp8_iter34                      |    1|   0|    1|          0|
    |ap_enable_reg_pp8_iter35                      |    1|   0|    1|          0|
    |ap_enable_reg_pp8_iter36                      |    1|   0|    1|          0|
    |ap_enable_reg_pp8_iter37                      |    1|   0|    1|          0|
    |ap_enable_reg_pp8_iter38                      |    1|   0|    1|          0|
    |ap_enable_reg_pp8_iter39                      |    1|   0|    1|          0|
    |ap_enable_reg_pp8_iter4                       |    1|   0|    1|          0|
    |ap_enable_reg_pp8_iter40                      |    1|   0|    1|          0|
    |ap_enable_reg_pp8_iter41                      |    1|   0|    1|          0|
    |ap_enable_reg_pp8_iter42                      |    1|   0|    1|          0|
    |ap_enable_reg_pp8_iter43                      |    1|   0|    1|          0|
    |ap_enable_reg_pp8_iter44                      |    1|   0|    1|          0|
    |ap_enable_reg_pp8_iter45                      |    1|   0|    1|          0|
    |ap_enable_reg_pp8_iter46                      |    1|   0|    1|          0|
    |ap_enable_reg_pp8_iter47                      |    1|   0|    1|          0|
    |ap_enable_reg_pp8_iter48                      |    1|   0|    1|          0|
    |ap_enable_reg_pp8_iter49                      |    1|   0|    1|          0|
    |ap_enable_reg_pp8_iter5                       |    1|   0|    1|          0|
    |ap_enable_reg_pp8_iter50                      |    1|   0|    1|          0|
    |ap_enable_reg_pp8_iter51                      |    1|   0|    1|          0|
    |ap_enable_reg_pp8_iter52                      |    1|   0|    1|          0|
    |ap_enable_reg_pp8_iter53                      |    1|   0|    1|          0|
    |ap_enable_reg_pp8_iter54                      |    1|   0|    1|          0|
    |ap_enable_reg_pp8_iter55                      |    1|   0|    1|          0|
    |ap_enable_reg_pp8_iter56                      |    1|   0|    1|          0|
    |ap_enable_reg_pp8_iter57                      |    1|   0|    1|          0|
    |ap_enable_reg_pp8_iter58                      |    1|   0|    1|          0|
    |ap_enable_reg_pp8_iter59                      |    1|   0|    1|          0|
    |ap_enable_reg_pp8_iter6                       |    1|   0|    1|          0|
    |ap_enable_reg_pp8_iter60                      |    1|   0|    1|          0|
    |ap_enable_reg_pp8_iter61                      |    1|   0|    1|          0|
    |ap_enable_reg_pp8_iter62                      |    1|   0|    1|          0|
    |ap_enable_reg_pp8_iter63                      |    1|   0|    1|          0|
    |ap_enable_reg_pp8_iter64                      |    1|   0|    1|          0|
    |ap_enable_reg_pp8_iter65                      |    1|   0|    1|          0|
    |ap_enable_reg_pp8_iter66                      |    1|   0|    1|          0|
    |ap_enable_reg_pp8_iter67                      |    1|   0|    1|          0|
    |ap_enable_reg_pp8_iter68                      |    1|   0|    1|          0|
    |ap_enable_reg_pp8_iter69                      |    1|   0|    1|          0|
    |ap_enable_reg_pp8_iter7                       |    1|   0|    1|          0|
    |ap_enable_reg_pp8_iter70                      |    1|   0|    1|          0|
    |ap_enable_reg_pp8_iter8                       |    1|   0|    1|          0|
    |ap_enable_reg_pp8_iter9                       |    1|   0|    1|          0|
    |ap_rst_n_inv                                  |    1|   0|    1|          0|
    |ap_rst_reg_1                                  |    1|   0|    1|          0|
    |ap_rst_reg_2                                  |    1|   0|    1|          0|
    |code_3648_reg_13178                           |   13|   0|   13|          0|
    |code_V_1_reg_23685                            |   13|   0|   13|          0|
    |code_V_reg_13009                              |   13|   0|   13|          0|
    |compressed_length_2_reg_23836                 |   16|   0|   16|          0|
    |empty_40_reg_23433                            |    3|   0|    3|          0|
    |empty_41_reg_23438                            |    3|   0|    3|          0|
    |empty_57_reg_23867                            |    1|   0|    1|          0|
    |empty_60_reg_23872                            |    2|   0|    2|          0|
    |empty_63_reg_23882                            |    8|   0|    8|          0|
    |empty_64_reg_23887                            |   64|   0|   64|          0|
    |empty_67_reg_23919                            |   13|   0|   13|          0|
    |empty_69_reg_23924                            |   64|   0|   64|          0|
    |empty_70_reg_23930                            |    3|   0|    3|          0|
    |empty_73_reg_23976                            |    1|   0|    1|          0|
    |empty_74_reg_23981                            |    3|   0|    3|          0|
    |empty_75_reg_23950                            |    2|   0|    2|          0|
    |empty_78_reg_23960                            |    8|   0|    8|          0|
    |empty_79_reg_23965                            |   64|   0|   64|          0|
    |empty_89_reg_24005                            |    8|   0|    8|          0|
    |empty_90_reg_24010                            |   64|   0|   64|          0|
    |empty_93_reg_24000                            |    1|   0|    1|          0|
    |exitcond24_reg_23863                          |    1|   0|    1|          0|
    |exitcond25_reg_23941                          |    1|   0|    1|          0|
    |exitcond26tmp_reg_23986                       |    1|   0|    1|          0|
    |gmem_addr_1_read_reg_23482                    |   64|   0|   64|          0|
    |gmem_addr_2_read_reg_23533                    |   64|   0|   64|          0|
    |gmem_addr_3_read_reg_23624                    |   64|   0|   64|          0|
    |gmem_addr_read_reg_15331                      |   64|   0|   64|          0|
    |hashed_14_reg_13114                           |   32|   0|   32|          0|
    |hashed_2_reg_13056                            |   32|   0|   32|          0|
    |hashed_8_reg_13091                            |   32|   0|   32|          0|
    |hit_reg_23681                                 |    1|   0|    1|          0|
    |i_1_reg_12963                                 |   16|   0|   16|          0|
    |i_2_reg_12974                                 |   32|   0|   32|          0|
    |i_3_reg_13068                                 |    5|   0|    5|          0|
    |i_5_reg_13103                                 |    5|   0|    5|          0|
    |i_7_reg_13126                                 |    5|   0|    5|          0|
    |i_reg_12896                                   |    3|   0|    3|          0|
    |icmp_ln159_reg_23731                          |    1|   0|    1|          0|
    |icmp_ln235_reg_23792                          |    1|   0|    1|          0|
    |icmp_ln240_reg_23796                          |    1|   0|    1|          0|
    |in_length_reg_23500                           |   16|   0|   16|          0|
    |input_offset_1_reg_23506                      |   32|   0|   32|          0|
    |input_offset_reg_12939                        |   32|   0|   32|          0|
    |j_2_reg_13278                                 |   15|   0|   15|          0|
    |j_4_reg_13164                                 |   16|   0|   16|          0|
    |j_5_reg_13251                                 |   16|   0|   16|          0|
    |j_reg_12985                                   |   16|   0|   16|          0|
    |key_V_reg_23650                               |   21|   0|   21|          0|
    |loop_index620_reg_13289                       |    2|   0|    2|          0|
    |loop_index_reg_13300                          |   15|   0|   15|          0|
    |match_high_V_reg_23710                        |   72|   0|   72|          0|
    |match_low_V_reg_23720                         |   72|   0|   72|          0|
    |match_middle_V_reg_23715                      |   72|   0|   72|          0|
    |my_assoc_mem_fill_1_reg_13137                 |   32|   0|   32|          0|
    |my_assoc_mem_fill_2_reg_13191                 |   32|   0|   32|          0|
    |my_assoc_mem_fill_3_reg_13044                 |   32|   0|   32|          0|
    |my_assoc_mem_lower_key_mem_V_addr_reg_23704   |    9|   0|    9|          0|
    |my_assoc_mem_middle_key_mem_V_addr_reg_23698  |    9|   0|    9|          0|
    |my_assoc_mem_upper_key_mem_V_addr_reg_23692   |    3|   0|    9|          6|
    |n_reg_12928                                   |   32|   0|   32|          0|
    |next_char_reg_23629                           |    8|   0|    8|          0|
    |next_code_V_2_reg_13207                       |   13|   0|   13|          0|
    |next_code_V_reg_13031                         |   13|   0|   13|          0|
    |num_chunks_reg_12907                          |    8|   0|    8|          0|
    |output_offset_1_reg_24037                     |   32|   0|   32|          0|
    |output_offset_cast_reg_23853                  |   32|   0|   33|          1|
    |output_offset_reg_12951                       |   32|   0|   32|          0|
    |p_cast2_reg_23877                             |   61|   0|   61|          0|
    |p_cast4_reg_23955                             |   61|   0|   61|          0|
    |p_cast6_reg_23995                             |   61|   0|   61|          0|
    |prefix_code_V_1_reg_13021                     |   13|   0|   13|          0|
    |prefix_code_V_3_reg_13222                     |   13|   0|   13|          0|
    |prefix_code_V_reg_23538                       |    8|   0|    8|          0|
    |residual_loop_index_reg_13311                 |    1|   0|    1|          0|
    |ret_2_reg_23658                               |    9|   0|    9|          0|
    |sext_ln124_reg_23548                          |   32|   0|   32|          0|
    |sext_ln71_reg_23413                           |   32|   0|   32|          0|
    |shift_2_reg_13151                             |    8|   0|    8|          0|
    |shift_3_reg_13235                             |    8|   0|    8|          0|
    |shift_5_reg_13267                             |    8|   0|    8|          0|
    |shift_reg_12997                               |    8|   0|    8|          0|
    |shiftreg_reg_12919                            |   64|   0|   64|          0|
    |shl_ln303_2_reg_24047                         |   64|   0|   64|          0|
    |shl_ln303_reg_24042                           |    8|   0|    8|          0|
    |store_array_addr_3_reg_23612                  |   12|   0|   12|          0|
    |store_array_addr_4_reg_23606                  |   12|   0|   12|          0|
    |store_array_addr_8_reg_23806                  |   12|   0|   12|          0|
    |store_array_addr_9_reg_23800                  |   12|   0|   12|          0|
    |sub_ln299_cast39_reg_23914                    |   64|   0|   64|          0|
    |sub_ln299_reg_23908                           |   17|   0|   17|          0|
    |trunc_ln107_2_reg_23516                       |   61|   0|   61|          0|
    |trunc_ln107_reg_23428                         |    3|   0|    3|          0|
    |trunc_ln124_1_reg_23582                       |   15|   0|   15|          0|
    |trunc_ln124_reg_23563                         |    4|   0|    4|          0|
    |trunc_ln126_1_reg_23572                       |   61|   0|   61|          0|
    |trunc_ln299_1_reg_23903                       |   15|   0|   15|          0|
    |trunc_ln299_reg_23898                         |    1|   0|    1|          0|
    |trunc_ln2_reg_24032                           |   61|   0|   61|          0|
    |trunc_ln303_reg_23443                         |    3|   0|    3|          0|
    |trunc_ln73_1_reg_23477                        |    2|   0|    3|          1|
    |trunc_ln73_2_reg_23466                        |   61|   0|   61|          0|
    |trunc_ln73_3_reg_23461                        |    2|   0|    2|          0|
    |trunc_ln73_reg_23423                          |    3|   0|    3|          0|
    |trunc_ln_reg_15320                            |   61|   0|   61|          0|
    |valid_1_reg_23772                             |    1|   0|    1|          0|
    |zext_ln267_reg_23598                          |   13|   0|   14|          1|
    |zext_ln290_reg_23848                          |   16|   0|   32|         16|
    |zext_ln296_reg_23843                          |   16|   0|   17|          1|
    |zext_ln302_1_reg_23645                        |   13|   0|   16|          3|
    |zext_ln302_reg_23640                          |   13|   0|   14|          1|
    |zext_ln48_reg_23487                           |    3|   0|   64|         61|
    |zext_ln546_1_reg_23635                        |   13|   0|   32|         19|
    |zext_ln546_reg_23592                          |   13|   0|   32|         19|
    |zext_ln73_reg_23456                           |   32|   0|   64|         32|
    |exitcond24_reg_23863                          |   64|  32|    1|          0|
    |exitcond25_reg_23941                          |   64|  32|    1|          0|
    |exitcond26tmp_reg_23986                       |   64|  32|    1|          0|
    +----------------------------------------------+-----+----+-----+-----------+
    |Total                                         | 3766|  96| 3738|        161|
    +----------------------------------------------+-----+----+-----+-----------+



================================================================
== Interface
================================================================
* Summary: 
+-----------------------+-----+-----+---------------+--------------+--------------+
|       RTL Ports       | Dir | Bits|    Protocol   | Source Object|    C Type    |
+-----------------------+-----+-----+---------------+--------------+--------------+
|s_axi_control_AWVALID  |   in|    1|          s_axi|       control|        scalar|
|s_axi_control_AWREADY  |  out|    1|          s_axi|       control|        scalar|
|s_axi_control_AWADDR   |   in|    6|          s_axi|       control|        scalar|
|s_axi_control_WVALID   |   in|    1|          s_axi|       control|        scalar|
|s_axi_control_WREADY   |  out|    1|          s_axi|       control|        scalar|
|s_axi_control_WDATA    |   in|   32|          s_axi|       control|        scalar|
|s_axi_control_WSTRB    |   in|    4|          s_axi|       control|        scalar|
|s_axi_control_ARVALID  |   in|    1|          s_axi|       control|        scalar|
|s_axi_control_ARREADY  |  out|    1|          s_axi|       control|        scalar|
|s_axi_control_ARADDR   |   in|    6|          s_axi|       control|        scalar|
|s_axi_control_RVALID   |  out|    1|          s_axi|       control|        scalar|
|s_axi_control_RREADY   |   in|    1|          s_axi|       control|        scalar|
|s_axi_control_RDATA    |  out|   32|          s_axi|       control|        scalar|
|s_axi_control_RRESP    |  out|    2|          s_axi|       control|        scalar|
|s_axi_control_BVALID   |  out|    1|          s_axi|       control|        scalar|
|s_axi_control_BREADY   |   in|    1|          s_axi|       control|        scalar|
|s_axi_control_BRESP    |  out|    2|          s_axi|       control|        scalar|
|ap_clk                 |   in|    1|  ap_ctrl_chain|      krnl_LZW|  return value|
|ap_rst_n               |   in|    1|  ap_ctrl_chain|      krnl_LZW|  return value|
|interrupt              |  out|    1|  ap_ctrl_chain|      krnl_LZW|  return value|
|m_axi_gmem_AWVALID     |  out|    1|          m_axi|          gmem|       pointer|
|m_axi_gmem_AWREADY     |   in|    1|          m_axi|          gmem|       pointer|
|m_axi_gmem_AWADDR      |  out|   64|          m_axi|          gmem|       pointer|
|m_axi_gmem_AWID        |  out|    1|          m_axi|          gmem|       pointer|
|m_axi_gmem_AWLEN       |  out|    8|          m_axi|          gmem|       pointer|
|m_axi_gmem_AWSIZE      |  out|    3|          m_axi|          gmem|       pointer|
|m_axi_gmem_AWBURST     |  out|    2|          m_axi|          gmem|       pointer|
|m_axi_gmem_AWLOCK      |  out|    2|          m_axi|          gmem|       pointer|
|m_axi_gmem_AWCACHE     |  out|    4|          m_axi|          gmem|       pointer|
|m_axi_gmem_AWPROT      |  out|    3|          m_axi|          gmem|       pointer|
|m_axi_gmem_AWQOS       |  out|    4|          m_axi|          gmem|       pointer|
|m_axi_gmem_AWREGION    |  out|    4|          m_axi|          gmem|       pointer|
|m_axi_gmem_AWUSER      |  out|    1|          m_axi|          gmem|       pointer|
|m_axi_gmem_WVALID      |  out|    1|          m_axi|          gmem|       pointer|
|m_axi_gmem_WREADY      |   in|    1|          m_axi|          gmem|       pointer|
|m_axi_gmem_WDATA       |  out|   64|          m_axi|          gmem|       pointer|
|m_axi_gmem_WSTRB       |  out|    8|          m_axi|          gmem|       pointer|
|m_axi_gmem_WLAST       |  out|    1|          m_axi|          gmem|       pointer|
|m_axi_gmem_WID         |  out|    1|          m_axi|          gmem|       pointer|
|m_axi_gmem_WUSER       |  out|    1|          m_axi|          gmem|       pointer|
|m_axi_gmem_ARVALID     |  out|    1|          m_axi|          gmem|       pointer|
|m_axi_gmem_ARREADY     |   in|    1|          m_axi|          gmem|       pointer|
|m_axi_gmem_ARADDR      |  out|   64|          m_axi|          gmem|       pointer|
|m_axi_gmem_ARID        |  out|    1|          m_axi|          gmem|       pointer|
|m_axi_gmem_ARLEN       |  out|    8|          m_axi|          gmem|       pointer|
|m_axi_gmem_ARSIZE      |  out|    3|          m_axi|          gmem|       pointer|
|m_axi_gmem_ARBURST     |  out|    2|          m_axi|          gmem|       pointer|
|m_axi_gmem_ARLOCK      |  out|    2|          m_axi|          gmem|       pointer|
|m_axi_gmem_ARCACHE     |  out|    4|          m_axi|          gmem|       pointer|
|m_axi_gmem_ARPROT      |  out|    3|          m_axi|          gmem|       pointer|
|m_axi_gmem_ARQOS       |  out|    4|          m_axi|          gmem|       pointer|
|m_axi_gmem_ARREGION    |  out|    4|          m_axi|          gmem|       pointer|
|m_axi_gmem_ARUSER      |  out|    1|          m_axi|          gmem|       pointer|
|m_axi_gmem_RVALID      |   in|    1|          m_axi|          gmem|       pointer|
|m_axi_gmem_RREADY      |  out|    1|          m_axi|          gmem|       pointer|
|m_axi_gmem_RDATA       |   in|   64|          m_axi|          gmem|       pointer|
|m_axi_gmem_RLAST       |   in|    1|          m_axi|          gmem|       pointer|
|m_axi_gmem_RID         |   in|    1|          m_axi|          gmem|       pointer|
|m_axi_gmem_RUSER       |   in|    1|          m_axi|          gmem|       pointer|
|m_axi_gmem_RRESP       |   in|    2|          m_axi|          gmem|       pointer|
|m_axi_gmem_BVALID      |   in|    1|          m_axi|          gmem|       pointer|
|m_axi_gmem_BREADY      |  out|    1|          m_axi|          gmem|       pointer|
|m_axi_gmem_BRESP       |   in|    2|          m_axi|          gmem|       pointer|
|m_axi_gmem_BID         |   in|    1|          m_axi|          gmem|       pointer|
|m_axi_gmem_BUSER       |   in|    1|          m_axi|          gmem|       pointer|
+-----------------------+-----+-----+---------------+--------------+--------------+

