

================================================================
== Synthesis Summary Report of 'krnl_LZW'
================================================================
+ General Information: 
    * Date:           Thu Dec  7 21:19:20 2023
    * Version:        2020.2 (Build 3064766 on Wed Nov 18 09:12:47 MST 2020)
    * Project:        Final_Optimization
    * Solution:       solution1 (Vitis Kernel Flow Target)
    * Product family: zynquplus
    * Target device:  xczu3eg-sbva484-1-i
    

+ Performance & Resource Estimates: 
    
    PS: '+' for module; 'o' for loop; '*' for dataflow
    +-----------------------------------------------+--------+-------+---------+-----------+----------+---------+-------+----------+----------+----+-----------+-------------+-----+
    |                    Modules                    |  Issue |       | Latency |  Latency  | Iteration|         |  Trip |          |          |    |           |             |     |
    |                    & Loops                    |  Type  | Slack | (cycles)|    (ns)   |  Latency | Interval| Count | Pipelined|   BRAM   | DSP|     FF    |     LUT     | URAM|
    +-----------------------------------------------+--------+-------+---------+-----------+----------+---------+-------+----------+----------+----+-----------+-------------+-----+
    |+ krnl_LZW*                                    |  Timing|   0.00|        -|          -|         -|        -|      -|  dataflow|  84 (19%)|   -|  5450 (3%)|  18967 (26%)|    -|
    | + grp_Loop_VITIS_LOOP_325_2_proc_fu_158       |  Timing|   0.00|        -|          -|         -|        -|      -|        no|  76 (17%)|   -|  2684 (1%)|  15524 (22%)|    -|
    |  + grp_compute_LZW_fu_612                     |       -|  -1.15|  9666524|  6.445e+07|         -|  9666524|      -|        no|  76 (17%)|   -|  915 (~0%)|  11877 (16%)|    -|
    |   o VITIS_LOOP_67_1                           |       -|  -4.87|    32768|  2.185e+05|         1|        1|  32768|       yes|         -|   -|          -|            -|    -|
    |   o VITIS_LOOP_93_4                           |       -|  -4.87|  9633498|  6.423e+07|       147|        -|  65534|        no|         -|   -|          -|            -|    -|
    |    o VITIS_LOOP_11_1                          |       -|  -4.87|       21|    140.007|         1|        1|     21|       yes|         -|   -|          -|            -|    -|
    |    o VITIS_LOOP_129_6                         |       -|  -4.87|       72|    480.024|         1|        1|     72|       yes|         -|   -|          -|            -|    -|
    |    o VITIS_LOOP_11_1                          |       -|  -4.87|       21|    140.007|         1|        1|     21|       yes|         -|   -|          -|            -|    -|
    |    o VITIS_LOOP_11_1                          |       -|  -4.87|       21|    140.007|         1|        1|     21|       yes|         -|   -|          -|            -|    -|
    |  o VITIS_LOOP_325_2                           |       -|  -4.87|        -|          -|         -|        -|      -|        no|         -|   -|          -|            -|    -|
    |   o mem_rd                                    |       -|  -4.87|    65606|  4.374e+05|        73|        1|  65535|       yes|         -|   -|          -|            -|    -|
    |   o VITIS_LOOP_232_1                          |      II|  -4.87|        -|          -|         2|        2|      -|       yes|         -|   -|          -|            -|    -|
    |   o VITIS_LOOP_325_2.3                        |       -|  -4.87|        2|     13.334|         2|        1|      2|       yes|         -|   -|          -|            -|    -|
    |   o VITIS_LOOP_325_2.4                        |       -|  -4.87|    32768|  2.185e+05|         3|        1|  32767|       yes|         -|   -|          -|            -|    -|
    |   o VITIS_LOOP_325_2.5                        |       -|  -4.87|       70|    466.690|        71|        1|      1|       yes|         -|   -|          -|            -|    -|
    | + grp_Loop_VITIS_LOOP_318_1_proc_fu_180       |  Timing|   0.00|       77|    513.359|         -|       77|      -|        no|         -|   -|  175 (~0%)|    525 (~0%)|    -|
    |  o VITIS_LOOP_318_1                           |       -|  -4.87|        5|     33.335|         3|        1|      4|       yes|         -|   -|          -|            -|    -|
    | + call_ret8_Block_krnl_LZW_exit1_proc_fu_188  |       -|  -1.23|        0|      0.000|         -|        0|      -|        no|         -|   -|   67 (~0%)|    109 (~0%)|    -|
    | + call_ln299_krnl_LZW_entry4_fu_193           |       -|  -2.70|        0|      0.000|         -|        0|      -|        no|         -|   -|    3 (~0%)|     65 (~0%)|    -|
    +-----------------------------------------------+--------+-------+---------+-----------+----------+---------+-------+----------+----------+----+-----------+-------------+-----+

