

================================================================
== Vitis HLS Report for 'Block_entry_proc_proc'
================================================================
* Date:           Fri Dec  8 11:43:54 2023

* Version:        2020.2 (Build 3064766 on Wed Nov 18 09:12:47 MST 2020)
* Project:        Final_Optimization
* Solution:       solution1 (Vitis Kernel Flow Target)
* Product family: zynquplus
* Target device:  xczu3eg-sbva484-1-i


================================================================
== Performance Estimates
================================================================
+ Timing: 
    * Summary: 
    +--------+---------+----------+------------+
    |  Clock |  Target | Estimated| Uncertainty|
    +--------+---------+----------+------------+
    |ap_clk  |  6.67 ns|  2.167 ns|     1.80 ns|
    +--------+---------+----------+------------+

+ Latency: 
    * Summary: 
    +---------+---------+----------+----------+-----+-----+---------+
    |  Latency (cycles) |  Latency (absolute) |  Interval | Pipeline|
    |   min   |   max   |    min   |    max   | min | max |   Type  |
    +---------+---------+----------+----------+-----+-----+---------+
    |        0|        0|      0 ns|      0 ns|    0|    0|     none|
    +---------+---------+----------+----------+-----+-----+---------+

    + Detail: 
        * Instance: 
        N/A

        * Loop: 
        N/A



================================================================
== Utilization Estimates
================================================================
* Summary: 
+-----------------+---------+-----+--------+-------+-----+
|       Name      | BRAM_18K| DSP |   FF   |  LUT  | URAM|
+-----------------+---------+-----+--------+-------+-----+
|DSP              |        -|    -|       -|      -|    -|
|Expression       |        -|    -|       0|      2|    -|
|FIFO             |        -|    -|       -|      -|    -|
|Instance         |        -|    -|       -|      -|    -|
|Memory           |        -|    -|       -|      -|    -|
|Multiplexer      |        -|    -|       -|     27|    -|
|Register         |        -|    -|      18|      -|    -|
+-----------------+---------+-----+--------+-------+-----+
|Total            |        0|    0|      18|     29|    0|
+-----------------+---------+-----+--------+-------+-----+
|Available        |      432|  360|  141120|  70560|    0|
+-----------------+---------+-----+--------+-------+-----+
|Utilization (%)  |        0|    0|      ~0|     ~0|    0|
+-----------------+---------+-----+--------+-------+-----+

+ Detail: 
    * Instance: 
    N/A

    * DSP: 
    N/A

    * Memory: 
    N/A

    * FIFO: 
    N/A

    * Expression: 
    +-----------------+----------+----+---+----+------------+------------+
    |  Variable Name  | Operation| DSP| FF| LUT| Bitwidth P0| Bitwidth P1|
    +-----------------+----------+----+---+----+------------+------------+
    |ap_block_state1  |        or|   0|  0|   2|           1|           1|
    +-----------------+----------+----+---+----+------------+------------+
    |Total            |          |   0|  0|   2|           1|           1|
    +-----------------+----------+----+---+----+------------+------------+

    * Multiplexer: 
    +--------------------------+----+-----------+-----+-----------+
    |           Name           | LUT| Input Size| Bits| Total Bits|
    +--------------------------+----+-----------+-----+-----------+
    |ap_done                   |   9|          2|    1|          2|
    |empty                     |   9|          2|   16|         32|
    |inStream_in_length_blk_n  |   9|          2|    1|          2|
    +--------------------------+----+-----------+-----+-----------+
    |Total                     |  27|          6|   18|         36|
    +--------------------------+----+-----------+-----+-----------+

    * Register: 
    +-------------+----+----+-----+-----------+
    |     Name    | FF | LUT| Bits| Const Bits|
    +-------------+----+----+-----+-----------+
    |ap_CS_fsm    |   1|   0|    1|          0|
    |ap_done_reg  |   1|   0|    1|          0|
    |empty_preg   |  16|   0|   16|          0|
    +-------------+----+----+-----+-----------+
    |Total        |  18|   0|   18|          0|
    +-------------+----+----+-----+-----------+



================================================================
== Interface
================================================================
* Summary: 
+----------------------------+-----+-----+------------+-----------------------+--------------+
|          RTL Ports         | Dir | Bits|  Protocol  |     Source Object     |    C Type    |
+----------------------------+-----+-----+------------+-----------------------+--------------+
|ap_clk                      |   in|    1|  ap_ctrl_hs|  Block_entry_proc_proc|  return value|
|ap_rst                      |   in|    1|  ap_ctrl_hs|  Block_entry_proc_proc|  return value|
|ap_start                    |   in|    1|  ap_ctrl_hs|  Block_entry_proc_proc|  return value|
|ap_done                     |  out|    1|  ap_ctrl_hs|  Block_entry_proc_proc|  return value|
|ap_continue                 |   in|    1|  ap_ctrl_hs|  Block_entry_proc_proc|  return value|
|ap_idle                     |  out|    1|  ap_ctrl_hs|  Block_entry_proc_proc|  return value|
|ap_ready                    |  out|    1|  ap_ctrl_hs|  Block_entry_proc_proc|  return value|
|empty                       |  out|   16|      ap_vld|                  empty|       pointer|
|empty_ap_vld                |  out|    1|      ap_vld|                  empty|       pointer|
|inStream_in_length_dout     |   in|   16|     ap_fifo|     inStream_in_length|       pointer|
|inStream_in_length_empty_n  |   in|    1|     ap_fifo|     inStream_in_length|       pointer|
|inStream_in_length_read     |  out|    1|     ap_fifo|     inStream_in_length|       pointer|
+----------------------------+-----+-----+------------+-----------------------+--------------+

