

================================================================
== Vitis HLS Report for 'dataflow_in_loop_VITIS_LOOP_346_2_entry6'
================================================================
* Date:           Fri Dec  8 11:43:54 2023

* Version:        2020.2 (Build 3064766 on Wed Nov 18 09:12:47 MST 2020)
* Project:        Final_Optimization
* Solution:       solution1 (Vitis Kernel Flow Target)
* Product family: zynquplus
* Target device:  xczu3eg-sbva484-1-i


================================================================
== Performance Estimates
================================================================
+ Timing: 
    * Summary: 
    +--------+---------+----------+------------+
    |  Clock |  Target | Estimated| Uncertainty|
    +--------+---------+----------+------------+
    |ap_clk  |  6.67 ns|  4.334 ns|     1.80 ns|
    +--------+---------+----------+------------+

+ Latency: 
    * Summary: 
    +---------+---------+----------+----------+-----+-----+---------+
    |  Latency (cycles) |  Latency (absolute) |  Interval | Pipeline|
    |   min   |   max   |    min   |    max   | min | max |   Type  |
    +---------+---------+----------+----------+-----+-----+---------+
    |        0|        0|      0 ns|      0 ns|    0|    0|     none|
    +---------+---------+----------+----------+-----+-----+---------+

    + Detail: 
        * Instance: 
        N/A

        * Loop: 
        N/A



================================================================
== Utilization Estimates
================================================================
* Summary: 
+-----------------+---------+-----+--------+-------+-----+
|       Name      | BRAM_18K| DSP |   FF   |  LUT  | URAM|
+-----------------+---------+-----+--------+-------+-----+
|DSP              |        -|    -|       -|      -|    -|
|Expression       |        -|    -|       0|      2|    -|
|FIFO             |        -|    -|       -|      -|    -|
|Instance         |        -|    -|       -|      -|    -|
|Memory           |        -|    -|       -|      -|    -|
|Multiplexer      |        -|    -|       -|     81|    -|
|Register         |        -|    -|       2|      -|    -|
+-----------------+---------+-----+--------+-------+-----+
|Total            |        0|    0|       2|     83|    0|
+-----------------+---------+-----+--------+-------+-----+
|Available        |      432|  360|  141120|  70560|    0|
+-----------------+---------+-----+--------+-------+-----+
|Utilization (%)  |        0|    0|      ~0|     ~0|    0|
+-----------------+---------+-----+--------+-------+-----+

+ Detail: 
    * Instance: 
    N/A

    * DSP: 
    N/A

    * Memory: 
    N/A

    * FIFO: 
    N/A

    * Expression: 
    +-----------------+----------+----+---+----+------------+------------+
    |  Variable Name  | Operation| DSP| FF| LUT| Bitwidth P0| Bitwidth P1|
    +-----------------+----------+----+---+----+------------+------------+
    |ap_block_state1  |        or|   0|  0|   2|           1|           1|
    +-----------------+----------+----+---+----+------------+------------+
    |Total            |          |   0|  0|   2|           1|           1|
    +-----------------+----------+----+---+----+------------+------------+

    * Multiplexer: 
    +-------------------------+----+-----------+-----+-----------+
    |           Name          | LUT| Input Size| Bits| Total Bits|
    +-------------------------+----+-----------+-----+-----------+
    |ap_done                  |   9|          2|    1|          2|
    |i_1_blk_n                |   9|          2|    1|          2|
    |i_1_out_blk_n            |   9|          2|    1|          2|
    |input_out_blk_n          |   9|          2|    1|          2|
    |input_r_blk_n            |   9|          2|    1|          2|
    |output_length_blk_n      |   9|          2|    1|          2|
    |output_length_out_blk_n  |   9|          2|    1|          2|
    |send_data_blk_n          |   9|          2|    1|          2|
    |send_data_out_blk_n      |   9|          2|    1|          2|
    +-------------------------+----+-----------+-----+-----------+
    |Total                    |  81|         18|    9|         18|
    +-------------------------+----+-----------+-----+-----------+

    * Register: 
    +-------------+---+----+-----+-----------+
    |     Name    | FF| LUT| Bits| Const Bits|
    +-------------+---+----+-----+-----------+
    |ap_CS_fsm    |  1|   0|    1|          0|
    |ap_done_reg  |  1|   0|    1|          0|
    +-------------+---+----+-----+-----------+
    |Total        |  2|   0|    2|          0|
    +-------------+---+----+-----+-----------+



================================================================
== Interface
================================================================
* Summary: 
+--------------------------+-----+-----+------------+------------------------------------------+--------------+
|         RTL Ports        | Dir | Bits|  Protocol  |               Source Object              |    C Type    |
+--------------------------+-----+-----+------------+------------------------------------------+--------------+
|ap_clk                    |   in|    1|  ap_ctrl_hs|  dataflow_in_loop_VITIS_LOOP_346_2.entry6|  return value|
|ap_rst                    |   in|    1|  ap_ctrl_hs|  dataflow_in_loop_VITIS_LOOP_346_2.entry6|  return value|
|ap_start                  |   in|    1|  ap_ctrl_hs|  dataflow_in_loop_VITIS_LOOP_346_2.entry6|  return value|
|ap_done                   |  out|    1|  ap_ctrl_hs|  dataflow_in_loop_VITIS_LOOP_346_2.entry6|  return value|
|ap_continue               |   in|    1|  ap_ctrl_hs|  dataflow_in_loop_VITIS_LOOP_346_2.entry6|  return value|
|ap_idle                   |  out|    1|  ap_ctrl_hs|  dataflow_in_loop_VITIS_LOOP_346_2.entry6|  return value|
|ap_ready                  |  out|    1|  ap_ctrl_hs|  dataflow_in_loop_VITIS_LOOP_346_2.entry6|  return value|
|input_r_dout              |   in|   64|     ap_fifo|                                   input_r|       pointer|
|input_r_empty_n           |   in|    1|     ap_fifo|                                   input_r|       pointer|
|input_r_read              |  out|    1|     ap_fifo|                                   input_r|       pointer|
|send_data_dout            |   in|   64|     ap_fifo|                                 send_data|       pointer|
|send_data_empty_n         |   in|    1|     ap_fifo|                                 send_data|       pointer|
|send_data_read            |  out|    1|     ap_fifo|                                 send_data|       pointer|
|i_1_dout                  |   in|    7|     ap_fifo|                                       i_1|       pointer|
|i_1_empty_n               |   in|    1|     ap_fifo|                                       i_1|       pointer|
|i_1_read                  |  out|    1|     ap_fifo|                                       i_1|       pointer|
|output_length_dout        |   in|   64|     ap_fifo|                             output_length|       pointer|
|output_length_empty_n     |   in|    1|     ap_fifo|                             output_length|       pointer|
|output_length_read        |  out|    1|     ap_fifo|                             output_length|       pointer|
|input_out_din             |  out|   64|     ap_fifo|                                 input_out|       pointer|
|input_out_full_n          |   in|    1|     ap_fifo|                                 input_out|       pointer|
|input_out_write           |  out|    1|     ap_fifo|                                 input_out|       pointer|
|send_data_out_din         |  out|   64|     ap_fifo|                             send_data_out|       pointer|
|send_data_out_full_n      |   in|    1|     ap_fifo|                             send_data_out|       pointer|
|send_data_out_write       |  out|    1|     ap_fifo|                             send_data_out|       pointer|
|i_1_out_din               |  out|    7|     ap_fifo|                                   i_1_out|       pointer|
|i_1_out_full_n            |   in|    1|     ap_fifo|                                   i_1_out|       pointer|
|i_1_out_write             |  out|    1|     ap_fifo|                                   i_1_out|       pointer|
|output_length_out_din     |  out|   64|     ap_fifo|                         output_length_out|       pointer|
|output_length_out_full_n  |   in|    1|     ap_fifo|                         output_length_out|       pointer|
|output_length_out_write   |  out|    1|     ap_fifo|                         output_length_out|       pointer|
+--------------------------+-----+-----+------------+------------------------------------------+--------------+

