

================================================================
== Vitis HLS Report for 'krnl_LZW'
================================================================
* Date:           Fri Dec  8 18:09:51 2023

* Version:        2020.2 (Build 3064766 on Wed Nov 18 09:12:47 MST 2020)
* Project:        Final_Optimization
* Solution:       solution1 (Vitis Kernel Flow Target)
* Product family: zynquplus
* Target device:  xczu3eg-sbva484-1-i


================================================================
== Performance Estimates
================================================================
+ Timing: 
    * Summary: 
    +--------+---------+----------+------------+
    |  Clock |  Target | Estimated| Uncertainty|
    +--------+---------+----------+------------+
    |ap_clk  |  6.67 ns|  4.867 ns|     1.80 ns|
    +--------+---------+----------+------------+

+ Latency: 
    * Summary: 
    +---------+---------+----------+----------+-----+-----+---------+
    |  Latency (cycles) |  Latency (absolute) |  Interval | Pipeline|
    |   min   |   max   |    min   |    max   | min | max |   Type  |
    +---------+---------+----------+----------+-----+-----+---------+
    |        ?|        ?|         ?|         ?|    ?|    ?|     none|
    +---------+---------+----------+----------+-----+-----+---------+

    + Detail: 
        * Instance: 
        N/A

        * Loop: 
        +-----------------------+---------+---------+----------+-----------+-----------+-----------+----------+
        |                       |  Latency (cycles) | Iteration|  Initiation Interval  |    Trip   |          |
        |       Loop Name       |   min   |   max   |  Latency |  achieved |   target  |   Count   | Pipelined|
        +-----------------------+---------+---------+----------+-----------+-----------+-----------+----------+
        |- VITIS_LOOP_65_1      |      101|      101|         3|          1|          1|        100|       yes|
        |- VITIS_LOOP_71_2      |        ?|        ?|         ?|          -|          -|          ?|        no|
        | + VITIS_LOOP_84_3     |    32768|    32768|         1|          1|          1|      32768|       yes|
        | + VITIS_LOOP_92_5     |      512|      512|         1|          1|          1|        512|       yes|
        | + VITIS_LOOP_124_7    |        ?|        ?|  98 ~ 220|          -|          -|          ?|        no|
        |  ++ VITIS_LOOP_7_1    |       21|       21|         1|          1|          1|         21|       yes|
        |  ++ VITIS_LOOP_159_9  |        1|       72|         1|          1|          1|     1 ~ 72|       yes|
        |  ++ VITIS_LOOP_7_1    |       21|       21|         1|          1|          1|         21|       yes|
        |  ++ VITIS_LOOP_7_1    |       21|       21|         1|          1|          1|         21|       yes|
        | + VITIS_LOOP_71_2.4   |       71|       71|        71|          1|          1|          2|       yes|
        | + VITIS_LOOP_71_2.5   |        0|    32836|        71|          1|          1|  0 ~ 32767|       yes|
        | + VITIS_LOOP_71_2.6   |        0|       70|        71|          1|          1|      0 ~ 1|       yes|
        +-----------------------+---------+---------+----------+-----------+-----------+-----------+----------+



================================================================
== Utilization Estimates
================================================================
* Summary: 
+-----------------+---------+-----+--------+-------+-----+
|       Name      | BRAM_18K| DSP |   FF   |  LUT  | URAM|
+-----------------+---------+-----+--------+-------+-----+
|DSP              |        -|    -|       -|      -|    -|
|Expression       |        -|    -|       0|   5226|    -|
|FIFO             |        -|    -|       -|      -|    -|
|Instance         |        4|    -|     882|   1318|    -|
|Memory           |       74|    -|      26|     15|    -|
|Multiplexer      |        -|    -|       -|   3416|    -|
|Register         |        -|    -|    3580|     96|    -|
+-----------------+---------+-----+--------+-------+-----+
|Total            |       78|    0|    4488|  10071|    0|
+-----------------+---------+-----+--------+-------+-----+
|Available        |      432|  360|  141120|  70560|    0|
+-----------------+---------+-----+--------+-------+-----+
|Utilization (%)  |       18|    0|       3|     14|    0|
+-----------------+---------+-----+--------+-------+-----+

+ Detail: 
    * Instance: 
    +-----------------+---------------+---------+----+-----+-----+-----+
    |     Instance    |     Module    | BRAM_18K| DSP|  FF | LUT | URAM|
    +-----------------+---------------+---------+----+-----+-----+-----+
    |control_s_axi_U  |control_s_axi  |        0|   0|  316|  552|    0|
    |gmem_m_axi_U     |gmem_m_axi     |        4|   0|  566|  766|    0|
    +-----------------+---------------+---------+----+-----+-----+-----+
    |Total            |               |        4|   0|  882| 1318|    0|
    +-----------------+---------------+---------+----+-----+-----+-----+

    * DSP: 
    N/A

    * Memory: 
    +---------------------------------+------------------------------+---------+----+----+-----+-------+-----+------+-------------+
    |              Memory             |            Module            | BRAM_18K| FF | LUT| URAM| Words | Bits| Banks| W*Bits*Banks|
    +---------------------------------+------------------------------+---------+----+----+-----+-------+-----+------+-------------+
    |hash_table_V_0_U                 |hash_table_V_0                |       64|   0|   0|    0|  32768|   35|     1|      1146880|
    |my_assoc_mem_upper_key_mem_V_U   |my_assoc_mem_upper_key_mem_V  |        2|   0|   0|    0|    512|   72|     1|        36864|
    |my_assoc_mem_middle_key_mem_V_U  |my_assoc_mem_upper_key_mem_V  |        2|   0|   0|    0|    512|   72|     1|        36864|
    |my_assoc_mem_lower_key_mem_V_U   |my_assoc_mem_upper_key_mem_V  |        2|   0|   0|    0|    512|   72|     1|        36864|
    |my_assoc_mem_value_V_U           |my_assoc_mem_value_V          |        0|  26|  15|    0|     72|   13|     1|          936|
    |store_array_U                    |store_array                   |        4|   0|   0|    0|   4096|   16|     1|        65536|
    +---------------------------------+------------------------------+---------+----+----+-----+-------+-----+------+-------------+
    |Total                            |                              |       74|  26|  15|    0|  38472|  280|     6|      1323944|
    +---------------------------------+------------------------------+---------+----+----+-----+-------+-----+------+-------------+

    * FIFO: 
    N/A

    * Expression: 
    +-------------------------------------+----------+----+---+-----+------------+------------+
    |            Variable Name            | Operation| DSP| FF| LUT | Bitwidth P0| Bitwidth P1|
    +-------------------------------------+----------+----+---+-----+------------+------------+
    |add_ln107_1_fu_2030_p2               |         +|   0|  0|   10|           3|           3|
    |add_ln107_fu_2015_p2                 |         +|   0|  0|   71|          64|          64|
    |add_ln126_1_fu_2111_p2               |         +|   0|  0|   71|          64|          64|
    |add_ln126_2_fu_2082_p2               |         +|   0|  0|   10|           3|           1|
    |add_ln126_3_fu_2126_p2               |         +|   0|  0|   10|           3|           3|
    |add_ln126_fu_2087_p2                 |         +|   0|  0|   39|          32|           1|
    |add_ln250_fu_2841_p2                 |         +|   0|  0|   19|          12|           2|
    |add_ln282_fu_2156_p2                 |         +|   0|  0|   19|          12|           2|
    |add_ln303_1_fu_3677_p2               |         +|   0|  0|   71|          64|          64|
    |add_ln303_2_fu_3685_p2               |         +|   0|  0|   10|           3|           3|
    |add_ln303_fu_3672_p2                 |         +|   0|  0|   23|          16|           3|
    |add_ln305_fu_3699_p2                 |         +|   0|  0|   24|          17|           1|
    |add_ln5_1_fu_2621_p2                 |         +|   0|  0|   22|          15|          15|
    |add_ln5_2_fu_2804_p2                 |         +|   0|  0|   22|          15|          15|
    |add_ln5_fu_2373_p2                   |         +|   0|  0|   22|          15|          15|
    |add_ln65_fu_1794_p2                  |         +|   0|  0|   14|           7|           1|
    |add_ln67_fu_1841_p2                  |         +|   0|  0|   15|           8|           1|
    |add_ln71_fu_1877_p2                  |         +|   0|  0|   39|          32|           1|
    |add_ln73_1_fu_1936_p2                |         +|   0|  0|   10|           3|           3|
    |add_ln73_fu_1904_p2                  |         +|   0|  0|   71|          64|          64|
    |add_ln84_fu_1953_p2                  |         +|   0|  0|   23|          16|           1|
    |add_ln92_fu_1970_p2                  |         +|   0|  0|   17|          10|           1|
    |add_ptr324_sum2_fu_3240_p2           |         +|   0|  0|   40|          33|          33|
    |address_1_fu_2479_p2                 |         +|   0|  0|   14|           7|           1|
    |compressed_length_fu_3164_p2         |         +|   0|  0|   23|          16|           2|
    |empty_60_fu_3220_p2                  |         +|   0|  0|    9|           2|           1|
    |empty_66_fu_3261_p2                  |         +|   0|  0|   71|          64|          64|
    |empty_67_fu_3307_p2                  |         +|   0|  0|   10|           3|           3|
    |empty_74_fu_3413_p2                  |         +|   0|  0|   71|          64|          64|
    |empty_75_fu_3418_p2                  |         +|   0|  0|   10|           3|           3|
    |empty_76_fu_3423_p2                  |         +|   0|  0|   22|          15|           1|
    |empty_81_fu_3455_p2                  |         +|   0|  0|   71|          64|          64|
    |empty_82_fu_3481_p2                  |         +|   0|  0|   10|           3|           3|
    |empty_88_fu_3543_p2                  |         +|   0|  0|   20|          13|          13|
    |empty_92_fu_3568_p2                  |         +|   0|  0|    4|          64|          64|
    |empty_93_fu_3629_p2                  |         +|   0|  0|    4|           3|           3|
    |grp_fu_1749_p2                       |         +|   0|  0|   12|           4|           2|
    |grp_fu_1762_p2                       |         +|   0|  0|   15|           8|           5|
    |hashed_10_fu_2557_p2                 |         +|   0|  0|   39|          32|          32|
    |hashed_12_fu_2798_p2                 |         +|   0|  0|   33|          26|          26|
    |hashed_15_fu_2716_p2                 |         +|   0|  0|   39|          32|          32|
    |hashed_16_fu_2728_p2                 |         +|   0|  0|   39|          32|          32|
    |hashed_3_fu_2297_p2                  |         +|   0|  0|   39|          32|          32|
    |hashed_4_fu_2309_p2                  |         +|   0|  0|   39|          32|          32|
    |hashed_6_fu_2615_p2                  |         +|   0|  0|   33|          26|          26|
    |hashed_9_fu_2545_p2                  |         +|   0|  0|   39|          32|          32|
    |hashed_fu_2367_p2                    |         +|   0|  0|   33|          26|          26|
    |i_5_fu_2268_p2                       |         +|   0|  0|   12|           5|           1|
    |i_7_fu_2516_p2                       |         +|   0|  0|   12|           5|           1|
    |i_9_fu_2687_p2                       |         +|   0|  0|   12|           5|           1|
    |input_offset_1_fu_2005_p2            |         +|   0|  0|   39|          32|          32|
    |j_1_fu_3036_p2                       |         +|   0|  0|   22|          15|           2|
    |j_3_fu_2976_p2                       |         +|   0|  0|   23|          16|           1|
    |my_assoc_mem_fill_fu_2877_p2         |         +|   0|  0|   39|          32|           1|
    |next_code_V_1_fu_2983_p2             |         +|   0|  0|   20|          13|           1|
    |output_offset_1_fu_3719_p2           |         +|   0|  0|   39|          32|          32|
    |shift_1_fu_3113_p2                   |         +|   0|  0|   15|           8|           2|
    |sub_fu_2072_p2                       |         +|   0|  0|   24|          17|           2|
    |tmp4_fu_3403_p2                      |         +|   0|  0|   41|          34|           3|
    |tmp5_fu_3563_p2                      |         +|   0|  0|    4|          64|          64|
    |tmp6_fu_3624_p2                      |         +|   0|  0|    4|           3|           3|
    |grp_fu_1769_p2                       |         -|   0|  0|   12|           3|           4|
    |shift_11_fu_2940_p2                  |         -|   0|  0|   13|           6|           5|
    |shift_7_fu_3103_p2                   |         -|   0|  0|   13|           6|           5|
    |sub_ln299_fu_3366_p2                 |         -|   0|  0|   24|          17|          17|
    |and_ln612_1_fu_2467_p2               |       and|   0|  0|   72|          72|          72|
    |and_ln612_2_fu_2495_p2               |       and|   0|  0|   72|          72|          72|
    |and_ln612_fu_2500_p2                 |       and|   0|  0|   72|          72|          72|
    |ap_block_pp0_stage0_11001            |       and|   0|  0|    2|           1|           1|
    |ap_block_pp7_stage0_01001            |       and|   0|  0|    2|           1|           1|
    |ap_block_pp8_stage0_01001            |       and|   0|  0|    2|           1|           1|
    |ap_block_pp9_stage0_01001            |       and|   0|  0|    2|           1|           1|
    |ap_block_state317_io                 |       and|   0|  0|    2|           1|           1|
    |ap_block_state318_io                 |       and|   0|  0|    2|           1|           1|
    |ap_block_state386_pp7_stage0_iter70  |       and|   0|  0|    2|           1|           1|
    |ap_block_state389_io                 |       and|   0|  0|    2|           1|           1|
    |ap_block_state390_io                 |       and|   0|  0|    2|           1|           1|
    |ap_block_state458_pp8_stage0_iter70  |       and|   0|  0|    2|           1|           1|
    |ap_block_state461_io                 |       and|   0|  0|    2|           1|           1|
    |ap_block_state462_io                 |       and|   0|  0|    2|           1|           1|
    |ap_block_state530_pp9_stage0_iter70  |       and|   0|  0|    2|           1|           1|
    |ap_block_state73_pp0_stage0_iter1    |       and|   0|  0|    2|           1|           1|
    |ap_condition_6855                    |       and|   0|  0|    2|           1|           1|
    |ap_predicate_op709_read_state73      |       and|   0|  0|    2|           1|           1|
    |hit_fu_2409_p2                       |       and|   0|  0|    2|           1|           1|
    |exitcond27_fu_3226_p2                |      icmp|   0|  0|    8|           2|           3|
    |exitcond28_fu_3429_p2                |      icmp|   0|  0|   12|          15|          15|
    |grp_fu_1742_p2                       |      icmp|   0|  0|   11|           8|           4|
    |icmp_ln124_fu_2098_p2                |      icmp|   0|  0|   20|          32|          32|
    |icmp_ln159_fu_2473_p2                |      icmp|   0|  0|   10|           7|           7|
    |icmp_ln210_fu_2648_p2                |      icmp|   0|  0|   20|          32|           7|
    |icmp_ln235_fu_2835_p2                |      icmp|   0|  0|   13|          16|           1|
    |icmp_ln267_fu_2135_p2                |      icmp|   0|  0|   13|          16|           1|
    |icmp_ln293_fu_3180_p2                |      icmp|   0|  0|    9|           5|           1|
    |icmp_ln65_fu_1800_p2                 |      icmp|   0|  0|   10|           7|           6|
    |icmp_ln66_1_fu_1835_p2               |      icmp|   0|  0|   13|          16|           1|
    |icmp_ln66_fu_1810_p2                 |      icmp|   0|  0|    8|           2|           1|
    |icmp_ln71_fu_1883_p2                 |      icmp|   0|  0|   20|          32|          32|
    |icmp_ln7_1_fu_2522_p2                |      icmp|   0|  0|    9|           5|           5|
    |icmp_ln7_2_fu_2693_p2                |      icmp|   0|  0|    9|           5|           5|
    |icmp_ln7_fu_2274_p2                  |      icmp|   0|  0|    9|           5|           5|
    |icmp_ln84_fu_1959_p2                 |      icmp|   0|  0|   13|          16|          17|
    |icmp_ln870_fu_2404_p2                |      icmp|   0|  0|   15|          21|          21|
    |icmp_ln92_fu_1976_p2                 |      icmp|   0|  0|   11|          10|          11|
    |p_Result_s_fu_2505_p2                |      icmp|   0|  0|   31|          72|           1|
    |empty_63_fu_3287_p2                  |      lshr|   0|  0|  100|          32|          32|
    |empty_90_fu_3606_p2                  |      lshr|   0|  0|   35|          16|          16|
    |lshr_ln107_fu_2059_p2                |      lshr|   0|  0|  179|          64|          64|
    |lshr_ln126_fu_2227_p2                |      lshr|   0|  0|  179|          64|          64|
    |lshr_ln1497_1_fu_2532_p2             |      lshr|   0|  0|   55|          21|          21|
    |lshr_ln1497_3_fu_2703_p2             |      lshr|   0|  0|   55|          21|          21|
    |lshr_ln1497_fu_2284_p2               |      lshr|   0|  0|   55|          21|          21|
    |lshr_ln244_fu_2911_p2                |      lshr|   0|  0|   29|          14|          14|
    |lshr_ln277_fu_3049_p2                |      lshr|   0|  0|   29|          14|          14|
    |lshr_ln73_fu_1989_p2                 |      lshr|   0|  0|  179|          64|          64|
    |ap_block_pp7_stage0_11001            |        or|   0|  0|    2|           1|           1|
    |ap_block_pp8_stage0_11001            |        or|   0|  0|    2|           1|           1|
    |ap_block_pp9_stage0_11001            |        or|   0|  0|    2|           1|           1|
    |ap_block_state1                      |        or|   0|  0|    2|           1|           1|
    |compressed_length_1_fu_3186_p2       |        or|   0|  0|   16|          16|           1|
    |or_ln244_fu_2924_p2                  |        or|   0|  0|   12|          12|          12|
    |or_ln250_fu_2896_p2                  |        or|   0|  0|   16|          16|          16|
    |or_ln277_fu_3062_p2                  |        or|   0|  0|   12|          12|          12|
    |or_ln282_fu_3007_p2                  |        or|   0|  0|   16|          16|          16|
    |or_ln709_1_fu_2670_p2                |        or|   0|  0|   72|          72|          72|
    |or_ln709_2_fu_2676_p2                |        or|   0|  0|   72|          72|          72|
    |or_ln709_fu_2664_p2                  |        or|   0|  0|   72|          72|          72|
    |code_V_1_fu_2425_p3                  |    select|   0|  0|   13|           1|          13|
    |compressed_length_2_fu_3192_p3       |    select|   0|  0|   16|           1|          16|
    |num_chunks_1_fu_1847_p3              |    select|   0|  0|    8|           1|           8|
    |empty_68_fu_3316_p2                  |       shl|   0|  0|   17|           2|           8|
    |empty_69_fu_3334_p2                  |       shl|   0|  0|  179|          64|          64|
    |empty_83_fu_3490_p2                  |       shl|   0|  0|   17|           2|           8|
    |empty_84_fu_3508_p2                  |       shl|   0|  0|  179|          64|          64|
    |empty_94_fu_3638_p2                  |       shl|   0|  0|   17|           1|           8|
    |empty_95_fu_3656_p2                  |       shl|   0|  0|  179|          64|          64|
    |r_2_fu_2658_p2                       |       shl|   0|  0|  212|           1|          72|
    |shl_ln242_fu_2857_p2                 |       shl|   0|  0|   35|          16|          16|
    |shl_ln250_fu_2887_p2                 |       shl|   0|  0|  100|          32|          32|
    |shl_ln269_fu_3123_p2                 |       shl|   0|  0|  100|          32|          32|
    |shl_ln274_fu_2172_p2                 |       shl|   0|  0|   35|          16|          16|
    |shl_ln282_fu_2998_p2                 |       shl|   0|  0|  100|          32|          32|
    |shl_ln303_2_fu_3748_p2               |       shl|   0|  0|  179|          64|          64|
    |shl_ln303_fu_3731_p2                 |       shl|   0|  0|   17|           2|           8|
    |shl_ln612_fu_2489_p2                 |       shl|   0|  0|  212|           1|          72|
    |ap_enable_pp0                        |       xor|   0|  0|    2|           1|           2|
    |ap_enable_pp7                        |       xor|   0|  0|    2|           1|           2|
    |ap_enable_pp8                        |       xor|   0|  0|    2|           1|           2|
    |ap_enable_pp9                        |       xor|   0|  0|    2|           1|           2|
    |ap_enable_reg_pp0_iter1              |       xor|   0|  0|    2|           2|           1|
    |ap_enable_reg_pp7_iter1              |       xor|   0|  0|    2|           2|           1|
    |ap_enable_reg_pp8_iter1              |       xor|   0|  0|    2|           2|           1|
    |ap_enable_reg_pp9_iter1              |       xor|   0|  0|    2|           2|           1|
    |empty_45_fu_1868_p2                  |       xor|   0|  0|    4|           3|           4|
    |empty_89_fu_3589_p2                  |       xor|   0|  0|    2|           1|           1|
    |empty_98_fu_3583_p2                  |       xor|   0|  0|    2|           1|           2|
    |exitcond29tmp_fu_3530_p2             |       xor|   0|  0|    2|           1|           1|
    |hashed_11_fu_2577_p2                 |       xor|   0|  0|   32|          32|          32|
    |hashed_13_fu_2820_p2                 |       xor|   0|  0|   15|          15|          15|
    |hashed_17_fu_2748_p2                 |       xor|   0|  0|   32|          32|          32|
    |hashed_1_fu_2389_p2                  |       xor|   0|  0|   15|          15|          15|
    |hashed_5_fu_2329_p2                  |       xor|   0|  0|   32|          32|          32|
    |hashed_7_fu_2637_p2                  |       xor|   0|  0|   15|          15|          15|
    +-------------------------------------+----------+----+---+-----+------------+------------+
    |Total                                |          |   0|  0| 5226|        3162|        2876|
    +-------------------------------------+----------+----+---+-----+------------+------------+

    * Multiplexer: 
    +-----------------------------------------------+------+-----------+-----+-----------+
    |                      Name                     |  LUT | Input Size| Bits| Total Bits|
    +-----------------------------------------------+------+-----------+-----+-----------+
    |address_reg_1498                               |     9|          2|    7|         14|
    |ap_NS_fsm                                      |  2058|        390|    1|        390|
    |ap_done                                        |     9|          2|    1|          2|
    |ap_enable_reg_pp0_iter1                        |     9|          2|    1|          2|
    |ap_enable_reg_pp0_iter2                        |     9|          2|    1|          2|
    |ap_enable_reg_pp7_iter1                        |     9|          2|    1|          2|
    |ap_enable_reg_pp7_iter70                       |     9|          2|    1|          2|
    |ap_enable_reg_pp8_iter1                        |     9|          2|    1|          2|
    |ap_enable_reg_pp8_iter70                       |     9|          2|    1|          2|
    |ap_enable_reg_pp9_iter1                        |     9|          2|    1|          2|
    |ap_enable_reg_pp9_iter70                       |     9|          2|    1|          2|
    |ap_phi_mux_code_3651_phi_fu_1601_p6            |     9|          2|   13|         26|
    |ap_phi_mux_empty_43_phi_fu_1330_p4             |    14|          3|   64|        192|
    |ap_phi_mux_j_4_phi_fu_1587_p6                  |    14|          3|   16|         48|
    |ap_phi_mux_j_5_phi_fu_1674_p6                  |     9|          2|   16|         32|
    |ap_phi_mux_my_assoc_mem_fill_2_phi_fu_1614_p6  |     9|          2|   32|         64|
    |ap_phi_mux_next_code_V_2_phi_fu_1630_p6        |     9|          2|   13|         26|
    |ap_phi_mux_prefix_code_V_3_phi_fu_1645_p6      |     9|          2|   13|         26|
    |ap_phi_mux_residual_loop_index_phi_fu_1734_p4  |     9|          2|    1|          2|
    |ap_phi_mux_shift_2_phi_fu_1574_p6              |    14|          3|    8|         24|
    |ap_phi_mux_shift_3_phi_fu_1658_p6              |     9|          2|    8|         16|
    |code_3651_reg_1597                             |    14|          3|   13|         39|
    |code_V_reg_1428                                |     9|          2|   13|         26|
    |gmem_ARADDR                                    |    26|          5|   64|        320|
    |gmem_ARLEN                                     |    14|          3|   32|         96|
    |gmem_AWADDR                                    |    26|          5|   64|        320|
    |gmem_WDATA                                     |    26|          5|   64|        320|
    |gmem_WSTRB                                     |    26|          5|    8|         40|
    |gmem_blk_n_AR                                  |     9|          2|    1|          2|
    |gmem_blk_n_AW                                  |     9|          2|    1|          2|
    |gmem_blk_n_B                                   |     9|          2|    1|          2|
    |gmem_blk_n_R                                   |     9|          2|    1|          2|
    |gmem_blk_n_W                                   |     9|          2|    1|          2|
    |grp_fu_1742_p0                                 |    14|          3|    8|         24|
    |grp_fu_1749_p0                                 |    14|          3|    4|         12|
    |hash_table_V_0_address0                        |    26|          5|   15|         75|
    |hash_table_V_0_d0                              |    14|          3|   35|        105|
    |hashed_14_reg_1533                             |     9|          2|   32|         64|
    |hashed_2_reg_1475                              |     9|          2|   32|         64|
    |hashed_8_reg_1510                              |     9|          2|   32|         64|
    |i_1_reg_1371                                   |     9|          2|   16|         32|
    |i_2_reg_1382                                   |     9|          2|   10|         20|
    |i_3_reg_1393                                   |     9|          2|   32|         64|
    |i_4_reg_1487                                   |     9|          2|    5|         10|
    |i_6_reg_1522                                   |     9|          2|    5|         10|
    |i_8_reg_1545                                   |     9|          2|    5|         10|
    |i_reg_1292                                     |     9|          2|    7|         14|
    |input_offset_reg_1347                          |     9|          2|   32|         64|
    |j_2_reg_1697                                   |     9|          2|   15|         30|
    |j_4_reg_1583                                   |    14|          3|   16|         48|
    |j_5_reg_1670                                   |     9|          2|   16|         32|
    |j_reg_1404                                     |     9|          2|   16|         32|
    |loop_index620_reg_1708                         |     9|          2|    2|          4|
    |loop_index_reg_1719                            |     9|          2|   15|         30|
    |my_assoc_mem_fill_1_reg_1556                   |     9|          2|   32|         64|
    |my_assoc_mem_fill_2_reg_1610                   |     9|          2|   32|         64|
    |my_assoc_mem_fill_3_reg_1463                   |     9|          2|   32|         64|
    |my_assoc_mem_lower_key_mem_V_address0          |    20|          4|    9|         36|
    |my_assoc_mem_lower_key_mem_V_d0                |    14|          3|   72|        216|
    |my_assoc_mem_middle_key_mem_V_address0         |    20|          4|    9|         36|
    |my_assoc_mem_middle_key_mem_V_d0               |    14|          3|   72|        216|
    |my_assoc_mem_upper_key_mem_V_address0          |    20|          4|    9|         36|
    |my_assoc_mem_upper_key_mem_V_d0                |    14|          3|   72|        216|
    |my_assoc_mem_value_V_address0                  |   169|         38|    7|        266|
    |my_assoc_mem_value_V_address1                  |   169|         38|    7|        266|
    |my_assoc_mem_value_V_d1                        |    14|          3|   13|         39|
    |n_reg_1336                                     |     9|          2|   32|         64|
    |next_code_V_2_reg_1626                         |     9|          2|   13|         26|
    |next_code_V_reg_1450                           |     9|          2|   13|         26|
    |num_chunks_reg_1303                            |     9|          2|    8|         16|
    |output_offset_reg_1359                         |     9|          2|   32|         64|
    |prefix_code_V_1_reg_1440                       |     9|          2|   13|         26|
    |prefix_code_V_3_reg_1641                       |    14|          3|   13|         39|
    |residual_loop_index_reg_1730                   |     9|          2|    1|          2|
    |shift_2_reg_1570                               |    14|          3|    8|         24|
    |shift_3_reg_1654                               |     9|          2|    8|         16|
    |shift_5_reg_1686                               |    14|          3|    8|         24|
    |shift_reg_1416                                 |     9|          2|    8|         16|
    |shiftreg_reg_1315                              |     9|          2|   48|         96|
    |store_array_address0                           |    43|          8|   12|         96|
    |store_array_address1                           |    43|          8|   12|         96|
    |store_array_d0                                 |    26|          5|   16|         80|
    |store_array_d1                                 |    26|          5|   16|         80|
    +-----------------------------------------------+------+-----------+-----+-----------+
    |Total                                          |  3416|        681| 1441|       5167|
    +-----------------------------------------------+------+-----------+-----+-----------+

    * Register: 
    +-----------------------------------------------+-----+----+-----+-----------+
    |                      Name                     |  FF | LUT| Bits| Const Bits|
    +-----------------------------------------------+-----+----+-----+-----------+
    |add_ln107_1_reg_4304                           |    3|   0|    3|          0|
    |add_ln107_reg_4294                             |   64|   0|   64|          0|
    |add_ln126_2_reg_4331                           |    3|   0|    3|          0|
    |add_ln126_3_reg_4355                           |    3|   0|    3|          0|
    |add_ln126_reg_4336                             |   32|   0|   32|          0|
    |add_ln303_2_reg_4801                           |    3|   0|    3|          0|
    |add_ln303_reg_4796                             |   16|   0|   16|          0|
    |add_ln71_reg_4223                              |   32|   0|   32|          0|
    |address_reg_1498                               |    7|   0|    7|          0|
    |and_ln612_1_reg_4501                           |   72|   0|   72|          0|
    |ap_CS_fsm                                      |  389|   0|  389|          0|
    |ap_done_reg                                    |    1|   0|    1|          0|
    |ap_enable_reg_pp0_iter0                        |    1|   0|    1|          0|
    |ap_enable_reg_pp0_iter1                        |    1|   0|    1|          0|
    |ap_enable_reg_pp0_iter2                        |    1|   0|    1|          0|
    |ap_enable_reg_pp7_iter0                        |    1|   0|    1|          0|
    |ap_enable_reg_pp7_iter1                        |    1|   0|    1|          0|
    |ap_enable_reg_pp7_iter10                       |    1|   0|    1|          0|
    |ap_enable_reg_pp7_iter11                       |    1|   0|    1|          0|
    |ap_enable_reg_pp7_iter12                       |    1|   0|    1|          0|
    |ap_enable_reg_pp7_iter13                       |    1|   0|    1|          0|
    |ap_enable_reg_pp7_iter14                       |    1|   0|    1|          0|
    |ap_enable_reg_pp7_iter15                       |    1|   0|    1|          0|
    |ap_enable_reg_pp7_iter16                       |    1|   0|    1|          0|
    |ap_enable_reg_pp7_iter17                       |    1|   0|    1|          0|
    |ap_enable_reg_pp7_iter18                       |    1|   0|    1|          0|
    |ap_enable_reg_pp7_iter19                       |    1|   0|    1|          0|
    |ap_enable_reg_pp7_iter2                        |    1|   0|    1|          0|
    |ap_enable_reg_pp7_iter20                       |    1|   0|    1|          0|
    |ap_enable_reg_pp7_iter21                       |    1|   0|    1|          0|
    |ap_enable_reg_pp7_iter22                       |    1|   0|    1|          0|
    |ap_enable_reg_pp7_iter23                       |    1|   0|    1|          0|
    |ap_enable_reg_pp7_iter24                       |    1|   0|    1|          0|
    |ap_enable_reg_pp7_iter25                       |    1|   0|    1|          0|
    |ap_enable_reg_pp7_iter26                       |    1|   0|    1|          0|
    |ap_enable_reg_pp7_iter27                       |    1|   0|    1|          0|
    |ap_enable_reg_pp7_iter28                       |    1|   0|    1|          0|
    |ap_enable_reg_pp7_iter29                       |    1|   0|    1|          0|
    |ap_enable_reg_pp7_iter3                        |    1|   0|    1|          0|
    |ap_enable_reg_pp7_iter30                       |    1|   0|    1|          0|
    |ap_enable_reg_pp7_iter31                       |    1|   0|    1|          0|
    |ap_enable_reg_pp7_iter32                       |    1|   0|    1|          0|
    |ap_enable_reg_pp7_iter33                       |    1|   0|    1|          0|
    |ap_enable_reg_pp7_iter34                       |    1|   0|    1|          0|
    |ap_enable_reg_pp7_iter35                       |    1|   0|    1|          0|
    |ap_enable_reg_pp7_iter36                       |    1|   0|    1|          0|
    |ap_enable_reg_pp7_iter37                       |    1|   0|    1|          0|
    |ap_enable_reg_pp7_iter38                       |    1|   0|    1|          0|
    |ap_enable_reg_pp7_iter39                       |    1|   0|    1|          0|
    |ap_enable_reg_pp7_iter4                        |    1|   0|    1|          0|
    |ap_enable_reg_pp7_iter40                       |    1|   0|    1|          0|
    |ap_enable_reg_pp7_iter41                       |    1|   0|    1|          0|
    |ap_enable_reg_pp7_iter42                       |    1|   0|    1|          0|
    |ap_enable_reg_pp7_iter43                       |    1|   0|    1|          0|
    |ap_enable_reg_pp7_iter44                       |    1|   0|    1|          0|
    |ap_enable_reg_pp7_iter45                       |    1|   0|    1|          0|
    |ap_enable_reg_pp7_iter46                       |    1|   0|    1|          0|
    |ap_enable_reg_pp7_iter47                       |    1|   0|    1|          0|
    |ap_enable_reg_pp7_iter48                       |    1|   0|    1|          0|
    |ap_enable_reg_pp7_iter49                       |    1|   0|    1|          0|
    |ap_enable_reg_pp7_iter5                        |    1|   0|    1|          0|
    |ap_enable_reg_pp7_iter50                       |    1|   0|    1|          0|
    |ap_enable_reg_pp7_iter51                       |    1|   0|    1|          0|
    |ap_enable_reg_pp7_iter52                       |    1|   0|    1|          0|
    |ap_enable_reg_pp7_iter53                       |    1|   0|    1|          0|
    |ap_enable_reg_pp7_iter54                       |    1|   0|    1|          0|
    |ap_enable_reg_pp7_iter55                       |    1|   0|    1|          0|
    |ap_enable_reg_pp7_iter56                       |    1|   0|    1|          0|
    |ap_enable_reg_pp7_iter57                       |    1|   0|    1|          0|
    |ap_enable_reg_pp7_iter58                       |    1|   0|    1|          0|
    |ap_enable_reg_pp7_iter59                       |    1|   0|    1|          0|
    |ap_enable_reg_pp7_iter6                        |    1|   0|    1|          0|
    |ap_enable_reg_pp7_iter60                       |    1|   0|    1|          0|
    |ap_enable_reg_pp7_iter61                       |    1|   0|    1|          0|
    |ap_enable_reg_pp7_iter62                       |    1|   0|    1|          0|
    |ap_enable_reg_pp7_iter63                       |    1|   0|    1|          0|
    |ap_enable_reg_pp7_iter64                       |    1|   0|    1|          0|
    |ap_enable_reg_pp7_iter65                       |    1|   0|    1|          0|
    |ap_enable_reg_pp7_iter66                       |    1|   0|    1|          0|
    |ap_enable_reg_pp7_iter67                       |    1|   0|    1|          0|
    |ap_enable_reg_pp7_iter68                       |    1|   0|    1|          0|
    |ap_enable_reg_pp7_iter69                       |    1|   0|    1|          0|
    |ap_enable_reg_pp7_iter7                        |    1|   0|    1|          0|
    |ap_enable_reg_pp7_iter70                       |    1|   0|    1|          0|
    |ap_enable_reg_pp7_iter8                        |    1|   0|    1|          0|
    |ap_enable_reg_pp7_iter9                        |    1|   0|    1|          0|
    |ap_enable_reg_pp8_iter0                        |    1|   0|    1|          0|
    |ap_enable_reg_pp8_iter1                        |    1|   0|    1|          0|
    |ap_enable_reg_pp8_iter10                       |    1|   0|    1|          0|
    |ap_enable_reg_pp8_iter11                       |    1|   0|    1|          0|
    |ap_enable_reg_pp8_iter12                       |    1|   0|    1|          0|
    |ap_enable_reg_pp8_iter13                       |    1|   0|    1|          0|
    |ap_enable_reg_pp8_iter14                       |    1|   0|    1|          0|
    |ap_enable_reg_pp8_iter15                       |    1|   0|    1|          0|
    |ap_enable_reg_pp8_iter16                       |    1|   0|    1|          0|
    |ap_enable_reg_pp8_iter17                       |    1|   0|    1|          0|
    |ap_enable_reg_pp8_iter18                       |    1|   0|    1|          0|
    |ap_enable_reg_pp8_iter19                       |    1|   0|    1|          0|
    |ap_enable_reg_pp8_iter2                        |    1|   0|    1|          0|
    |ap_enable_reg_pp8_iter20                       |    1|   0|    1|          0|
    |ap_enable_reg_pp8_iter21                       |    1|   0|    1|          0|
    |ap_enable_reg_pp8_iter22                       |    1|   0|    1|          0|
    |ap_enable_reg_pp8_iter23                       |    1|   0|    1|          0|
    |ap_enable_reg_pp8_iter24                       |    1|   0|    1|          0|
    |ap_enable_reg_pp8_iter25                       |    1|   0|    1|          0|
    |ap_enable_reg_pp8_iter26                       |    1|   0|    1|          0|
    |ap_enable_reg_pp8_iter27                       |    1|   0|    1|          0|
    |ap_enable_reg_pp8_iter28                       |    1|   0|    1|          0|
    |ap_enable_reg_pp8_iter29                       |    1|   0|    1|          0|
    |ap_enable_reg_pp8_iter3                        |    1|   0|    1|          0|
    |ap_enable_reg_pp8_iter30                       |    1|   0|    1|          0|
    |ap_enable_reg_pp8_iter31                       |    1|   0|    1|          0|
    |ap_enable_reg_pp8_iter32                       |    1|   0|    1|          0|
    |ap_enable_reg_pp8_iter33                       |    1|   0|    1|          0|
    |ap_enable_reg_pp8_iter34                       |    1|   0|    1|          0|
    |ap_enable_reg_pp8_iter35                       |    1|   0|    1|          0|
    |ap_enable_reg_pp8_iter36                       |    1|   0|    1|          0|
    |ap_enable_reg_pp8_iter37                       |    1|   0|    1|          0|
    |ap_enable_reg_pp8_iter38                       |    1|   0|    1|          0|
    |ap_enable_reg_pp8_iter39                       |    1|   0|    1|          0|
    |ap_enable_reg_pp8_iter4                        |    1|   0|    1|          0|
    |ap_enable_reg_pp8_iter40                       |    1|   0|    1|          0|
    |ap_enable_reg_pp8_iter41                       |    1|   0|    1|          0|
    |ap_enable_reg_pp8_iter42                       |    1|   0|    1|          0|
    |ap_enable_reg_pp8_iter43                       |    1|   0|    1|          0|
    |ap_enable_reg_pp8_iter44                       |    1|   0|    1|          0|
    |ap_enable_reg_pp8_iter45                       |    1|   0|    1|          0|
    |ap_enable_reg_pp8_iter46                       |    1|   0|    1|          0|
    |ap_enable_reg_pp8_iter47                       |    1|   0|    1|          0|
    |ap_enable_reg_pp8_iter48                       |    1|   0|    1|          0|
    |ap_enable_reg_pp8_iter49                       |    1|   0|    1|          0|
    |ap_enable_reg_pp8_iter5                        |    1|   0|    1|          0|
    |ap_enable_reg_pp8_iter50                       |    1|   0|    1|          0|
    |ap_enable_reg_pp8_iter51                       |    1|   0|    1|          0|
    |ap_enable_reg_pp8_iter52                       |    1|   0|    1|          0|
    |ap_enable_reg_pp8_iter53                       |    1|   0|    1|          0|
    |ap_enable_reg_pp8_iter54                       |    1|   0|    1|          0|
    |ap_enable_reg_pp8_iter55                       |    1|   0|    1|          0|
    |ap_enable_reg_pp8_iter56                       |    1|   0|    1|          0|
    |ap_enable_reg_pp8_iter57                       |    1|   0|    1|          0|
    |ap_enable_reg_pp8_iter58                       |    1|   0|    1|          0|
    |ap_enable_reg_pp8_iter59                       |    1|   0|    1|          0|
    |ap_enable_reg_pp8_iter6                        |    1|   0|    1|          0|
    |ap_enable_reg_pp8_iter60                       |    1|   0|    1|          0|
    |ap_enable_reg_pp8_iter61                       |    1|   0|    1|          0|
    |ap_enable_reg_pp8_iter62                       |    1|   0|    1|          0|
    |ap_enable_reg_pp8_iter63                       |    1|   0|    1|          0|
    |ap_enable_reg_pp8_iter64                       |    1|   0|    1|          0|
    |ap_enable_reg_pp8_iter65                       |    1|   0|    1|          0|
    |ap_enable_reg_pp8_iter66                       |    1|   0|    1|          0|
    |ap_enable_reg_pp8_iter67                       |    1|   0|    1|          0|
    |ap_enable_reg_pp8_iter68                       |    1|   0|    1|          0|
    |ap_enable_reg_pp8_iter69                       |    1|   0|    1|          0|
    |ap_enable_reg_pp8_iter7                        |    1|   0|    1|          0|
    |ap_enable_reg_pp8_iter70                       |    1|   0|    1|          0|
    |ap_enable_reg_pp8_iter8                        |    1|   0|    1|          0|
    |ap_enable_reg_pp8_iter9                        |    1|   0|    1|          0|
    |ap_enable_reg_pp9_iter0                        |    1|   0|    1|          0|
    |ap_enable_reg_pp9_iter1                        |    1|   0|    1|          0|
    |ap_enable_reg_pp9_iter10                       |    1|   0|    1|          0|
    |ap_enable_reg_pp9_iter11                       |    1|   0|    1|          0|
    |ap_enable_reg_pp9_iter12                       |    1|   0|    1|          0|
    |ap_enable_reg_pp9_iter13                       |    1|   0|    1|          0|
    |ap_enable_reg_pp9_iter14                       |    1|   0|    1|          0|
    |ap_enable_reg_pp9_iter15                       |    1|   0|    1|          0|
    |ap_enable_reg_pp9_iter16                       |    1|   0|    1|          0|
    |ap_enable_reg_pp9_iter17                       |    1|   0|    1|          0|
    |ap_enable_reg_pp9_iter18                       |    1|   0|    1|          0|
    |ap_enable_reg_pp9_iter19                       |    1|   0|    1|          0|
    |ap_enable_reg_pp9_iter2                        |    1|   0|    1|          0|
    |ap_enable_reg_pp9_iter20                       |    1|   0|    1|          0|
    |ap_enable_reg_pp9_iter21                       |    1|   0|    1|          0|
    |ap_enable_reg_pp9_iter22                       |    1|   0|    1|          0|
    |ap_enable_reg_pp9_iter23                       |    1|   0|    1|          0|
    |ap_enable_reg_pp9_iter24                       |    1|   0|    1|          0|
    |ap_enable_reg_pp9_iter25                       |    1|   0|    1|          0|
    |ap_enable_reg_pp9_iter26                       |    1|   0|    1|          0|
    |ap_enable_reg_pp9_iter27                       |    1|   0|    1|          0|
    |ap_enable_reg_pp9_iter28                       |    1|   0|    1|          0|
    |ap_enable_reg_pp9_iter29                       |    1|   0|    1|          0|
    |ap_enable_reg_pp9_iter3                        |    1|   0|    1|          0|
    |ap_enable_reg_pp9_iter30                       |    1|   0|    1|          0|
    |ap_enable_reg_pp9_iter31                       |    1|   0|    1|          0|
    |ap_enable_reg_pp9_iter32                       |    1|   0|    1|          0|
    |ap_enable_reg_pp9_iter33                       |    1|   0|    1|          0|
    |ap_enable_reg_pp9_iter34                       |    1|   0|    1|          0|
    |ap_enable_reg_pp9_iter35                       |    1|   0|    1|          0|
    |ap_enable_reg_pp9_iter36                       |    1|   0|    1|          0|
    |ap_enable_reg_pp9_iter37                       |    1|   0|    1|          0|
    |ap_enable_reg_pp9_iter38                       |    1|   0|    1|          0|
    |ap_enable_reg_pp9_iter39                       |    1|   0|    1|          0|
    |ap_enable_reg_pp9_iter4                        |    1|   0|    1|          0|
    |ap_enable_reg_pp9_iter40                       |    1|   0|    1|          0|
    |ap_enable_reg_pp9_iter41                       |    1|   0|    1|          0|
    |ap_enable_reg_pp9_iter42                       |    1|   0|    1|          0|
    |ap_enable_reg_pp9_iter43                       |    1|   0|    1|          0|
    |ap_enable_reg_pp9_iter44                       |    1|   0|    1|          0|
    |ap_enable_reg_pp9_iter45                       |    1|   0|    1|          0|
    |ap_enable_reg_pp9_iter46                       |    1|   0|    1|          0|
    |ap_enable_reg_pp9_iter47                       |    1|   0|    1|          0|
    |ap_enable_reg_pp9_iter48                       |    1|   0|    1|          0|
    |ap_enable_reg_pp9_iter49                       |    1|   0|    1|          0|
    |ap_enable_reg_pp9_iter5                        |    1|   0|    1|          0|
    |ap_enable_reg_pp9_iter50                       |    1|   0|    1|          0|
    |ap_enable_reg_pp9_iter51                       |    1|   0|    1|          0|
    |ap_enable_reg_pp9_iter52                       |    1|   0|    1|          0|
    |ap_enable_reg_pp9_iter53                       |    1|   0|    1|          0|
    |ap_enable_reg_pp9_iter54                       |    1|   0|    1|          0|
    |ap_enable_reg_pp9_iter55                       |    1|   0|    1|          0|
    |ap_enable_reg_pp9_iter56                       |    1|   0|    1|          0|
    |ap_enable_reg_pp9_iter57                       |    1|   0|    1|          0|
    |ap_enable_reg_pp9_iter58                       |    1|   0|    1|          0|
    |ap_enable_reg_pp9_iter59                       |    1|   0|    1|          0|
    |ap_enable_reg_pp9_iter6                        |    1|   0|    1|          0|
    |ap_enable_reg_pp9_iter60                       |    1|   0|    1|          0|
    |ap_enable_reg_pp9_iter61                       |    1|   0|    1|          0|
    |ap_enable_reg_pp9_iter62                       |    1|   0|    1|          0|
    |ap_enable_reg_pp9_iter63                       |    1|   0|    1|          0|
    |ap_enable_reg_pp9_iter64                       |    1|   0|    1|          0|
    |ap_enable_reg_pp9_iter65                       |    1|   0|    1|          0|
    |ap_enable_reg_pp9_iter66                       |    1|   0|    1|          0|
    |ap_enable_reg_pp9_iter67                       |    1|   0|    1|          0|
    |ap_enable_reg_pp9_iter68                       |    1|   0|    1|          0|
    |ap_enable_reg_pp9_iter69                       |    1|   0|    1|          0|
    |ap_enable_reg_pp9_iter7                        |    1|   0|    1|          0|
    |ap_enable_reg_pp9_iter70                       |    1|   0|    1|          0|
    |ap_enable_reg_pp9_iter8                        |    1|   0|    1|          0|
    |ap_enable_reg_pp9_iter9                        |    1|   0|    1|          0|
    |ap_rst_n_inv                                   |    1|   0|    1|          0|
    |ap_rst_reg_1                                   |    1|   0|    1|          0|
    |ap_rst_reg_2                                   |    1|   0|    1|          0|
    |code_3651_reg_1597                             |   13|   0|   13|          0|
    |code_V_1_reg_4463                              |   13|   0|   13|          0|
    |code_V_reg_1428                                |   13|   0|   13|          0|
    |compressed_length_2_reg_4611                   |   16|   0|   16|          0|
    |empty_44_reg_4208                              |    3|   0|    3|          0|
    |empty_45_reg_4213                              |    3|   0|    3|          0|
    |empty_62_reg_4642                              |    1|   0|    1|          0|
    |empty_65_reg_4647                              |    2|   0|    2|          0|
    |empty_68_reg_4657                              |    8|   0|    8|          0|
    |empty_69_reg_4662                              |   64|   0|   64|          0|
    |empty_72_reg_4694                              |   13|   0|   13|          0|
    |empty_74_reg_4699                              |   64|   0|   64|          0|
    |empty_75_reg_4705                              |    3|   0|    3|          0|
    |empty_78_reg_4751                              |    1|   0|    1|          0|
    |empty_79_reg_4756                              |    3|   0|    3|          0|
    |empty_80_reg_4725                              |    2|   0|    2|          0|
    |empty_83_reg_4735                              |    8|   0|    8|          0|
    |empty_84_reg_4740                              |   64|   0|   64|          0|
    |empty_94_reg_4780                              |    8|   0|    8|          0|
    |empty_95_reg_4785                              |   64|   0|   64|          0|
    |empty_98_reg_4775                              |    1|   0|    1|          0|
    |exitcond27_reg_4638                            |    1|   0|    1|          0|
    |exitcond28_reg_4716                            |    1|   0|    1|          0|
    |exitcond29tmp_reg_4761                         |    1|   0|    1|          0|
    |gmem_addr_1_read_reg_4257                      |   64|   0|   64|          0|
    |gmem_addr_2_read_reg_4316                      |   64|   0|   64|          0|
    |gmem_addr_3_read_reg_4402                      |   64|   0|   64|          0|
    |gmem_addr_read_reg_3813                        |   64|   0|   64|          0|
    |hashed_14_reg_1533                             |   32|   0|   32|          0|
    |hashed_2_reg_1475                              |   32|   0|   32|          0|
    |hashed_8_reg_1510                              |   32|   0|   32|          0|
    |hit_reg_4459                                   |    1|   0|    1|          0|
    |i_1_reg_1371                                   |   16|   0|   16|          0|
    |i_2_reg_1382                                   |   10|   0|   10|          0|
    |i_3_reg_1393                                   |   32|   0|   32|          0|
    |i_4_reg_1487                                   |    5|   0|    5|          0|
    |i_6_reg_1522                                   |    5|   0|    5|          0|
    |i_8_reg_1545                                   |    5|   0|    5|          0|
    |i_reg_1292                                     |    7|   0|    7|          0|
    |icmp_ln159_reg_4506                            |    1|   0|    1|          0|
    |icmp_ln235_reg_4567                            |    1|   0|    1|          0|
    |icmp_ln240_reg_4571                            |    1|   0|    1|          0|
    |icmp_ln65_reg_3805                             |    1|   0|    1|          0|
    |icmp_ln65_reg_3805_pp0_iter1_reg               |    1|   0|    1|          0|
    |icmp_ln66_reg_3809                             |    1|   0|    1|          0|
    |icmp_ln66_reg_3809_pp0_iter1_reg               |    1|   0|    1|          0|
    |in_length_reg_4283                             |   16|   0|   16|          0|
    |input_offset_1_reg_4289                        |   32|   0|   32|          0|
    |input_offset_reg_1347                          |   32|   0|   32|          0|
    |j_2_reg_1697                                   |   15|   0|   15|          0|
    |j_4_reg_1583                                   |   16|   0|   16|          0|
    |j_5_reg_1670                                   |   16|   0|   16|          0|
    |j_reg_1404                                     |   16|   0|   16|          0|
    |key_V_reg_4428                                 |   21|   0|   21|          0|
    |loop_index620_reg_1708                         |    2|   0|    2|          0|
    |loop_index_reg_1719                            |   15|   0|   15|          0|
    |match_high_V_reg_4485                          |   72|   0|   72|          0|
    |match_low_V_reg_4495                           |   72|   0|   72|          0|
    |match_middle_V_reg_4490                        |   72|   0|   72|          0|
    |my_assoc_mem_fill_1_reg_1556                   |   32|   0|   32|          0|
    |my_assoc_mem_fill_2_reg_1610                   |   32|   0|   32|          0|
    |my_assoc_mem_fill_3_reg_1463                   |   32|   0|   32|          0|
    |my_assoc_mem_lower_key_mem_V_addr_1_reg_4480   |    9|   0|    9|          0|
    |my_assoc_mem_middle_key_mem_V_addr_1_reg_4475  |    9|   0|    9|          0|
    |my_assoc_mem_upper_key_mem_V_addr_1_reg_4470   |    3|   0|    9|          6|
    |n_reg_1336                                     |   32|   0|   32|          0|
    |next_char_reg_4407                             |    8|   0|    8|          0|
    |next_code_V_2_reg_1626                         |   13|   0|   13|          0|
    |next_code_V_reg_1450                           |   13|   0|   13|          0|
    |num_chunks_reg_1303                            |    8|   0|    8|          0|
    |output_offset_1_reg_4812                       |   32|   0|   32|          0|
    |output_offset_cast_reg_4628                    |   32|   0|   33|          1|
    |output_offset_reg_1359                         |   32|   0|   32|          0|
    |p_cast2_reg_4652                               |   61|   0|   61|          0|
    |p_cast4_reg_4730                               |   61|   0|   61|          0|
    |p_cast6_reg_4770                               |   61|   0|   61|          0|
    |prefix_code_V_1_reg_1440                       |   13|   0|   13|          0|
    |prefix_code_V_3_reg_1641                       |   13|   0|   13|          0|
    |residual_loop_index_reg_1730                   |    1|   0|    1|          0|
    |ret_2_reg_4436                                 |    9|   0|    9|          0|
    |sext_ln124_reg_4326                            |   32|   0|   32|          0|
    |sext_ln71_reg_4188                             |   32|   0|   32|          0|
    |shift_2_reg_1570                               |    8|   0|    8|          0|
    |shift_3_reg_1654                               |    8|   0|    8|          0|
    |shift_5_reg_1686                               |    8|   0|    8|          0|
    |shift_reg_1416                                 |    8|   0|    8|          0|
    |shiftreg_reg_1315                              |   48|   0|   48|          0|
    |shl_ln303_2_reg_4822                           |   64|   0|   64|          0|
    |shl_ln303_reg_4817                             |    8|   0|    8|          0|
    |store_array_addr_3_reg_4390                    |   12|   0|   12|          0|
    |store_array_addr_4_reg_4384                    |   12|   0|   12|          0|
    |store_array_addr_8_reg_4581                    |   12|   0|   12|          0|
    |store_array_addr_9_reg_4575                    |   12|   0|   12|          0|
    |sub_ln299_cast39_reg_4689                      |   64|   0|   64|          0|
    |sub_ln299_reg_4683                             |   17|   0|   17|          0|
    |trunc_ln107_2_reg_4299                         |   61|   0|   61|          0|
    |trunc_ln107_reg_4203                           |    3|   0|    3|          0|
    |trunc_ln124_1_reg_4360                         |   15|   0|   15|          0|
    |trunc_ln124_reg_4341                           |    4|   0|    4|          0|
    |trunc_ln126_1_reg_4350                         |   61|   0|   61|          0|
    |trunc_ln299_1_reg_4678                         |   15|   0|   15|          0|
    |trunc_ln299_reg_4673                           |    1|   0|    1|          0|
    |trunc_ln2_reg_4807                             |   61|   0|   61|          0|
    |trunc_ln303_reg_4218                           |    3|   0|    3|          0|
    |trunc_ln73_1_reg_4252                          |    2|   0|    3|          1|
    |trunc_ln73_2_reg_4241                          |   61|   0|   61|          0|
    |trunc_ln73_3_reg_4236                          |    2|   0|    2|          0|
    |trunc_ln73_reg_4198                            |    3|   0|    3|          0|
    |trunc_ln_reg_3770                              |   61|   0|   61|          0|
    |valid_1_reg_4547                               |    1|   0|    1|          0|
    |zext_ln267_reg_4376                            |   13|   0|   14|          1|
    |zext_ln290_reg_4623                            |   16|   0|   32|         16|
    |zext_ln296_reg_4618                            |   16|   0|   17|          1|
    |zext_ln302_1_reg_4423                          |   13|   0|   16|          3|
    |zext_ln302_reg_4418                            |   13|   0|   14|          1|
    |zext_ln48_reg_4262                             |    3|   0|   64|         61|
    |zext_ln546_1_reg_4413                          |   13|   0|   32|         19|
    |zext_ln546_reg_4370                            |   13|   0|   32|         19|
    |zext_ln73_reg_4231                             |   32|   0|   64|         32|
    |exitcond27_reg_4638                            |   64|  32|    1|          0|
    |exitcond28_reg_4716                            |   64|  32|    1|          0|
    |exitcond29tmp_reg_4761                         |   64|  32|    1|          0|
    +-----------------------------------------------+-----+----+-----+-----------+
    |Total                                          | 3580|  96| 3552|        161|
    +-----------------------------------------------+-----+----+-----+-----------+



================================================================
== Interface
================================================================
* Summary: 
+-----------------------+-----+-----+---------------+--------------+--------------+
|       RTL Ports       | Dir | Bits|    Protocol   | Source Object|    C Type    |
+-----------------------+-----+-----+---------------+--------------+--------------+
|s_axi_control_AWVALID  |   in|    1|          s_axi|       control|        scalar|
|s_axi_control_AWREADY  |  out|    1|          s_axi|       control|        scalar|
|s_axi_control_AWADDR   |   in|    6|          s_axi|       control|        scalar|
|s_axi_control_WVALID   |   in|    1|          s_axi|       control|        scalar|
|s_axi_control_WREADY   |  out|    1|          s_axi|       control|        scalar|
|s_axi_control_WDATA    |   in|   32|          s_axi|       control|        scalar|
|s_axi_control_WSTRB    |   in|    4|          s_axi|       control|        scalar|
|s_axi_control_ARVALID  |   in|    1|          s_axi|       control|        scalar|
|s_axi_control_ARREADY  |  out|    1|          s_axi|       control|        scalar|
|s_axi_control_ARADDR   |   in|    6|          s_axi|       control|        scalar|
|s_axi_control_RVALID   |  out|    1|          s_axi|       control|        scalar|
|s_axi_control_RREADY   |   in|    1|          s_axi|       control|        scalar|
|s_axi_control_RDATA    |  out|   32|          s_axi|       control|        scalar|
|s_axi_control_RRESP    |  out|    2|          s_axi|       control|        scalar|
|s_axi_control_BVALID   |  out|    1|          s_axi|       control|        scalar|
|s_axi_control_BREADY   |   in|    1|          s_axi|       control|        scalar|
|s_axi_control_BRESP    |  out|    2|          s_axi|       control|        scalar|
|ap_clk                 |   in|    1|  ap_ctrl_chain|      krnl_LZW|  return value|
|ap_rst_n               |   in|    1|  ap_ctrl_chain|      krnl_LZW|  return value|
|interrupt              |  out|    1|  ap_ctrl_chain|      krnl_LZW|  return value|
|m_axi_gmem_AWVALID     |  out|    1|          m_axi|          gmem|       pointer|
|m_axi_gmem_AWREADY     |   in|    1|          m_axi|          gmem|       pointer|
|m_axi_gmem_AWADDR      |  out|   64|          m_axi|          gmem|       pointer|
|m_axi_gmem_AWID        |  out|    1|          m_axi|          gmem|       pointer|
|m_axi_gmem_AWLEN       |  out|    8|          m_axi|          gmem|       pointer|
|m_axi_gmem_AWSIZE      |  out|    3|          m_axi|          gmem|       pointer|
|m_axi_gmem_AWBURST     |  out|    2|          m_axi|          gmem|       pointer|
|m_axi_gmem_AWLOCK      |  out|    2|          m_axi|          gmem|       pointer|
|m_axi_gmem_AWCACHE     |  out|    4|          m_axi|          gmem|       pointer|
|m_axi_gmem_AWPROT      |  out|    3|          m_axi|          gmem|       pointer|
|m_axi_gmem_AWQOS       |  out|    4|          m_axi|          gmem|       pointer|
|m_axi_gmem_AWREGION    |  out|    4|          m_axi|          gmem|       pointer|
|m_axi_gmem_AWUSER      |  out|    1|          m_axi|          gmem|       pointer|
|m_axi_gmem_WVALID      |  out|    1|          m_axi|          gmem|       pointer|
|m_axi_gmem_WREADY      |   in|    1|          m_axi|          gmem|       pointer|
|m_axi_gmem_WDATA       |  out|   64|          m_axi|          gmem|       pointer|
|m_axi_gmem_WSTRB       |  out|    8|          m_axi|          gmem|       pointer|
|m_axi_gmem_WLAST       |  out|    1|          m_axi|          gmem|       pointer|
|m_axi_gmem_WID         |  out|    1|          m_axi|          gmem|       pointer|
|m_axi_gmem_WUSER       |  out|    1|          m_axi|          gmem|       pointer|
|m_axi_gmem_ARVALID     |  out|    1|          m_axi|          gmem|       pointer|
|m_axi_gmem_ARREADY     |   in|    1|          m_axi|          gmem|       pointer|
|m_axi_gmem_ARADDR      |  out|   64|          m_axi|          gmem|       pointer|
|m_axi_gmem_ARID        |  out|    1|          m_axi|          gmem|       pointer|
|m_axi_gmem_ARLEN       |  out|    8|          m_axi|          gmem|       pointer|
|m_axi_gmem_ARSIZE      |  out|    3|          m_axi|          gmem|       pointer|
|m_axi_gmem_ARBURST     |  out|    2|          m_axi|          gmem|       pointer|
|m_axi_gmem_ARLOCK      |  out|    2|          m_axi|          gmem|       pointer|
|m_axi_gmem_ARCACHE     |  out|    4|          m_axi|          gmem|       pointer|
|m_axi_gmem_ARPROT      |  out|    3|          m_axi|          gmem|       pointer|
|m_axi_gmem_ARQOS       |  out|    4|          m_axi|          gmem|       pointer|
|m_axi_gmem_ARREGION    |  out|    4|          m_axi|          gmem|       pointer|
|m_axi_gmem_ARUSER      |  out|    1|          m_axi|          gmem|       pointer|
|m_axi_gmem_RVALID      |   in|    1|          m_axi|          gmem|       pointer|
|m_axi_gmem_RREADY      |  out|    1|          m_axi|          gmem|       pointer|
|m_axi_gmem_RDATA       |   in|   64|          m_axi|          gmem|       pointer|
|m_axi_gmem_RLAST       |   in|    1|          m_axi|          gmem|       pointer|
|m_axi_gmem_RID         |   in|    1|          m_axi|          gmem|       pointer|
|m_axi_gmem_RUSER       |   in|    1|          m_axi|          gmem|       pointer|
|m_axi_gmem_RRESP       |   in|    2|          m_axi|          gmem|       pointer|
|m_axi_gmem_BVALID      |   in|    1|          m_axi|          gmem|       pointer|
|m_axi_gmem_BREADY      |  out|    1|          m_axi|          gmem|       pointer|
|m_axi_gmem_BRESP       |   in|    2|          m_axi|          gmem|       pointer|
|m_axi_gmem_BID         |   in|    1|          m_axi|          gmem|       pointer|
|m_axi_gmem_BUSER       |   in|    1|          m_axi|          gmem|       pointer|
+-----------------------+-----+-----+---------------+--------------+--------------+

