

================================================================
== Vitis HLS Report for 'krnl_LZW'
================================================================
* Date:           Fri Dec  8 20:36:46 2023

* Version:        2020.2 (Build 3064766 on Wed Nov 18 09:12:47 MST 2020)
* Project:        Final_Optimization
* Solution:       solution1 (Vitis Kernel Flow Target)
* Product family: zynquplus
* Target device:  xczu3eg-sbva484-1-i


================================================================
== Performance Estimates
================================================================
+ Timing: 
    * Summary: 
    +--------+---------+----------+------------+
    |  Clock |  Target | Estimated| Uncertainty|
    +--------+---------+----------+------------+
    |ap_clk  |  6.67 ns|  4.867 ns|     1.80 ns|
    +--------+---------+----------+------------+

+ Latency: 
    * Summary: 
    +---------+---------+----------+----------+-----+-----+---------+
    |  Latency (cycles) |  Latency (absolute) |  Interval | Pipeline|
    |   min   |   max   |    min   |    max   | min | max |   Type  |
    +---------+---------+----------+----------+-----+-----+---------+
    |        ?|        ?|         ?|         ?|    ?|    ?|     none|
    +---------+---------+----------+----------+-----+-----+---------+

    + Detail: 
        * Instance: 
        N/A

        * Loop: 
        +-----------------------+---------+---------+----------+-----------+-----------+-----------+----------+
        |                       |  Latency (cycles) | Iteration|  Initiation Interval  |    Trip   |          |
        |       Loop Name       |   min   |   max   |  Latency |  achieved |   target  |   Count   | Pipelined|
        +-----------------------+---------+---------+----------+-----------+-----------+-----------+----------+
        |- VITIS_LOOP_65_1      |      151|      151|         3|          1|          1|        150|       yes|
        |- VITIS_LOOP_71_2      |        ?|        ?|         ?|          -|          -|          ?|        no|
        | + VITIS_LOOP_84_3     |    32768|    32768|         1|          1|          1|      32768|       yes|
        | + VITIS_LOOP_92_5     |      512|      512|         1|          1|          1|        512|       yes|
        | + VITIS_LOOP_124_7    |        ?|        ?|  98 ~ 220|          -|          -|          ?|        no|
        |  ++ VITIS_LOOP_7_1    |       21|       21|         1|          1|          1|         21|       yes|
        |  ++ VITIS_LOOP_159_9  |        1|       72|         1|          1|          1|     1 ~ 72|       yes|
        |  ++ VITIS_LOOP_7_1    |       21|       21|         1|          1|          1|         21|       yes|
        |  ++ VITIS_LOOP_7_1    |       21|       21|         1|          1|          1|         21|       yes|
        | + VITIS_LOOP_71_2.4   |       71|       71|        71|          1|          1|          2|       yes|
        | + VITIS_LOOP_71_2.5   |        0|    32836|        71|          1|          1|  0 ~ 32767|       yes|
        | + VITIS_LOOP_71_2.6   |        0|       70|        71|          1|          1|      0 ~ 1|       yes|
        +-----------------------+---------+---------+----------+-----------+-----------+-----------+----------+



================================================================
== Utilization Estimates
================================================================
* Summary: 
+-----------------+---------+-----+--------+-------+-----+
|       Name      | BRAM_18K| DSP |   FF   |  LUT  | URAM|
+-----------------+---------+-----+--------+-------+-----+
|DSP              |        -|    -|       -|      -|    -|
|Expression       |        -|    -|       0|   4615|    -|
|FIFO             |        -|    -|       -|      -|    -|
|Instance         |        2|    -|     828|   1132|    -|
|Memory           |       74|    -|      26|     15|    -|
|Multiplexer      |        -|    -|       -|   3416|    -|
|Register         |        -|    -|    3283|     96|    -|
+-----------------+---------+-----+--------+-------+-----+
|Total            |       76|    0|    4137|   9274|    0|
+-----------------+---------+-----+--------+-------+-----+
|Available        |      432|  360|  141120|  70560|    0|
+-----------------+---------+-----+--------+-------+-----+
|Utilization (%)  |       17|    0|       2|     13|    0|
+-----------------+---------+-----+--------+-------+-----+

+ Detail: 
    * Instance: 
    +-----------------+---------------+---------+----+-----+-----+-----+
    |     Instance    |     Module    | BRAM_18K| DSP|  FF | LUT | URAM|
    +-----------------+---------------+---------+----+-----+-----+-----+
    |control_s_axi_U  |control_s_axi  |        0|   0|  316|  552|    0|
    |gmem_m_axi_U     |gmem_m_axi     |        2|   0|  512|  580|    0|
    +-----------------+---------------+---------+----+-----+-----+-----+
    |Total            |               |        2|   0|  828| 1132|    0|
    +-----------------+---------------+---------+----+-----+-----+-----+

    * DSP: 
    N/A

    * Memory: 
    +---------------------------------+------------------------------+---------+----+----+-----+-------+-----+------+-------------+
    |              Memory             |            Module            | BRAM_18K| FF | LUT| URAM| Words | Bits| Banks| W*Bits*Banks|
    +---------------------------------+------------------------------+---------+----+----+-----+-------+-----+------+-------------+
    |hash_table_V_0_U                 |hash_table_V_0                |       64|   0|   0|    0|  32768|   35|     1|      1146880|
    |my_assoc_mem_upper_key_mem_V_U   |my_assoc_mem_upper_key_mem_V  |        2|   0|   0|    0|    512|   72|     1|        36864|
    |my_assoc_mem_middle_key_mem_V_U  |my_assoc_mem_upper_key_mem_V  |        2|   0|   0|    0|    512|   72|     1|        36864|
    |my_assoc_mem_lower_key_mem_V_U   |my_assoc_mem_upper_key_mem_V  |        2|   0|   0|    0|    512|   72|     1|        36864|
    |my_assoc_mem_value_V_U           |my_assoc_mem_value_V          |        0|  26|  15|    0|     72|   13|     1|          936|
    |store_array_U                    |store_array                   |        4|   0|   0|    0|   4096|   16|     1|        65536|
    +---------------------------------+------------------------------+---------+----+----+-----+-------+-----+------+-------------+
    |Total                            |                              |       74|  26|  15|    0|  38472|  280|     6|      1323944|
    +---------------------------------+------------------------------+---------+----+----+-----+-------+-----+------+-------------+

    * FIFO: 
    N/A

    * Expression: 
    +-------------------------------------+----------+----+---+-----+------------+------------+
    |            Variable Name            | Operation| DSP| FF| LUT | Bitwidth P0| Bitwidth P1|
    +-------------------------------------+----------+----+---+-----+------------+------------+
    |add_ln107_1_fu_2028_p2               |         +|   0|  0|    9|           2|           2|
    |add_ln107_fu_2003_p2                 |         +|   0|  0|   71|          64|          64|
    |add_ln126_1_fu_2099_p2               |         +|   0|  0|   71|          64|          64|
    |add_ln126_2_fu_2070_p2               |         +|   0|  0|    9|           2|           1|
    |add_ln126_3_fu_2124_p2               |         +|   0|  0|    9|           2|           2|
    |add_ln126_fu_2075_p2                 |         +|   0|  0|   39|          32|           1|
    |add_ln250_fu_2829_p2                 |         +|   0|  0|   19|          12|           2|
    |add_ln282_fu_2154_p2                 |         +|   0|  0|   19|          12|           2|
    |add_ln303_1_fu_3665_p2               |         +|   0|  0|   71|          64|          64|
    |add_ln303_2_fu_3669_p2               |         +|   0|  0|    9|           2|           2|
    |add_ln303_fu_3660_p2                 |         +|   0|  0|   23|          16|           3|
    |add_ln305_fu_3697_p2                 |         +|   0|  0|   24|          17|           1|
    |add_ln5_1_fu_2609_p2                 |         +|   0|  0|   22|          15|          15|
    |add_ln5_2_fu_2792_p2                 |         +|   0|  0|   22|          15|          15|
    |add_ln5_fu_2361_p2                   |         +|   0|  0|   22|          15|          15|
    |add_ln65_fu_1794_p2                  |         +|   0|  0|   15|           8|           1|
    |add_ln67_fu_1835_p2                  |         +|   0|  0|   15|           8|           1|
    |add_ln71_fu_1865_p2                  |         +|   0|  0|   39|          32|           1|
    |add_ln73_1_fu_1924_p2                |         +|   0|  0|    9|           2|           2|
    |add_ln73_fu_1892_p2                  |         +|   0|  0|   71|          64|          64|
    |add_ln84_fu_1941_p2                  |         +|   0|  0|   23|          16|           1|
    |add_ln92_fu_1958_p2                  |         +|   0|  0|   17|          10|           1|
    |add_ptr324_sum2_fu_3228_p2           |         +|   0|  0|   40|          33|          33|
    |address_1_fu_2467_p2                 |         +|   0|  0|   14|           7|           1|
    |compressed_length_fu_3152_p2         |         +|   0|  0|   23|          16|           2|
    |empty_59_fu_3208_p2                  |         +|   0|  0|    9|           2|           1|
    |empty_65_fu_3249_p2                  |         +|   0|  0|   71|          64|          64|
    |empty_66_fu_3305_p2                  |         +|   0|  0|    9|           2|           2|
    |empty_73_fu_3401_p2                  |         +|   0|  0|   71|          64|          64|
    |empty_74_fu_3406_p2                  |         +|   0|  0|    9|           2|           2|
    |empty_75_fu_3411_p2                  |         +|   0|  0|   22|          15|           1|
    |empty_80_fu_3443_p2                  |         +|   0|  0|   71|          64|          64|
    |empty_81_fu_3479_p2                  |         +|   0|  0|    9|           2|           2|
    |empty_87_fu_3531_p2                  |         +|   0|  0|   20|          13|          13|
    |empty_91_fu_3556_p2                  |         +|   0|  0|    2|          64|          64|
    |empty_92_fu_3627_p2                  |         +|   0|  0|    2|           2|           2|
    |grp_fu_1749_p2                       |         +|   0|  0|   12|           4|           2|
    |grp_fu_1762_p2                       |         +|   0|  0|   15|           8|           5|
    |hashed_10_fu_2545_p2                 |         +|   0|  0|   39|          32|          32|
    |hashed_12_fu_2786_p2                 |         +|   0|  0|   33|          26|          26|
    |hashed_15_fu_2704_p2                 |         +|   0|  0|   39|          32|          32|
    |hashed_16_fu_2716_p2                 |         +|   0|  0|   39|          32|          32|
    |hashed_3_fu_2285_p2                  |         +|   0|  0|   39|          32|          32|
    |hashed_4_fu_2297_p2                  |         +|   0|  0|   39|          32|          32|
    |hashed_6_fu_2603_p2                  |         +|   0|  0|   33|          26|          26|
    |hashed_9_fu_2533_p2                  |         +|   0|  0|   39|          32|          32|
    |hashed_fu_2355_p2                    |         +|   0|  0|   33|          26|          26|
    |i_5_fu_2256_p2                       |         +|   0|  0|   12|           5|           1|
    |i_7_fu_2504_p2                       |         +|   0|  0|   12|           5|           1|
    |i_9_fu_2675_p2                       |         +|   0|  0|   12|           5|           1|
    |input_offset_1_fu_1993_p2            |         +|   0|  0|   39|          32|          32|
    |j_1_fu_3024_p2                       |         +|   0|  0|   22|          15|           2|
    |j_3_fu_2964_p2                       |         +|   0|  0|   23|          16|           1|
    |my_assoc_mem_fill_fu_2865_p2         |         +|   0|  0|   39|          32|           1|
    |next_code_V_1_fu_2971_p2             |         +|   0|  0|   20|          13|           1|
    |output_offset_1_fu_3717_p2           |         +|   0|  0|   39|          32|          32|
    |shift_1_fu_3101_p2                   |         +|   0|  0|   15|           8|           2|
    |sub_fu_2060_p2                       |         +|   0|  0|   24|          17|           2|
    |tmp4_fu_3391_p2                      |         +|   0|  0|   41|          34|           3|
    |tmp5_fu_3551_p2                      |         +|   0|  0|    2|          64|          64|
    |tmp6_fu_3622_p2                      |         +|   0|  0|    2|           2|           2|
    |grp_fu_1769_p2                       |         -|   0|  0|   12|           3|           4|
    |shift_11_fu_2928_p2                  |         -|   0|  0|   13|           6|           5|
    |shift_7_fu_3091_p2                   |         -|   0|  0|   13|           6|           5|
    |sub_ln299_fu_3354_p2                 |         -|   0|  0|   24|          17|          17|
    |and_ln612_1_fu_2455_p2               |       and|   0|  0|   72|          72|          72|
    |and_ln612_2_fu_2483_p2               |       and|   0|  0|   72|          72|          72|
    |and_ln612_fu_2488_p2                 |       and|   0|  0|   72|          72|          72|
    |ap_block_pp0_stage0_11001            |       and|   0|  0|    2|           1|           1|
    |ap_block_pp7_stage0_01001            |       and|   0|  0|    2|           1|           1|
    |ap_block_pp8_stage0_01001            |       and|   0|  0|    2|           1|           1|
    |ap_block_pp9_stage0_01001            |       and|   0|  0|    2|           1|           1|
    |ap_block_state317_io                 |       and|   0|  0|    2|           1|           1|
    |ap_block_state318_io                 |       and|   0|  0|    2|           1|           1|
    |ap_block_state386_pp7_stage0_iter70  |       and|   0|  0|    2|           1|           1|
    |ap_block_state389_io                 |       and|   0|  0|    2|           1|           1|
    |ap_block_state390_io                 |       and|   0|  0|    2|           1|           1|
    |ap_block_state458_pp8_stage0_iter70  |       and|   0|  0|    2|           1|           1|
    |ap_block_state461_io                 |       and|   0|  0|    2|           1|           1|
    |ap_block_state462_io                 |       and|   0|  0|    2|           1|           1|
    |ap_block_state530_pp9_stage0_iter70  |       and|   0|  0|    2|           1|           1|
    |ap_block_state73_pp0_stage0_iter1    |       and|   0|  0|    2|           1|           1|
    |ap_condition_6840                    |       and|   0|  0|    2|           1|           1|
    |ap_predicate_op708_read_state73      |       and|   0|  0|    2|           1|           1|
    |hit_fu_2397_p2                       |       and|   0|  0|    2|           1|           1|
    |exitcond27_fu_3214_p2                |      icmp|   0|  0|    8|           2|           3|
    |exitcond28_fu_3417_p2                |      icmp|   0|  0|   12|          15|          15|
    |grp_fu_1742_p2                       |      icmp|   0|  0|   11|           8|           4|
    |icmp_ln124_fu_2086_p2                |      icmp|   0|  0|   20|          32|          32|
    |icmp_ln159_fu_2461_p2                |      icmp|   0|  0|   10|           7|           7|
    |icmp_ln210_fu_2636_p2                |      icmp|   0|  0|   20|          32|           7|
    |icmp_ln235_fu_2823_p2                |      icmp|   0|  0|   13|          16|           1|
    |icmp_ln267_fu_2133_p2                |      icmp|   0|  0|   13|          16|           1|
    |icmp_ln293_fu_3168_p2                |      icmp|   0|  0|    9|           5|           1|
    |icmp_ln65_fu_1800_p2                 |      icmp|   0|  0|   11|           8|           8|
    |icmp_ln66_fu_1829_p2                 |      icmp|   0|  0|   13|          16|           1|
    |icmp_ln71_fu_1871_p2                 |      icmp|   0|  0|   20|          32|          32|
    |icmp_ln7_1_fu_2510_p2                |      icmp|   0|  0|    9|           5|           5|
    |icmp_ln7_2_fu_2681_p2                |      icmp|   0|  0|    9|           5|           5|
    |icmp_ln7_fu_2262_p2                  |      icmp|   0|  0|    9|           5|           5|
    |icmp_ln84_fu_1947_p2                 |      icmp|   0|  0|   13|          16|          17|
    |icmp_ln870_fu_2392_p2                |      icmp|   0|  0|   15|          21|          21|
    |icmp_ln92_fu_1964_p2                 |      icmp|   0|  0|   11|          10|          11|
    |p_Result_s_fu_2493_p2                |      icmp|   0|  0|   31|          72|           1|
    |empty_62_fu_3285_p2                  |      lshr|   0|  0|  100|          32|          32|
    |empty_89_fu_3604_p2                  |      lshr|   0|  0|   35|          16|          16|
    |lshr_ln107_fu_2047_p2                |      lshr|   0|  0|  100|          32|          32|
    |lshr_ln126_fu_2215_p2                |      lshr|   0|  0|  100|          32|          32|
    |lshr_ln1497_1_fu_2520_p2             |      lshr|   0|  0|   55|          21|          21|
    |lshr_ln1497_3_fu_2691_p2             |      lshr|   0|  0|   55|          21|          21|
    |lshr_ln1497_fu_2272_p2               |      lshr|   0|  0|   55|          21|          21|
    |lshr_ln244_fu_2899_p2                |      lshr|   0|  0|   29|          14|          14|
    |lshr_ln277_fu_3037_p2                |      lshr|   0|  0|   29|          14|          14|
    |lshr_ln73_fu_1977_p2                 |      lshr|   0|  0|  100|          32|          32|
    |ap_block_pp7_stage0_11001            |        or|   0|  0|    2|           1|           1|
    |ap_block_pp8_stage0_11001            |        or|   0|  0|    2|           1|           1|
    |ap_block_pp9_stage0_11001            |        or|   0|  0|    2|           1|           1|
    |ap_block_state1                      |        or|   0|  0|    2|           1|           1|
    |compressed_length_1_fu_3174_p2       |        or|   0|  0|   16|          16|           1|
    |or_ln244_fu_2912_p2                  |        or|   0|  0|   12|          12|          12|
    |or_ln250_fu_2884_p2                  |        or|   0|  0|   16|          16|          16|
    |or_ln277_fu_3050_p2                  |        or|   0|  0|   12|          12|          12|
    |or_ln282_fu_2995_p2                  |        or|   0|  0|   16|          16|          16|
    |or_ln709_1_fu_2658_p2                |        or|   0|  0|   72|          72|          72|
    |or_ln709_2_fu_2664_p2                |        or|   0|  0|   72|          72|          72|
    |or_ln709_fu_2652_p2                  |        or|   0|  0|   72|          72|          72|
    |code_V_1_fu_2413_p3                  |    select|   0|  0|   13|           1|          13|
    |compressed_length_2_fu_3180_p3       |    select|   0|  0|   16|           1|          16|
    |num_chunks_1_fu_1841_p3              |    select|   0|  0|    8|           1|           8|
    |empty_67_fu_3314_p2                  |       shl|   0|  0|    9|           2|           4|
    |empty_68_fu_3332_p2                  |       shl|   0|  0|  100|          32|          32|
    |empty_82_fu_3488_p2                  |       shl|   0|  0|    9|           2|           4|
    |empty_83_fu_3506_p2                  |       shl|   0|  0|  100|          32|          32|
    |empty_93_fu_3636_p2                  |       shl|   0|  0|    9|           1|           4|
    |empty_94_fu_3654_p2                  |       shl|   0|  0|  100|          32|          32|
    |r_2_fu_2646_p2                       |       shl|   0|  0|  212|           1|          72|
    |shl_ln242_fu_2845_p2                 |       shl|   0|  0|   35|          16|          16|
    |shl_ln250_fu_2875_p2                 |       shl|   0|  0|  100|          32|          32|
    |shl_ln269_fu_3111_p2                 |       shl|   0|  0|  100|          32|          32|
    |shl_ln274_fu_2170_p2                 |       shl|   0|  0|   35|          16|          16|
    |shl_ln282_fu_2986_p2                 |       shl|   0|  0|  100|          32|          32|
    |shl_ln303_2_fu_3746_p2               |       shl|   0|  0|  100|          32|          32|
    |shl_ln303_fu_3729_p2                 |       shl|   0|  0|    9|           2|           4|
    |shl_ln612_fu_2477_p2                 |       shl|   0|  0|  212|           1|          72|
    |ap_enable_pp0                        |       xor|   0|  0|    2|           1|           2|
    |ap_enable_pp7                        |       xor|   0|  0|    2|           1|           2|
    |ap_enable_pp8                        |       xor|   0|  0|    2|           1|           2|
    |ap_enable_pp9                        |       xor|   0|  0|    2|           1|           2|
    |ap_enable_reg_pp0_iter1              |       xor|   0|  0|    2|           2|           1|
    |ap_enable_reg_pp7_iter1              |       xor|   0|  0|    2|           2|           1|
    |ap_enable_reg_pp8_iter1              |       xor|   0|  0|    2|           2|           1|
    |ap_enable_reg_pp9_iter1              |       xor|   0|  0|    2|           2|           1|
    |empty_88_fu_3587_p2                  |       xor|   0|  0|    2|           1|           1|
    |empty_97_fu_3581_p2                  |       xor|   0|  0|    2|           1|           2|
    |exitcond29tmp_fu_3518_p2             |       xor|   0|  0|    2|           1|           1|
    |hashed_11_fu_2565_p2                 |       xor|   0|  0|   32|          32|          32|
    |hashed_13_fu_2808_p2                 |       xor|   0|  0|   15|          15|          15|
    |hashed_17_fu_2736_p2                 |       xor|   0|  0|   32|          32|          32|
    |hashed_1_fu_2377_p2                  |       xor|   0|  0|   15|          15|          15|
    |hashed_5_fu_2317_p2                  |       xor|   0|  0|   32|          32|          32|
    |hashed_7_fu_2625_p2                  |       xor|   0|  0|   15|          15|          15|
    +-------------------------------------+----------+----+---+-----+------------+------------+
    |Total                                |          |   0|  0| 4615|        2925|        2624|
    +-------------------------------------+----------+----+---+-----+------------+------------+

    * Multiplexer: 
    +-----------------------------------------------+------+-----------+-----+-----------+
    |                      Name                     |  LUT | Input Size| Bits| Total Bits|
    +-----------------------------------------------+------+-----------+-----+-----------+
    |address_reg_1498                               |     9|          2|    7|         14|
    |ap_NS_fsm                                      |  2058|        390|    1|        390|
    |ap_done                                        |     9|          2|    1|          2|
    |ap_enable_reg_pp0_iter1                        |     9|          2|    1|          2|
    |ap_enable_reg_pp0_iter2                        |     9|          2|    1|          2|
    |ap_enable_reg_pp7_iter1                        |     9|          2|    1|          2|
    |ap_enable_reg_pp7_iter70                       |     9|          2|    1|          2|
    |ap_enable_reg_pp8_iter1                        |     9|          2|    1|          2|
    |ap_enable_reg_pp8_iter70                       |     9|          2|    1|          2|
    |ap_enable_reg_pp9_iter1                        |     9|          2|    1|          2|
    |ap_enable_reg_pp9_iter70                       |     9|          2|    1|          2|
    |ap_phi_mux_code_3651_phi_fu_1601_p6            |     9|          2|   13|         26|
    |ap_phi_mux_empty_43_phi_fu_1330_p4             |    14|          3|   32|         96|
    |ap_phi_mux_j_4_phi_fu_1587_p6                  |    14|          3|   16|         48|
    |ap_phi_mux_j_5_phi_fu_1674_p6                  |     9|          2|   16|         32|
    |ap_phi_mux_my_assoc_mem_fill_2_phi_fu_1614_p6  |     9|          2|   32|         64|
    |ap_phi_mux_next_code_V_2_phi_fu_1630_p6        |     9|          2|   13|         26|
    |ap_phi_mux_prefix_code_V_3_phi_fu_1645_p6      |     9|          2|   13|         26|
    |ap_phi_mux_residual_loop_index_phi_fu_1734_p4  |     9|          2|    1|          2|
    |ap_phi_mux_shift_2_phi_fu_1574_p6              |    14|          3|    8|         24|
    |ap_phi_mux_shift_3_phi_fu_1658_p6              |     9|          2|    8|         16|
    |code_3651_reg_1597                             |    14|          3|   13|         39|
    |code_V_reg_1428                                |     9|          2|   13|         26|
    |gmem_ARADDR                                    |    26|          5|   64|        320|
    |gmem_ARLEN                                     |    14|          3|   32|         96|
    |gmem_AWADDR                                    |    26|          5|   64|        320|
    |gmem_WDATA                                     |    26|          5|   32|        160|
    |gmem_WSTRB                                     |    26|          5|    4|         20|
    |gmem_blk_n_AR                                  |     9|          2|    1|          2|
    |gmem_blk_n_AW                                  |     9|          2|    1|          2|
    |gmem_blk_n_B                                   |     9|          2|    1|          2|
    |gmem_blk_n_R                                   |     9|          2|    1|          2|
    |gmem_blk_n_W                                   |     9|          2|    1|          2|
    |grp_fu_1742_p0                                 |    14|          3|    8|         24|
    |grp_fu_1749_p0                                 |    14|          3|    4|         12|
    |hash_table_V_0_address0                        |    26|          5|   15|         75|
    |hash_table_V_0_d0                              |    14|          3|   35|        105|
    |hashed_14_reg_1533                             |     9|          2|   32|         64|
    |hashed_2_reg_1475                              |     9|          2|   32|         64|
    |hashed_8_reg_1510                              |     9|          2|   32|         64|
    |i_1_reg_1371                                   |     9|          2|   16|         32|
    |i_2_reg_1382                                   |     9|          2|   10|         20|
    |i_3_reg_1393                                   |     9|          2|   32|         64|
    |i_4_reg_1487                                   |     9|          2|    5|         10|
    |i_6_reg_1522                                   |     9|          2|    5|         10|
    |i_8_reg_1545                                   |     9|          2|    5|         10|
    |i_reg_1292                                     |     9|          2|    8|         16|
    |input_offset_reg_1347                          |     9|          2|   32|         64|
    |j_2_reg_1697                                   |     9|          2|   15|         30|
    |j_4_reg_1583                                   |    14|          3|   16|         48|
    |j_5_reg_1670                                   |     9|          2|   16|         32|
    |j_reg_1404                                     |     9|          2|   16|         32|
    |loop_index620_reg_1708                         |     9|          2|    2|          4|
    |loop_index_reg_1719                            |     9|          2|   15|         30|
    |my_assoc_mem_fill_1_reg_1556                   |     9|          2|   32|         64|
    |my_assoc_mem_fill_2_reg_1610                   |     9|          2|   32|         64|
    |my_assoc_mem_fill_3_reg_1463                   |     9|          2|   32|         64|
    |my_assoc_mem_lower_key_mem_V_address0          |    20|          4|    9|         36|
    |my_assoc_mem_lower_key_mem_V_d0                |    14|          3|   72|        216|
    |my_assoc_mem_middle_key_mem_V_address0         |    20|          4|    9|         36|
    |my_assoc_mem_middle_key_mem_V_d0               |    14|          3|   72|        216|
    |my_assoc_mem_upper_key_mem_V_address0          |    20|          4|    9|         36|
    |my_assoc_mem_upper_key_mem_V_d0                |    14|          3|   72|        216|
    |my_assoc_mem_value_V_address0                  |   169|         38|    7|        266|
    |my_assoc_mem_value_V_address1                  |   169|         38|    7|        266|
    |my_assoc_mem_value_V_d1                        |    14|          3|   13|         39|
    |n_reg_1336                                     |     9|          2|   32|         64|
    |next_code_V_2_reg_1626                         |     9|          2|   13|         26|
    |next_code_V_reg_1450                           |     9|          2|   13|         26|
    |num_chunks_reg_1303                            |     9|          2|    8|         16|
    |output_offset_reg_1359                         |     9|          2|   32|         64|
    |prefix_code_V_1_reg_1440                       |     9|          2|   13|         26|
    |prefix_code_V_3_reg_1641                       |    14|          3|   13|         39|
    |residual_loop_index_reg_1730                   |     9|          2|    1|          2|
    |shift_2_reg_1570                               |    14|          3|    8|         24|
    |shift_3_reg_1654                               |     9|          2|    8|         16|
    |shift_5_reg_1686                               |    14|          3|    8|         24|
    |shift_reg_1416                                 |     9|          2|    8|         16|
    |shiftreg_reg_1315                              |     9|          2|   16|         32|
    |store_array_address0                           |    43|          8|   12|         96|
    |store_array_address1                           |    43|          8|   12|         96|
    |store_array_d0                                 |    26|          5|   16|         80|
    |store_array_d1                                 |    26|          5|   16|         80|
    +-----------------------------------------------+------+-----------+-----+-----------+
    |Total                                          |  3416|        681| 1342|       4829|
    +-----------------------------------------------+------+-----------+-----+-----------+

    * Register: 
    +-----------------------------------------------+-----+----+-----+-----------+
    |                      Name                     |  FF | LUT| Bits| Const Bits|
    +-----------------------------------------------+-----+----+-----+-----------+
    |add_ln107_1_reg_4279                           |    2|   0|    2|          0|
    |add_ln107_reg_4268                             |   64|   0|   64|          0|
    |add_ln126_2_reg_4300                           |    2|   0|    2|          0|
    |add_ln126_3_reg_4325                           |    2|   0|    2|          0|
    |add_ln126_reg_4305                             |   32|   0|   32|          0|
    |add_ln303_2_reg_4750                           |    2|   0|    2|          0|
    |add_ln303_reg_4745                             |   16|   0|   16|          0|
    |add_ln71_reg_4202                              |   32|   0|   32|          0|
    |address_reg_1498                               |    7|   0|    7|          0|
    |and_ln612_1_reg_4465                           |   72|   0|   72|          0|
    |ap_CS_fsm                                      |  389|   0|  389|          0|
    |ap_done_reg                                    |    1|   0|    1|          0|
    |ap_enable_reg_pp0_iter0                        |    1|   0|    1|          0|
    |ap_enable_reg_pp0_iter1                        |    1|   0|    1|          0|
    |ap_enable_reg_pp0_iter2                        |    1|   0|    1|          0|
    |ap_enable_reg_pp7_iter0                        |    1|   0|    1|          0|
    |ap_enable_reg_pp7_iter1                        |    1|   0|    1|          0|
    |ap_enable_reg_pp7_iter10                       |    1|   0|    1|          0|
    |ap_enable_reg_pp7_iter11                       |    1|   0|    1|          0|
    |ap_enable_reg_pp7_iter12                       |    1|   0|    1|          0|
    |ap_enable_reg_pp7_iter13                       |    1|   0|    1|          0|
    |ap_enable_reg_pp7_iter14                       |    1|   0|    1|          0|
    |ap_enable_reg_pp7_iter15                       |    1|   0|    1|          0|
    |ap_enable_reg_pp7_iter16                       |    1|   0|    1|          0|
    |ap_enable_reg_pp7_iter17                       |    1|   0|    1|          0|
    |ap_enable_reg_pp7_iter18                       |    1|   0|    1|          0|
    |ap_enable_reg_pp7_iter19                       |    1|   0|    1|          0|
    |ap_enable_reg_pp7_iter2                        |    1|   0|    1|          0|
    |ap_enable_reg_pp7_iter20                       |    1|   0|    1|          0|
    |ap_enable_reg_pp7_iter21                       |    1|   0|    1|          0|
    |ap_enable_reg_pp7_iter22                       |    1|   0|    1|          0|
    |ap_enable_reg_pp7_iter23                       |    1|   0|    1|          0|
    |ap_enable_reg_pp7_iter24                       |    1|   0|    1|          0|
    |ap_enable_reg_pp7_iter25                       |    1|   0|    1|          0|
    |ap_enable_reg_pp7_iter26                       |    1|   0|    1|          0|
    |ap_enable_reg_pp7_iter27                       |    1|   0|    1|          0|
    |ap_enable_reg_pp7_iter28                       |    1|   0|    1|          0|
    |ap_enable_reg_pp7_iter29                       |    1|   0|    1|          0|
    |ap_enable_reg_pp7_iter3                        |    1|   0|    1|          0|
    |ap_enable_reg_pp7_iter30                       |    1|   0|    1|          0|
    |ap_enable_reg_pp7_iter31                       |    1|   0|    1|          0|
    |ap_enable_reg_pp7_iter32                       |    1|   0|    1|          0|
    |ap_enable_reg_pp7_iter33                       |    1|   0|    1|          0|
    |ap_enable_reg_pp7_iter34                       |    1|   0|    1|          0|
    |ap_enable_reg_pp7_iter35                       |    1|   0|    1|          0|
    |ap_enable_reg_pp7_iter36                       |    1|   0|    1|          0|
    |ap_enable_reg_pp7_iter37                       |    1|   0|    1|          0|
    |ap_enable_reg_pp7_iter38                       |    1|   0|    1|          0|
    |ap_enable_reg_pp7_iter39                       |    1|   0|    1|          0|
    |ap_enable_reg_pp7_iter4                        |    1|   0|    1|          0|
    |ap_enable_reg_pp7_iter40                       |    1|   0|    1|          0|
    |ap_enable_reg_pp7_iter41                       |    1|   0|    1|          0|
    |ap_enable_reg_pp7_iter42                       |    1|   0|    1|          0|
    |ap_enable_reg_pp7_iter43                       |    1|   0|    1|          0|
    |ap_enable_reg_pp7_iter44                       |    1|   0|    1|          0|
    |ap_enable_reg_pp7_iter45                       |    1|   0|    1|          0|
    |ap_enable_reg_pp7_iter46                       |    1|   0|    1|          0|
    |ap_enable_reg_pp7_iter47                       |    1|   0|    1|          0|
    |ap_enable_reg_pp7_iter48                       |    1|   0|    1|          0|
    |ap_enable_reg_pp7_iter49                       |    1|   0|    1|          0|
    |ap_enable_reg_pp7_iter5                        |    1|   0|    1|          0|
    |ap_enable_reg_pp7_iter50                       |    1|   0|    1|          0|
    |ap_enable_reg_pp7_iter51                       |    1|   0|    1|          0|
    |ap_enable_reg_pp7_iter52                       |    1|   0|    1|          0|
    |ap_enable_reg_pp7_iter53                       |    1|   0|    1|          0|
    |ap_enable_reg_pp7_iter54                       |    1|   0|    1|          0|
    |ap_enable_reg_pp7_iter55                       |    1|   0|    1|          0|
    |ap_enable_reg_pp7_iter56                       |    1|   0|    1|          0|
    |ap_enable_reg_pp7_iter57                       |    1|   0|    1|          0|
    |ap_enable_reg_pp7_iter58                       |    1|   0|    1|          0|
    |ap_enable_reg_pp7_iter59                       |    1|   0|    1|          0|
    |ap_enable_reg_pp7_iter6                        |    1|   0|    1|          0|
    |ap_enable_reg_pp7_iter60                       |    1|   0|    1|          0|
    |ap_enable_reg_pp7_iter61                       |    1|   0|    1|          0|
    |ap_enable_reg_pp7_iter62                       |    1|   0|    1|          0|
    |ap_enable_reg_pp7_iter63                       |    1|   0|    1|          0|
    |ap_enable_reg_pp7_iter64                       |    1|   0|    1|          0|
    |ap_enable_reg_pp7_iter65                       |    1|   0|    1|          0|
    |ap_enable_reg_pp7_iter66                       |    1|   0|    1|          0|
    |ap_enable_reg_pp7_iter67                       |    1|   0|    1|          0|
    |ap_enable_reg_pp7_iter68                       |    1|   0|    1|          0|
    |ap_enable_reg_pp7_iter69                       |    1|   0|    1|          0|
    |ap_enable_reg_pp7_iter7                        |    1|   0|    1|          0|
    |ap_enable_reg_pp7_iter70                       |    1|   0|    1|          0|
    |ap_enable_reg_pp7_iter8                        |    1|   0|    1|          0|
    |ap_enable_reg_pp7_iter9                        |    1|   0|    1|          0|
    |ap_enable_reg_pp8_iter0                        |    1|   0|    1|          0|
    |ap_enable_reg_pp8_iter1                        |    1|   0|    1|          0|
    |ap_enable_reg_pp8_iter10                       |    1|   0|    1|          0|
    |ap_enable_reg_pp8_iter11                       |    1|   0|    1|          0|
    |ap_enable_reg_pp8_iter12                       |    1|   0|    1|          0|
    |ap_enable_reg_pp8_iter13                       |    1|   0|    1|          0|
    |ap_enable_reg_pp8_iter14                       |    1|   0|    1|          0|
    |ap_enable_reg_pp8_iter15                       |    1|   0|    1|          0|
    |ap_enable_reg_pp8_iter16                       |    1|   0|    1|          0|
    |ap_enable_reg_pp8_iter17                       |    1|   0|    1|          0|
    |ap_enable_reg_pp8_iter18                       |    1|   0|    1|          0|
    |ap_enable_reg_pp8_iter19                       |    1|   0|    1|          0|
    |ap_enable_reg_pp8_iter2                        |    1|   0|    1|          0|
    |ap_enable_reg_pp8_iter20                       |    1|   0|    1|          0|
    |ap_enable_reg_pp8_iter21                       |    1|   0|    1|          0|
    |ap_enable_reg_pp8_iter22                       |    1|   0|    1|          0|
    |ap_enable_reg_pp8_iter23                       |    1|   0|    1|          0|
    |ap_enable_reg_pp8_iter24                       |    1|   0|    1|          0|
    |ap_enable_reg_pp8_iter25                       |    1|   0|    1|          0|
    |ap_enable_reg_pp8_iter26                       |    1|   0|    1|          0|
    |ap_enable_reg_pp8_iter27                       |    1|   0|    1|          0|
    |ap_enable_reg_pp8_iter28                       |    1|   0|    1|          0|
    |ap_enable_reg_pp8_iter29                       |    1|   0|    1|          0|
    |ap_enable_reg_pp8_iter3                        |    1|   0|    1|          0|
    |ap_enable_reg_pp8_iter30                       |    1|   0|    1|          0|
    |ap_enable_reg_pp8_iter31                       |    1|   0|    1|          0|
    |ap_enable_reg_pp8_iter32                       |    1|   0|    1|          0|
    |ap_enable_reg_pp8_iter33                       |    1|   0|    1|          0|
    |ap_enable_reg_pp8_iter34                       |    1|   0|    1|          0|
    |ap_enable_reg_pp8_iter35                       |    1|   0|    1|          0|
    |ap_enable_reg_pp8_iter36                       |    1|   0|    1|          0|
    |ap_enable_reg_pp8_iter37                       |    1|   0|    1|          0|
    |ap_enable_reg_pp8_iter38                       |    1|   0|    1|          0|
    |ap_enable_reg_pp8_iter39                       |    1|   0|    1|          0|
    |ap_enable_reg_pp8_iter4                        |    1|   0|    1|          0|
    |ap_enable_reg_pp8_iter40                       |    1|   0|    1|          0|
    |ap_enable_reg_pp8_iter41                       |    1|   0|    1|          0|
    |ap_enable_reg_pp8_iter42                       |    1|   0|    1|          0|
    |ap_enable_reg_pp8_iter43                       |    1|   0|    1|          0|
    |ap_enable_reg_pp8_iter44                       |    1|   0|    1|          0|
    |ap_enable_reg_pp8_iter45                       |    1|   0|    1|          0|
    |ap_enable_reg_pp8_iter46                       |    1|   0|    1|          0|
    |ap_enable_reg_pp8_iter47                       |    1|   0|    1|          0|
    |ap_enable_reg_pp8_iter48                       |    1|   0|    1|          0|
    |ap_enable_reg_pp8_iter49                       |    1|   0|    1|          0|
    |ap_enable_reg_pp8_iter5                        |    1|   0|    1|          0|
    |ap_enable_reg_pp8_iter50                       |    1|   0|    1|          0|
    |ap_enable_reg_pp8_iter51                       |    1|   0|    1|          0|
    |ap_enable_reg_pp8_iter52                       |    1|   0|    1|          0|
    |ap_enable_reg_pp8_iter53                       |    1|   0|    1|          0|
    |ap_enable_reg_pp8_iter54                       |    1|   0|    1|          0|
    |ap_enable_reg_pp8_iter55                       |    1|   0|    1|          0|
    |ap_enable_reg_pp8_iter56                       |    1|   0|    1|          0|
    |ap_enable_reg_pp8_iter57                       |    1|   0|    1|          0|
    |ap_enable_reg_pp8_iter58                       |    1|   0|    1|          0|
    |ap_enable_reg_pp8_iter59                       |    1|   0|    1|          0|
    |ap_enable_reg_pp8_iter6                        |    1|   0|    1|          0|
    |ap_enable_reg_pp8_iter60                       |    1|   0|    1|          0|
    |ap_enable_reg_pp8_iter61                       |    1|   0|    1|          0|
    |ap_enable_reg_pp8_iter62                       |    1|   0|    1|          0|
    |ap_enable_reg_pp8_iter63                       |    1|   0|    1|          0|
    |ap_enable_reg_pp8_iter64                       |    1|   0|    1|          0|
    |ap_enable_reg_pp8_iter65                       |    1|   0|    1|          0|
    |ap_enable_reg_pp8_iter66                       |    1|   0|    1|          0|
    |ap_enable_reg_pp8_iter67                       |    1|   0|    1|          0|
    |ap_enable_reg_pp8_iter68                       |    1|   0|    1|          0|
    |ap_enable_reg_pp8_iter69                       |    1|   0|    1|          0|
    |ap_enable_reg_pp8_iter7                        |    1|   0|    1|          0|
    |ap_enable_reg_pp8_iter70                       |    1|   0|    1|          0|
    |ap_enable_reg_pp8_iter8                        |    1|   0|    1|          0|
    |ap_enable_reg_pp8_iter9                        |    1|   0|    1|          0|
    |ap_enable_reg_pp9_iter0                        |    1|   0|    1|          0|
    |ap_enable_reg_pp9_iter1                        |    1|   0|    1|          0|
    |ap_enable_reg_pp9_iter10                       |    1|   0|    1|          0|
    |ap_enable_reg_pp9_iter11                       |    1|   0|    1|          0|
    |ap_enable_reg_pp9_iter12                       |    1|   0|    1|          0|
    |ap_enable_reg_pp9_iter13                       |    1|   0|    1|          0|
    |ap_enable_reg_pp9_iter14                       |    1|   0|    1|          0|
    |ap_enable_reg_pp9_iter15                       |    1|   0|    1|          0|
    |ap_enable_reg_pp9_iter16                       |    1|   0|    1|          0|
    |ap_enable_reg_pp9_iter17                       |    1|   0|    1|          0|
    |ap_enable_reg_pp9_iter18                       |    1|   0|    1|          0|
    |ap_enable_reg_pp9_iter19                       |    1|   0|    1|          0|
    |ap_enable_reg_pp9_iter2                        |    1|   0|    1|          0|
    |ap_enable_reg_pp9_iter20                       |    1|   0|    1|          0|
    |ap_enable_reg_pp9_iter21                       |    1|   0|    1|          0|
    |ap_enable_reg_pp9_iter22                       |    1|   0|    1|          0|
    |ap_enable_reg_pp9_iter23                       |    1|   0|    1|          0|
    |ap_enable_reg_pp9_iter24                       |    1|   0|    1|          0|
    |ap_enable_reg_pp9_iter25                       |    1|   0|    1|          0|
    |ap_enable_reg_pp9_iter26                       |    1|   0|    1|          0|
    |ap_enable_reg_pp9_iter27                       |    1|   0|    1|          0|
    |ap_enable_reg_pp9_iter28                       |    1|   0|    1|          0|
    |ap_enable_reg_pp9_iter29                       |    1|   0|    1|          0|
    |ap_enable_reg_pp9_iter3                        |    1|   0|    1|          0|
    |ap_enable_reg_pp9_iter30                       |    1|   0|    1|          0|
    |ap_enable_reg_pp9_iter31                       |    1|   0|    1|          0|
    |ap_enable_reg_pp9_iter32                       |    1|   0|    1|          0|
    |ap_enable_reg_pp9_iter33                       |    1|   0|    1|          0|
    |ap_enable_reg_pp9_iter34                       |    1|   0|    1|          0|
    |ap_enable_reg_pp9_iter35                       |    1|   0|    1|          0|
    |ap_enable_reg_pp9_iter36                       |    1|   0|    1|          0|
    |ap_enable_reg_pp9_iter37                       |    1|   0|    1|          0|
    |ap_enable_reg_pp9_iter38                       |    1|   0|    1|          0|
    |ap_enable_reg_pp9_iter39                       |    1|   0|    1|          0|
    |ap_enable_reg_pp9_iter4                        |    1|   0|    1|          0|
    |ap_enable_reg_pp9_iter40                       |    1|   0|    1|          0|
    |ap_enable_reg_pp9_iter41                       |    1|   0|    1|          0|
    |ap_enable_reg_pp9_iter42                       |    1|   0|    1|          0|
    |ap_enable_reg_pp9_iter43                       |    1|   0|    1|          0|
    |ap_enable_reg_pp9_iter44                       |    1|   0|    1|          0|
    |ap_enable_reg_pp9_iter45                       |    1|   0|    1|          0|
    |ap_enable_reg_pp9_iter46                       |    1|   0|    1|          0|
    |ap_enable_reg_pp9_iter47                       |    1|   0|    1|          0|
    |ap_enable_reg_pp9_iter48                       |    1|   0|    1|          0|
    |ap_enable_reg_pp9_iter49                       |    1|   0|    1|          0|
    |ap_enable_reg_pp9_iter5                        |    1|   0|    1|          0|
    |ap_enable_reg_pp9_iter50                       |    1|   0|    1|          0|
    |ap_enable_reg_pp9_iter51                       |    1|   0|    1|          0|
    |ap_enable_reg_pp9_iter52                       |    1|   0|    1|          0|
    |ap_enable_reg_pp9_iter53                       |    1|   0|    1|          0|
    |ap_enable_reg_pp9_iter54                       |    1|   0|    1|          0|
    |ap_enable_reg_pp9_iter55                       |    1|   0|    1|          0|
    |ap_enable_reg_pp9_iter56                       |    1|   0|    1|          0|
    |ap_enable_reg_pp9_iter57                       |    1|   0|    1|          0|
    |ap_enable_reg_pp9_iter58                       |    1|   0|    1|          0|
    |ap_enable_reg_pp9_iter59                       |    1|   0|    1|          0|
    |ap_enable_reg_pp9_iter6                        |    1|   0|    1|          0|
    |ap_enable_reg_pp9_iter60                       |    1|   0|    1|          0|
    |ap_enable_reg_pp9_iter61                       |    1|   0|    1|          0|
    |ap_enable_reg_pp9_iter62                       |    1|   0|    1|          0|
    |ap_enable_reg_pp9_iter63                       |    1|   0|    1|          0|
    |ap_enable_reg_pp9_iter64                       |    1|   0|    1|          0|
    |ap_enable_reg_pp9_iter65                       |    1|   0|    1|          0|
    |ap_enable_reg_pp9_iter66                       |    1|   0|    1|          0|
    |ap_enable_reg_pp9_iter67                       |    1|   0|    1|          0|
    |ap_enable_reg_pp9_iter68                       |    1|   0|    1|          0|
    |ap_enable_reg_pp9_iter69                       |    1|   0|    1|          0|
    |ap_enable_reg_pp9_iter7                        |    1|   0|    1|          0|
    |ap_enable_reg_pp9_iter70                       |    1|   0|    1|          0|
    |ap_enable_reg_pp9_iter8                        |    1|   0|    1|          0|
    |ap_enable_reg_pp9_iter9                        |    1|   0|    1|          0|
    |ap_rst_n_inv                                   |    1|   0|    1|          0|
    |ap_rst_reg_1                                   |    1|   0|    1|          0|
    |ap_rst_reg_2                                   |    1|   0|    1|          0|
    |code_3651_reg_1597                             |   13|   0|   13|          0|
    |code_V_1_reg_4427                              |   13|   0|   13|          0|
    |code_V_reg_1428                                |   13|   0|   13|          0|
    |compressed_length_2_reg_4575                   |   16|   0|   16|          0|
    |empty_42_reg_3792                              |    1|   0|    1|          0|
    |empty_42_reg_3792_pp0_iter1_reg                |    1|   0|    1|          0|
    |empty_44_reg_4191                              |    2|   0|    2|          0|
    |empty_61_reg_4606                              |    1|   0|    1|          0|
    |empty_64_reg_4611                              |    1|   0|    1|          0|
    |empty_67_reg_4622                              |    4|   0|    4|          0|
    |empty_68_reg_4627                              |   32|   0|   32|          0|
    |empty_71_reg_4653                              |   13|   0|   13|          0|
    |empty_73_reg_4658                              |   64|   0|   64|          0|
    |empty_74_reg_4664                              |    2|   0|    2|          0|
    |empty_77_reg_4705                              |    1|   0|    1|          0|
    |empty_78_reg_4710                              |    2|   0|    2|          0|
    |empty_79_reg_4684                              |    1|   0|    1|          0|
    |empty_82_reg_4695                              |    4|   0|    4|          0|
    |empty_83_reg_4700                              |   32|   0|   32|          0|
    |empty_93_reg_4735                              |    4|   0|    4|          0|
    |empty_94_reg_4740                              |   32|   0|   32|          0|
    |empty_97_reg_4730                              |    1|   0|    1|          0|
    |exitcond27_reg_4602                            |    1|   0|    1|          0|
    |exitcond28_reg_4675                            |    1|   0|    1|          0|
    |exitcond29tmp_reg_4715                         |    1|   0|    1|          0|
    |gmem_addr_1_read_reg_4231                      |   32|   0|   32|          0|
    |gmem_addr_1_reg_4220                           |   64|   0|   64|          0|
    |gmem_addr_2_read_reg_4285                      |   32|   0|   32|          0|
    |gmem_addr_2_reg_4273                           |   64|   0|   64|          0|
    |gmem_addr_3_read_reg_4366                      |   32|   0|   32|          0|
    |gmem_addr_3_reg_4319                           |   64|   0|   64|          0|
    |gmem_addr_4_reg_4616                           |   64|   0|   64|          0|
    |gmem_addr_5_reg_4689                           |   64|   0|   64|          0|
    |gmem_addr_6_reg_4756                           |   64|   0|   64|          0|
    |gmem_addr_7_reg_4724                           |   64|   0|   64|          0|
    |gmem_addr_read_reg_3796                        |   32|   0|   32|          0|
    |gmem_addr_reg_3758                             |   64|   0|   64|          0|
    |hashed_14_reg_1533                             |   32|   0|   32|          0|
    |hashed_2_reg_1475                              |   32|   0|   32|          0|
    |hashed_8_reg_1510                              |   32|   0|   32|          0|
    |hit_reg_4423                                   |    1|   0|    1|          0|
    |i_1_reg_1371                                   |   16|   0|   16|          0|
    |i_2_reg_1382                                   |   10|   0|   10|          0|
    |i_3_reg_1393                                   |   32|   0|   32|          0|
    |i_4_reg_1487                                   |    5|   0|    5|          0|
    |i_6_reg_1522                                   |    5|   0|    5|          0|
    |i_8_reg_1545                                   |    5|   0|    5|          0|
    |i_reg_1292                                     |    8|   0|    8|          0|
    |icmp_ln159_reg_4470                            |    1|   0|    1|          0|
    |icmp_ln235_reg_4531                            |    1|   0|    1|          0|
    |icmp_ln240_reg_4535                            |    1|   0|    1|          0|
    |icmp_ln65_reg_3788                             |    1|   0|    1|          0|
    |icmp_ln65_reg_3788_pp0_iter1_reg               |    1|   0|    1|          0|
    |in_length_reg_4257                             |   16|   0|   16|          0|
    |input_offset_1_reg_4263                        |   32|   0|   32|          0|
    |input_offset_reg_1347                          |   32|   0|   32|          0|
    |j_2_reg_1697                                   |   15|   0|   15|          0|
    |j_4_reg_1583                                   |   16|   0|   16|          0|
    |j_5_reg_1670                                   |   16|   0|   16|          0|
    |j_reg_1404                                     |   16|   0|   16|          0|
    |key_V_reg_4392                                 |   21|   0|   21|          0|
    |loop_index620_reg_1708                         |    2|   0|    2|          0|
    |loop_index_reg_1719                            |   15|   0|   15|          0|
    |match_high_V_reg_4449                          |   72|   0|   72|          0|
    |match_low_V_reg_4459                           |   72|   0|   72|          0|
    |match_middle_V_reg_4454                        |   72|   0|   72|          0|
    |my_assoc_mem_fill_1_reg_1556                   |   32|   0|   32|          0|
    |my_assoc_mem_fill_2_reg_1610                   |   32|   0|   32|          0|
    |my_assoc_mem_fill_3_reg_1463                   |   32|   0|   32|          0|
    |my_assoc_mem_lower_key_mem_V_addr_1_reg_4444   |    9|   0|    9|          0|
    |my_assoc_mem_middle_key_mem_V_addr_1_reg_4439  |    9|   0|    9|          0|
    |my_assoc_mem_upper_key_mem_V_addr_1_reg_4434   |    3|   0|    9|          6|
    |n_reg_1336                                     |   32|   0|   32|          0|
    |next_char_reg_4371                             |    8|   0|    8|          0|
    |next_code_V_2_reg_1626                         |   13|   0|   13|          0|
    |next_code_V_reg_1450                           |   13|   0|   13|          0|
    |num_chunks_reg_1303                            |    8|   0|    8|          0|
    |output_offset_1_reg_4762                       |   32|   0|   32|          0|
    |output_offset_cast_reg_4592                    |   32|   0|   33|          1|
    |output_offset_reg_1359                         |   32|   0|   32|          0|
    |prefix_code_V_1_reg_1440                       |   13|   0|   13|          0|
    |prefix_code_V_3_reg_1641                       |   13|   0|   13|          0|
    |residual_loop_index_reg_1730                   |    1|   0|    1|          0|
    |ret_2_reg_4400                                 |    9|   0|    9|          0|
    |sext_ln124_reg_4295                            |   32|   0|   32|          0|
    |sext_ln71_reg_4171                             |   32|   0|   32|          0|
    |shift_2_reg_1570                               |    8|   0|    8|          0|
    |shift_3_reg_1654                               |    8|   0|    8|          0|
    |shift_5_reg_1686                               |    8|   0|    8|          0|
    |shift_reg_1416                                 |    8|   0|    8|          0|
    |shiftreg_reg_1315                              |   16|   0|   16|          0|
    |shl_ln303_2_reg_4772                           |   32|   0|   32|          0|
    |shl_ln303_reg_4767                             |    4|   0|    4|          0|
    |store_array_addr_3_reg_4360                    |   12|   0|   12|          0|
    |store_array_addr_4_reg_4354                    |   12|   0|   12|          0|
    |store_array_addr_8_reg_4545                    |   12|   0|   12|          0|
    |store_array_addr_9_reg_4539                    |   12|   0|   12|          0|
    |sub_ln299_cast39_reg_4648                      |   64|   0|   64|          0|
    |sub_ln299_reg_4642                             |   17|   0|   17|          0|
    |trunc_ln107_reg_4186                           |    2|   0|    2|          0|
    |trunc_ln124_1_reg_4330                         |   15|   0|   15|          0|
    |trunc_ln124_reg_4310                           |    4|   0|    4|          0|
    |trunc_ln299_1_reg_4637                         |   15|   0|   15|          0|
    |trunc_ln299_reg_4632                           |    1|   0|    1|          0|
    |trunc_ln303_reg_4197                           |    2|   0|    2|          0|
    |trunc_ln73_1_reg_4226                          |    1|   0|    2|          1|
    |trunc_ln73_3_reg_4215                          |    1|   0|    1|          0|
    |trunc_ln73_reg_4181                            |    2|   0|    2|          0|
    |valid_1_reg_4511                               |    1|   0|    1|          0|
    |zext_ln267_reg_4346                            |   13|   0|   14|          1|
    |zext_ln290_reg_4587                            |   16|   0|   32|         16|
    |zext_ln296_reg_4582                            |   16|   0|   17|          1|
    |zext_ln302_1_reg_4387                          |   13|   0|   16|          3|
    |zext_ln302_reg_4382                            |   13|   0|   14|          1|
    |zext_ln48_reg_4236                             |    2|   0|   32|         30|
    |zext_ln546_1_reg_4377                          |   13|   0|   32|         19|
    |zext_ln546_reg_4340                            |   13|   0|   32|         19|
    |zext_ln73_reg_4210                             |   32|   0|   64|         32|
    |exitcond27_reg_4602                            |   64|  32|    1|          0|
    |exitcond28_reg_4675                            |   64|  32|    1|          0|
    |exitcond29tmp_reg_4715                         |   64|  32|    1|          0|
    +-----------------------------------------------+-----+----+-----+-----------+
    |Total                                          | 3283|  96| 3224|        130|
    +-----------------------------------------------+-----+----+-----+-----------+



================================================================
== Interface
================================================================
* Summary: 
+-----------------------+-----+-----+---------------+--------------+--------------+
|       RTL Ports       | Dir | Bits|    Protocol   | Source Object|    C Type    |
+-----------------------+-----+-----+---------------+--------------+--------------+
|s_axi_control_AWVALID  |   in|    1|          s_axi|       control|        scalar|
|s_axi_control_AWREADY  |  out|    1|          s_axi|       control|        scalar|
|s_axi_control_AWADDR   |   in|    6|          s_axi|       control|        scalar|
|s_axi_control_WVALID   |   in|    1|          s_axi|       control|        scalar|
|s_axi_control_WREADY   |  out|    1|          s_axi|       control|        scalar|
|s_axi_control_WDATA    |   in|   32|          s_axi|       control|        scalar|
|s_axi_control_WSTRB    |   in|    4|          s_axi|       control|        scalar|
|s_axi_control_ARVALID  |   in|    1|          s_axi|       control|        scalar|
|s_axi_control_ARREADY  |  out|    1|          s_axi|       control|        scalar|
|s_axi_control_ARADDR   |   in|    6|          s_axi|       control|        scalar|
|s_axi_control_RVALID   |  out|    1|          s_axi|       control|        scalar|
|s_axi_control_RREADY   |   in|    1|          s_axi|       control|        scalar|
|s_axi_control_RDATA    |  out|   32|          s_axi|       control|        scalar|
|s_axi_control_RRESP    |  out|    2|          s_axi|       control|        scalar|
|s_axi_control_BVALID   |  out|    1|          s_axi|       control|        scalar|
|s_axi_control_BREADY   |   in|    1|          s_axi|       control|        scalar|
|s_axi_control_BRESP    |  out|    2|          s_axi|       control|        scalar|
|ap_clk                 |   in|    1|  ap_ctrl_chain|      krnl_LZW|  return value|
|ap_rst_n               |   in|    1|  ap_ctrl_chain|      krnl_LZW|  return value|
|interrupt              |  out|    1|  ap_ctrl_chain|      krnl_LZW|  return value|
|m_axi_gmem_AWVALID     |  out|    1|          m_axi|          gmem|       pointer|
|m_axi_gmem_AWREADY     |   in|    1|          m_axi|          gmem|       pointer|
|m_axi_gmem_AWADDR      |  out|   64|          m_axi|          gmem|       pointer|
|m_axi_gmem_AWID        |  out|    1|          m_axi|          gmem|       pointer|
|m_axi_gmem_AWLEN       |  out|    8|          m_axi|          gmem|       pointer|
|m_axi_gmem_AWSIZE      |  out|    3|          m_axi|          gmem|       pointer|
|m_axi_gmem_AWBURST     |  out|    2|          m_axi|          gmem|       pointer|
|m_axi_gmem_AWLOCK      |  out|    2|          m_axi|          gmem|       pointer|
|m_axi_gmem_AWCACHE     |  out|    4|          m_axi|          gmem|       pointer|
|m_axi_gmem_AWPROT      |  out|    3|          m_axi|          gmem|       pointer|
|m_axi_gmem_AWQOS       |  out|    4|          m_axi|          gmem|       pointer|
|m_axi_gmem_AWREGION    |  out|    4|          m_axi|          gmem|       pointer|
|m_axi_gmem_AWUSER      |  out|    1|          m_axi|          gmem|       pointer|
|m_axi_gmem_WVALID      |  out|    1|          m_axi|          gmem|       pointer|
|m_axi_gmem_WREADY      |   in|    1|          m_axi|          gmem|       pointer|
|m_axi_gmem_WDATA       |  out|   32|          m_axi|          gmem|       pointer|
|m_axi_gmem_WSTRB       |  out|    4|          m_axi|          gmem|       pointer|
|m_axi_gmem_WLAST       |  out|    1|          m_axi|          gmem|       pointer|
|m_axi_gmem_WID         |  out|    1|          m_axi|          gmem|       pointer|
|m_axi_gmem_WUSER       |  out|    1|          m_axi|          gmem|       pointer|
|m_axi_gmem_ARVALID     |  out|    1|          m_axi|          gmem|       pointer|
|m_axi_gmem_ARREADY     |   in|    1|          m_axi|          gmem|       pointer|
|m_axi_gmem_ARADDR      |  out|   64|          m_axi|          gmem|       pointer|
|m_axi_gmem_ARID        |  out|    1|          m_axi|          gmem|       pointer|
|m_axi_gmem_ARLEN       |  out|    8|          m_axi|          gmem|       pointer|
|m_axi_gmem_ARSIZE      |  out|    3|          m_axi|          gmem|       pointer|
|m_axi_gmem_ARBURST     |  out|    2|          m_axi|          gmem|       pointer|
|m_axi_gmem_ARLOCK      |  out|    2|          m_axi|          gmem|       pointer|
|m_axi_gmem_ARCACHE     |  out|    4|          m_axi|          gmem|       pointer|
|m_axi_gmem_ARPROT      |  out|    3|          m_axi|          gmem|       pointer|
|m_axi_gmem_ARQOS       |  out|    4|          m_axi|          gmem|       pointer|
|m_axi_gmem_ARREGION    |  out|    4|          m_axi|          gmem|       pointer|
|m_axi_gmem_ARUSER      |  out|    1|          m_axi|          gmem|       pointer|
|m_axi_gmem_RVALID      |   in|    1|          m_axi|          gmem|       pointer|
|m_axi_gmem_RREADY      |  out|    1|          m_axi|          gmem|       pointer|
|m_axi_gmem_RDATA       |   in|   32|          m_axi|          gmem|       pointer|
|m_axi_gmem_RLAST       |   in|    1|          m_axi|          gmem|       pointer|
|m_axi_gmem_RID         |   in|    1|          m_axi|          gmem|       pointer|
|m_axi_gmem_RUSER       |   in|    1|          m_axi|          gmem|       pointer|
|m_axi_gmem_RRESP       |   in|    2|          m_axi|          gmem|       pointer|
|m_axi_gmem_BVALID      |   in|    1|          m_axi|          gmem|       pointer|
|m_axi_gmem_BREADY      |  out|    1|          m_axi|          gmem|       pointer|
|m_axi_gmem_BRESP       |   in|    2|          m_axi|          gmem|       pointer|
|m_axi_gmem_BID         |   in|    1|          m_axi|          gmem|       pointer|
|m_axi_gmem_BUSER       |   in|    1|          m_axi|          gmem|       pointer|
+-----------------------+-----+-----+---------------+--------------+--------------+

